[2023-11-15T08:22:09.615+0000] {taskinstance.py:1159} INFO - Dependencies all met for dep_context=non-requeueable deps ti=<TaskInstance: ETL_projet.create_table_urgences manual__2023-11-15T08:22:08.458593+00:00 [queued]>
[2023-11-15T08:22:09.624+0000] {taskinstance.py:1159} INFO - Dependencies all met for dep_context=requeueable deps ti=<TaskInstance: ETL_projet.create_table_urgences manual__2023-11-15T08:22:08.458593+00:00 [queued]>
[2023-11-15T08:22:09.625+0000] {taskinstance.py:1361} INFO - Starting attempt 1 of 1
[2023-11-15T08:22:09.634+0000] {taskinstance.py:1382} INFO - Executing <Task(PostgresOperator): create_table_urgences> on 2023-11-15 08:22:08.458593+00:00
[2023-11-15T08:22:09.639+0000] {standard_task_runner.py:57} INFO - Started process 592 to run task
[2023-11-15T08:22:09.641+0000] {standard_task_runner.py:84} INFO - Running: ['***', 'tasks', 'run', 'ETL_projet', 'create_table_urgences', 'manual__2023-11-15T08:22:08.458593+00:00', '--job-id', '44', '--raw', '--subdir', 'DAGS_FOLDER/ETL_projet.py', '--cfg-path', '/tmp/tmptrhphgnb']
[2023-11-15T08:22:09.643+0000] {standard_task_runner.py:85} INFO - Job 44: Subtask create_table_urgences
[2023-11-15T08:22:09.688+0000] {task_command.py:416} INFO - Running <TaskInstance: ETL_projet.create_table_urgences manual__2023-11-15T08:22:08.458593+00:00 [running]> on host 48045a1653b9
[2023-11-15T08:22:09.751+0000] {taskinstance.py:1662} INFO - Exporting env vars: AIRFLOW_CTX_DAG_OWNER='a***' AIRFLOW_CTX_DAG_ID='ETL_projet' AIRFLOW_CTX_TASK_ID='create_table_urgences' AIRFLOW_CTX_EXECUTION_DATE='2023-11-15T08:22:08.458593+00:00' AIRFLOW_CTX_TRY_NUMBER='1' AIRFLOW_CTX_DAG_RUN_ID='manual__2023-11-15T08:22:08.458593+00:00'
[2023-11-15T08:22:09.755+0000] {sql.py:274} INFO - Executing: CREATE TABLE IF NOT EXISTS urgences_covid (
    id serial PRIMARY KEY,
    dep INT,
    date_de_passage DATE,
    sursaud_cl_age_corona INT,
    nbre_pass_corona INT,
    nbre_pass_tot INT,
    nbre_hospit_corona INT,
    nbre_pass_corona_h INT,
    nbre_pass_corona_f INT,
    nbre_pass_tot_h INT,
    nbre_pass_tot_f INT,
    nbre_hospit_corona_h INT,
    nbre_hospit_corona_f INT
);
[2023-11-15T08:22:09.763+0000] {base.py:73} INFO - Using connection ID 'postgres_connexion' for task execution.
[2023-11-15T08:22:09.770+0000] {base.py:73} INFO - Using connection ID 'postgres_connexion' for task execution.
[2023-11-15T08:22:09.779+0000] {sql.py:418} INFO - Running statement: CREATE TABLE IF NOT EXISTS urgences_covid (
    id serial PRIMARY KEY,
    dep INT,
    date_de_passage DATE,
    sursaud_cl_age_corona INT,
    nbre_pass_corona INT,
    nbre_pass_tot INT,
    nbre_hospit_corona INT,
    nbre_pass_corona_h INT,
    nbre_pass_corona_f INT,
    nbre_pass_tot_h INT,
    nbre_pass_tot_f INT,
    nbre_hospit_corona_h INT,
    nbre_hospit_corona_f INT
);, parameters: None
[2023-11-15T08:22:09.800+0000] {taskinstance.py:1400} INFO - Marking task as SUCCESS. dag_id=ETL_projet, task_id=create_table_urgences, execution_date=20231115T082208, start_date=20231115T082209, end_date=20231115T082209
[2023-11-15T08:22:09.815+0000] {local_task_job_runner.py:228} INFO - Task exited with return code 0
[2023-11-15T08:22:09.843+0000] {taskinstance.py:2778} INFO - 0 downstream tasks scheduled from follow-on schedule check
