[2023-11-15T09:05:00.724+0000] {taskinstance.py:1159} INFO - Dependencies all met for dep_context=non-requeueable deps ti=<TaskInstance: ETL_projet.create_table_urgences manual__2023-11-15T09:04:58.281745+00:00 [queued]>
[2023-11-15T09:05:00.727+0000] {taskinstance.py:1159} INFO - Dependencies all met for dep_context=requeueable deps ti=<TaskInstance: ETL_projet.create_table_urgences manual__2023-11-15T09:04:58.281745+00:00 [queued]>
[2023-11-15T09:05:00.727+0000] {taskinstance.py:1361} INFO - Starting attempt 1 of 1
[2023-11-15T09:05:00.733+0000] {taskinstance.py:1382} INFO - Executing <Task(PostgresOperator): create_table_urgences> on 2023-11-15 09:04:58.281745+00:00
[2023-11-15T09:05:00.736+0000] {standard_task_runner.py:57} INFO - Started process 1336 to run task
[2023-11-15T09:05:00.738+0000] {standard_task_runner.py:84} INFO - Running: ['***', 'tasks', 'run', 'ETL_projet', 'create_table_urgences', 'manual__2023-11-15T09:04:58.281745+00:00', '--job-id', '72', '--raw', '--subdir', 'DAGS_FOLDER/ETL_projet.py', '--cfg-path', '/tmp/tmpma8bjsu1']
[2023-11-15T09:05:00.739+0000] {standard_task_runner.py:85} INFO - Job 72: Subtask create_table_urgences
[2023-11-15T09:05:00.760+0000] {task_command.py:416} INFO - Running <TaskInstance: ETL_projet.create_table_urgences manual__2023-11-15T09:04:58.281745+00:00 [running]> on host 48045a1653b9
[2023-11-15T09:05:00.791+0000] {taskinstance.py:1662} INFO - Exporting env vars: AIRFLOW_CTX_DAG_OWNER='a***' AIRFLOW_CTX_DAG_ID='ETL_projet' AIRFLOW_CTX_TASK_ID='create_table_urgences' AIRFLOW_CTX_EXECUTION_DATE='2023-11-15T09:04:58.281745+00:00' AIRFLOW_CTX_TRY_NUMBER='1' AIRFLOW_CTX_DAG_RUN_ID='manual__2023-11-15T09:04:58.281745+00:00'
[2023-11-15T09:05:00.792+0000] {sql.py:274} INFO - Executing: CREATE TABLE IF NOT EXISTS urgences_covid (
    id serial PRIMARY KEY,
    dep INT REFERENCES departments_region(num_dep),
    date_de_passage DATE,
    sursaud_cl_age_corona INT REFERENCES tranche_age(Code),
    nbre_pass_corona INT,
    nbre_pass_tot INT,
    nbre_hospit_corona INT,
    nbre_pass_corona_h INT,
    nbre_pass_corona_f INT,
    nbre_pass_tot_h INT,
    nbre_pass_tot_f INT,
    nbre_hospit_corona_h INT,
    nbre_hospit_corona_f INT
);
[2023-11-15T09:05:00.795+0000] {base.py:73} INFO - Using connection ID 'postgres_connexion' for task execution.
[2023-11-15T09:05:00.798+0000] {base.py:73} INFO - Using connection ID 'postgres_connexion' for task execution.
[2023-11-15T09:05:00.802+0000] {sql.py:418} INFO - Running statement: CREATE TABLE IF NOT EXISTS urgences_covid (
    id serial PRIMARY KEY,
    dep INT REFERENCES departments_region(num_dep),
    date_de_passage DATE,
    sursaud_cl_age_corona INT REFERENCES tranche_age(Code),
    nbre_pass_corona INT,
    nbre_pass_tot INT,
    nbre_hospit_corona INT,
    nbre_pass_corona_h INT,
    nbre_pass_corona_f INT,
    nbre_pass_tot_h INT,
    nbre_pass_tot_f INT,
    nbre_hospit_corona_h INT,
    nbre_hospit_corona_f INT
);, parameters: None
[2023-11-15T09:05:00.810+0000] {taskinstance.py:1400} INFO - Marking task as SUCCESS. dag_id=ETL_projet, task_id=create_table_urgences, execution_date=20231115T090458, start_date=20231115T090500, end_date=20231115T090500
[2023-11-15T09:05:00.831+0000] {local_task_job_runner.py:228} INFO - Task exited with return code 0
[2023-11-15T09:05:00.842+0000] {taskinstance.py:2778} INFO - 1 downstream tasks scheduled from follow-on schedule check
