[2023-11-15T09:01:32.471+0000] {taskinstance.py:1159} INFO - Dependencies all met for dep_context=non-requeueable deps ti=<TaskInstance: ETL_projet.create_table_age manual__2023-11-15T09:01:30.806305+00:00 [queued]>
[2023-11-15T09:01:32.475+0000] {taskinstance.py:1159} INFO - Dependencies all met for dep_context=requeueable deps ti=<TaskInstance: ETL_projet.create_table_age manual__2023-11-15T09:01:30.806305+00:00 [queued]>
[2023-11-15T09:01:32.475+0000] {taskinstance.py:1361} INFO - Starting attempt 1 of 1
[2023-11-15T09:01:32.482+0000] {taskinstance.py:1382} INFO - Executing <Task(PostgresOperator): create_table_age> on 2023-11-15 09:01:30.806305+00:00
[2023-11-15T09:01:32.486+0000] {standard_task_runner.py:57} INFO - Started process 1273 to run task
[2023-11-15T09:01:32.489+0000] {standard_task_runner.py:84} INFO - Running: ['***', 'tasks', 'run', 'ETL_projet', 'create_table_age', 'manual__2023-11-15T09:01:30.806305+00:00', '--job-id', '66', '--raw', '--subdir', 'DAGS_FOLDER/ETL_projet.py', '--cfg-path', '/tmp/tmpze4axucl']
[2023-11-15T09:01:32.490+0000] {standard_task_runner.py:85} INFO - Job 66: Subtask create_table_age
[2023-11-15T09:01:32.517+0000] {task_command.py:416} INFO - Running <TaskInstance: ETL_projet.create_table_age manual__2023-11-15T09:01:30.806305+00:00 [running]> on host 48045a1653b9
[2023-11-15T09:01:32.554+0000] {taskinstance.py:1662} INFO - Exporting env vars: AIRFLOW_CTX_DAG_OWNER='a***' AIRFLOW_CTX_DAG_ID='ETL_projet' AIRFLOW_CTX_TASK_ID='create_table_age' AIRFLOW_CTX_EXECUTION_DATE='2023-11-15T09:01:30.806305+00:00' AIRFLOW_CTX_TRY_NUMBER='1' AIRFLOW_CTX_DAG_RUN_ID='manual__2023-11-15T09:01:30.806305+00:00'
[2023-11-15T09:01:32.556+0000] {sql.py:274} INFO - Executing: CREATE TABLE  IF NOT EXISTS tranche_age (
    Code INT PRIMARY KEY,
    tranches_age_min INT,
    tranches_age_max INT
);
[2023-11-15T09:01:32.560+0000] {base.py:73} INFO - Using connection ID 'postgres_connexion' for task execution.
[2023-11-15T09:01:32.564+0000] {base.py:73} INFO - Using connection ID 'postgres_connexion' for task execution.
[2023-11-15T09:01:32.570+0000] {sql.py:418} INFO - Running statement: CREATE TABLE  IF NOT EXISTS tranche_age (
    Code INT PRIMARY KEY,
    tranches_age_min INT,
    tranches_age_max INT
);, parameters: None
[2023-11-15T09:01:32.579+0000] {taskinstance.py:1400} INFO - Marking task as SUCCESS. dag_id=ETL_projet, task_id=create_table_age, execution_date=20231115T090130, start_date=20231115T090132, end_date=20231115T090132
[2023-11-15T09:01:32.623+0000] {local_task_job_runner.py:228} INFO - Task exited with return code 0
[2023-11-15T09:01:32.641+0000] {taskinstance.py:2778} INFO - 0 downstream tasks scheduled from follow-on schedule check
