[2023-11-15T09:04:59.558+0000] {taskinstance.py:1159} INFO - Dependencies all met for dep_context=non-requeueable deps ti=<TaskInstance: ETL_projet.create_table_age manual__2023-11-15T09:04:58.281745+00:00 [queued]>
[2023-11-15T09:04:59.561+0000] {taskinstance.py:1159} INFO - Dependencies all met for dep_context=requeueable deps ti=<TaskInstance: ETL_projet.create_table_age manual__2023-11-15T09:04:58.281745+00:00 [queued]>
[2023-11-15T09:04:59.561+0000] {taskinstance.py:1361} INFO - Starting attempt 1 of 1
[2023-11-15T09:04:59.567+0000] {taskinstance.py:1382} INFO - Executing <Task(PostgresOperator): create_table_age> on 2023-11-15 09:04:58.281745+00:00
[2023-11-15T09:04:59.572+0000] {standard_task_runner.py:57} INFO - Started process 1332 to run task
[2023-11-15T09:04:59.575+0000] {standard_task_runner.py:84} INFO - Running: ['***', 'tasks', 'run', 'ETL_projet', 'create_table_age', 'manual__2023-11-15T09:04:58.281745+00:00', '--job-id', '71', '--raw', '--subdir', 'DAGS_FOLDER/ETL_projet.py', '--cfg-path', '/tmp/tmpioupvgo9']
[2023-11-15T09:04:59.576+0000] {standard_task_runner.py:85} INFO - Job 71: Subtask create_table_age
[2023-11-15T09:04:59.604+0000] {task_command.py:416} INFO - Running <TaskInstance: ETL_projet.create_table_age manual__2023-11-15T09:04:58.281745+00:00 [running]> on host 48045a1653b9
[2023-11-15T09:04:59.640+0000] {taskinstance.py:1662} INFO - Exporting env vars: AIRFLOW_CTX_DAG_OWNER='a***' AIRFLOW_CTX_DAG_ID='ETL_projet' AIRFLOW_CTX_TASK_ID='create_table_age' AIRFLOW_CTX_EXECUTION_DATE='2023-11-15T09:04:58.281745+00:00' AIRFLOW_CTX_TRY_NUMBER='1' AIRFLOW_CTX_DAG_RUN_ID='manual__2023-11-15T09:04:58.281745+00:00'
[2023-11-15T09:04:59.642+0000] {sql.py:274} INFO - Executing: CREATE TABLE  IF NOT EXISTS tranche_age (
    Code INT PRIMARY KEY,
    tranches_age_min INT,
    tranches_age_max INT
);
[2023-11-15T09:04:59.646+0000] {base.py:73} INFO - Using connection ID 'postgres_connexion' for task execution.
[2023-11-15T09:04:59.649+0000] {base.py:73} INFO - Using connection ID 'postgres_connexion' for task execution.
[2023-11-15T09:04:59.654+0000] {sql.py:418} INFO - Running statement: CREATE TABLE  IF NOT EXISTS tranche_age (
    Code INT PRIMARY KEY,
    tranches_age_min INT,
    tranches_age_max INT
);, parameters: None
[2023-11-15T09:04:59.663+0000] {taskinstance.py:1400} INFO - Marking task as SUCCESS. dag_id=ETL_projet, task_id=create_table_age, execution_date=20231115T090458, start_date=20231115T090459, end_date=20231115T090459
[2023-11-15T09:04:59.709+0000] {local_task_job_runner.py:228} INFO - Task exited with return code 0
[2023-11-15T09:04:59.728+0000] {taskinstance.py:2778} INFO - 0 downstream tasks scheduled from follow-on schedule check
