[2023-11-14T13:15:34.291+0000] {taskinstance.py:1159} INFO - Dependencies all met for dep_context=non-requeueable deps ti=<TaskInstance: ETL_projet.create_table_dept manual__2023-11-14T13:15:32.703586+00:00 [queued]>
[2023-11-14T13:15:34.295+0000] {taskinstance.py:1159} INFO - Dependencies all met for dep_context=requeueable deps ti=<TaskInstance: ETL_projet.create_table_dept manual__2023-11-14T13:15:32.703586+00:00 [queued]>
[2023-11-14T13:15:34.295+0000] {taskinstance.py:1361} INFO - Starting attempt 1 of 1
[2023-11-14T13:15:34.300+0000] {taskinstance.py:1382} INFO - Executing <Task(PostgresOperator): create_table_dept> on 2023-11-14 13:15:32.703586+00:00
[2023-11-14T13:15:34.304+0000] {standard_task_runner.py:57} INFO - Started process 300 to run task
[2023-11-14T13:15:34.308+0000] {standard_task_runner.py:84} INFO - Running: ['***', 'tasks', 'run', 'ETL_projet', 'create_table_dept', 'manual__2023-11-14T13:15:32.703586+00:00', '--job-id', '14', '--raw', '--subdir', 'DAGS_FOLDER/ETL_projet.py', '--cfg-path', '/tmp/tmpq9a4crpu']
[2023-11-14T13:15:34.309+0000] {standard_task_runner.py:85} INFO - Job 14: Subtask create_table_dept
[2023-11-14T13:15:34.332+0000] {task_command.py:416} INFO - Running <TaskInstance: ETL_projet.create_table_dept manual__2023-11-14T13:15:32.703586+00:00 [running]> on host 3d937217f770
[2023-11-14T13:15:34.365+0000] {taskinstance.py:1662} INFO - Exporting env vars: AIRFLOW_CTX_DAG_OWNER='a***' AIRFLOW_CTX_DAG_ID='ETL_projet' AIRFLOW_CTX_TASK_ID='create_table_dept' AIRFLOW_CTX_EXECUTION_DATE='2023-11-14T13:15:32.703586+00:00' AIRFLOW_CTX_TRY_NUMBER='1' AIRFLOW_CTX_DAG_RUN_ID='manual__2023-11-14T13:15:32.703586+00:00'
[2023-11-14T13:15:34.367+0000] {sql.py:274} INFO - Executing: CREATE TABLE IF NOT EXISTS department_region (
    num_dep_int INT PRIMARY KEY,
    dep_name VARCHAR(100),
    region_name VARCHAR(100)
);
[2023-11-14T13:15:34.370+0000] {base.py:73} INFO - Using connection ID 'postgres_connexion' for task execution.
[2023-11-14T13:15:34.373+0000] {base.py:73} INFO - Using connection ID 'postgres_connexion' for task execution.
[2023-11-14T13:15:34.384+0000] {sql.py:418} INFO - Running statement: CREATE TABLE IF NOT EXISTS department_region (
    num_dep_int INT PRIMARY KEY,
    dep_name VARCHAR(100),
    region_name VARCHAR(100)
);, parameters: None
[2023-11-14T13:15:34.394+0000] {taskinstance.py:1400} INFO - Marking task as SUCCESS. dag_id=ETL_projet, task_id=create_table_dept, execution_date=20231114T131532, start_date=20231114T131534, end_date=20231114T131534
[2023-11-14T13:15:34.444+0000] {local_task_job_runner.py:228} INFO - Task exited with return code 0
[2023-11-14T13:15:34.453+0000] {taskinstance.py:2778} INFO - 0 downstream tasks scheduled from follow-on schedule check
