[2023-11-22T18:36:47.433+0000] {processor.py:157} INFO - Started process (PID=43) to work on /home/airflow/.local/lib/python3.8/site-packages/airflow/example_dags/example_branch_labels.py
[2023-11-22T18:36:47.434+0000] {processor.py:829} INFO - Processing file /home/airflow/.local/lib/python3.8/site-packages/airflow/example_dags/example_branch_labels.py for tasks to queue
[2023-11-22T18:36:47.435+0000] {logging_mixin.py:151} INFO - [2023-11-22T18:36:47.435+0000] {dagbag.py:536} INFO - Filling up the DagBag from /home/airflow/.local/lib/python3.8/site-packages/airflow/example_dags/example_branch_labels.py
[2023-11-22T18:36:47.442+0000] {processor.py:839} INFO - DAG(s) dict_keys(['example_branch_labels']) retrieved from /home/airflow/.local/lib/python3.8/site-packages/airflow/example_dags/example_branch_labels.py
[2023-11-22T18:36:47.451+0000] {logging_mixin.py:151} INFO - [2023-11-22T18:36:47.451+0000] {dag.py:2941} INFO - Sync 1 DAGs
[2023-11-22T18:36:47.467+0000] {logging_mixin.py:151} INFO - [2023-11-22T18:36:47.467+0000] {dag.py:3722} INFO - Setting next_dagrun for example_branch_labels to 2023-11-21T00:00:00+00:00, run_after=2023-11-22T00:00:00+00:00
[2023-11-22T18:36:47.477+0000] {processor.py:179} INFO - Processing /home/airflow/.local/lib/python3.8/site-packages/airflow/example_dags/example_branch_labels.py took 0.046 seconds
[2023-11-22T18:37:18.463+0000] {processor.py:157} INFO - Started process (PID=99) to work on /home/airflow/.local/lib/python3.8/site-packages/airflow/example_dags/example_branch_labels.py
[2023-11-22T18:37:18.464+0000] {processor.py:829} INFO - Processing file /home/airflow/.local/lib/python3.8/site-packages/airflow/example_dags/example_branch_labels.py for tasks to queue
[2023-11-22T18:37:18.466+0000] {logging_mixin.py:151} INFO - [2023-11-22T18:37:18.466+0000] {dagbag.py:536} INFO - Filling up the DagBag from /home/airflow/.local/lib/python3.8/site-packages/airflow/example_dags/example_branch_labels.py
[2023-11-22T18:37:18.474+0000] {processor.py:839} INFO - DAG(s) dict_keys(['example_branch_labels']) retrieved from /home/airflow/.local/lib/python3.8/site-packages/airflow/example_dags/example_branch_labels.py
[2023-11-22T18:37:18.490+0000] {logging_mixin.py:151} INFO - [2023-11-22T18:37:18.490+0000] {dag.py:2941} INFO - Sync 1 DAGs
[2023-11-22T18:37:18.504+0000] {logging_mixin.py:151} INFO - [2023-11-22T18:37:18.504+0000] {dag.py:3722} INFO - Setting next_dagrun for example_branch_labels to 2023-11-21T00:00:00+00:00, run_after=2023-11-22T00:00:00+00:00
[2023-11-22T18:37:18.514+0000] {processor.py:179} INFO - Processing /home/airflow/.local/lib/python3.8/site-packages/airflow/example_dags/example_branch_labels.py took 0.054 seconds
[2023-11-22T18:37:49.462+0000] {processor.py:157} INFO - Started process (PID=156) to work on /home/airflow/.local/lib/python3.8/site-packages/airflow/example_dags/example_branch_labels.py
[2023-11-22T18:37:49.463+0000] {processor.py:829} INFO - Processing file /home/airflow/.local/lib/python3.8/site-packages/airflow/example_dags/example_branch_labels.py for tasks to queue
[2023-11-22T18:37:49.465+0000] {logging_mixin.py:151} INFO - [2023-11-22T18:37:49.465+0000] {dagbag.py:536} INFO - Filling up the DagBag from /home/airflow/.local/lib/python3.8/site-packages/airflow/example_dags/example_branch_labels.py
[2023-11-22T18:37:49.474+0000] {processor.py:839} INFO - DAG(s) dict_keys(['example_branch_labels']) retrieved from /home/airflow/.local/lib/python3.8/site-packages/airflow/example_dags/example_branch_labels.py
[2023-11-22T18:37:49.490+0000] {logging_mixin.py:151} INFO - [2023-11-22T18:37:49.490+0000] {dag.py:2941} INFO - Sync 1 DAGs
[2023-11-22T18:37:49.503+0000] {logging_mixin.py:151} INFO - [2023-11-22T18:37:49.503+0000] {dag.py:3722} INFO - Setting next_dagrun for example_branch_labels to 2023-11-21T00:00:00+00:00, run_after=2023-11-22T00:00:00+00:00
[2023-11-22T18:37:49.512+0000] {processor.py:179} INFO - Processing /home/airflow/.local/lib/python3.8/site-packages/airflow/example_dags/example_branch_labels.py took 0.054 seconds
[2023-11-22T18:38:20.308+0000] {processor.py:157} INFO - Started process (PID=213) to work on /home/airflow/.local/lib/python3.8/site-packages/airflow/example_dags/example_branch_labels.py
[2023-11-22T18:38:20.310+0000] {processor.py:829} INFO - Processing file /home/airflow/.local/lib/python3.8/site-packages/airflow/example_dags/example_branch_labels.py for tasks to queue
[2023-11-22T18:38:20.312+0000] {logging_mixin.py:151} INFO - [2023-11-22T18:38:20.312+0000] {dagbag.py:536} INFO - Filling up the DagBag from /home/airflow/.local/lib/python3.8/site-packages/airflow/example_dags/example_branch_labels.py
[2023-11-22T18:38:20.320+0000] {processor.py:839} INFO - DAG(s) dict_keys(['example_branch_labels']) retrieved from /home/airflow/.local/lib/python3.8/site-packages/airflow/example_dags/example_branch_labels.py
[2023-11-22T18:38:20.334+0000] {logging_mixin.py:151} INFO - [2023-11-22T18:38:20.334+0000] {dag.py:2941} INFO - Sync 1 DAGs
[2023-11-22T18:38:20.347+0000] {logging_mixin.py:151} INFO - [2023-11-22T18:38:20.347+0000] {dag.py:3722} INFO - Setting next_dagrun for example_branch_labels to 2023-11-21T00:00:00+00:00, run_after=2023-11-22T00:00:00+00:00
[2023-11-22T18:38:20.355+0000] {processor.py:179} INFO - Processing /home/airflow/.local/lib/python3.8/site-packages/airflow/example_dags/example_branch_labels.py took 0.050 seconds
[2023-11-22T18:38:51.067+0000] {processor.py:157} INFO - Started process (PID=270) to work on /home/airflow/.local/lib/python3.8/site-packages/airflow/example_dags/example_branch_labels.py
[2023-11-22T18:38:51.068+0000] {processor.py:829} INFO - Processing file /home/airflow/.local/lib/python3.8/site-packages/airflow/example_dags/example_branch_labels.py for tasks to queue
[2023-11-22T18:38:51.070+0000] {logging_mixin.py:151} INFO - [2023-11-22T18:38:51.070+0000] {dagbag.py:536} INFO - Filling up the DagBag from /home/airflow/.local/lib/python3.8/site-packages/airflow/example_dags/example_branch_labels.py
[2023-11-22T18:38:51.077+0000] {processor.py:839} INFO - DAG(s) dict_keys(['example_branch_labels']) retrieved from /home/airflow/.local/lib/python3.8/site-packages/airflow/example_dags/example_branch_labels.py
[2023-11-22T18:38:51.094+0000] {logging_mixin.py:151} INFO - [2023-11-22T18:38:51.093+0000] {dag.py:2941} INFO - Sync 1 DAGs
[2023-11-22T18:38:51.106+0000] {logging_mixin.py:151} INFO - [2023-11-22T18:38:51.106+0000] {dag.py:3722} INFO - Setting next_dagrun for example_branch_labels to 2023-11-21T00:00:00+00:00, run_after=2023-11-22T00:00:00+00:00
[2023-11-22T18:38:51.114+0000] {processor.py:179} INFO - Processing /home/airflow/.local/lib/python3.8/site-packages/airflow/example_dags/example_branch_labels.py took 0.049 seconds
[2023-11-22T18:39:21.806+0000] {processor.py:157} INFO - Started process (PID=327) to work on /home/airflow/.local/lib/python3.8/site-packages/airflow/example_dags/example_branch_labels.py
[2023-11-22T18:39:21.807+0000] {processor.py:829} INFO - Processing file /home/airflow/.local/lib/python3.8/site-packages/airflow/example_dags/example_branch_labels.py for tasks to queue
[2023-11-22T18:39:21.808+0000] {logging_mixin.py:151} INFO - [2023-11-22T18:39:21.808+0000] {dagbag.py:536} INFO - Filling up the DagBag from /home/airflow/.local/lib/python3.8/site-packages/airflow/example_dags/example_branch_labels.py
[2023-11-22T18:39:21.814+0000] {processor.py:839} INFO - DAG(s) dict_keys(['example_branch_labels']) retrieved from /home/airflow/.local/lib/python3.8/site-packages/airflow/example_dags/example_branch_labels.py
[2023-11-22T18:39:21.828+0000] {logging_mixin.py:151} INFO - [2023-11-22T18:39:21.828+0000] {dag.py:2941} INFO - Sync 1 DAGs
[2023-11-22T18:39:21.840+0000] {logging_mixin.py:151} INFO - [2023-11-22T18:39:21.840+0000] {dag.py:3722} INFO - Setting next_dagrun for example_branch_labels to 2023-11-21T00:00:00+00:00, run_after=2023-11-22T00:00:00+00:00
[2023-11-22T18:39:21.848+0000] {processor.py:179} INFO - Processing /home/airflow/.local/lib/python3.8/site-packages/airflow/example_dags/example_branch_labels.py took 0.045 seconds
[2023-11-22T18:39:52.567+0000] {processor.py:157} INFO - Started process (PID=385) to work on /home/airflow/.local/lib/python3.8/site-packages/airflow/example_dags/example_branch_labels.py
[2023-11-22T18:39:52.568+0000] {processor.py:829} INFO - Processing file /home/airflow/.local/lib/python3.8/site-packages/airflow/example_dags/example_branch_labels.py for tasks to queue
[2023-11-22T18:39:52.571+0000] {logging_mixin.py:151} INFO - [2023-11-22T18:39:52.570+0000] {dagbag.py:536} INFO - Filling up the DagBag from /home/airflow/.local/lib/python3.8/site-packages/airflow/example_dags/example_branch_labels.py
[2023-11-22T18:39:52.578+0000] {processor.py:839} INFO - DAG(s) dict_keys(['example_branch_labels']) retrieved from /home/airflow/.local/lib/python3.8/site-packages/airflow/example_dags/example_branch_labels.py
[2023-11-22T18:39:52.593+0000] {logging_mixin.py:151} INFO - [2023-11-22T18:39:52.593+0000] {dag.py:2941} INFO - Sync 1 DAGs
[2023-11-22T18:39:52.605+0000] {logging_mixin.py:151} INFO - [2023-11-22T18:39:52.605+0000] {dag.py:3722} INFO - Setting next_dagrun for example_branch_labels to 2023-11-21T00:00:00+00:00, run_after=2023-11-22T00:00:00+00:00
[2023-11-22T18:39:52.613+0000] {processor.py:179} INFO - Processing /home/airflow/.local/lib/python3.8/site-packages/airflow/example_dags/example_branch_labels.py took 0.050 seconds
[2023-11-22T18:40:23.295+0000] {processor.py:157} INFO - Started process (PID=442) to work on /home/airflow/.local/lib/python3.8/site-packages/airflow/example_dags/example_branch_labels.py
[2023-11-22T18:40:23.296+0000] {processor.py:829} INFO - Processing file /home/airflow/.local/lib/python3.8/site-packages/airflow/example_dags/example_branch_labels.py for tasks to queue
[2023-11-22T18:40:23.297+0000] {logging_mixin.py:151} INFO - [2023-11-22T18:40:23.297+0000] {dagbag.py:536} INFO - Filling up the DagBag from /home/airflow/.local/lib/python3.8/site-packages/airflow/example_dags/example_branch_labels.py
[2023-11-22T18:40:23.302+0000] {processor.py:839} INFO - DAG(s) dict_keys(['example_branch_labels']) retrieved from /home/airflow/.local/lib/python3.8/site-packages/airflow/example_dags/example_branch_labels.py
[2023-11-22T18:40:23.313+0000] {logging_mixin.py:151} INFO - [2023-11-22T18:40:23.313+0000] {dag.py:2941} INFO - Sync 1 DAGs
[2023-11-22T18:40:23.323+0000] {logging_mixin.py:151} INFO - [2023-11-22T18:40:23.323+0000] {dag.py:3722} INFO - Setting next_dagrun for example_branch_labels to 2023-11-21T00:00:00+00:00, run_after=2023-11-22T00:00:00+00:00
[2023-11-22T18:40:23.330+0000] {processor.py:179} INFO - Processing /home/airflow/.local/lib/python3.8/site-packages/airflow/example_dags/example_branch_labels.py took 0.037 seconds
[2023-11-22T18:40:54.072+0000] {processor.py:157} INFO - Started process (PID=499) to work on /home/airflow/.local/lib/python3.8/site-packages/airflow/example_dags/example_branch_labels.py
[2023-11-22T18:40:54.073+0000] {processor.py:829} INFO - Processing file /home/airflow/.local/lib/python3.8/site-packages/airflow/example_dags/example_branch_labels.py for tasks to queue
[2023-11-22T18:40:54.075+0000] {logging_mixin.py:151} INFO - [2023-11-22T18:40:54.075+0000] {dagbag.py:536} INFO - Filling up the DagBag from /home/airflow/.local/lib/python3.8/site-packages/airflow/example_dags/example_branch_labels.py
[2023-11-22T18:40:54.081+0000] {processor.py:839} INFO - DAG(s) dict_keys(['example_branch_labels']) retrieved from /home/airflow/.local/lib/python3.8/site-packages/airflow/example_dags/example_branch_labels.py
[2023-11-22T18:40:54.096+0000] {logging_mixin.py:151} INFO - [2023-11-22T18:40:54.096+0000] {dag.py:2941} INFO - Sync 1 DAGs
[2023-11-22T18:40:54.109+0000] {logging_mixin.py:151} INFO - [2023-11-22T18:40:54.109+0000] {dag.py:3722} INFO - Setting next_dagrun for example_branch_labels to 2023-11-21T00:00:00+00:00, run_after=2023-11-22T00:00:00+00:00
[2023-11-22T18:40:54.117+0000] {processor.py:179} INFO - Processing /home/airflow/.local/lib/python3.8/site-packages/airflow/example_dags/example_branch_labels.py took 0.049 seconds
[2023-11-22T18:41:24.849+0000] {processor.py:157} INFO - Started process (PID=556) to work on /home/airflow/.local/lib/python3.8/site-packages/airflow/example_dags/example_branch_labels.py
[2023-11-22T18:41:24.850+0000] {processor.py:829} INFO - Processing file /home/airflow/.local/lib/python3.8/site-packages/airflow/example_dags/example_branch_labels.py for tasks to queue
[2023-11-22T18:41:24.852+0000] {logging_mixin.py:151} INFO - [2023-11-22T18:41:24.852+0000] {dagbag.py:536} INFO - Filling up the DagBag from /home/airflow/.local/lib/python3.8/site-packages/airflow/example_dags/example_branch_labels.py
[2023-11-22T18:41:24.860+0000] {processor.py:839} INFO - DAG(s) dict_keys(['example_branch_labels']) retrieved from /home/airflow/.local/lib/python3.8/site-packages/airflow/example_dags/example_branch_labels.py
[2023-11-22T18:41:24.875+0000] {logging_mixin.py:151} INFO - [2023-11-22T18:41:24.875+0000] {dag.py:2941} INFO - Sync 1 DAGs
[2023-11-22T18:41:24.888+0000] {logging_mixin.py:151} INFO - [2023-11-22T18:41:24.888+0000] {dag.py:3722} INFO - Setting next_dagrun for example_branch_labels to 2023-11-21T00:00:00+00:00, run_after=2023-11-22T00:00:00+00:00
[2023-11-22T18:41:24.896+0000] {processor.py:179} INFO - Processing /home/airflow/.local/lib/python3.8/site-packages/airflow/example_dags/example_branch_labels.py took 0.050 seconds
[2023-11-22T18:41:55.739+0000] {processor.py:157} INFO - Started process (PID=613) to work on /home/airflow/.local/lib/python3.8/site-packages/airflow/example_dags/example_branch_labels.py
[2023-11-22T18:41:55.740+0000] {processor.py:829} INFO - Processing file /home/airflow/.local/lib/python3.8/site-packages/airflow/example_dags/example_branch_labels.py for tasks to queue
[2023-11-22T18:41:55.742+0000] {logging_mixin.py:151} INFO - [2023-11-22T18:41:55.742+0000] {dagbag.py:536} INFO - Filling up the DagBag from /home/airflow/.local/lib/python3.8/site-packages/airflow/example_dags/example_branch_labels.py
[2023-11-22T18:41:55.750+0000] {processor.py:839} INFO - DAG(s) dict_keys(['example_branch_labels']) retrieved from /home/airflow/.local/lib/python3.8/site-packages/airflow/example_dags/example_branch_labels.py
[2023-11-22T18:41:55.765+0000] {logging_mixin.py:151} INFO - [2023-11-22T18:41:55.765+0000] {dag.py:2941} INFO - Sync 1 DAGs
[2023-11-22T18:41:55.777+0000] {logging_mixin.py:151} INFO - [2023-11-22T18:41:55.777+0000] {dag.py:3722} INFO - Setting next_dagrun for example_branch_labels to 2023-11-21T00:00:00+00:00, run_after=2023-11-22T00:00:00+00:00
[2023-11-22T18:41:55.785+0000] {processor.py:179} INFO - Processing /home/airflow/.local/lib/python3.8/site-packages/airflow/example_dags/example_branch_labels.py took 0.050 seconds
[2023-11-22T18:42:26.432+0000] {processor.py:157} INFO - Started process (PID=670) to work on /home/airflow/.local/lib/python3.8/site-packages/airflow/example_dags/example_branch_labels.py
[2023-11-22T18:42:26.433+0000] {processor.py:829} INFO - Processing file /home/airflow/.local/lib/python3.8/site-packages/airflow/example_dags/example_branch_labels.py for tasks to queue
[2023-11-22T18:42:26.436+0000] {logging_mixin.py:151} INFO - [2023-11-22T18:42:26.436+0000] {dagbag.py:536} INFO - Filling up the DagBag from /home/airflow/.local/lib/python3.8/site-packages/airflow/example_dags/example_branch_labels.py
[2023-11-22T18:42:26.444+0000] {processor.py:839} INFO - DAG(s) dict_keys(['example_branch_labels']) retrieved from /home/airflow/.local/lib/python3.8/site-packages/airflow/example_dags/example_branch_labels.py
[2023-11-22T18:42:26.458+0000] {logging_mixin.py:151} INFO - [2023-11-22T18:42:26.458+0000] {dag.py:2941} INFO - Sync 1 DAGs
[2023-11-22T18:42:26.471+0000] {logging_mixin.py:151} INFO - [2023-11-22T18:42:26.471+0000] {dag.py:3722} INFO - Setting next_dagrun for example_branch_labels to 2023-11-21T00:00:00+00:00, run_after=2023-11-22T00:00:00+00:00
[2023-11-22T18:42:26.479+0000] {processor.py:179} INFO - Processing /home/airflow/.local/lib/python3.8/site-packages/airflow/example_dags/example_branch_labels.py took 0.050 seconds
[2023-11-22T18:42:57.290+0000] {processor.py:157} INFO - Started process (PID=727) to work on /home/airflow/.local/lib/python3.8/site-packages/airflow/example_dags/example_branch_labels.py
[2023-11-22T18:42:57.292+0000] {processor.py:829} INFO - Processing file /home/airflow/.local/lib/python3.8/site-packages/airflow/example_dags/example_branch_labels.py for tasks to queue
[2023-11-22T18:42:57.294+0000] {logging_mixin.py:151} INFO - [2023-11-22T18:42:57.294+0000] {dagbag.py:536} INFO - Filling up the DagBag from /home/airflow/.local/lib/python3.8/site-packages/airflow/example_dags/example_branch_labels.py
[2023-11-22T18:42:57.301+0000] {processor.py:839} INFO - DAG(s) dict_keys(['example_branch_labels']) retrieved from /home/airflow/.local/lib/python3.8/site-packages/airflow/example_dags/example_branch_labels.py
[2023-11-22T18:42:57.317+0000] {logging_mixin.py:151} INFO - [2023-11-22T18:42:57.316+0000] {dag.py:2941} INFO - Sync 1 DAGs
[2023-11-22T18:42:57.329+0000] {logging_mixin.py:151} INFO - [2023-11-22T18:42:57.329+0000] {dag.py:3722} INFO - Setting next_dagrun for example_branch_labels to 2023-11-21T00:00:00+00:00, run_after=2023-11-22T00:00:00+00:00
[2023-11-22T18:42:57.337+0000] {processor.py:179} INFO - Processing /home/airflow/.local/lib/python3.8/site-packages/airflow/example_dags/example_branch_labels.py took 0.050 seconds
[2023-11-22T18:43:27.991+0000] {processor.py:157} INFO - Started process (PID=784) to work on /home/airflow/.local/lib/python3.8/site-packages/airflow/example_dags/example_branch_labels.py
[2023-11-22T18:43:27.992+0000] {processor.py:829} INFO - Processing file /home/airflow/.local/lib/python3.8/site-packages/airflow/example_dags/example_branch_labels.py for tasks to queue
[2023-11-22T18:43:27.994+0000] {logging_mixin.py:151} INFO - [2023-11-22T18:43:27.994+0000] {dagbag.py:536} INFO - Filling up the DagBag from /home/airflow/.local/lib/python3.8/site-packages/airflow/example_dags/example_branch_labels.py
[2023-11-22T18:43:28.001+0000] {processor.py:839} INFO - DAG(s) dict_keys(['example_branch_labels']) retrieved from /home/airflow/.local/lib/python3.8/site-packages/airflow/example_dags/example_branch_labels.py
[2023-11-22T18:43:28.016+0000] {logging_mixin.py:151} INFO - [2023-11-22T18:43:28.016+0000] {dag.py:2941} INFO - Sync 1 DAGs
[2023-11-22T18:43:28.028+0000] {logging_mixin.py:151} INFO - [2023-11-22T18:43:28.028+0000] {dag.py:3722} INFO - Setting next_dagrun for example_branch_labels to 2023-11-21T00:00:00+00:00, run_after=2023-11-22T00:00:00+00:00
[2023-11-22T18:43:28.037+0000] {processor.py:179} INFO - Processing /home/airflow/.local/lib/python3.8/site-packages/airflow/example_dags/example_branch_labels.py took 0.050 seconds
[2023-11-22T18:43:58.046+0000] {processor.py:157} INFO - Started process (PID=840) to work on /home/airflow/.local/lib/python3.8/site-packages/airflow/example_dags/example_branch_labels.py
[2023-11-22T18:43:58.047+0000] {processor.py:829} INFO - Processing file /home/airflow/.local/lib/python3.8/site-packages/airflow/example_dags/example_branch_labels.py for tasks to queue
[2023-11-22T18:43:58.048+0000] {logging_mixin.py:151} INFO - [2023-11-22T18:43:58.047+0000] {dagbag.py:536} INFO - Filling up the DagBag from /home/airflow/.local/lib/python3.8/site-packages/airflow/example_dags/example_branch_labels.py
[2023-11-22T18:43:58.051+0000] {processor.py:839} INFO - DAG(s) dict_keys(['example_branch_labels']) retrieved from /home/airflow/.local/lib/python3.8/site-packages/airflow/example_dags/example_branch_labels.py
[2023-11-22T18:43:58.061+0000] {logging_mixin.py:151} INFO - [2023-11-22T18:43:58.061+0000] {dag.py:2941} INFO - Sync 1 DAGs
[2023-11-22T18:43:58.070+0000] {logging_mixin.py:151} INFO - [2023-11-22T18:43:58.070+0000] {dag.py:3722} INFO - Setting next_dagrun for example_branch_labels to 2023-11-21T00:00:00+00:00, run_after=2023-11-22T00:00:00+00:00
[2023-11-22T18:43:58.145+0000] {processor.py:179} INFO - Processing /home/airflow/.local/lib/python3.8/site-packages/airflow/example_dags/example_branch_labels.py took 0.100 seconds
[2023-11-22T18:44:28.816+0000] {processor.py:157} INFO - Started process (PID=899) to work on /home/airflow/.local/lib/python3.8/site-packages/airflow/example_dags/example_branch_labels.py
[2023-11-22T18:44:28.817+0000] {processor.py:829} INFO - Processing file /home/airflow/.local/lib/python3.8/site-packages/airflow/example_dags/example_branch_labels.py for tasks to queue
[2023-11-22T18:44:28.818+0000] {logging_mixin.py:151} INFO - [2023-11-22T18:44:28.818+0000] {dagbag.py:536} INFO - Filling up the DagBag from /home/airflow/.local/lib/python3.8/site-packages/airflow/example_dags/example_branch_labels.py
[2023-11-22T18:44:28.822+0000] {processor.py:839} INFO - DAG(s) dict_keys(['example_branch_labels']) retrieved from /home/airflow/.local/lib/python3.8/site-packages/airflow/example_dags/example_branch_labels.py
[2023-11-22T18:44:28.832+0000] {logging_mixin.py:151} INFO - [2023-11-22T18:44:28.832+0000] {dag.py:2941} INFO - Sync 1 DAGs
[2023-11-22T18:44:28.842+0000] {logging_mixin.py:151} INFO - [2023-11-22T18:44:28.842+0000] {dag.py:3722} INFO - Setting next_dagrun for example_branch_labels to 2023-11-21T00:00:00+00:00, run_after=2023-11-22T00:00:00+00:00
[2023-11-22T18:44:28.849+0000] {processor.py:179} INFO - Processing /home/airflow/.local/lib/python3.8/site-packages/airflow/example_dags/example_branch_labels.py took 0.035 seconds
[2023-11-22T18:44:59.522+0000] {processor.py:157} INFO - Started process (PID=956) to work on /home/airflow/.local/lib/python3.8/site-packages/airflow/example_dags/example_branch_labels.py
[2023-11-22T18:44:59.523+0000] {processor.py:829} INFO - Processing file /home/airflow/.local/lib/python3.8/site-packages/airflow/example_dags/example_branch_labels.py for tasks to queue
[2023-11-22T18:44:59.524+0000] {logging_mixin.py:151} INFO - [2023-11-22T18:44:59.523+0000] {dagbag.py:536} INFO - Filling up the DagBag from /home/airflow/.local/lib/python3.8/site-packages/airflow/example_dags/example_branch_labels.py
[2023-11-22T18:44:59.527+0000] {processor.py:839} INFO - DAG(s) dict_keys(['example_branch_labels']) retrieved from /home/airflow/.local/lib/python3.8/site-packages/airflow/example_dags/example_branch_labels.py
[2023-11-22T18:44:59.537+0000] {logging_mixin.py:151} INFO - [2023-11-22T18:44:59.537+0000] {dag.py:2941} INFO - Sync 1 DAGs
[2023-11-22T18:44:59.547+0000] {logging_mixin.py:151} INFO - [2023-11-22T18:44:59.547+0000] {dag.py:3722} INFO - Setting next_dagrun for example_branch_labels to 2023-11-21T00:00:00+00:00, run_after=2023-11-22T00:00:00+00:00
[2023-11-22T18:44:59.554+0000] {processor.py:179} INFO - Processing /home/airflow/.local/lib/python3.8/site-packages/airflow/example_dags/example_branch_labels.py took 0.033 seconds
[2023-11-22T18:45:29.730+0000] {processor.py:157} INFO - Started process (PID=1013) to work on /home/airflow/.local/lib/python3.8/site-packages/airflow/example_dags/example_branch_labels.py
[2023-11-22T18:45:29.730+0000] {processor.py:829} INFO - Processing file /home/airflow/.local/lib/python3.8/site-packages/airflow/example_dags/example_branch_labels.py for tasks to queue
[2023-11-22T18:45:29.732+0000] {logging_mixin.py:151} INFO - [2023-11-22T18:45:29.732+0000] {dagbag.py:536} INFO - Filling up the DagBag from /home/airflow/.local/lib/python3.8/site-packages/airflow/example_dags/example_branch_labels.py
[2023-11-22T18:45:29.737+0000] {processor.py:839} INFO - DAG(s) dict_keys(['example_branch_labels']) retrieved from /home/airflow/.local/lib/python3.8/site-packages/airflow/example_dags/example_branch_labels.py
[2023-11-22T18:45:29.747+0000] {logging_mixin.py:151} INFO - [2023-11-22T18:45:29.747+0000] {dag.py:2941} INFO - Sync 1 DAGs
[2023-11-22T18:45:29.758+0000] {logging_mixin.py:151} INFO - [2023-11-22T18:45:29.758+0000] {dag.py:3722} INFO - Setting next_dagrun for example_branch_labels to 2023-11-21T00:00:00+00:00, run_after=2023-11-22T00:00:00+00:00
[2023-11-22T18:45:29.766+0000] {processor.py:179} INFO - Processing /home/airflow/.local/lib/python3.8/site-packages/airflow/example_dags/example_branch_labels.py took 0.038 seconds
[2023-11-22T18:46:00.391+0000] {processor.py:157} INFO - Started process (PID=1070) to work on /home/airflow/.local/lib/python3.8/site-packages/airflow/example_dags/example_branch_labels.py
[2023-11-22T18:46:00.392+0000] {processor.py:829} INFO - Processing file /home/airflow/.local/lib/python3.8/site-packages/airflow/example_dags/example_branch_labels.py for tasks to queue
[2023-11-22T18:46:00.393+0000] {logging_mixin.py:151} INFO - [2023-11-22T18:46:00.393+0000] {dagbag.py:536} INFO - Filling up the DagBag from /home/airflow/.local/lib/python3.8/site-packages/airflow/example_dags/example_branch_labels.py
[2023-11-22T18:46:00.397+0000] {processor.py:839} INFO - DAG(s) dict_keys(['example_branch_labels']) retrieved from /home/airflow/.local/lib/python3.8/site-packages/airflow/example_dags/example_branch_labels.py
[2023-11-22T18:46:00.408+0000] {logging_mixin.py:151} INFO - [2023-11-22T18:46:00.408+0000] {dag.py:2941} INFO - Sync 1 DAGs
[2023-11-22T18:46:00.502+0000] {logging_mixin.py:151} INFO - [2023-11-22T18:46:00.502+0000] {dag.py:3722} INFO - Setting next_dagrun for example_branch_labels to 2023-11-21T00:00:00+00:00, run_after=2023-11-22T00:00:00+00:00
[2023-11-22T18:46:00.509+0000] {processor.py:179} INFO - Processing /home/airflow/.local/lib/python3.8/site-packages/airflow/example_dags/example_branch_labels.py took 0.120 seconds
[2023-11-22T18:46:30.795+0000] {processor.py:157} INFO - Started process (PID=1127) to work on /home/airflow/.local/lib/python3.8/site-packages/airflow/example_dags/example_branch_labels.py
[2023-11-22T18:46:30.796+0000] {processor.py:829} INFO - Processing file /home/airflow/.local/lib/python3.8/site-packages/airflow/example_dags/example_branch_labels.py for tasks to queue
[2023-11-22T18:46:30.797+0000] {logging_mixin.py:151} INFO - [2023-11-22T18:46:30.797+0000] {dagbag.py:536} INFO - Filling up the DagBag from /home/airflow/.local/lib/python3.8/site-packages/airflow/example_dags/example_branch_labels.py
[2023-11-22T18:46:30.801+0000] {processor.py:839} INFO - DAG(s) dict_keys(['example_branch_labels']) retrieved from /home/airflow/.local/lib/python3.8/site-packages/airflow/example_dags/example_branch_labels.py
[2023-11-22T18:46:30.811+0000] {logging_mixin.py:151} INFO - [2023-11-22T18:46:30.811+0000] {dag.py:2941} INFO - Sync 1 DAGs
[2023-11-22T18:46:30.909+0000] {logging_mixin.py:151} INFO - [2023-11-22T18:46:30.909+0000] {dag.py:3722} INFO - Setting next_dagrun for example_branch_labels to 2023-11-21T00:00:00+00:00, run_after=2023-11-22T00:00:00+00:00
[2023-11-22T18:46:30.916+0000] {processor.py:179} INFO - Processing /home/airflow/.local/lib/python3.8/site-packages/airflow/example_dags/example_branch_labels.py took 0.123 seconds
[2023-11-22T18:47:01.415+0000] {processor.py:157} INFO - Started process (PID=1184) to work on /home/airflow/.local/lib/python3.8/site-packages/airflow/example_dags/example_branch_labels.py
[2023-11-22T18:47:01.416+0000] {processor.py:829} INFO - Processing file /home/airflow/.local/lib/python3.8/site-packages/airflow/example_dags/example_branch_labels.py for tasks to queue
[2023-11-22T18:47:01.418+0000] {logging_mixin.py:151} INFO - [2023-11-22T18:47:01.417+0000] {dagbag.py:536} INFO - Filling up the DagBag from /home/airflow/.local/lib/python3.8/site-packages/airflow/example_dags/example_branch_labels.py
[2023-11-22T18:47:01.422+0000] {processor.py:839} INFO - DAG(s) dict_keys(['example_branch_labels']) retrieved from /home/airflow/.local/lib/python3.8/site-packages/airflow/example_dags/example_branch_labels.py
[2023-11-22T18:47:01.433+0000] {logging_mixin.py:151} INFO - [2023-11-22T18:47:01.433+0000] {dag.py:2941} INFO - Sync 1 DAGs
[2023-11-22T18:47:01.443+0000] {logging_mixin.py:151} INFO - [2023-11-22T18:47:01.443+0000] {dag.py:3722} INFO - Setting next_dagrun for example_branch_labels to 2023-11-21T00:00:00+00:00, run_after=2023-11-22T00:00:00+00:00
[2023-11-22T18:47:01.544+0000] {processor.py:179} INFO - Processing /home/airflow/.local/lib/python3.8/site-packages/airflow/example_dags/example_branch_labels.py took 0.132 seconds
[2023-11-22T18:47:31.803+0000] {processor.py:157} INFO - Started process (PID=1241) to work on /home/airflow/.local/lib/python3.8/site-packages/airflow/example_dags/example_branch_labels.py
[2023-11-22T18:47:31.804+0000] {processor.py:829} INFO - Processing file /home/airflow/.local/lib/python3.8/site-packages/airflow/example_dags/example_branch_labels.py for tasks to queue
[2023-11-22T18:47:31.805+0000] {logging_mixin.py:151} INFO - [2023-11-22T18:47:31.804+0000] {dagbag.py:536} INFO - Filling up the DagBag from /home/airflow/.local/lib/python3.8/site-packages/airflow/example_dags/example_branch_labels.py
[2023-11-22T18:47:31.809+0000] {processor.py:839} INFO - DAG(s) dict_keys(['example_branch_labels']) retrieved from /home/airflow/.local/lib/python3.8/site-packages/airflow/example_dags/example_branch_labels.py
[2023-11-22T18:47:31.819+0000] {logging_mixin.py:151} INFO - [2023-11-22T18:47:31.819+0000] {dag.py:2941} INFO - Sync 1 DAGs
[2023-11-22T18:47:31.829+0000] {logging_mixin.py:151} INFO - [2023-11-22T18:47:31.829+0000] {dag.py:3722} INFO - Setting next_dagrun for example_branch_labels to 2023-11-21T00:00:00+00:00, run_after=2023-11-22T00:00:00+00:00
[2023-11-22T18:47:31.837+0000] {processor.py:179} INFO - Processing /home/airflow/.local/lib/python3.8/site-packages/airflow/example_dags/example_branch_labels.py took 0.035 seconds
[2023-11-22T18:48:02.470+0000] {processor.py:157} INFO - Started process (PID=1298) to work on /home/airflow/.local/lib/python3.8/site-packages/airflow/example_dags/example_branch_labels.py
[2023-11-22T18:48:02.470+0000] {processor.py:829} INFO - Processing file /home/airflow/.local/lib/python3.8/site-packages/airflow/example_dags/example_branch_labels.py for tasks to queue
[2023-11-22T18:48:02.471+0000] {logging_mixin.py:151} INFO - [2023-11-22T18:48:02.471+0000] {dagbag.py:536} INFO - Filling up the DagBag from /home/airflow/.local/lib/python3.8/site-packages/airflow/example_dags/example_branch_labels.py
[2023-11-22T18:48:02.475+0000] {processor.py:839} INFO - DAG(s) dict_keys(['example_branch_labels']) retrieved from /home/airflow/.local/lib/python3.8/site-packages/airflow/example_dags/example_branch_labels.py
[2023-11-22T18:48:02.486+0000] {logging_mixin.py:151} INFO - [2023-11-22T18:48:02.486+0000] {dag.py:2941} INFO - Sync 1 DAGs
[2023-11-22T18:48:02.496+0000] {logging_mixin.py:151} INFO - [2023-11-22T18:48:02.496+0000] {dag.py:3722} INFO - Setting next_dagrun for example_branch_labels to 2023-11-21T00:00:00+00:00, run_after=2023-11-22T00:00:00+00:00
[2023-11-22T18:48:02.503+0000] {processor.py:179} INFO - Processing /home/airflow/.local/lib/python3.8/site-packages/airflow/example_dags/example_branch_labels.py took 0.036 seconds
[2023-11-22T18:48:33.147+0000] {processor.py:157} INFO - Started process (PID=1355) to work on /home/airflow/.local/lib/python3.8/site-packages/airflow/example_dags/example_branch_labels.py
[2023-11-22T18:48:33.147+0000] {processor.py:829} INFO - Processing file /home/airflow/.local/lib/python3.8/site-packages/airflow/example_dags/example_branch_labels.py for tasks to queue
[2023-11-22T18:48:33.148+0000] {logging_mixin.py:151} INFO - [2023-11-22T18:48:33.148+0000] {dagbag.py:536} INFO - Filling up the DagBag from /home/airflow/.local/lib/python3.8/site-packages/airflow/example_dags/example_branch_labels.py
[2023-11-22T18:48:33.152+0000] {processor.py:839} INFO - DAG(s) dict_keys(['example_branch_labels']) retrieved from /home/airflow/.local/lib/python3.8/site-packages/airflow/example_dags/example_branch_labels.py
[2023-11-22T18:48:33.163+0000] {logging_mixin.py:151} INFO - [2023-11-22T18:48:33.163+0000] {dag.py:2941} INFO - Sync 1 DAGs
[2023-11-22T18:48:33.174+0000] {logging_mixin.py:151} INFO - [2023-11-22T18:48:33.174+0000] {dag.py:3722} INFO - Setting next_dagrun for example_branch_labels to 2023-11-21T00:00:00+00:00, run_after=2023-11-22T00:00:00+00:00
[2023-11-22T18:48:33.181+0000] {processor.py:179} INFO - Processing /home/airflow/.local/lib/python3.8/site-packages/airflow/example_dags/example_branch_labels.py took 0.036 seconds
[2023-11-22T18:49:03.925+0000] {processor.py:157} INFO - Started process (PID=1412) to work on /home/airflow/.local/lib/python3.8/site-packages/airflow/example_dags/example_branch_labels.py
[2023-11-22T18:49:03.926+0000] {processor.py:829} INFO - Processing file /home/airflow/.local/lib/python3.8/site-packages/airflow/example_dags/example_branch_labels.py for tasks to queue
[2023-11-22T18:49:03.927+0000] {logging_mixin.py:151} INFO - [2023-11-22T18:49:03.927+0000] {dagbag.py:536} INFO - Filling up the DagBag from /home/airflow/.local/lib/python3.8/site-packages/airflow/example_dags/example_branch_labels.py
[2023-11-22T18:49:03.932+0000] {processor.py:839} INFO - DAG(s) dict_keys(['example_branch_labels']) retrieved from /home/airflow/.local/lib/python3.8/site-packages/airflow/example_dags/example_branch_labels.py
[2023-11-22T18:49:03.943+0000] {logging_mixin.py:151} INFO - [2023-11-22T18:49:03.943+0000] {dag.py:2941} INFO - Sync 1 DAGs
[2023-11-22T18:49:03.953+0000] {logging_mixin.py:151} INFO - [2023-11-22T18:49:03.953+0000] {dag.py:3722} INFO - Setting next_dagrun for example_branch_labels to 2023-11-21T00:00:00+00:00, run_after=2023-11-22T00:00:00+00:00
[2023-11-22T18:49:03.961+0000] {processor.py:179} INFO - Processing /home/airflow/.local/lib/python3.8/site-packages/airflow/example_dags/example_branch_labels.py took 0.038 seconds
[2023-11-22T18:49:34.513+0000] {processor.py:157} INFO - Started process (PID=1469) to work on /home/airflow/.local/lib/python3.8/site-packages/airflow/example_dags/example_branch_labels.py
[2023-11-22T18:49:34.514+0000] {processor.py:829} INFO - Processing file /home/airflow/.local/lib/python3.8/site-packages/airflow/example_dags/example_branch_labels.py for tasks to queue
[2023-11-22T18:49:34.515+0000] {logging_mixin.py:151} INFO - [2023-11-22T18:49:34.515+0000] {dagbag.py:536} INFO - Filling up the DagBag from /home/airflow/.local/lib/python3.8/site-packages/airflow/example_dags/example_branch_labels.py
[2023-11-22T18:49:34.519+0000] {processor.py:839} INFO - DAG(s) dict_keys(['example_branch_labels']) retrieved from /home/airflow/.local/lib/python3.8/site-packages/airflow/example_dags/example_branch_labels.py
[2023-11-22T18:49:34.530+0000] {logging_mixin.py:151} INFO - [2023-11-22T18:49:34.530+0000] {dag.py:2941} INFO - Sync 1 DAGs
[2023-11-22T18:49:34.540+0000] {logging_mixin.py:151} INFO - [2023-11-22T18:49:34.540+0000] {dag.py:3722} INFO - Setting next_dagrun for example_branch_labels to 2023-11-21T00:00:00+00:00, run_after=2023-11-22T00:00:00+00:00
[2023-11-22T18:49:34.547+0000] {processor.py:179} INFO - Processing /home/airflow/.local/lib/python3.8/site-packages/airflow/example_dags/example_branch_labels.py took 0.035 seconds
[2023-11-22T18:50:05.110+0000] {processor.py:157} INFO - Started process (PID=1526) to work on /home/airflow/.local/lib/python3.8/site-packages/airflow/example_dags/example_branch_labels.py
[2023-11-22T18:50:05.110+0000] {processor.py:829} INFO - Processing file /home/airflow/.local/lib/python3.8/site-packages/airflow/example_dags/example_branch_labels.py for tasks to queue
[2023-11-22T18:50:05.111+0000] {logging_mixin.py:151} INFO - [2023-11-22T18:50:05.111+0000] {dagbag.py:536} INFO - Filling up the DagBag from /home/airflow/.local/lib/python3.8/site-packages/airflow/example_dags/example_branch_labels.py
[2023-11-22T18:50:05.116+0000] {processor.py:839} INFO - DAG(s) dict_keys(['example_branch_labels']) retrieved from /home/airflow/.local/lib/python3.8/site-packages/airflow/example_dags/example_branch_labels.py
[2023-11-22T18:50:05.126+0000] {logging_mixin.py:151} INFO - [2023-11-22T18:50:05.126+0000] {dag.py:2941} INFO - Sync 1 DAGs
[2023-11-22T18:50:05.136+0000] {logging_mixin.py:151} INFO - [2023-11-22T18:50:05.136+0000] {dag.py:3722} INFO - Setting next_dagrun for example_branch_labels to 2023-11-21T00:00:00+00:00, run_after=2023-11-22T00:00:00+00:00
[2023-11-22T18:50:05.143+0000] {processor.py:179} INFO - Processing /home/airflow/.local/lib/python3.8/site-packages/airflow/example_dags/example_branch_labels.py took 0.035 seconds
[2023-11-22T18:50:35.587+0000] {processor.py:157} INFO - Started process (PID=1583) to work on /home/airflow/.local/lib/python3.8/site-packages/airflow/example_dags/example_branch_labels.py
[2023-11-22T18:50:35.588+0000] {processor.py:829} INFO - Processing file /home/airflow/.local/lib/python3.8/site-packages/airflow/example_dags/example_branch_labels.py for tasks to queue
[2023-11-22T18:50:35.589+0000] {logging_mixin.py:151} INFO - [2023-11-22T18:50:35.589+0000] {dagbag.py:536} INFO - Filling up the DagBag from /home/airflow/.local/lib/python3.8/site-packages/airflow/example_dags/example_branch_labels.py
[2023-11-22T18:50:35.593+0000] {processor.py:839} INFO - DAG(s) dict_keys(['example_branch_labels']) retrieved from /home/airflow/.local/lib/python3.8/site-packages/airflow/example_dags/example_branch_labels.py
[2023-11-22T18:50:35.603+0000] {logging_mixin.py:151} INFO - [2023-11-22T18:50:35.603+0000] {dag.py:2941} INFO - Sync 1 DAGs
[2023-11-22T18:50:35.613+0000] {logging_mixin.py:151} INFO - [2023-11-22T18:50:35.613+0000] {dag.py:3722} INFO - Setting next_dagrun for example_branch_labels to 2023-11-21T00:00:00+00:00, run_after=2023-11-22T00:00:00+00:00
[2023-11-22T18:50:35.620+0000] {processor.py:179} INFO - Processing /home/airflow/.local/lib/python3.8/site-packages/airflow/example_dags/example_branch_labels.py took 0.034 seconds
[2023-11-22T18:51:06.290+0000] {processor.py:157} INFO - Started process (PID=1640) to work on /home/airflow/.local/lib/python3.8/site-packages/airflow/example_dags/example_branch_labels.py
[2023-11-22T18:51:06.291+0000] {processor.py:829} INFO - Processing file /home/airflow/.local/lib/python3.8/site-packages/airflow/example_dags/example_branch_labels.py for tasks to queue
[2023-11-22T18:51:06.292+0000] {logging_mixin.py:151} INFO - [2023-11-22T18:51:06.292+0000] {dagbag.py:536} INFO - Filling up the DagBag from /home/airflow/.local/lib/python3.8/site-packages/airflow/example_dags/example_branch_labels.py
[2023-11-22T18:51:06.296+0000] {processor.py:839} INFO - DAG(s) dict_keys(['example_branch_labels']) retrieved from /home/airflow/.local/lib/python3.8/site-packages/airflow/example_dags/example_branch_labels.py
[2023-11-22T18:51:06.307+0000] {logging_mixin.py:151} INFO - [2023-11-22T18:51:06.307+0000] {dag.py:2941} INFO - Sync 1 DAGs
[2023-11-22T18:51:06.318+0000] {logging_mixin.py:151} INFO - [2023-11-22T18:51:06.317+0000] {dag.py:3722} INFO - Setting next_dagrun for example_branch_labels to 2023-11-21T00:00:00+00:00, run_after=2023-11-22T00:00:00+00:00
[2023-11-22T18:51:06.326+0000] {processor.py:179} INFO - Processing /home/airflow/.local/lib/python3.8/site-packages/airflow/example_dags/example_branch_labels.py took 0.038 seconds
[2023-11-22T18:51:37.005+0000] {processor.py:157} INFO - Started process (PID=1697) to work on /home/airflow/.local/lib/python3.8/site-packages/airflow/example_dags/example_branch_labels.py
[2023-11-22T18:51:37.005+0000] {processor.py:829} INFO - Processing file /home/airflow/.local/lib/python3.8/site-packages/airflow/example_dags/example_branch_labels.py for tasks to queue
[2023-11-22T18:51:37.006+0000] {logging_mixin.py:151} INFO - [2023-11-22T18:51:37.006+0000] {dagbag.py:536} INFO - Filling up the DagBag from /home/airflow/.local/lib/python3.8/site-packages/airflow/example_dags/example_branch_labels.py
[2023-11-22T18:51:37.010+0000] {processor.py:839} INFO - DAG(s) dict_keys(['example_branch_labels']) retrieved from /home/airflow/.local/lib/python3.8/site-packages/airflow/example_dags/example_branch_labels.py
[2023-11-22T18:51:37.021+0000] {logging_mixin.py:151} INFO - [2023-11-22T18:51:37.021+0000] {dag.py:2941} INFO - Sync 1 DAGs
[2023-11-22T18:51:37.031+0000] {logging_mixin.py:151} INFO - [2023-11-22T18:51:37.031+0000] {dag.py:3722} INFO - Setting next_dagrun for example_branch_labels to 2023-11-21T00:00:00+00:00, run_after=2023-11-22T00:00:00+00:00
[2023-11-22T18:51:37.038+0000] {processor.py:179} INFO - Processing /home/airflow/.local/lib/python3.8/site-packages/airflow/example_dags/example_branch_labels.py took 0.035 seconds
[2023-11-22T18:52:07.645+0000] {processor.py:157} INFO - Started process (PID=1754) to work on /home/airflow/.local/lib/python3.8/site-packages/airflow/example_dags/example_branch_labels.py
[2023-11-22T18:52:07.646+0000] {processor.py:829} INFO - Processing file /home/airflow/.local/lib/python3.8/site-packages/airflow/example_dags/example_branch_labels.py for tasks to queue
[2023-11-22T18:52:07.647+0000] {logging_mixin.py:151} INFO - [2023-11-22T18:52:07.647+0000] {dagbag.py:536} INFO - Filling up the DagBag from /home/airflow/.local/lib/python3.8/site-packages/airflow/example_dags/example_branch_labels.py
[2023-11-22T18:52:07.651+0000] {processor.py:839} INFO - DAG(s) dict_keys(['example_branch_labels']) retrieved from /home/airflow/.local/lib/python3.8/site-packages/airflow/example_dags/example_branch_labels.py
[2023-11-22T18:52:07.662+0000] {logging_mixin.py:151} INFO - [2023-11-22T18:52:07.662+0000] {dag.py:2941} INFO - Sync 1 DAGs
[2023-11-22T18:52:07.672+0000] {logging_mixin.py:151} INFO - [2023-11-22T18:52:07.672+0000] {dag.py:3722} INFO - Setting next_dagrun for example_branch_labels to 2023-11-21T00:00:00+00:00, run_after=2023-11-22T00:00:00+00:00
[2023-11-22T18:52:07.680+0000] {processor.py:179} INFO - Processing /home/airflow/.local/lib/python3.8/site-packages/airflow/example_dags/example_branch_labels.py took 0.036 seconds
[2023-11-22T18:52:38.334+0000] {processor.py:157} INFO - Started process (PID=1811) to work on /home/airflow/.local/lib/python3.8/site-packages/airflow/example_dags/example_branch_labels.py
[2023-11-22T18:52:38.335+0000] {processor.py:829} INFO - Processing file /home/airflow/.local/lib/python3.8/site-packages/airflow/example_dags/example_branch_labels.py for tasks to queue
[2023-11-22T18:52:38.336+0000] {logging_mixin.py:151} INFO - [2023-11-22T18:52:38.336+0000] {dagbag.py:536} INFO - Filling up the DagBag from /home/airflow/.local/lib/python3.8/site-packages/airflow/example_dags/example_branch_labels.py
[2023-11-22T18:52:38.340+0000] {processor.py:839} INFO - DAG(s) dict_keys(['example_branch_labels']) retrieved from /home/airflow/.local/lib/python3.8/site-packages/airflow/example_dags/example_branch_labels.py
[2023-11-22T18:52:38.351+0000] {logging_mixin.py:151} INFO - [2023-11-22T18:52:38.351+0000] {dag.py:2941} INFO - Sync 1 DAGs
[2023-11-22T18:52:38.362+0000] {logging_mixin.py:151} INFO - [2023-11-22T18:52:38.362+0000] {dag.py:3722} INFO - Setting next_dagrun for example_branch_labels to 2023-11-21T00:00:00+00:00, run_after=2023-11-22T00:00:00+00:00
[2023-11-22T18:52:38.369+0000] {processor.py:179} INFO - Processing /home/airflow/.local/lib/python3.8/site-packages/airflow/example_dags/example_branch_labels.py took 0.037 seconds
[2023-11-22T18:53:08.885+0000] {processor.py:157} INFO - Started process (PID=1867) to work on /home/airflow/.local/lib/python3.8/site-packages/airflow/example_dags/example_branch_labels.py
[2023-11-22T18:53:08.886+0000] {processor.py:829} INFO - Processing file /home/airflow/.local/lib/python3.8/site-packages/airflow/example_dags/example_branch_labels.py for tasks to queue
[2023-11-22T18:53:08.887+0000] {logging_mixin.py:151} INFO - [2023-11-22T18:53:08.887+0000] {dagbag.py:536} INFO - Filling up the DagBag from /home/airflow/.local/lib/python3.8/site-packages/airflow/example_dags/example_branch_labels.py
[2023-11-22T18:53:08.891+0000] {processor.py:839} INFO - DAG(s) dict_keys(['example_branch_labels']) retrieved from /home/airflow/.local/lib/python3.8/site-packages/airflow/example_dags/example_branch_labels.py
[2023-11-22T18:53:08.901+0000] {logging_mixin.py:151} INFO - [2023-11-22T18:53:08.901+0000] {dag.py:2941} INFO - Sync 1 DAGs
[2023-11-22T18:53:08.911+0000] {logging_mixin.py:151} INFO - [2023-11-22T18:53:08.911+0000] {dag.py:3722} INFO - Setting next_dagrun for example_branch_labels to 2023-11-21T00:00:00+00:00, run_after=2023-11-22T00:00:00+00:00
[2023-11-22T18:53:08.919+0000] {processor.py:179} INFO - Processing /home/airflow/.local/lib/python3.8/site-packages/airflow/example_dags/example_branch_labels.py took 0.035 seconds
[2023-11-22T18:53:39.429+0000] {processor.py:157} INFO - Started process (PID=1923) to work on /home/airflow/.local/lib/python3.8/site-packages/airflow/example_dags/example_branch_labels.py
[2023-11-22T18:53:39.429+0000] {processor.py:829} INFO - Processing file /home/airflow/.local/lib/python3.8/site-packages/airflow/example_dags/example_branch_labels.py for tasks to queue
[2023-11-22T18:53:39.434+0000] {logging_mixin.py:151} INFO - [2023-11-22T18:53:39.434+0000] {dagbag.py:536} INFO - Filling up the DagBag from /home/airflow/.local/lib/python3.8/site-packages/airflow/example_dags/example_branch_labels.py
[2023-11-22T18:53:39.439+0000] {processor.py:839} INFO - DAG(s) dict_keys(['example_branch_labels']) retrieved from /home/airflow/.local/lib/python3.8/site-packages/airflow/example_dags/example_branch_labels.py
[2023-11-22T18:53:39.450+0000] {logging_mixin.py:151} INFO - [2023-11-22T18:53:39.450+0000] {dag.py:2941} INFO - Sync 1 DAGs
[2023-11-22T18:53:39.462+0000] {logging_mixin.py:151} INFO - [2023-11-22T18:53:39.462+0000] {dag.py:3722} INFO - Setting next_dagrun for example_branch_labels to 2023-11-21T00:00:00+00:00, run_after=2023-11-22T00:00:00+00:00
[2023-11-22T18:53:39.470+0000] {processor.py:179} INFO - Processing /home/airflow/.local/lib/python3.8/site-packages/airflow/example_dags/example_branch_labels.py took 0.043 seconds
[2023-11-22T18:54:10.146+0000] {processor.py:157} INFO - Started process (PID=1980) to work on /home/airflow/.local/lib/python3.8/site-packages/airflow/example_dags/example_branch_labels.py
[2023-11-22T18:54:10.147+0000] {processor.py:829} INFO - Processing file /home/airflow/.local/lib/python3.8/site-packages/airflow/example_dags/example_branch_labels.py for tasks to queue
[2023-11-22T18:54:10.148+0000] {logging_mixin.py:151} INFO - [2023-11-22T18:54:10.148+0000] {dagbag.py:536} INFO - Filling up the DagBag from /home/airflow/.local/lib/python3.8/site-packages/airflow/example_dags/example_branch_labels.py
[2023-11-22T18:54:10.153+0000] {processor.py:839} INFO - DAG(s) dict_keys(['example_branch_labels']) retrieved from /home/airflow/.local/lib/python3.8/site-packages/airflow/example_dags/example_branch_labels.py
[2023-11-22T18:54:10.164+0000] {logging_mixin.py:151} INFO - [2023-11-22T18:54:10.164+0000] {dag.py:2941} INFO - Sync 1 DAGs
[2023-11-22T18:54:10.174+0000] {logging_mixin.py:151} INFO - [2023-11-22T18:54:10.174+0000] {dag.py:3722} INFO - Setting next_dagrun for example_branch_labels to 2023-11-21T00:00:00+00:00, run_after=2023-11-22T00:00:00+00:00
[2023-11-22T18:54:10.182+0000] {processor.py:179} INFO - Processing /home/airflow/.local/lib/python3.8/site-packages/airflow/example_dags/example_branch_labels.py took 0.037 seconds
[2023-11-22T18:54:40.964+0000] {processor.py:157} INFO - Started process (PID=2037) to work on /home/airflow/.local/lib/python3.8/site-packages/airflow/example_dags/example_branch_labels.py
[2023-11-22T18:54:40.966+0000] {processor.py:829} INFO - Processing file /home/airflow/.local/lib/python3.8/site-packages/airflow/example_dags/example_branch_labels.py for tasks to queue
[2023-11-22T18:54:40.968+0000] {logging_mixin.py:151} INFO - [2023-11-22T18:54:40.967+0000] {dagbag.py:536} INFO - Filling up the DagBag from /home/airflow/.local/lib/python3.8/site-packages/airflow/example_dags/example_branch_labels.py
[2023-11-22T18:54:40.972+0000] {processor.py:839} INFO - DAG(s) dict_keys(['example_branch_labels']) retrieved from /home/airflow/.local/lib/python3.8/site-packages/airflow/example_dags/example_branch_labels.py
[2023-11-22T18:54:40.983+0000] {logging_mixin.py:151} INFO - [2023-11-22T18:54:40.983+0000] {dag.py:2941} INFO - Sync 1 DAGs
[2023-11-22T18:54:40.993+0000] {logging_mixin.py:151} INFO - [2023-11-22T18:54:40.993+0000] {dag.py:3722} INFO - Setting next_dagrun for example_branch_labels to 2023-11-21T00:00:00+00:00, run_after=2023-11-22T00:00:00+00:00
[2023-11-22T18:54:41.001+0000] {processor.py:179} INFO - Processing /home/airflow/.local/lib/python3.8/site-packages/airflow/example_dags/example_branch_labels.py took 0.039 seconds
[2023-11-22T18:55:11.675+0000] {processor.py:157} INFO - Started process (PID=2094) to work on /home/airflow/.local/lib/python3.8/site-packages/airflow/example_dags/example_branch_labels.py
[2023-11-22T18:55:11.675+0000] {processor.py:829} INFO - Processing file /home/airflow/.local/lib/python3.8/site-packages/airflow/example_dags/example_branch_labels.py for tasks to queue
[2023-11-22T18:55:11.677+0000] {logging_mixin.py:151} INFO - [2023-11-22T18:55:11.676+0000] {dagbag.py:536} INFO - Filling up the DagBag from /home/airflow/.local/lib/python3.8/site-packages/airflow/example_dags/example_branch_labels.py
[2023-11-22T18:55:11.681+0000] {processor.py:839} INFO - DAG(s) dict_keys(['example_branch_labels']) retrieved from /home/airflow/.local/lib/python3.8/site-packages/airflow/example_dags/example_branch_labels.py
[2023-11-22T18:55:11.692+0000] {logging_mixin.py:151} INFO - [2023-11-22T18:55:11.692+0000] {dag.py:2941} INFO - Sync 1 DAGs
[2023-11-22T18:55:11.702+0000] {logging_mixin.py:151} INFO - [2023-11-22T18:55:11.702+0000] {dag.py:3722} INFO - Setting next_dagrun for example_branch_labels to 2023-11-21T00:00:00+00:00, run_after=2023-11-22T00:00:00+00:00
[2023-11-22T18:55:11.711+0000] {processor.py:179} INFO - Processing /home/airflow/.local/lib/python3.8/site-packages/airflow/example_dags/example_branch_labels.py took 0.038 seconds
[2023-11-22T18:55:42.471+0000] {processor.py:157} INFO - Started process (PID=2158) to work on /home/airflow/.local/lib/python3.8/site-packages/airflow/example_dags/example_branch_labels.py
[2023-11-22T18:55:42.472+0000] {processor.py:829} INFO - Processing file /home/airflow/.local/lib/python3.8/site-packages/airflow/example_dags/example_branch_labels.py for tasks to queue
[2023-11-22T18:55:42.473+0000] {logging_mixin.py:151} INFO - [2023-11-22T18:55:42.473+0000] {dagbag.py:536} INFO - Filling up the DagBag from /home/airflow/.local/lib/python3.8/site-packages/airflow/example_dags/example_branch_labels.py
[2023-11-22T18:55:42.477+0000] {processor.py:839} INFO - DAG(s) dict_keys(['example_branch_labels']) retrieved from /home/airflow/.local/lib/python3.8/site-packages/airflow/example_dags/example_branch_labels.py
[2023-11-22T18:55:42.488+0000] {logging_mixin.py:151} INFO - [2023-11-22T18:55:42.488+0000] {dag.py:2941} INFO - Sync 1 DAGs
[2023-11-22T18:55:42.499+0000] {logging_mixin.py:151} INFO - [2023-11-22T18:55:42.499+0000] {dag.py:3722} INFO - Setting next_dagrun for example_branch_labels to 2023-11-21T00:00:00+00:00, run_after=2023-11-22T00:00:00+00:00
[2023-11-22T18:55:42.551+0000] {processor.py:179} INFO - Processing /home/airflow/.local/lib/python3.8/site-packages/airflow/example_dags/example_branch_labels.py took 0.082 seconds
[2023-11-22T18:56:13.304+0000] {processor.py:157} INFO - Started process (PID=2215) to work on /home/airflow/.local/lib/python3.8/site-packages/airflow/example_dags/example_branch_labels.py
[2023-11-22T18:56:13.305+0000] {processor.py:829} INFO - Processing file /home/airflow/.local/lib/python3.8/site-packages/airflow/example_dags/example_branch_labels.py for tasks to queue
[2023-11-22T18:56:13.306+0000] {logging_mixin.py:151} INFO - [2023-11-22T18:56:13.306+0000] {dagbag.py:536} INFO - Filling up the DagBag from /home/airflow/.local/lib/python3.8/site-packages/airflow/example_dags/example_branch_labels.py
[2023-11-22T18:56:13.310+0000] {processor.py:839} INFO - DAG(s) dict_keys(['example_branch_labels']) retrieved from /home/airflow/.local/lib/python3.8/site-packages/airflow/example_dags/example_branch_labels.py
[2023-11-22T18:56:13.320+0000] {logging_mixin.py:151} INFO - [2023-11-22T18:56:13.320+0000] {dag.py:2941} INFO - Sync 1 DAGs
[2023-11-22T18:56:13.330+0000] {logging_mixin.py:151} INFO - [2023-11-22T18:56:13.330+0000] {dag.py:3722} INFO - Setting next_dagrun for example_branch_labels to 2023-11-21T00:00:00+00:00, run_after=2023-11-22T00:00:00+00:00
[2023-11-22T18:56:13.338+0000] {processor.py:179} INFO - Processing /home/airflow/.local/lib/python3.8/site-packages/airflow/example_dags/example_branch_labels.py took 0.035 seconds
[2023-11-22T18:56:44.065+0000] {processor.py:157} INFO - Started process (PID=2272) to work on /home/airflow/.local/lib/python3.8/site-packages/airflow/example_dags/example_branch_labels.py
[2023-11-22T18:56:44.066+0000] {processor.py:829} INFO - Processing file /home/airflow/.local/lib/python3.8/site-packages/airflow/example_dags/example_branch_labels.py for tasks to queue
[2023-11-22T18:56:44.067+0000] {logging_mixin.py:151} INFO - [2023-11-22T18:56:44.067+0000] {dagbag.py:536} INFO - Filling up the DagBag from /home/airflow/.local/lib/python3.8/site-packages/airflow/example_dags/example_branch_labels.py
[2023-11-22T18:56:44.071+0000] {processor.py:839} INFO - DAG(s) dict_keys(['example_branch_labels']) retrieved from /home/airflow/.local/lib/python3.8/site-packages/airflow/example_dags/example_branch_labels.py
[2023-11-22T18:56:44.081+0000] {logging_mixin.py:151} INFO - [2023-11-22T18:56:44.081+0000] {dag.py:2941} INFO - Sync 1 DAGs
[2023-11-22T18:56:44.090+0000] {logging_mixin.py:151} INFO - [2023-11-22T18:56:44.090+0000] {dag.py:3722} INFO - Setting next_dagrun for example_branch_labels to 2023-11-21T00:00:00+00:00, run_after=2023-11-22T00:00:00+00:00
[2023-11-22T18:56:44.097+0000] {processor.py:179} INFO - Processing /home/airflow/.local/lib/python3.8/site-packages/airflow/example_dags/example_branch_labels.py took 0.033 seconds
[2023-11-22T18:57:14.815+0000] {processor.py:157} INFO - Started process (PID=2329) to work on /home/airflow/.local/lib/python3.8/site-packages/airflow/example_dags/example_branch_labels.py
[2023-11-22T18:57:14.816+0000] {processor.py:829} INFO - Processing file /home/airflow/.local/lib/python3.8/site-packages/airflow/example_dags/example_branch_labels.py for tasks to queue
[2023-11-22T18:57:14.817+0000] {logging_mixin.py:151} INFO - [2023-11-22T18:57:14.817+0000] {dagbag.py:536} INFO - Filling up the DagBag from /home/airflow/.local/lib/python3.8/site-packages/airflow/example_dags/example_branch_labels.py
[2023-11-22T18:57:14.821+0000] {processor.py:839} INFO - DAG(s) dict_keys(['example_branch_labels']) retrieved from /home/airflow/.local/lib/python3.8/site-packages/airflow/example_dags/example_branch_labels.py
[2023-11-22T18:57:14.831+0000] {logging_mixin.py:151} INFO - [2023-11-22T18:57:14.831+0000] {dag.py:2941} INFO - Sync 1 DAGs
[2023-11-22T18:57:14.841+0000] {logging_mixin.py:151} INFO - [2023-11-22T18:57:14.841+0000] {dag.py:3722} INFO - Setting next_dagrun for example_branch_labels to 2023-11-21T00:00:00+00:00, run_after=2023-11-22T00:00:00+00:00
[2023-11-22T18:57:14.848+0000] {processor.py:179} INFO - Processing /home/airflow/.local/lib/python3.8/site-packages/airflow/example_dags/example_branch_labels.py took 0.034 seconds
[2023-11-22T18:57:45.549+0000] {processor.py:157} INFO - Started process (PID=2386) to work on /home/airflow/.local/lib/python3.8/site-packages/airflow/example_dags/example_branch_labels.py
[2023-11-22T18:57:45.549+0000] {processor.py:829} INFO - Processing file /home/airflow/.local/lib/python3.8/site-packages/airflow/example_dags/example_branch_labels.py for tasks to queue
[2023-11-22T18:57:45.550+0000] {logging_mixin.py:151} INFO - [2023-11-22T18:57:45.550+0000] {dagbag.py:536} INFO - Filling up the DagBag from /home/airflow/.local/lib/python3.8/site-packages/airflow/example_dags/example_branch_labels.py
[2023-11-22T18:57:45.554+0000] {processor.py:839} INFO - DAG(s) dict_keys(['example_branch_labels']) retrieved from /home/airflow/.local/lib/python3.8/site-packages/airflow/example_dags/example_branch_labels.py
[2023-11-22T18:57:45.565+0000] {logging_mixin.py:151} INFO - [2023-11-22T18:57:45.565+0000] {dag.py:2941} INFO - Sync 1 DAGs
[2023-11-22T18:57:45.575+0000] {logging_mixin.py:151} INFO - [2023-11-22T18:57:45.574+0000] {dag.py:3722} INFO - Setting next_dagrun for example_branch_labels to 2023-11-21T00:00:00+00:00, run_after=2023-11-22T00:00:00+00:00
[2023-11-22T18:57:45.581+0000] {processor.py:179} INFO - Processing /home/airflow/.local/lib/python3.8/site-packages/airflow/example_dags/example_branch_labels.py took 0.035 seconds
[2023-11-22T18:58:16.121+0000] {processor.py:157} INFO - Started process (PID=2443) to work on /home/airflow/.local/lib/python3.8/site-packages/airflow/example_dags/example_branch_labels.py
[2023-11-22T18:58:16.121+0000] {processor.py:829} INFO - Processing file /home/airflow/.local/lib/python3.8/site-packages/airflow/example_dags/example_branch_labels.py for tasks to queue
[2023-11-22T18:58:16.123+0000] {logging_mixin.py:151} INFO - [2023-11-22T18:58:16.122+0000] {dagbag.py:536} INFO - Filling up the DagBag from /home/airflow/.local/lib/python3.8/site-packages/airflow/example_dags/example_branch_labels.py
[2023-11-22T18:58:16.127+0000] {processor.py:839} INFO - DAG(s) dict_keys(['example_branch_labels']) retrieved from /home/airflow/.local/lib/python3.8/site-packages/airflow/example_dags/example_branch_labels.py
[2023-11-22T18:58:16.137+0000] {logging_mixin.py:151} INFO - [2023-11-22T18:58:16.137+0000] {dag.py:2941} INFO - Sync 1 DAGs
[2023-11-22T18:58:16.147+0000] {logging_mixin.py:151} INFO - [2023-11-22T18:58:16.147+0000] {dag.py:3722} INFO - Setting next_dagrun for example_branch_labels to 2023-11-21T00:00:00+00:00, run_after=2023-11-22T00:00:00+00:00
[2023-11-22T18:58:16.154+0000] {processor.py:179} INFO - Processing /home/airflow/.local/lib/python3.8/site-packages/airflow/example_dags/example_branch_labels.py took 0.035 seconds
[2023-11-22T18:58:46.769+0000] {processor.py:157} INFO - Started process (PID=2500) to work on /home/airflow/.local/lib/python3.8/site-packages/airflow/example_dags/example_branch_labels.py
[2023-11-22T18:58:46.770+0000] {processor.py:829} INFO - Processing file /home/airflow/.local/lib/python3.8/site-packages/airflow/example_dags/example_branch_labels.py for tasks to queue
[2023-11-22T18:58:46.771+0000] {logging_mixin.py:151} INFO - [2023-11-22T18:58:46.770+0000] {dagbag.py:536} INFO - Filling up the DagBag from /home/airflow/.local/lib/python3.8/site-packages/airflow/example_dags/example_branch_labels.py
[2023-11-22T18:58:46.775+0000] {processor.py:839} INFO - DAG(s) dict_keys(['example_branch_labels']) retrieved from /home/airflow/.local/lib/python3.8/site-packages/airflow/example_dags/example_branch_labels.py
[2023-11-22T18:58:46.785+0000] {logging_mixin.py:151} INFO - [2023-11-22T18:58:46.785+0000] {dag.py:2941} INFO - Sync 1 DAGs
[2023-11-22T18:58:46.796+0000] {logging_mixin.py:151} INFO - [2023-11-22T18:58:46.795+0000] {dag.py:3722} INFO - Setting next_dagrun for example_branch_labels to 2023-11-21T00:00:00+00:00, run_after=2023-11-22T00:00:00+00:00
[2023-11-22T18:58:46.803+0000] {processor.py:179} INFO - Processing /home/airflow/.local/lib/python3.8/site-packages/airflow/example_dags/example_branch_labels.py took 0.035 seconds
[2023-11-22T18:59:17.381+0000] {processor.py:157} INFO - Started process (PID=2557) to work on /home/airflow/.local/lib/python3.8/site-packages/airflow/example_dags/example_branch_labels.py
[2023-11-22T18:59:17.382+0000] {processor.py:829} INFO - Processing file /home/airflow/.local/lib/python3.8/site-packages/airflow/example_dags/example_branch_labels.py for tasks to queue
[2023-11-22T18:59:17.383+0000] {logging_mixin.py:151} INFO - [2023-11-22T18:59:17.383+0000] {dagbag.py:536} INFO - Filling up the DagBag from /home/airflow/.local/lib/python3.8/site-packages/airflow/example_dags/example_branch_labels.py
[2023-11-22T18:59:17.387+0000] {processor.py:839} INFO - DAG(s) dict_keys(['example_branch_labels']) retrieved from /home/airflow/.local/lib/python3.8/site-packages/airflow/example_dags/example_branch_labels.py
[2023-11-22T18:59:17.397+0000] {logging_mixin.py:151} INFO - [2023-11-22T18:59:17.397+0000] {dag.py:2941} INFO - Sync 1 DAGs
[2023-11-22T18:59:17.408+0000] {logging_mixin.py:151} INFO - [2023-11-22T18:59:17.408+0000] {dag.py:3722} INFO - Setting next_dagrun for example_branch_labels to 2023-11-21T00:00:00+00:00, run_after=2023-11-22T00:00:00+00:00
[2023-11-22T18:59:17.415+0000] {processor.py:179} INFO - Processing /home/airflow/.local/lib/python3.8/site-packages/airflow/example_dags/example_branch_labels.py took 0.035 seconds
[2023-11-22T18:59:48.095+0000] {processor.py:157} INFO - Started process (PID=2614) to work on /home/airflow/.local/lib/python3.8/site-packages/airflow/example_dags/example_branch_labels.py
[2023-11-22T18:59:48.095+0000] {processor.py:829} INFO - Processing file /home/airflow/.local/lib/python3.8/site-packages/airflow/example_dags/example_branch_labels.py for tasks to queue
[2023-11-22T18:59:48.096+0000] {logging_mixin.py:151} INFO - [2023-11-22T18:59:48.096+0000] {dagbag.py:536} INFO - Filling up the DagBag from /home/airflow/.local/lib/python3.8/site-packages/airflow/example_dags/example_branch_labels.py
[2023-11-22T18:59:48.101+0000] {processor.py:839} INFO - DAG(s) dict_keys(['example_branch_labels']) retrieved from /home/airflow/.local/lib/python3.8/site-packages/airflow/example_dags/example_branch_labels.py
[2023-11-22T18:59:48.111+0000] {logging_mixin.py:151} INFO - [2023-11-22T18:59:48.111+0000] {dag.py:2941} INFO - Sync 1 DAGs
[2023-11-22T18:59:48.121+0000] {logging_mixin.py:151} INFO - [2023-11-22T18:59:48.121+0000] {dag.py:3722} INFO - Setting next_dagrun for example_branch_labels to 2023-11-21T00:00:00+00:00, run_after=2023-11-22T00:00:00+00:00
[2023-11-22T18:59:48.129+0000] {processor.py:179} INFO - Processing /home/airflow/.local/lib/python3.8/site-packages/airflow/example_dags/example_branch_labels.py took 0.036 seconds
[2023-11-22T19:00:18.864+0000] {processor.py:157} INFO - Started process (PID=2671) to work on /home/airflow/.local/lib/python3.8/site-packages/airflow/example_dags/example_branch_labels.py
[2023-11-22T19:00:18.865+0000] {processor.py:829} INFO - Processing file /home/airflow/.local/lib/python3.8/site-packages/airflow/example_dags/example_branch_labels.py for tasks to queue
[2023-11-22T19:00:18.866+0000] {logging_mixin.py:151} INFO - [2023-11-22T19:00:18.866+0000] {dagbag.py:536} INFO - Filling up the DagBag from /home/airflow/.local/lib/python3.8/site-packages/airflow/example_dags/example_branch_labels.py
[2023-11-22T19:00:18.870+0000] {processor.py:839} INFO - DAG(s) dict_keys(['example_branch_labels']) retrieved from /home/airflow/.local/lib/python3.8/site-packages/airflow/example_dags/example_branch_labels.py
[2023-11-22T19:00:18.880+0000] {logging_mixin.py:151} INFO - [2023-11-22T19:00:18.880+0000] {dag.py:2941} INFO - Sync 1 DAGs
[2023-11-22T19:00:18.889+0000] {logging_mixin.py:151} INFO - [2023-11-22T19:00:18.889+0000] {dag.py:3722} INFO - Setting next_dagrun for example_branch_labels to 2023-11-21T00:00:00+00:00, run_after=2023-11-22T00:00:00+00:00
[2023-11-22T19:00:18.896+0000] {processor.py:179} INFO - Processing /home/airflow/.local/lib/python3.8/site-packages/airflow/example_dags/example_branch_labels.py took 0.033 seconds
[2023-11-22T19:00:49.412+0000] {processor.py:157} INFO - Started process (PID=2728) to work on /home/airflow/.local/lib/python3.8/site-packages/airflow/example_dags/example_branch_labels.py
[2023-11-22T19:00:49.412+0000] {processor.py:829} INFO - Processing file /home/airflow/.local/lib/python3.8/site-packages/airflow/example_dags/example_branch_labels.py for tasks to queue
[2023-11-22T19:00:49.414+0000] {logging_mixin.py:151} INFO - [2023-11-22T19:00:49.413+0000] {dagbag.py:536} INFO - Filling up the DagBag from /home/airflow/.local/lib/python3.8/site-packages/airflow/example_dags/example_branch_labels.py
[2023-11-22T19:00:49.418+0000] {processor.py:839} INFO - DAG(s) dict_keys(['example_branch_labels']) retrieved from /home/airflow/.local/lib/python3.8/site-packages/airflow/example_dags/example_branch_labels.py
[2023-11-22T19:00:49.431+0000] {logging_mixin.py:151} INFO - [2023-11-22T19:00:49.431+0000] {dag.py:2941} INFO - Sync 1 DAGs
[2023-11-22T19:00:49.442+0000] {logging_mixin.py:151} INFO - [2023-11-22T19:00:49.442+0000] {dag.py:3722} INFO - Setting next_dagrun for example_branch_labels to 2023-11-21T00:00:00+00:00, run_after=2023-11-22T00:00:00+00:00
[2023-11-22T19:00:49.451+0000] {processor.py:179} INFO - Processing /home/airflow/.local/lib/python3.8/site-packages/airflow/example_dags/example_branch_labels.py took 0.041 seconds
[2023-11-22T19:01:20.115+0000] {processor.py:157} INFO - Started process (PID=2785) to work on /home/airflow/.local/lib/python3.8/site-packages/airflow/example_dags/example_branch_labels.py
[2023-11-22T19:01:20.115+0000] {processor.py:829} INFO - Processing file /home/airflow/.local/lib/python3.8/site-packages/airflow/example_dags/example_branch_labels.py for tasks to queue
[2023-11-22T19:01:20.116+0000] {logging_mixin.py:151} INFO - [2023-11-22T19:01:20.116+0000] {dagbag.py:536} INFO - Filling up the DagBag from /home/airflow/.local/lib/python3.8/site-packages/airflow/example_dags/example_branch_labels.py
[2023-11-22T19:01:20.121+0000] {processor.py:839} INFO - DAG(s) dict_keys(['example_branch_labels']) retrieved from /home/airflow/.local/lib/python3.8/site-packages/airflow/example_dags/example_branch_labels.py
[2023-11-22T19:01:20.131+0000] {logging_mixin.py:151} INFO - [2023-11-22T19:01:20.131+0000] {dag.py:2941} INFO - Sync 1 DAGs
[2023-11-22T19:01:20.141+0000] {logging_mixin.py:151} INFO - [2023-11-22T19:01:20.141+0000] {dag.py:3722} INFO - Setting next_dagrun for example_branch_labels to 2023-11-21T00:00:00+00:00, run_after=2023-11-22T00:00:00+00:00
[2023-11-22T19:01:20.148+0000] {processor.py:179} INFO - Processing /home/airflow/.local/lib/python3.8/site-packages/airflow/example_dags/example_branch_labels.py took 0.035 seconds
[2023-11-22T19:01:50.633+0000] {processor.py:157} INFO - Started process (PID=2843) to work on /home/airflow/.local/lib/python3.8/site-packages/airflow/example_dags/example_branch_labels.py
[2023-11-22T19:01:50.634+0000] {processor.py:829} INFO - Processing file /home/airflow/.local/lib/python3.8/site-packages/airflow/example_dags/example_branch_labels.py for tasks to queue
[2023-11-22T19:01:50.635+0000] {logging_mixin.py:151} INFO - [2023-11-22T19:01:50.635+0000] {dagbag.py:536} INFO - Filling up the DagBag from /home/airflow/.local/lib/python3.8/site-packages/airflow/example_dags/example_branch_labels.py
[2023-11-22T19:01:50.639+0000] {processor.py:839} INFO - DAG(s) dict_keys(['example_branch_labels']) retrieved from /home/airflow/.local/lib/python3.8/site-packages/airflow/example_dags/example_branch_labels.py
[2023-11-22T19:01:50.651+0000] {logging_mixin.py:151} INFO - [2023-11-22T19:01:50.650+0000] {dag.py:2941} INFO - Sync 1 DAGs
[2023-11-22T19:01:50.662+0000] {logging_mixin.py:151} INFO - [2023-11-22T19:01:50.661+0000] {dag.py:3722} INFO - Setting next_dagrun for example_branch_labels to 2023-11-21T00:00:00+00:00, run_after=2023-11-22T00:00:00+00:00
[2023-11-22T19:01:50.669+0000] {processor.py:179} INFO - Processing /home/airflow/.local/lib/python3.8/site-packages/airflow/example_dags/example_branch_labels.py took 0.038 seconds
[2023-11-22T19:02:21.394+0000] {processor.py:157} INFO - Started process (PID=2900) to work on /home/airflow/.local/lib/python3.8/site-packages/airflow/example_dags/example_branch_labels.py
[2023-11-22T19:02:21.394+0000] {processor.py:829} INFO - Processing file /home/airflow/.local/lib/python3.8/site-packages/airflow/example_dags/example_branch_labels.py for tasks to queue
[2023-11-22T19:02:21.395+0000] {logging_mixin.py:151} INFO - [2023-11-22T19:02:21.395+0000] {dagbag.py:536} INFO - Filling up the DagBag from /home/airflow/.local/lib/python3.8/site-packages/airflow/example_dags/example_branch_labels.py
[2023-11-22T19:02:21.400+0000] {processor.py:839} INFO - DAG(s) dict_keys(['example_branch_labels']) retrieved from /home/airflow/.local/lib/python3.8/site-packages/airflow/example_dags/example_branch_labels.py
[2023-11-22T19:02:21.411+0000] {logging_mixin.py:151} INFO - [2023-11-22T19:02:21.411+0000] {dag.py:2941} INFO - Sync 1 DAGs
[2023-11-22T19:02:21.421+0000] {logging_mixin.py:151} INFO - [2023-11-22T19:02:21.421+0000] {dag.py:3722} INFO - Setting next_dagrun for example_branch_labels to 2023-11-21T00:00:00+00:00, run_after=2023-11-22T00:00:00+00:00
[2023-11-22T19:02:21.428+0000] {processor.py:179} INFO - Processing /home/airflow/.local/lib/python3.8/site-packages/airflow/example_dags/example_branch_labels.py took 0.036 seconds
[2023-11-22T19:02:52.063+0000] {processor.py:157} INFO - Started process (PID=2957) to work on /home/airflow/.local/lib/python3.8/site-packages/airflow/example_dags/example_branch_labels.py
[2023-11-22T19:02:52.064+0000] {processor.py:829} INFO - Processing file /home/airflow/.local/lib/python3.8/site-packages/airflow/example_dags/example_branch_labels.py for tasks to queue
[2023-11-22T19:02:52.065+0000] {logging_mixin.py:151} INFO - [2023-11-22T19:02:52.065+0000] {dagbag.py:536} INFO - Filling up the DagBag from /home/airflow/.local/lib/python3.8/site-packages/airflow/example_dags/example_branch_labels.py
[2023-11-22T19:02:52.069+0000] {processor.py:839} INFO - DAG(s) dict_keys(['example_branch_labels']) retrieved from /home/airflow/.local/lib/python3.8/site-packages/airflow/example_dags/example_branch_labels.py
[2023-11-22T19:02:52.080+0000] {logging_mixin.py:151} INFO - [2023-11-22T19:02:52.080+0000] {dag.py:2941} INFO - Sync 1 DAGs
[2023-11-22T19:02:52.090+0000] {logging_mixin.py:151} INFO - [2023-11-22T19:02:52.090+0000] {dag.py:3722} INFO - Setting next_dagrun for example_branch_labels to 2023-11-21T00:00:00+00:00, run_after=2023-11-22T00:00:00+00:00
[2023-11-22T19:02:52.098+0000] {processor.py:179} INFO - Processing /home/airflow/.local/lib/python3.8/site-packages/airflow/example_dags/example_branch_labels.py took 0.037 seconds
[2023-11-22T19:03:22.734+0000] {processor.py:157} INFO - Started process (PID=3013) to work on /home/airflow/.local/lib/python3.8/site-packages/airflow/example_dags/example_branch_labels.py
[2023-11-22T19:03:22.734+0000] {processor.py:829} INFO - Processing file /home/airflow/.local/lib/python3.8/site-packages/airflow/example_dags/example_branch_labels.py for tasks to queue
[2023-11-22T19:03:22.735+0000] {logging_mixin.py:151} INFO - [2023-11-22T19:03:22.735+0000] {dagbag.py:536} INFO - Filling up the DagBag from /home/airflow/.local/lib/python3.8/site-packages/airflow/example_dags/example_branch_labels.py
[2023-11-22T19:03:22.740+0000] {processor.py:839} INFO - DAG(s) dict_keys(['example_branch_labels']) retrieved from /home/airflow/.local/lib/python3.8/site-packages/airflow/example_dags/example_branch_labels.py
[2023-11-22T19:03:22.750+0000] {logging_mixin.py:151} INFO - [2023-11-22T19:03:22.750+0000] {dag.py:2941} INFO - Sync 1 DAGs
[2023-11-22T19:03:22.760+0000] {logging_mixin.py:151} INFO - [2023-11-22T19:03:22.760+0000] {dag.py:3722} INFO - Setting next_dagrun for example_branch_labels to 2023-11-21T00:00:00+00:00, run_after=2023-11-22T00:00:00+00:00
[2023-11-22T19:03:22.767+0000] {processor.py:179} INFO - Processing /home/airflow/.local/lib/python3.8/site-packages/airflow/example_dags/example_branch_labels.py took 0.035 seconds
[2023-11-22T19:03:53.408+0000] {processor.py:157} INFO - Started process (PID=3070) to work on /home/airflow/.local/lib/python3.8/site-packages/airflow/example_dags/example_branch_labels.py
[2023-11-22T19:03:53.408+0000] {processor.py:829} INFO - Processing file /home/airflow/.local/lib/python3.8/site-packages/airflow/example_dags/example_branch_labels.py for tasks to queue
[2023-11-22T19:03:53.410+0000] {logging_mixin.py:151} INFO - [2023-11-22T19:03:53.410+0000] {dagbag.py:536} INFO - Filling up the DagBag from /home/airflow/.local/lib/python3.8/site-packages/airflow/example_dags/example_branch_labels.py
[2023-11-22T19:03:53.414+0000] {processor.py:839} INFO - DAG(s) dict_keys(['example_branch_labels']) retrieved from /home/airflow/.local/lib/python3.8/site-packages/airflow/example_dags/example_branch_labels.py
[2023-11-22T19:03:53.425+0000] {logging_mixin.py:151} INFO - [2023-11-22T19:03:53.425+0000] {dag.py:2941} INFO - Sync 1 DAGs
[2023-11-22T19:03:53.436+0000] {logging_mixin.py:151} INFO - [2023-11-22T19:03:53.435+0000] {dag.py:3722} INFO - Setting next_dagrun for example_branch_labels to 2023-11-21T00:00:00+00:00, run_after=2023-11-22T00:00:00+00:00
[2023-11-22T19:03:53.443+0000] {processor.py:179} INFO - Processing /home/airflow/.local/lib/python3.8/site-packages/airflow/example_dags/example_branch_labels.py took 0.037 seconds
[2023-11-22T19:04:24.080+0000] {processor.py:157} INFO - Started process (PID=3127) to work on /home/airflow/.local/lib/python3.8/site-packages/airflow/example_dags/example_branch_labels.py
[2023-11-22T19:04:24.080+0000] {processor.py:829} INFO - Processing file /home/airflow/.local/lib/python3.8/site-packages/airflow/example_dags/example_branch_labels.py for tasks to queue
[2023-11-22T19:04:24.082+0000] {logging_mixin.py:151} INFO - [2023-11-22T19:04:24.081+0000] {dagbag.py:536} INFO - Filling up the DagBag from /home/airflow/.local/lib/python3.8/site-packages/airflow/example_dags/example_branch_labels.py
[2023-11-22T19:04:24.086+0000] {processor.py:839} INFO - DAG(s) dict_keys(['example_branch_labels']) retrieved from /home/airflow/.local/lib/python3.8/site-packages/airflow/example_dags/example_branch_labels.py
[2023-11-22T19:04:24.096+0000] {logging_mixin.py:151} INFO - [2023-11-22T19:04:24.096+0000] {dag.py:2941} INFO - Sync 1 DAGs
[2023-11-22T19:04:24.106+0000] {logging_mixin.py:151} INFO - [2023-11-22T19:04:24.105+0000] {dag.py:3722} INFO - Setting next_dagrun for example_branch_labels to 2023-11-21T00:00:00+00:00, run_after=2023-11-22T00:00:00+00:00
[2023-11-22T19:04:24.112+0000] {processor.py:179} INFO - Processing /home/airflow/.local/lib/python3.8/site-packages/airflow/example_dags/example_branch_labels.py took 0.034 seconds
[2023-11-22T19:04:54.699+0000] {processor.py:157} INFO - Started process (PID=3184) to work on /home/airflow/.local/lib/python3.8/site-packages/airflow/example_dags/example_branch_labels.py
[2023-11-22T19:04:54.699+0000] {processor.py:829} INFO - Processing file /home/airflow/.local/lib/python3.8/site-packages/airflow/example_dags/example_branch_labels.py for tasks to queue
[2023-11-22T19:04:54.700+0000] {logging_mixin.py:151} INFO - [2023-11-22T19:04:54.700+0000] {dagbag.py:536} INFO - Filling up the DagBag from /home/airflow/.local/lib/python3.8/site-packages/airflow/example_dags/example_branch_labels.py
[2023-11-22T19:04:54.704+0000] {processor.py:839} INFO - DAG(s) dict_keys(['example_branch_labels']) retrieved from /home/airflow/.local/lib/python3.8/site-packages/airflow/example_dags/example_branch_labels.py
[2023-11-22T19:04:54.714+0000] {logging_mixin.py:151} INFO - [2023-11-22T19:04:54.714+0000] {dag.py:2941} INFO - Sync 1 DAGs
[2023-11-22T19:04:54.724+0000] {logging_mixin.py:151} INFO - [2023-11-22T19:04:54.724+0000] {dag.py:3722} INFO - Setting next_dagrun for example_branch_labels to 2023-11-21T00:00:00+00:00, run_after=2023-11-22T00:00:00+00:00
[2023-11-22T19:04:54.731+0000] {processor.py:179} INFO - Processing /home/airflow/.local/lib/python3.8/site-packages/airflow/example_dags/example_branch_labels.py took 0.034 seconds
[2023-11-22T19:05:25.318+0000] {processor.py:157} INFO - Started process (PID=3242) to work on /home/airflow/.local/lib/python3.8/site-packages/airflow/example_dags/example_branch_labels.py
[2023-11-22T19:05:25.318+0000] {processor.py:829} INFO - Processing file /home/airflow/.local/lib/python3.8/site-packages/airflow/example_dags/example_branch_labels.py for tasks to queue
[2023-11-22T19:05:25.319+0000] {logging_mixin.py:151} INFO - [2023-11-22T19:05:25.319+0000] {dagbag.py:536} INFO - Filling up the DagBag from /home/airflow/.local/lib/python3.8/site-packages/airflow/example_dags/example_branch_labels.py
[2023-11-22T19:05:25.323+0000] {processor.py:839} INFO - DAG(s) dict_keys(['example_branch_labels']) retrieved from /home/airflow/.local/lib/python3.8/site-packages/airflow/example_dags/example_branch_labels.py
[2023-11-22T19:05:25.333+0000] {logging_mixin.py:151} INFO - [2023-11-22T19:05:25.333+0000] {dag.py:2941} INFO - Sync 1 DAGs
[2023-11-22T19:05:25.344+0000] {logging_mixin.py:151} INFO - [2023-11-22T19:05:25.344+0000] {dag.py:3722} INFO - Setting next_dagrun for example_branch_labels to 2023-11-21T00:00:00+00:00, run_after=2023-11-22T00:00:00+00:00
[2023-11-22T19:05:25.351+0000] {processor.py:179} INFO - Processing /home/airflow/.local/lib/python3.8/site-packages/airflow/example_dags/example_branch_labels.py took 0.035 seconds
[2023-11-22T19:05:55.955+0000] {processor.py:157} INFO - Started process (PID=3299) to work on /home/airflow/.local/lib/python3.8/site-packages/airflow/example_dags/example_branch_labels.py
[2023-11-22T19:05:55.956+0000] {processor.py:829} INFO - Processing file /home/airflow/.local/lib/python3.8/site-packages/airflow/example_dags/example_branch_labels.py for tasks to queue
[2023-11-22T19:05:55.957+0000] {logging_mixin.py:151} INFO - [2023-11-22T19:05:55.957+0000] {dagbag.py:536} INFO - Filling up the DagBag from /home/airflow/.local/lib/python3.8/site-packages/airflow/example_dags/example_branch_labels.py
[2023-11-22T19:05:55.962+0000] {processor.py:839} INFO - DAG(s) dict_keys(['example_branch_labels']) retrieved from /home/airflow/.local/lib/python3.8/site-packages/airflow/example_dags/example_branch_labels.py
[2023-11-22T19:05:55.973+0000] {logging_mixin.py:151} INFO - [2023-11-22T19:05:55.973+0000] {dag.py:2941} INFO - Sync 1 DAGs
[2023-11-22T19:05:55.984+0000] {logging_mixin.py:151} INFO - [2023-11-22T19:05:55.984+0000] {dag.py:3722} INFO - Setting next_dagrun for example_branch_labels to 2023-11-21T00:00:00+00:00, run_after=2023-11-22T00:00:00+00:00
[2023-11-22T19:05:55.992+0000] {processor.py:179} INFO - Processing /home/airflow/.local/lib/python3.8/site-packages/airflow/example_dags/example_branch_labels.py took 0.039 seconds
[2023-11-22T19:06:26.557+0000] {processor.py:157} INFO - Started process (PID=3356) to work on /home/airflow/.local/lib/python3.8/site-packages/airflow/example_dags/example_branch_labels.py
[2023-11-22T19:06:26.558+0000] {processor.py:829} INFO - Processing file /home/airflow/.local/lib/python3.8/site-packages/airflow/example_dags/example_branch_labels.py for tasks to queue
[2023-11-22T19:06:26.559+0000] {logging_mixin.py:151} INFO - [2023-11-22T19:06:26.559+0000] {dagbag.py:536} INFO - Filling up the DagBag from /home/airflow/.local/lib/python3.8/site-packages/airflow/example_dags/example_branch_labels.py
[2023-11-22T19:06:26.563+0000] {processor.py:839} INFO - DAG(s) dict_keys(['example_branch_labels']) retrieved from /home/airflow/.local/lib/python3.8/site-packages/airflow/example_dags/example_branch_labels.py
[2023-11-22T19:06:26.574+0000] {logging_mixin.py:151} INFO - [2023-11-22T19:06:26.574+0000] {dag.py:2941} INFO - Sync 1 DAGs
[2023-11-22T19:06:26.584+0000] {logging_mixin.py:151} INFO - [2023-11-22T19:06:26.584+0000] {dag.py:3722} INFO - Setting next_dagrun for example_branch_labels to 2023-11-21T00:00:00+00:00, run_after=2023-11-22T00:00:00+00:00
[2023-11-22T19:06:26.591+0000] {processor.py:179} INFO - Processing /home/airflow/.local/lib/python3.8/site-packages/airflow/example_dags/example_branch_labels.py took 0.036 seconds
[2023-11-22T19:06:57.091+0000] {processor.py:157} INFO - Started process (PID=3413) to work on /home/airflow/.local/lib/python3.8/site-packages/airflow/example_dags/example_branch_labels.py
[2023-11-22T19:06:57.091+0000] {processor.py:829} INFO - Processing file /home/airflow/.local/lib/python3.8/site-packages/airflow/example_dags/example_branch_labels.py for tasks to queue
[2023-11-22T19:06:57.093+0000] {logging_mixin.py:151} INFO - [2023-11-22T19:06:57.092+0000] {dagbag.py:536} INFO - Filling up the DagBag from /home/airflow/.local/lib/python3.8/site-packages/airflow/example_dags/example_branch_labels.py
[2023-11-22T19:06:57.098+0000] {processor.py:839} INFO - DAG(s) dict_keys(['example_branch_labels']) retrieved from /home/airflow/.local/lib/python3.8/site-packages/airflow/example_dags/example_branch_labels.py
[2023-11-22T19:06:57.111+0000] {logging_mixin.py:151} INFO - [2023-11-22T19:06:57.111+0000] {dag.py:2941} INFO - Sync 1 DAGs
[2023-11-22T19:06:57.122+0000] {logging_mixin.py:151} INFO - [2023-11-22T19:06:57.122+0000] {dag.py:3722} INFO - Setting next_dagrun for example_branch_labels to 2023-11-21T00:00:00+00:00, run_after=2023-11-22T00:00:00+00:00
[2023-11-22T19:06:57.130+0000] {processor.py:179} INFO - Processing /home/airflow/.local/lib/python3.8/site-packages/airflow/example_dags/example_branch_labels.py took 0.041 seconds
[2023-11-22T19:07:27.590+0000] {processor.py:157} INFO - Started process (PID=3470) to work on /home/airflow/.local/lib/python3.8/site-packages/airflow/example_dags/example_branch_labels.py
[2023-11-22T19:07:27.590+0000] {processor.py:829} INFO - Processing file /home/airflow/.local/lib/python3.8/site-packages/airflow/example_dags/example_branch_labels.py for tasks to queue
[2023-11-22T19:07:27.591+0000] {logging_mixin.py:151} INFO - [2023-11-22T19:07:27.591+0000] {dagbag.py:536} INFO - Filling up the DagBag from /home/airflow/.local/lib/python3.8/site-packages/airflow/example_dags/example_branch_labels.py
[2023-11-22T19:07:27.595+0000] {processor.py:839} INFO - DAG(s) dict_keys(['example_branch_labels']) retrieved from /home/airflow/.local/lib/python3.8/site-packages/airflow/example_dags/example_branch_labels.py
[2023-11-22T19:07:27.606+0000] {logging_mixin.py:151} INFO - [2023-11-22T19:07:27.606+0000] {dag.py:2941} INFO - Sync 1 DAGs
[2023-11-22T19:07:27.615+0000] {logging_mixin.py:151} INFO - [2023-11-22T19:07:27.615+0000] {dag.py:3722} INFO - Setting next_dagrun for example_branch_labels to 2023-11-21T00:00:00+00:00, run_after=2023-11-22T00:00:00+00:00
[2023-11-22T19:07:27.622+0000] {processor.py:179} INFO - Processing /home/airflow/.local/lib/python3.8/site-packages/airflow/example_dags/example_branch_labels.py took 0.034 seconds
[2023-11-22T19:07:58.187+0000] {processor.py:157} INFO - Started process (PID=3527) to work on /home/airflow/.local/lib/python3.8/site-packages/airflow/example_dags/example_branch_labels.py
[2023-11-22T19:07:58.187+0000] {processor.py:829} INFO - Processing file /home/airflow/.local/lib/python3.8/site-packages/airflow/example_dags/example_branch_labels.py for tasks to queue
[2023-11-22T19:07:58.189+0000] {logging_mixin.py:151} INFO - [2023-11-22T19:07:58.188+0000] {dagbag.py:536} INFO - Filling up the DagBag from /home/airflow/.local/lib/python3.8/site-packages/airflow/example_dags/example_branch_labels.py
[2023-11-22T19:07:58.193+0000] {processor.py:839} INFO - DAG(s) dict_keys(['example_branch_labels']) retrieved from /home/airflow/.local/lib/python3.8/site-packages/airflow/example_dags/example_branch_labels.py
[2023-11-22T19:07:58.204+0000] {logging_mixin.py:151} INFO - [2023-11-22T19:07:58.204+0000] {dag.py:2941} INFO - Sync 1 DAGs
[2023-11-22T19:07:58.214+0000] {logging_mixin.py:151} INFO - [2023-11-22T19:07:58.214+0000] {dag.py:3722} INFO - Setting next_dagrun for example_branch_labels to 2023-11-21T00:00:00+00:00, run_after=2023-11-22T00:00:00+00:00
[2023-11-22T19:07:58.221+0000] {processor.py:179} INFO - Processing /home/airflow/.local/lib/python3.8/site-packages/airflow/example_dags/example_branch_labels.py took 0.036 seconds
[2023-11-22T19:08:28.758+0000] {processor.py:157} INFO - Started process (PID=3584) to work on /home/airflow/.local/lib/python3.8/site-packages/airflow/example_dags/example_branch_labels.py
[2023-11-22T19:08:28.759+0000] {processor.py:829} INFO - Processing file /home/airflow/.local/lib/python3.8/site-packages/airflow/example_dags/example_branch_labels.py for tasks to queue
[2023-11-22T19:08:28.760+0000] {logging_mixin.py:151} INFO - [2023-11-22T19:08:28.760+0000] {dagbag.py:536} INFO - Filling up the DagBag from /home/airflow/.local/lib/python3.8/site-packages/airflow/example_dags/example_branch_labels.py
[2023-11-22T19:08:28.765+0000] {processor.py:839} INFO - DAG(s) dict_keys(['example_branch_labels']) retrieved from /home/airflow/.local/lib/python3.8/site-packages/airflow/example_dags/example_branch_labels.py
[2023-11-22T19:08:28.776+0000] {logging_mixin.py:151} INFO - [2023-11-22T19:08:28.776+0000] {dag.py:2941} INFO - Sync 1 DAGs
[2023-11-22T19:08:28.786+0000] {logging_mixin.py:151} INFO - [2023-11-22T19:08:28.786+0000] {dag.py:3722} INFO - Setting next_dagrun for example_branch_labels to 2023-11-21T00:00:00+00:00, run_after=2023-11-22T00:00:00+00:00
[2023-11-22T19:08:28.793+0000] {processor.py:179} INFO - Processing /home/airflow/.local/lib/python3.8/site-packages/airflow/example_dags/example_branch_labels.py took 0.036 seconds
[2023-11-22T19:08:59.371+0000] {processor.py:157} INFO - Started process (PID=3641) to work on /home/airflow/.local/lib/python3.8/site-packages/airflow/example_dags/example_branch_labels.py
[2023-11-22T19:08:59.371+0000] {processor.py:829} INFO - Processing file /home/airflow/.local/lib/python3.8/site-packages/airflow/example_dags/example_branch_labels.py for tasks to queue
[2023-11-22T19:08:59.372+0000] {logging_mixin.py:151} INFO - [2023-11-22T19:08:59.372+0000] {dagbag.py:536} INFO - Filling up the DagBag from /home/airflow/.local/lib/python3.8/site-packages/airflow/example_dags/example_branch_labels.py
[2023-11-22T19:08:59.377+0000] {processor.py:839} INFO - DAG(s) dict_keys(['example_branch_labels']) retrieved from /home/airflow/.local/lib/python3.8/site-packages/airflow/example_dags/example_branch_labels.py
[2023-11-22T19:08:59.387+0000] {logging_mixin.py:151} INFO - [2023-11-22T19:08:59.387+0000] {dag.py:2941} INFO - Sync 1 DAGs
[2023-11-22T19:08:59.398+0000] {logging_mixin.py:151} INFO - [2023-11-22T19:08:59.397+0000] {dag.py:3722} INFO - Setting next_dagrun for example_branch_labels to 2023-11-21T00:00:00+00:00, run_after=2023-11-22T00:00:00+00:00
[2023-11-22T19:08:59.405+0000] {processor.py:179} INFO - Processing /home/airflow/.local/lib/python3.8/site-packages/airflow/example_dags/example_branch_labels.py took 0.036 seconds
[2023-11-22T19:09:29.941+0000] {processor.py:157} INFO - Started process (PID=3698) to work on /home/airflow/.local/lib/python3.8/site-packages/airflow/example_dags/example_branch_labels.py
[2023-11-22T19:09:29.941+0000] {processor.py:829} INFO - Processing file /home/airflow/.local/lib/python3.8/site-packages/airflow/example_dags/example_branch_labels.py for tasks to queue
[2023-11-22T19:09:29.942+0000] {logging_mixin.py:151} INFO - [2023-11-22T19:09:29.942+0000] {dagbag.py:536} INFO - Filling up the DagBag from /home/airflow/.local/lib/python3.8/site-packages/airflow/example_dags/example_branch_labels.py
[2023-11-22T19:09:29.946+0000] {processor.py:839} INFO - DAG(s) dict_keys(['example_branch_labels']) retrieved from /home/airflow/.local/lib/python3.8/site-packages/airflow/example_dags/example_branch_labels.py
[2023-11-22T19:09:29.956+0000] {logging_mixin.py:151} INFO - [2023-11-22T19:09:29.956+0000] {dag.py:2941} INFO - Sync 1 DAGs
[2023-11-22T19:09:29.966+0000] {logging_mixin.py:151} INFO - [2023-11-22T19:09:29.966+0000] {dag.py:3722} INFO - Setting next_dagrun for example_branch_labels to 2023-11-21T00:00:00+00:00, run_after=2023-11-22T00:00:00+00:00
[2023-11-22T19:09:29.972+0000] {processor.py:179} INFO - Processing /home/airflow/.local/lib/python3.8/site-packages/airflow/example_dags/example_branch_labels.py took 0.033 seconds
[2023-11-22T19:10:00.592+0000] {processor.py:157} INFO - Started process (PID=3755) to work on /home/airflow/.local/lib/python3.8/site-packages/airflow/example_dags/example_branch_labels.py
[2023-11-22T19:10:00.593+0000] {processor.py:829} INFO - Processing file /home/airflow/.local/lib/python3.8/site-packages/airflow/example_dags/example_branch_labels.py for tasks to queue
[2023-11-22T19:10:00.594+0000] {logging_mixin.py:151} INFO - [2023-11-22T19:10:00.594+0000] {dagbag.py:536} INFO - Filling up the DagBag from /home/airflow/.local/lib/python3.8/site-packages/airflow/example_dags/example_branch_labels.py
[2023-11-22T19:10:00.598+0000] {processor.py:839} INFO - DAG(s) dict_keys(['example_branch_labels']) retrieved from /home/airflow/.local/lib/python3.8/site-packages/airflow/example_dags/example_branch_labels.py
[2023-11-22T19:10:00.609+0000] {logging_mixin.py:151} INFO - [2023-11-22T19:10:00.608+0000] {dag.py:2941} INFO - Sync 1 DAGs
[2023-11-22T19:10:00.619+0000] {logging_mixin.py:151} INFO - [2023-11-22T19:10:00.619+0000] {dag.py:3722} INFO - Setting next_dagrun for example_branch_labels to 2023-11-21T00:00:00+00:00, run_after=2023-11-22T00:00:00+00:00
[2023-11-22T19:10:00.626+0000] {processor.py:179} INFO - Processing /home/airflow/.local/lib/python3.8/site-packages/airflow/example_dags/example_branch_labels.py took 0.036 seconds
[2023-11-22T19:10:31.184+0000] {processor.py:157} INFO - Started process (PID=3812) to work on /home/airflow/.local/lib/python3.8/site-packages/airflow/example_dags/example_branch_labels.py
[2023-11-22T19:10:31.185+0000] {processor.py:829} INFO - Processing file /home/airflow/.local/lib/python3.8/site-packages/airflow/example_dags/example_branch_labels.py for tasks to queue
[2023-11-22T19:10:31.186+0000] {logging_mixin.py:151} INFO - [2023-11-22T19:10:31.186+0000] {dagbag.py:536} INFO - Filling up the DagBag from /home/airflow/.local/lib/python3.8/site-packages/airflow/example_dags/example_branch_labels.py
[2023-11-22T19:10:31.190+0000] {processor.py:839} INFO - DAG(s) dict_keys(['example_branch_labels']) retrieved from /home/airflow/.local/lib/python3.8/site-packages/airflow/example_dags/example_branch_labels.py
[2023-11-22T19:10:31.200+0000] {logging_mixin.py:151} INFO - [2023-11-22T19:10:31.200+0000] {dag.py:2941} INFO - Sync 1 DAGs
[2023-11-22T19:10:31.209+0000] {logging_mixin.py:151} INFO - [2023-11-22T19:10:31.209+0000] {dag.py:3722} INFO - Setting next_dagrun for example_branch_labels to 2023-11-21T00:00:00+00:00, run_after=2023-11-22T00:00:00+00:00
[2023-11-22T19:10:31.216+0000] {processor.py:179} INFO - Processing /home/airflow/.local/lib/python3.8/site-packages/airflow/example_dags/example_branch_labels.py took 0.033 seconds
[2023-11-22T19:11:01.818+0000] {processor.py:157} INFO - Started process (PID=3869) to work on /home/airflow/.local/lib/python3.8/site-packages/airflow/example_dags/example_branch_labels.py
[2023-11-22T19:11:01.819+0000] {processor.py:829} INFO - Processing file /home/airflow/.local/lib/python3.8/site-packages/airflow/example_dags/example_branch_labels.py for tasks to queue
[2023-11-22T19:11:01.820+0000] {logging_mixin.py:151} INFO - [2023-11-22T19:11:01.820+0000] {dagbag.py:536} INFO - Filling up the DagBag from /home/airflow/.local/lib/python3.8/site-packages/airflow/example_dags/example_branch_labels.py
[2023-11-22T19:11:01.824+0000] {processor.py:839} INFO - DAG(s) dict_keys(['example_branch_labels']) retrieved from /home/airflow/.local/lib/python3.8/site-packages/airflow/example_dags/example_branch_labels.py
[2023-11-22T19:11:01.835+0000] {logging_mixin.py:151} INFO - [2023-11-22T19:11:01.835+0000] {dag.py:2941} INFO - Sync 1 DAGs
[2023-11-22T19:11:01.845+0000] {logging_mixin.py:151} INFO - [2023-11-22T19:11:01.845+0000] {dag.py:3722} INFO - Setting next_dagrun for example_branch_labels to 2023-11-21T00:00:00+00:00, run_after=2023-11-22T00:00:00+00:00
[2023-11-22T19:11:01.853+0000] {processor.py:179} INFO - Processing /home/airflow/.local/lib/python3.8/site-packages/airflow/example_dags/example_branch_labels.py took 0.036 seconds
[2023-11-22T19:11:32.301+0000] {processor.py:157} INFO - Started process (PID=3926) to work on /home/airflow/.local/lib/python3.8/site-packages/airflow/example_dags/example_branch_labels.py
[2023-11-22T19:11:32.302+0000] {processor.py:829} INFO - Processing file /home/airflow/.local/lib/python3.8/site-packages/airflow/example_dags/example_branch_labels.py for tasks to queue
[2023-11-22T19:11:32.303+0000] {logging_mixin.py:151} INFO - [2023-11-22T19:11:32.303+0000] {dagbag.py:536} INFO - Filling up the DagBag from /home/airflow/.local/lib/python3.8/site-packages/airflow/example_dags/example_branch_labels.py
[2023-11-22T19:11:32.307+0000] {processor.py:839} INFO - DAG(s) dict_keys(['example_branch_labels']) retrieved from /home/airflow/.local/lib/python3.8/site-packages/airflow/example_dags/example_branch_labels.py
[2023-11-22T19:11:32.317+0000] {logging_mixin.py:151} INFO - [2023-11-22T19:11:32.317+0000] {dag.py:2941} INFO - Sync 1 DAGs
[2023-11-22T19:11:32.327+0000] {logging_mixin.py:151} INFO - [2023-11-22T19:11:32.327+0000] {dag.py:3722} INFO - Setting next_dagrun for example_branch_labels to 2023-11-21T00:00:00+00:00, run_after=2023-11-22T00:00:00+00:00
[2023-11-22T19:11:32.334+0000] {processor.py:179} INFO - Processing /home/airflow/.local/lib/python3.8/site-packages/airflow/example_dags/example_branch_labels.py took 0.034 seconds
[2023-11-22T19:12:03.091+0000] {processor.py:157} INFO - Started process (PID=3983) to work on /home/airflow/.local/lib/python3.8/site-packages/airflow/example_dags/example_branch_labels.py
[2023-11-22T19:12:03.091+0000] {processor.py:829} INFO - Processing file /home/airflow/.local/lib/python3.8/site-packages/airflow/example_dags/example_branch_labels.py for tasks to queue
[2023-11-22T19:12:03.092+0000] {logging_mixin.py:151} INFO - [2023-11-22T19:12:03.092+0000] {dagbag.py:536} INFO - Filling up the DagBag from /home/airflow/.local/lib/python3.8/site-packages/airflow/example_dags/example_branch_labels.py
[2023-11-22T19:12:03.096+0000] {processor.py:839} INFO - DAG(s) dict_keys(['example_branch_labels']) retrieved from /home/airflow/.local/lib/python3.8/site-packages/airflow/example_dags/example_branch_labels.py
[2023-11-22T19:12:03.106+0000] {logging_mixin.py:151} INFO - [2023-11-22T19:12:03.106+0000] {dag.py:2941} INFO - Sync 1 DAGs
[2023-11-22T19:12:03.116+0000] {logging_mixin.py:151} INFO - [2023-11-22T19:12:03.116+0000] {dag.py:3722} INFO - Setting next_dagrun for example_branch_labels to 2023-11-21T00:00:00+00:00, run_after=2023-11-22T00:00:00+00:00
[2023-11-22T19:12:03.124+0000] {processor.py:179} INFO - Processing /home/airflow/.local/lib/python3.8/site-packages/airflow/example_dags/example_branch_labels.py took 0.035 seconds
[2023-11-22T19:12:33.884+0000] {processor.py:157} INFO - Started process (PID=4039) to work on /home/airflow/.local/lib/python3.8/site-packages/airflow/example_dags/example_branch_labels.py
[2023-11-22T19:12:33.884+0000] {processor.py:829} INFO - Processing file /home/airflow/.local/lib/python3.8/site-packages/airflow/example_dags/example_branch_labels.py for tasks to queue
[2023-11-22T19:12:33.885+0000] {logging_mixin.py:151} INFO - [2023-11-22T19:12:33.885+0000] {dagbag.py:536} INFO - Filling up the DagBag from /home/airflow/.local/lib/python3.8/site-packages/airflow/example_dags/example_branch_labels.py
[2023-11-22T19:12:33.889+0000] {processor.py:839} INFO - DAG(s) dict_keys(['example_branch_labels']) retrieved from /home/airflow/.local/lib/python3.8/site-packages/airflow/example_dags/example_branch_labels.py
[2023-11-22T19:12:33.901+0000] {logging_mixin.py:151} INFO - [2023-11-22T19:12:33.900+0000] {dag.py:2941} INFO - Sync 1 DAGs
[2023-11-22T19:12:33.911+0000] {logging_mixin.py:151} INFO - [2023-11-22T19:12:33.911+0000] {dag.py:3722} INFO - Setting next_dagrun for example_branch_labels to 2023-11-21T00:00:00+00:00, run_after=2023-11-22T00:00:00+00:00
[2023-11-22T19:12:33.918+0000] {processor.py:179} INFO - Processing /home/airflow/.local/lib/python3.8/site-packages/airflow/example_dags/example_branch_labels.py took 0.036 seconds
[2023-11-22T19:13:04.566+0000] {processor.py:157} INFO - Started process (PID=4096) to work on /home/airflow/.local/lib/python3.8/site-packages/airflow/example_dags/example_branch_labels.py
[2023-11-22T19:13:04.567+0000] {processor.py:829} INFO - Processing file /home/airflow/.local/lib/python3.8/site-packages/airflow/example_dags/example_branch_labels.py for tasks to queue
[2023-11-22T19:13:04.569+0000] {logging_mixin.py:151} INFO - [2023-11-22T19:13:04.569+0000] {dagbag.py:536} INFO - Filling up the DagBag from /home/airflow/.local/lib/python3.8/site-packages/airflow/example_dags/example_branch_labels.py
[2023-11-22T19:13:04.577+0000] {processor.py:839} INFO - DAG(s) dict_keys(['example_branch_labels']) retrieved from /home/airflow/.local/lib/python3.8/site-packages/airflow/example_dags/example_branch_labels.py
[2023-11-22T19:13:04.594+0000] {logging_mixin.py:151} INFO - [2023-11-22T19:13:04.594+0000] {dag.py:2941} INFO - Sync 1 DAGs
[2023-11-22T19:13:04.606+0000] {logging_mixin.py:151} INFO - [2023-11-22T19:13:04.606+0000] {dag.py:3722} INFO - Setting next_dagrun for example_branch_labels to 2023-11-21T00:00:00+00:00, run_after=2023-11-22T00:00:00+00:00
[2023-11-22T19:13:04.617+0000] {processor.py:179} INFO - Processing /home/airflow/.local/lib/python3.8/site-packages/airflow/example_dags/example_branch_labels.py took 0.054 seconds
[2023-11-22T19:13:35.186+0000] {processor.py:157} INFO - Started process (PID=4153) to work on /home/airflow/.local/lib/python3.8/site-packages/airflow/example_dags/example_branch_labels.py
[2023-11-22T19:13:35.186+0000] {processor.py:829} INFO - Processing file /home/airflow/.local/lib/python3.8/site-packages/airflow/example_dags/example_branch_labels.py for tasks to queue
[2023-11-22T19:13:35.187+0000] {logging_mixin.py:151} INFO - [2023-11-22T19:13:35.187+0000] {dagbag.py:536} INFO - Filling up the DagBag from /home/airflow/.local/lib/python3.8/site-packages/airflow/example_dags/example_branch_labels.py
[2023-11-22T19:13:35.191+0000] {processor.py:839} INFO - DAG(s) dict_keys(['example_branch_labels']) retrieved from /home/airflow/.local/lib/python3.8/site-packages/airflow/example_dags/example_branch_labels.py
[2023-11-22T19:13:35.202+0000] {logging_mixin.py:151} INFO - [2023-11-22T19:13:35.201+0000] {dag.py:2941} INFO - Sync 1 DAGs
[2023-11-22T19:13:35.211+0000] {logging_mixin.py:151} INFO - [2023-11-22T19:13:35.211+0000] {dag.py:3722} INFO - Setting next_dagrun for example_branch_labels to 2023-11-21T00:00:00+00:00, run_after=2023-11-22T00:00:00+00:00
[2023-11-22T19:13:35.218+0000] {processor.py:179} INFO - Processing /home/airflow/.local/lib/python3.8/site-packages/airflow/example_dags/example_branch_labels.py took 0.034 seconds
