[2023-11-22T18:36:48.946+0000] {processor.py:157} INFO - Started process (PID=66) to work on /home/airflow/.local/lib/python3.8/site-packages/airflow/example_dags/example_complex.py
[2023-11-22T18:36:48.947+0000] {processor.py:829} INFO - Processing file /home/airflow/.local/lib/python3.8/site-packages/airflow/example_dags/example_complex.py for tasks to queue
[2023-11-22T18:36:48.952+0000] {logging_mixin.py:151} INFO - [2023-11-22T18:36:48.951+0000] {dagbag.py:536} INFO - Filling up the DagBag from /home/airflow/.local/lib/python3.8/site-packages/airflow/example_dags/example_complex.py
[2023-11-22T18:36:48.987+0000] {processor.py:839} INFO - DAG(s) dict_keys(['example_complex']) retrieved from /home/airflow/.local/lib/python3.8/site-packages/airflow/example_dags/example_complex.py
[2023-11-22T18:36:49.020+0000] {logging_mixin.py:151} INFO - [2023-11-22T18:36:49.020+0000] {dag.py:2941} INFO - Sync 1 DAGs
[2023-11-22T18:36:49.045+0000] {logging_mixin.py:151} INFO - [2023-11-22T18:36:49.044+0000] {dag.py:3722} INFO - Setting next_dagrun for example_complex to None, run_after=None
[2023-11-22T18:36:49.083+0000] {processor.py:179} INFO - Processing /home/airflow/.local/lib/python3.8/site-packages/airflow/example_dags/example_complex.py took 0.142 seconds
[2023-11-22T18:37:19.185+0000] {processor.py:157} INFO - Started process (PID=123) to work on /home/airflow/.local/lib/python3.8/site-packages/airflow/example_dags/example_complex.py
[2023-11-22T18:37:19.185+0000] {processor.py:829} INFO - Processing file /home/airflow/.local/lib/python3.8/site-packages/airflow/example_dags/example_complex.py for tasks to queue
[2023-11-22T18:37:19.186+0000] {logging_mixin.py:151} INFO - [2023-11-22T18:37:19.186+0000] {dagbag.py:536} INFO - Filling up the DagBag from /home/airflow/.local/lib/python3.8/site-packages/airflow/example_dags/example_complex.py
[2023-11-22T18:37:19.191+0000] {processor.py:839} INFO - DAG(s) dict_keys(['example_complex']) retrieved from /home/airflow/.local/lib/python3.8/site-packages/airflow/example_dags/example_complex.py
[2023-11-22T18:37:19.205+0000] {logging_mixin.py:151} INFO - [2023-11-22T18:37:19.205+0000] {dag.py:2941} INFO - Sync 1 DAGs
[2023-11-22T18:37:19.210+0000] {logging_mixin.py:151} INFO - [2023-11-22T18:37:19.210+0000] {dag.py:3722} INFO - Setting next_dagrun for example_complex to None, run_after=None
[2023-11-22T18:37:19.217+0000] {processor.py:179} INFO - Processing /home/airflow/.local/lib/python3.8/site-packages/airflow/example_dags/example_complex.py took 0.034 seconds
[2023-11-22T18:37:50.156+0000] {processor.py:157} INFO - Started process (PID=180) to work on /home/airflow/.local/lib/python3.8/site-packages/airflow/example_dags/example_complex.py
[2023-11-22T18:37:50.157+0000] {processor.py:829} INFO - Processing file /home/airflow/.local/lib/python3.8/site-packages/airflow/example_dags/example_complex.py for tasks to queue
[2023-11-22T18:37:50.158+0000] {logging_mixin.py:151} INFO - [2023-11-22T18:37:50.158+0000] {dagbag.py:536} INFO - Filling up the DagBag from /home/airflow/.local/lib/python3.8/site-packages/airflow/example_dags/example_complex.py
[2023-11-22T18:37:50.163+0000] {processor.py:839} INFO - DAG(s) dict_keys(['example_complex']) retrieved from /home/airflow/.local/lib/python3.8/site-packages/airflow/example_dags/example_complex.py
[2023-11-22T18:37:50.176+0000] {logging_mixin.py:151} INFO - [2023-11-22T18:37:50.176+0000] {dag.py:2941} INFO - Sync 1 DAGs
[2023-11-22T18:37:50.181+0000] {logging_mixin.py:151} INFO - [2023-11-22T18:37:50.181+0000] {dag.py:3722} INFO - Setting next_dagrun for example_complex to None, run_after=None
[2023-11-22T18:37:50.188+0000] {processor.py:179} INFO - Processing /home/airflow/.local/lib/python3.8/site-packages/airflow/example_dags/example_complex.py took 0.033 seconds
[2023-11-22T18:38:20.949+0000] {processor.py:157} INFO - Started process (PID=237) to work on /home/airflow/.local/lib/python3.8/site-packages/airflow/example_dags/example_complex.py
[2023-11-22T18:38:20.950+0000] {processor.py:829} INFO - Processing file /home/airflow/.local/lib/python3.8/site-packages/airflow/example_dags/example_complex.py for tasks to queue
[2023-11-22T18:38:20.951+0000] {logging_mixin.py:151} INFO - [2023-11-22T18:38:20.951+0000] {dagbag.py:536} INFO - Filling up the DagBag from /home/airflow/.local/lib/python3.8/site-packages/airflow/example_dags/example_complex.py
[2023-11-22T18:38:20.956+0000] {processor.py:839} INFO - DAG(s) dict_keys(['example_complex']) retrieved from /home/airflow/.local/lib/python3.8/site-packages/airflow/example_dags/example_complex.py
[2023-11-22T18:38:20.969+0000] {logging_mixin.py:151} INFO - [2023-11-22T18:38:20.969+0000] {dag.py:2941} INFO - Sync 1 DAGs
[2023-11-22T18:38:20.974+0000] {logging_mixin.py:151} INFO - [2023-11-22T18:38:20.974+0000] {dag.py:3722} INFO - Setting next_dagrun for example_complex to None, run_after=None
[2023-11-22T18:38:20.981+0000] {processor.py:179} INFO - Processing /home/airflow/.local/lib/python3.8/site-packages/airflow/example_dags/example_complex.py took 0.034 seconds
[2023-11-22T18:38:51.714+0000] {processor.py:157} INFO - Started process (PID=294) to work on /home/airflow/.local/lib/python3.8/site-packages/airflow/example_dags/example_complex.py
[2023-11-22T18:38:51.715+0000] {processor.py:829} INFO - Processing file /home/airflow/.local/lib/python3.8/site-packages/airflow/example_dags/example_complex.py for tasks to queue
[2023-11-22T18:38:51.716+0000] {logging_mixin.py:151} INFO - [2023-11-22T18:38:51.715+0000] {dagbag.py:536} INFO - Filling up the DagBag from /home/airflow/.local/lib/python3.8/site-packages/airflow/example_dags/example_complex.py
[2023-11-22T18:38:51.721+0000] {processor.py:839} INFO - DAG(s) dict_keys(['example_complex']) retrieved from /home/airflow/.local/lib/python3.8/site-packages/airflow/example_dags/example_complex.py
[2023-11-22T18:38:51.734+0000] {logging_mixin.py:151} INFO - [2023-11-22T18:38:51.734+0000] {dag.py:2941} INFO - Sync 1 DAGs
[2023-11-22T18:38:51.740+0000] {logging_mixin.py:151} INFO - [2023-11-22T18:38:51.740+0000] {dag.py:3722} INFO - Setting next_dagrun for example_complex to None, run_after=None
[2023-11-22T18:38:51.748+0000] {processor.py:179} INFO - Processing /home/airflow/.local/lib/python3.8/site-packages/airflow/example_dags/example_complex.py took 0.035 seconds
[2023-11-22T18:39:22.459+0000] {processor.py:157} INFO - Started process (PID=351) to work on /home/airflow/.local/lib/python3.8/site-packages/airflow/example_dags/example_complex.py
[2023-11-22T18:39:22.460+0000] {processor.py:829} INFO - Processing file /home/airflow/.local/lib/python3.8/site-packages/airflow/example_dags/example_complex.py for tasks to queue
[2023-11-22T18:39:22.461+0000] {logging_mixin.py:151} INFO - [2023-11-22T18:39:22.461+0000] {dagbag.py:536} INFO - Filling up the DagBag from /home/airflow/.local/lib/python3.8/site-packages/airflow/example_dags/example_complex.py
[2023-11-22T18:39:22.466+0000] {processor.py:839} INFO - DAG(s) dict_keys(['example_complex']) retrieved from /home/airflow/.local/lib/python3.8/site-packages/airflow/example_dags/example_complex.py
[2023-11-22T18:39:22.479+0000] {logging_mixin.py:151} INFO - [2023-11-22T18:39:22.479+0000] {dag.py:2941} INFO - Sync 1 DAGs
[2023-11-22T18:39:22.484+0000] {logging_mixin.py:151} INFO - [2023-11-22T18:39:22.484+0000] {dag.py:3722} INFO - Setting next_dagrun for example_complex to None, run_after=None
[2023-11-22T18:39:22.491+0000] {processor.py:179} INFO - Processing /home/airflow/.local/lib/python3.8/site-packages/airflow/example_dags/example_complex.py took 0.034 seconds
[2023-11-22T18:39:53.196+0000] {processor.py:157} INFO - Started process (PID=409) to work on /home/airflow/.local/lib/python3.8/site-packages/airflow/example_dags/example_complex.py
[2023-11-22T18:39:53.197+0000] {processor.py:829} INFO - Processing file /home/airflow/.local/lib/python3.8/site-packages/airflow/example_dags/example_complex.py for tasks to queue
[2023-11-22T18:39:53.198+0000] {logging_mixin.py:151} INFO - [2023-11-22T18:39:53.198+0000] {dagbag.py:536} INFO - Filling up the DagBag from /home/airflow/.local/lib/python3.8/site-packages/airflow/example_dags/example_complex.py
[2023-11-22T18:39:53.203+0000] {processor.py:839} INFO - DAG(s) dict_keys(['example_complex']) retrieved from /home/airflow/.local/lib/python3.8/site-packages/airflow/example_dags/example_complex.py
[2023-11-22T18:39:53.218+0000] {logging_mixin.py:151} INFO - [2023-11-22T18:39:53.217+0000] {dag.py:2941} INFO - Sync 1 DAGs
[2023-11-22T18:39:53.223+0000] {logging_mixin.py:151} INFO - [2023-11-22T18:39:53.223+0000] {dag.py:3722} INFO - Setting next_dagrun for example_complex to None, run_after=None
[2023-11-22T18:39:53.230+0000] {processor.py:179} INFO - Processing /home/airflow/.local/lib/python3.8/site-packages/airflow/example_dags/example_complex.py took 0.036 seconds
[2023-11-22T18:40:23.906+0000] {processor.py:157} INFO - Started process (PID=466) to work on /home/airflow/.local/lib/python3.8/site-packages/airflow/example_dags/example_complex.py
[2023-11-22T18:40:23.907+0000] {processor.py:829} INFO - Processing file /home/airflow/.local/lib/python3.8/site-packages/airflow/example_dags/example_complex.py for tasks to queue
[2023-11-22T18:40:23.908+0000] {logging_mixin.py:151} INFO - [2023-11-22T18:40:23.908+0000] {dagbag.py:536} INFO - Filling up the DagBag from /home/airflow/.local/lib/python3.8/site-packages/airflow/example_dags/example_complex.py
[2023-11-22T18:40:23.913+0000] {processor.py:839} INFO - DAG(s) dict_keys(['example_complex']) retrieved from /home/airflow/.local/lib/python3.8/site-packages/airflow/example_dags/example_complex.py
[2023-11-22T18:40:23.926+0000] {logging_mixin.py:151} INFO - [2023-11-22T18:40:23.926+0000] {dag.py:2941} INFO - Sync 1 DAGs
[2023-11-22T18:40:23.931+0000] {logging_mixin.py:151} INFO - [2023-11-22T18:40:23.931+0000] {dag.py:3722} INFO - Setting next_dagrun for example_complex to None, run_after=None
[2023-11-22T18:40:23.938+0000] {processor.py:179} INFO - Processing /home/airflow/.local/lib/python3.8/site-packages/airflow/example_dags/example_complex.py took 0.034 seconds
[2023-11-22T18:40:54.700+0000] {processor.py:157} INFO - Started process (PID=523) to work on /home/airflow/.local/lib/python3.8/site-packages/airflow/example_dags/example_complex.py
[2023-11-22T18:40:54.700+0000] {processor.py:829} INFO - Processing file /home/airflow/.local/lib/python3.8/site-packages/airflow/example_dags/example_complex.py for tasks to queue
[2023-11-22T18:40:54.701+0000] {logging_mixin.py:151} INFO - [2023-11-22T18:40:54.701+0000] {dagbag.py:536} INFO - Filling up the DagBag from /home/airflow/.local/lib/python3.8/site-packages/airflow/example_dags/example_complex.py
[2023-11-22T18:40:54.706+0000] {processor.py:839} INFO - DAG(s) dict_keys(['example_complex']) retrieved from /home/airflow/.local/lib/python3.8/site-packages/airflow/example_dags/example_complex.py
[2023-11-22T18:40:54.720+0000] {logging_mixin.py:151} INFO - [2023-11-22T18:40:54.720+0000] {dag.py:2941} INFO - Sync 1 DAGs
[2023-11-22T18:40:54.726+0000] {logging_mixin.py:151} INFO - [2023-11-22T18:40:54.726+0000] {dag.py:3722} INFO - Setting next_dagrun for example_complex to None, run_after=None
[2023-11-22T18:40:54.733+0000] {processor.py:179} INFO - Processing /home/airflow/.local/lib/python3.8/site-packages/airflow/example_dags/example_complex.py took 0.035 seconds
[2023-11-22T18:41:25.557+0000] {processor.py:157} INFO - Started process (PID=580) to work on /home/airflow/.local/lib/python3.8/site-packages/airflow/example_dags/example_complex.py
[2023-11-22T18:41:25.558+0000] {processor.py:829} INFO - Processing file /home/airflow/.local/lib/python3.8/site-packages/airflow/example_dags/example_complex.py for tasks to queue
[2023-11-22T18:41:25.559+0000] {logging_mixin.py:151} INFO - [2023-11-22T18:41:25.559+0000] {dagbag.py:536} INFO - Filling up the DagBag from /home/airflow/.local/lib/python3.8/site-packages/airflow/example_dags/example_complex.py
[2023-11-22T18:41:25.564+0000] {processor.py:839} INFO - DAG(s) dict_keys(['example_complex']) retrieved from /home/airflow/.local/lib/python3.8/site-packages/airflow/example_dags/example_complex.py
[2023-11-22T18:41:25.577+0000] {logging_mixin.py:151} INFO - [2023-11-22T18:41:25.577+0000] {dag.py:2941} INFO - Sync 1 DAGs
[2023-11-22T18:41:25.582+0000] {logging_mixin.py:151} INFO - [2023-11-22T18:41:25.582+0000] {dag.py:3722} INFO - Setting next_dagrun for example_complex to None, run_after=None
[2023-11-22T18:41:25.589+0000] {processor.py:179} INFO - Processing /home/airflow/.local/lib/python3.8/site-packages/airflow/example_dags/example_complex.py took 0.033 seconds
[2023-11-22T18:41:56.455+0000] {processor.py:157} INFO - Started process (PID=637) to work on /home/airflow/.local/lib/python3.8/site-packages/airflow/example_dags/example_complex.py
[2023-11-22T18:41:56.455+0000] {processor.py:829} INFO - Processing file /home/airflow/.local/lib/python3.8/site-packages/airflow/example_dags/example_complex.py for tasks to queue
[2023-11-22T18:41:56.456+0000] {logging_mixin.py:151} INFO - [2023-11-22T18:41:56.456+0000] {dagbag.py:536} INFO - Filling up the DagBag from /home/airflow/.local/lib/python3.8/site-packages/airflow/example_dags/example_complex.py
[2023-11-22T18:41:56.461+0000] {processor.py:839} INFO - DAG(s) dict_keys(['example_complex']) retrieved from /home/airflow/.local/lib/python3.8/site-packages/airflow/example_dags/example_complex.py
[2023-11-22T18:41:56.475+0000] {logging_mixin.py:151} INFO - [2023-11-22T18:41:56.475+0000] {dag.py:2941} INFO - Sync 1 DAGs
[2023-11-22T18:41:56.480+0000] {logging_mixin.py:151} INFO - [2023-11-22T18:41:56.480+0000] {dag.py:3722} INFO - Setting next_dagrun for example_complex to None, run_after=None
[2023-11-22T18:41:56.487+0000] {processor.py:179} INFO - Processing /home/airflow/.local/lib/python3.8/site-packages/airflow/example_dags/example_complex.py took 0.034 seconds
[2023-11-22T18:42:27.130+0000] {processor.py:157} INFO - Started process (PID=694) to work on /home/airflow/.local/lib/python3.8/site-packages/airflow/example_dags/example_complex.py
[2023-11-22T18:42:27.130+0000] {processor.py:829} INFO - Processing file /home/airflow/.local/lib/python3.8/site-packages/airflow/example_dags/example_complex.py for tasks to queue
[2023-11-22T18:42:27.131+0000] {logging_mixin.py:151} INFO - [2023-11-22T18:42:27.131+0000] {dagbag.py:536} INFO - Filling up the DagBag from /home/airflow/.local/lib/python3.8/site-packages/airflow/example_dags/example_complex.py
[2023-11-22T18:42:27.136+0000] {processor.py:839} INFO - DAG(s) dict_keys(['example_complex']) retrieved from /home/airflow/.local/lib/python3.8/site-packages/airflow/example_dags/example_complex.py
[2023-11-22T18:42:27.150+0000] {logging_mixin.py:151} INFO - [2023-11-22T18:42:27.150+0000] {dag.py:2941} INFO - Sync 1 DAGs
[2023-11-22T18:42:27.155+0000] {logging_mixin.py:151} INFO - [2023-11-22T18:42:27.155+0000] {dag.py:3722} INFO - Setting next_dagrun for example_complex to None, run_after=None
[2023-11-22T18:42:27.162+0000] {processor.py:179} INFO - Processing /home/airflow/.local/lib/python3.8/site-packages/airflow/example_dags/example_complex.py took 0.034 seconds
[2023-11-22T18:42:57.950+0000] {processor.py:157} INFO - Started process (PID=751) to work on /home/airflow/.local/lib/python3.8/site-packages/airflow/example_dags/example_complex.py
[2023-11-22T18:42:57.951+0000] {processor.py:829} INFO - Processing file /home/airflow/.local/lib/python3.8/site-packages/airflow/example_dags/example_complex.py for tasks to queue
[2023-11-22T18:42:57.952+0000] {logging_mixin.py:151} INFO - [2023-11-22T18:42:57.952+0000] {dagbag.py:536} INFO - Filling up the DagBag from /home/airflow/.local/lib/python3.8/site-packages/airflow/example_dags/example_complex.py
[2023-11-22T18:42:57.957+0000] {processor.py:839} INFO - DAG(s) dict_keys(['example_complex']) retrieved from /home/airflow/.local/lib/python3.8/site-packages/airflow/example_dags/example_complex.py
[2023-11-22T18:42:57.970+0000] {logging_mixin.py:151} INFO - [2023-11-22T18:42:57.970+0000] {dag.py:2941} INFO - Sync 1 DAGs
[2023-11-22T18:42:57.975+0000] {logging_mixin.py:151} INFO - [2023-11-22T18:42:57.975+0000] {dag.py:3722} INFO - Setting next_dagrun for example_complex to None, run_after=None
[2023-11-22T18:42:57.982+0000] {processor.py:179} INFO - Processing /home/airflow/.local/lib/python3.8/site-packages/airflow/example_dags/example_complex.py took 0.034 seconds
[2023-11-22T18:43:28.685+0000] {processor.py:157} INFO - Started process (PID=808) to work on /home/airflow/.local/lib/python3.8/site-packages/airflow/example_dags/example_complex.py
[2023-11-22T18:43:28.686+0000] {processor.py:829} INFO - Processing file /home/airflow/.local/lib/python3.8/site-packages/airflow/example_dags/example_complex.py for tasks to queue
[2023-11-22T18:43:28.687+0000] {logging_mixin.py:151} INFO - [2023-11-22T18:43:28.687+0000] {dagbag.py:536} INFO - Filling up the DagBag from /home/airflow/.local/lib/python3.8/site-packages/airflow/example_dags/example_complex.py
[2023-11-22T18:43:28.692+0000] {processor.py:839} INFO - DAG(s) dict_keys(['example_complex']) retrieved from /home/airflow/.local/lib/python3.8/site-packages/airflow/example_dags/example_complex.py
[2023-11-22T18:43:28.705+0000] {logging_mixin.py:151} INFO - [2023-11-22T18:43:28.705+0000] {dag.py:2941} INFO - Sync 1 DAGs
[2023-11-22T18:43:28.710+0000] {logging_mixin.py:151} INFO - [2023-11-22T18:43:28.710+0000] {dag.py:3722} INFO - Setting next_dagrun for example_complex to None, run_after=None
[2023-11-22T18:43:28.717+0000] {processor.py:179} INFO - Processing /home/airflow/.local/lib/python3.8/site-packages/airflow/example_dags/example_complex.py took 0.033 seconds
[2023-11-22T18:43:59.545+0000] {processor.py:157} INFO - Started process (PID=865) to work on /home/airflow/.local/lib/python3.8/site-packages/airflow/example_dags/example_complex.py
[2023-11-22T18:43:59.545+0000] {processor.py:829} INFO - Processing file /home/airflow/.local/lib/python3.8/site-packages/airflow/example_dags/example_complex.py for tasks to queue
[2023-11-22T18:43:59.546+0000] {logging_mixin.py:151} INFO - [2023-11-22T18:43:59.546+0000] {dagbag.py:536} INFO - Filling up the DagBag from /home/airflow/.local/lib/python3.8/site-packages/airflow/example_dags/example_complex.py
[2023-11-22T18:43:59.551+0000] {processor.py:839} INFO - DAG(s) dict_keys(['example_complex']) retrieved from /home/airflow/.local/lib/python3.8/site-packages/airflow/example_dags/example_complex.py
[2023-11-22T18:43:59.564+0000] {logging_mixin.py:151} INFO - [2023-11-22T18:43:59.564+0000] {dag.py:2941} INFO - Sync 1 DAGs
[2023-11-22T18:43:59.569+0000] {logging_mixin.py:151} INFO - [2023-11-22T18:43:59.569+0000] {dag.py:3722} INFO - Setting next_dagrun for example_complex to None, run_after=None
[2023-11-22T18:43:59.576+0000] {processor.py:179} INFO - Processing /home/airflow/.local/lib/python3.8/site-packages/airflow/example_dags/example_complex.py took 0.033 seconds
[2023-11-22T18:44:29.966+0000] {processor.py:157} INFO - Started process (PID=922) to work on /home/airflow/.local/lib/python3.8/site-packages/airflow/example_dags/example_complex.py
[2023-11-22T18:44:29.967+0000] {processor.py:829} INFO - Processing file /home/airflow/.local/lib/python3.8/site-packages/airflow/example_dags/example_complex.py for tasks to queue
[2023-11-22T18:44:29.968+0000] {logging_mixin.py:151} INFO - [2023-11-22T18:44:29.968+0000] {dagbag.py:536} INFO - Filling up the DagBag from /home/airflow/.local/lib/python3.8/site-packages/airflow/example_dags/example_complex.py
[2023-11-22T18:44:29.974+0000] {processor.py:839} INFO - DAG(s) dict_keys(['example_complex']) retrieved from /home/airflow/.local/lib/python3.8/site-packages/airflow/example_dags/example_complex.py
[2023-11-22T18:44:29.990+0000] {logging_mixin.py:151} INFO - [2023-11-22T18:44:29.990+0000] {dag.py:2941} INFO - Sync 1 DAGs
[2023-11-22T18:44:30.083+0000] {logging_mixin.py:151} INFO - [2023-11-22T18:44:30.083+0000] {dag.py:3722} INFO - Setting next_dagrun for example_complex to None, run_after=None
[2023-11-22T18:44:30.093+0000] {processor.py:179} INFO - Processing /home/airflow/.local/lib/python3.8/site-packages/airflow/example_dags/example_complex.py took 0.129 seconds
[2023-11-22T18:45:00.133+0000] {processor.py:157} INFO - Started process (PID=979) to work on /home/airflow/.local/lib/python3.8/site-packages/airflow/example_dags/example_complex.py
[2023-11-22T18:45:00.134+0000] {processor.py:829} INFO - Processing file /home/airflow/.local/lib/python3.8/site-packages/airflow/example_dags/example_complex.py for tasks to queue
[2023-11-22T18:45:00.135+0000] {logging_mixin.py:151} INFO - [2023-11-22T18:45:00.135+0000] {dagbag.py:536} INFO - Filling up the DagBag from /home/airflow/.local/lib/python3.8/site-packages/airflow/example_dags/example_complex.py
[2023-11-22T18:45:00.140+0000] {processor.py:839} INFO - DAG(s) dict_keys(['example_complex']) retrieved from /home/airflow/.local/lib/python3.8/site-packages/airflow/example_dags/example_complex.py
[2023-11-22T18:45:00.154+0000] {logging_mixin.py:151} INFO - [2023-11-22T18:45:00.154+0000] {dag.py:2941} INFO - Sync 1 DAGs
[2023-11-22T18:45:00.159+0000] {logging_mixin.py:151} INFO - [2023-11-22T18:45:00.159+0000] {dag.py:3722} INFO - Setting next_dagrun for example_complex to None, run_after=None
[2023-11-22T18:45:00.238+0000] {processor.py:179} INFO - Processing /home/airflow/.local/lib/python3.8/site-packages/airflow/example_dags/example_complex.py took 0.106 seconds
[2023-11-22T18:45:30.433+0000] {processor.py:157} INFO - Started process (PID=1037) to work on /home/airflow/.local/lib/python3.8/site-packages/airflow/example_dags/example_complex.py
[2023-11-22T18:45:30.434+0000] {processor.py:829} INFO - Processing file /home/airflow/.local/lib/python3.8/site-packages/airflow/example_dags/example_complex.py for tasks to queue
[2023-11-22T18:45:30.435+0000] {logging_mixin.py:151} INFO - [2023-11-22T18:45:30.435+0000] {dagbag.py:536} INFO - Filling up the DagBag from /home/airflow/.local/lib/python3.8/site-packages/airflow/example_dags/example_complex.py
[2023-11-22T18:45:30.441+0000] {processor.py:839} INFO - DAG(s) dict_keys(['example_complex']) retrieved from /home/airflow/.local/lib/python3.8/site-packages/airflow/example_dags/example_complex.py
[2023-11-22T18:45:30.457+0000] {logging_mixin.py:151} INFO - [2023-11-22T18:45:30.457+0000] {dag.py:2941} INFO - Sync 1 DAGs
[2023-11-22T18:45:30.463+0000] {logging_mixin.py:151} INFO - [2023-11-22T18:45:30.462+0000] {dag.py:3722} INFO - Setting next_dagrun for example_complex to None, run_after=None
[2023-11-22T18:45:30.470+0000] {processor.py:179} INFO - Processing /home/airflow/.local/lib/python3.8/site-packages/airflow/example_dags/example_complex.py took 0.039 seconds
[2023-11-22T18:46:01.410+0000] {processor.py:157} INFO - Started process (PID=1093) to work on /home/airflow/.local/lib/python3.8/site-packages/airflow/example_dags/example_complex.py
[2023-11-22T18:46:01.411+0000] {processor.py:829} INFO - Processing file /home/airflow/.local/lib/python3.8/site-packages/airflow/example_dags/example_complex.py for tasks to queue
[2023-11-22T18:46:01.412+0000] {logging_mixin.py:151} INFO - [2023-11-22T18:46:01.412+0000] {dagbag.py:536} INFO - Filling up the DagBag from /home/airflow/.local/lib/python3.8/site-packages/airflow/example_dags/example_complex.py
[2023-11-22T18:46:01.418+0000] {processor.py:839} INFO - DAG(s) dict_keys(['example_complex']) retrieved from /home/airflow/.local/lib/python3.8/site-packages/airflow/example_dags/example_complex.py
[2023-11-22T18:46:01.432+0000] {logging_mixin.py:151} INFO - [2023-11-22T18:46:01.432+0000] {dag.py:2941} INFO - Sync 1 DAGs
[2023-11-22T18:46:01.438+0000] {logging_mixin.py:151} INFO - [2023-11-22T18:46:01.438+0000] {dag.py:3722} INFO - Setting next_dagrun for example_complex to None, run_after=None
[2023-11-22T18:46:01.446+0000] {processor.py:179} INFO - Processing /home/airflow/.local/lib/python3.8/site-packages/airflow/example_dags/example_complex.py took 0.037 seconds
[2023-11-22T18:46:32.736+0000] {processor.py:157} INFO - Started process (PID=1150) to work on /home/airflow/.local/lib/python3.8/site-packages/airflow/example_dags/example_complex.py
[2023-11-22T18:46:32.737+0000] {processor.py:829} INFO - Processing file /home/airflow/.local/lib/python3.8/site-packages/airflow/example_dags/example_complex.py for tasks to queue
[2023-11-22T18:46:32.738+0000] {logging_mixin.py:151} INFO - [2023-11-22T18:46:32.738+0000] {dagbag.py:536} INFO - Filling up the DagBag from /home/airflow/.local/lib/python3.8/site-packages/airflow/example_dags/example_complex.py
[2023-11-22T18:46:32.743+0000] {processor.py:839} INFO - DAG(s) dict_keys(['example_complex']) retrieved from /home/airflow/.local/lib/python3.8/site-packages/airflow/example_dags/example_complex.py
[2023-11-22T18:46:32.851+0000] {logging_mixin.py:151} INFO - [2023-11-22T18:46:32.851+0000] {dag.py:2941} INFO - Sync 1 DAGs
[2023-11-22T18:46:32.856+0000] {logging_mixin.py:151} INFO - [2023-11-22T18:46:32.856+0000] {dag.py:3722} INFO - Setting next_dagrun for example_complex to None, run_after=None
[2023-11-22T18:46:32.864+0000] {processor.py:179} INFO - Processing /home/airflow/.local/lib/python3.8/site-packages/airflow/example_dags/example_complex.py took 0.129 seconds
[2023-11-22T18:47:03.062+0000] {processor.py:157} INFO - Started process (PID=1207) to work on /home/airflow/.local/lib/python3.8/site-packages/airflow/example_dags/example_complex.py
[2023-11-22T18:47:03.063+0000] {processor.py:829} INFO - Processing file /home/airflow/.local/lib/python3.8/site-packages/airflow/example_dags/example_complex.py for tasks to queue
[2023-11-22T18:47:03.064+0000] {logging_mixin.py:151} INFO - [2023-11-22T18:47:03.064+0000] {dagbag.py:536} INFO - Filling up the DagBag from /home/airflow/.local/lib/python3.8/site-packages/airflow/example_dags/example_complex.py
[2023-11-22T18:47:03.069+0000] {processor.py:839} INFO - DAG(s) dict_keys(['example_complex']) retrieved from /home/airflow/.local/lib/python3.8/site-packages/airflow/example_dags/example_complex.py
[2023-11-22T18:47:03.170+0000] {logging_mixin.py:151} INFO - [2023-11-22T18:47:03.169+0000] {dag.py:2941} INFO - Sync 1 DAGs
[2023-11-22T18:47:03.174+0000] {logging_mixin.py:151} INFO - [2023-11-22T18:47:03.174+0000] {dag.py:3722} INFO - Setting next_dagrun for example_complex to None, run_after=None
[2023-11-22T18:47:03.181+0000] {processor.py:179} INFO - Processing /home/airflow/.local/lib/python3.8/site-packages/airflow/example_dags/example_complex.py took 0.121 seconds
[2023-11-22T18:47:33.495+0000] {processor.py:157} INFO - Started process (PID=1264) to work on /home/airflow/.local/lib/python3.8/site-packages/airflow/example_dags/example_complex.py
[2023-11-22T18:47:33.495+0000] {processor.py:829} INFO - Processing file /home/airflow/.local/lib/python3.8/site-packages/airflow/example_dags/example_complex.py for tasks to queue
[2023-11-22T18:47:33.497+0000] {logging_mixin.py:151} INFO - [2023-11-22T18:47:33.496+0000] {dagbag.py:536} INFO - Filling up the DagBag from /home/airflow/.local/lib/python3.8/site-packages/airflow/example_dags/example_complex.py
[2023-11-22T18:47:33.502+0000] {processor.py:839} INFO - DAG(s) dict_keys(['example_complex']) retrieved from /home/airflow/.local/lib/python3.8/site-packages/airflow/example_dags/example_complex.py
[2023-11-22T18:47:33.515+0000] {logging_mixin.py:151} INFO - [2023-11-22T18:47:33.515+0000] {dag.py:2941} INFO - Sync 1 DAGs
[2023-11-22T18:47:33.521+0000] {logging_mixin.py:151} INFO - [2023-11-22T18:47:33.521+0000] {dag.py:3722} INFO - Setting next_dagrun for example_complex to None, run_after=None
[2023-11-22T18:47:33.529+0000] {processor.py:179} INFO - Processing /home/airflow/.local/lib/python3.8/site-packages/airflow/example_dags/example_complex.py took 0.036 seconds
[2023-11-22T18:48:04.033+0000] {processor.py:157} INFO - Started process (PID=1321) to work on /home/airflow/.local/lib/python3.8/site-packages/airflow/example_dags/example_complex.py
[2023-11-22T18:48:04.034+0000] {processor.py:829} INFO - Processing file /home/airflow/.local/lib/python3.8/site-packages/airflow/example_dags/example_complex.py for tasks to queue
[2023-11-22T18:48:04.035+0000] {logging_mixin.py:151} INFO - [2023-11-22T18:48:04.035+0000] {dagbag.py:536} INFO - Filling up the DagBag from /home/airflow/.local/lib/python3.8/site-packages/airflow/example_dags/example_complex.py
[2023-11-22T18:48:04.041+0000] {processor.py:839} INFO - DAG(s) dict_keys(['example_complex']) retrieved from /home/airflow/.local/lib/python3.8/site-packages/airflow/example_dags/example_complex.py
[2023-11-22T18:48:04.061+0000] {logging_mixin.py:151} INFO - [2023-11-22T18:48:04.061+0000] {dag.py:2941} INFO - Sync 1 DAGs
[2023-11-22T18:48:04.067+0000] {logging_mixin.py:151} INFO - [2023-11-22T18:48:04.067+0000] {dag.py:3722} INFO - Setting next_dagrun for example_complex to None, run_after=None
[2023-11-22T18:48:04.077+0000] {processor.py:179} INFO - Processing /home/airflow/.local/lib/python3.8/site-packages/airflow/example_dags/example_complex.py took 0.045 seconds
[2023-11-22T18:48:34.764+0000] {processor.py:157} INFO - Started process (PID=1378) to work on /home/airflow/.local/lib/python3.8/site-packages/airflow/example_dags/example_complex.py
[2023-11-22T18:48:34.765+0000] {processor.py:829} INFO - Processing file /home/airflow/.local/lib/python3.8/site-packages/airflow/example_dags/example_complex.py for tasks to queue
[2023-11-22T18:48:34.766+0000] {logging_mixin.py:151} INFO - [2023-11-22T18:48:34.766+0000] {dagbag.py:536} INFO - Filling up the DagBag from /home/airflow/.local/lib/python3.8/site-packages/airflow/example_dags/example_complex.py
[2023-11-22T18:48:34.771+0000] {processor.py:839} INFO - DAG(s) dict_keys(['example_complex']) retrieved from /home/airflow/.local/lib/python3.8/site-packages/airflow/example_dags/example_complex.py
[2023-11-22T18:48:34.786+0000] {logging_mixin.py:151} INFO - [2023-11-22T18:48:34.786+0000] {dag.py:2941} INFO - Sync 1 DAGs
[2023-11-22T18:48:34.791+0000] {logging_mixin.py:151} INFO - [2023-11-22T18:48:34.791+0000] {dag.py:3722} INFO - Setting next_dagrun for example_complex to None, run_after=None
[2023-11-22T18:48:34.799+0000] {processor.py:179} INFO - Processing /home/airflow/.local/lib/python3.8/site-packages/airflow/example_dags/example_complex.py took 0.036 seconds
[2023-11-22T18:49:05.556+0000] {processor.py:157} INFO - Started process (PID=1435) to work on /home/airflow/.local/lib/python3.8/site-packages/airflow/example_dags/example_complex.py
[2023-11-22T18:49:05.557+0000] {processor.py:829} INFO - Processing file /home/airflow/.local/lib/python3.8/site-packages/airflow/example_dags/example_complex.py for tasks to queue
[2023-11-22T18:49:05.558+0000] {logging_mixin.py:151} INFO - [2023-11-22T18:49:05.558+0000] {dagbag.py:536} INFO - Filling up the DagBag from /home/airflow/.local/lib/python3.8/site-packages/airflow/example_dags/example_complex.py
[2023-11-22T18:49:05.563+0000] {processor.py:839} INFO - DAG(s) dict_keys(['example_complex']) retrieved from /home/airflow/.local/lib/python3.8/site-packages/airflow/example_dags/example_complex.py
[2023-11-22T18:49:05.577+0000] {logging_mixin.py:151} INFO - [2023-11-22T18:49:05.577+0000] {dag.py:2941} INFO - Sync 1 DAGs
[2023-11-22T18:49:05.582+0000] {logging_mixin.py:151} INFO - [2023-11-22T18:49:05.582+0000] {dag.py:3722} INFO - Setting next_dagrun for example_complex to None, run_after=None
[2023-11-22T18:49:05.589+0000] {processor.py:179} INFO - Processing /home/airflow/.local/lib/python3.8/site-packages/airflow/example_dags/example_complex.py took 0.035 seconds
[2023-11-22T18:49:36.086+0000] {processor.py:157} INFO - Started process (PID=1492) to work on /home/airflow/.local/lib/python3.8/site-packages/airflow/example_dags/example_complex.py
[2023-11-22T18:49:36.087+0000] {processor.py:829} INFO - Processing file /home/airflow/.local/lib/python3.8/site-packages/airflow/example_dags/example_complex.py for tasks to queue
[2023-11-22T18:49:36.088+0000] {logging_mixin.py:151} INFO - [2023-11-22T18:49:36.088+0000] {dagbag.py:536} INFO - Filling up the DagBag from /home/airflow/.local/lib/python3.8/site-packages/airflow/example_dags/example_complex.py
[2023-11-22T18:49:36.093+0000] {processor.py:839} INFO - DAG(s) dict_keys(['example_complex']) retrieved from /home/airflow/.local/lib/python3.8/site-packages/airflow/example_dags/example_complex.py
[2023-11-22T18:49:36.108+0000] {logging_mixin.py:151} INFO - [2023-11-22T18:49:36.107+0000] {dag.py:2941} INFO - Sync 1 DAGs
[2023-11-22T18:49:36.113+0000] {logging_mixin.py:151} INFO - [2023-11-22T18:49:36.113+0000] {dag.py:3722} INFO - Setting next_dagrun for example_complex to None, run_after=None
[2023-11-22T18:49:36.121+0000] {processor.py:179} INFO - Processing /home/airflow/.local/lib/python3.8/site-packages/airflow/example_dags/example_complex.py took 0.037 seconds
[2023-11-22T18:50:06.672+0000] {processor.py:157} INFO - Started process (PID=1549) to work on /home/airflow/.local/lib/python3.8/site-packages/airflow/example_dags/example_complex.py
[2023-11-22T18:50:06.673+0000] {processor.py:829} INFO - Processing file /home/airflow/.local/lib/python3.8/site-packages/airflow/example_dags/example_complex.py for tasks to queue
[2023-11-22T18:50:06.674+0000] {logging_mixin.py:151} INFO - [2023-11-22T18:50:06.674+0000] {dagbag.py:536} INFO - Filling up the DagBag from /home/airflow/.local/lib/python3.8/site-packages/airflow/example_dags/example_complex.py
[2023-11-22T18:50:06.679+0000] {processor.py:839} INFO - DAG(s) dict_keys(['example_complex']) retrieved from /home/airflow/.local/lib/python3.8/site-packages/airflow/example_dags/example_complex.py
[2023-11-22T18:50:06.693+0000] {logging_mixin.py:151} INFO - [2023-11-22T18:50:06.693+0000] {dag.py:2941} INFO - Sync 1 DAGs
[2023-11-22T18:50:06.699+0000] {logging_mixin.py:151} INFO - [2023-11-22T18:50:06.699+0000] {dag.py:3722} INFO - Setting next_dagrun for example_complex to None, run_after=None
[2023-11-22T18:50:06.707+0000] {processor.py:179} INFO - Processing /home/airflow/.local/lib/python3.8/site-packages/airflow/example_dags/example_complex.py took 0.037 seconds
[2023-11-22T18:50:37.168+0000] {processor.py:157} INFO - Started process (PID=1606) to work on /home/airflow/.local/lib/python3.8/site-packages/airflow/example_dags/example_complex.py
[2023-11-22T18:50:37.168+0000] {processor.py:829} INFO - Processing file /home/airflow/.local/lib/python3.8/site-packages/airflow/example_dags/example_complex.py for tasks to queue
[2023-11-22T18:50:37.170+0000] {logging_mixin.py:151} INFO - [2023-11-22T18:50:37.169+0000] {dagbag.py:536} INFO - Filling up the DagBag from /home/airflow/.local/lib/python3.8/site-packages/airflow/example_dags/example_complex.py
[2023-11-22T18:50:37.175+0000] {processor.py:839} INFO - DAG(s) dict_keys(['example_complex']) retrieved from /home/airflow/.local/lib/python3.8/site-packages/airflow/example_dags/example_complex.py
[2023-11-22T18:50:37.188+0000] {logging_mixin.py:151} INFO - [2023-11-22T18:50:37.188+0000] {dag.py:2941} INFO - Sync 1 DAGs
[2023-11-22T18:50:37.194+0000] {logging_mixin.py:151} INFO - [2023-11-22T18:50:37.194+0000] {dag.py:3722} INFO - Setting next_dagrun for example_complex to None, run_after=None
[2023-11-22T18:50:37.201+0000] {processor.py:179} INFO - Processing /home/airflow/.local/lib/python3.8/site-packages/airflow/example_dags/example_complex.py took 0.035 seconds
[2023-11-22T18:51:07.893+0000] {processor.py:157} INFO - Started process (PID=1663) to work on /home/airflow/.local/lib/python3.8/site-packages/airflow/example_dags/example_complex.py
[2023-11-22T18:51:07.894+0000] {processor.py:829} INFO - Processing file /home/airflow/.local/lib/python3.8/site-packages/airflow/example_dags/example_complex.py for tasks to queue
[2023-11-22T18:51:07.895+0000] {logging_mixin.py:151} INFO - [2023-11-22T18:51:07.895+0000] {dagbag.py:536} INFO - Filling up the DagBag from /home/airflow/.local/lib/python3.8/site-packages/airflow/example_dags/example_complex.py
[2023-11-22T18:51:07.900+0000] {processor.py:839} INFO - DAG(s) dict_keys(['example_complex']) retrieved from /home/airflow/.local/lib/python3.8/site-packages/airflow/example_dags/example_complex.py
[2023-11-22T18:51:07.914+0000] {logging_mixin.py:151} INFO - [2023-11-22T18:51:07.914+0000] {dag.py:2941} INFO - Sync 1 DAGs
[2023-11-22T18:51:07.919+0000] {logging_mixin.py:151} INFO - [2023-11-22T18:51:07.919+0000] {dag.py:3722} INFO - Setting next_dagrun for example_complex to None, run_after=None
[2023-11-22T18:51:07.931+0000] {processor.py:179} INFO - Processing /home/airflow/.local/lib/python3.8/site-packages/airflow/example_dags/example_complex.py took 0.039 seconds
[2023-11-22T18:51:38.593+0000] {processor.py:157} INFO - Started process (PID=1720) to work on /home/airflow/.local/lib/python3.8/site-packages/airflow/example_dags/example_complex.py
[2023-11-22T18:51:38.594+0000] {processor.py:829} INFO - Processing file /home/airflow/.local/lib/python3.8/site-packages/airflow/example_dags/example_complex.py for tasks to queue
[2023-11-22T18:51:38.595+0000] {logging_mixin.py:151} INFO - [2023-11-22T18:51:38.595+0000] {dagbag.py:536} INFO - Filling up the DagBag from /home/airflow/.local/lib/python3.8/site-packages/airflow/example_dags/example_complex.py
[2023-11-22T18:51:38.600+0000] {processor.py:839} INFO - DAG(s) dict_keys(['example_complex']) retrieved from /home/airflow/.local/lib/python3.8/site-packages/airflow/example_dags/example_complex.py
[2023-11-22T18:51:38.614+0000] {logging_mixin.py:151} INFO - [2023-11-22T18:51:38.614+0000] {dag.py:2941} INFO - Sync 1 DAGs
[2023-11-22T18:51:38.619+0000] {logging_mixin.py:151} INFO - [2023-11-22T18:51:38.619+0000] {dag.py:3722} INFO - Setting next_dagrun for example_complex to None, run_after=None
[2023-11-22T18:51:38.626+0000] {processor.py:179} INFO - Processing /home/airflow/.local/lib/python3.8/site-packages/airflow/example_dags/example_complex.py took 0.035 seconds
[2023-11-22T18:52:09.248+0000] {processor.py:157} INFO - Started process (PID=1777) to work on /home/airflow/.local/lib/python3.8/site-packages/airflow/example_dags/example_complex.py
[2023-11-22T18:52:09.249+0000] {processor.py:829} INFO - Processing file /home/airflow/.local/lib/python3.8/site-packages/airflow/example_dags/example_complex.py for tasks to queue
[2023-11-22T18:52:09.250+0000] {logging_mixin.py:151} INFO - [2023-11-22T18:52:09.250+0000] {dagbag.py:536} INFO - Filling up the DagBag from /home/airflow/.local/lib/python3.8/site-packages/airflow/example_dags/example_complex.py
[2023-11-22T18:52:09.255+0000] {processor.py:839} INFO - DAG(s) dict_keys(['example_complex']) retrieved from /home/airflow/.local/lib/python3.8/site-packages/airflow/example_dags/example_complex.py
[2023-11-22T18:52:09.269+0000] {logging_mixin.py:151} INFO - [2023-11-22T18:52:09.269+0000] {dag.py:2941} INFO - Sync 1 DAGs
[2023-11-22T18:52:09.275+0000] {logging_mixin.py:151} INFO - [2023-11-22T18:52:09.274+0000] {dag.py:3722} INFO - Setting next_dagrun for example_complex to None, run_after=None
[2023-11-22T18:52:09.282+0000] {processor.py:179} INFO - Processing /home/airflow/.local/lib/python3.8/site-packages/airflow/example_dags/example_complex.py took 0.036 seconds
[2023-11-22T18:52:39.934+0000] {processor.py:157} INFO - Started process (PID=1834) to work on /home/airflow/.local/lib/python3.8/site-packages/airflow/example_dags/example_complex.py
[2023-11-22T18:52:39.935+0000] {processor.py:829} INFO - Processing file /home/airflow/.local/lib/python3.8/site-packages/airflow/example_dags/example_complex.py for tasks to queue
[2023-11-22T18:52:39.936+0000] {logging_mixin.py:151} INFO - [2023-11-22T18:52:39.936+0000] {dagbag.py:536} INFO - Filling up the DagBag from /home/airflow/.local/lib/python3.8/site-packages/airflow/example_dags/example_complex.py
[2023-11-22T18:52:39.941+0000] {processor.py:839} INFO - DAG(s) dict_keys(['example_complex']) retrieved from /home/airflow/.local/lib/python3.8/site-packages/airflow/example_dags/example_complex.py
[2023-11-22T18:52:39.955+0000] {logging_mixin.py:151} INFO - [2023-11-22T18:52:39.955+0000] {dag.py:2941} INFO - Sync 1 DAGs
[2023-11-22T18:52:39.961+0000] {logging_mixin.py:151} INFO - [2023-11-22T18:52:39.961+0000] {dag.py:3722} INFO - Setting next_dagrun for example_complex to None, run_after=None
[2023-11-22T18:52:39.968+0000] {processor.py:179} INFO - Processing /home/airflow/.local/lib/python3.8/site-packages/airflow/example_dags/example_complex.py took 0.036 seconds
[2023-11-22T18:53:10.469+0000] {processor.py:157} INFO - Started process (PID=1890) to work on /home/airflow/.local/lib/python3.8/site-packages/airflow/example_dags/example_complex.py
[2023-11-22T18:53:10.470+0000] {processor.py:829} INFO - Processing file /home/airflow/.local/lib/python3.8/site-packages/airflow/example_dags/example_complex.py for tasks to queue
[2023-11-22T18:53:10.471+0000] {logging_mixin.py:151} INFO - [2023-11-22T18:53:10.471+0000] {dagbag.py:536} INFO - Filling up the DagBag from /home/airflow/.local/lib/python3.8/site-packages/airflow/example_dags/example_complex.py
[2023-11-22T18:53:10.476+0000] {processor.py:839} INFO - DAG(s) dict_keys(['example_complex']) retrieved from /home/airflow/.local/lib/python3.8/site-packages/airflow/example_dags/example_complex.py
[2023-11-22T18:53:10.490+0000] {logging_mixin.py:151} INFO - [2023-11-22T18:53:10.490+0000] {dag.py:2941} INFO - Sync 1 DAGs
[2023-11-22T18:53:10.495+0000] {logging_mixin.py:151} INFO - [2023-11-22T18:53:10.495+0000] {dag.py:3722} INFO - Setting next_dagrun for example_complex to None, run_after=None
[2023-11-22T18:53:10.502+0000] {processor.py:179} INFO - Processing /home/airflow/.local/lib/python3.8/site-packages/airflow/example_dags/example_complex.py took 0.035 seconds
[2023-11-22T18:53:41.066+0000] {processor.py:157} INFO - Started process (PID=1946) to work on /home/airflow/.local/lib/python3.8/site-packages/airflow/example_dags/example_complex.py
[2023-11-22T18:53:41.066+0000] {processor.py:829} INFO - Processing file /home/airflow/.local/lib/python3.8/site-packages/airflow/example_dags/example_complex.py for tasks to queue
[2023-11-22T18:53:41.067+0000] {logging_mixin.py:151} INFO - [2023-11-22T18:53:41.067+0000] {dagbag.py:536} INFO - Filling up the DagBag from /home/airflow/.local/lib/python3.8/site-packages/airflow/example_dags/example_complex.py
[2023-11-22T18:53:41.073+0000] {processor.py:839} INFO - DAG(s) dict_keys(['example_complex']) retrieved from /home/airflow/.local/lib/python3.8/site-packages/airflow/example_dags/example_complex.py
[2023-11-22T18:53:41.087+0000] {logging_mixin.py:151} INFO - [2023-11-22T18:53:41.087+0000] {dag.py:2941} INFO - Sync 1 DAGs
[2023-11-22T18:53:41.093+0000] {logging_mixin.py:151} INFO - [2023-11-22T18:53:41.093+0000] {dag.py:3722} INFO - Setting next_dagrun for example_complex to None, run_after=None
[2023-11-22T18:53:41.101+0000] {processor.py:179} INFO - Processing /home/airflow/.local/lib/python3.8/site-packages/airflow/example_dags/example_complex.py took 0.037 seconds
[2023-11-22T18:54:11.780+0000] {processor.py:157} INFO - Started process (PID=2003) to work on /home/airflow/.local/lib/python3.8/site-packages/airflow/example_dags/example_complex.py
[2023-11-22T18:54:11.781+0000] {processor.py:829} INFO - Processing file /home/airflow/.local/lib/python3.8/site-packages/airflow/example_dags/example_complex.py for tasks to queue
[2023-11-22T18:54:11.782+0000] {logging_mixin.py:151} INFO - [2023-11-22T18:54:11.782+0000] {dagbag.py:536} INFO - Filling up the DagBag from /home/airflow/.local/lib/python3.8/site-packages/airflow/example_dags/example_complex.py
[2023-11-22T18:54:11.788+0000] {processor.py:839} INFO - DAG(s) dict_keys(['example_complex']) retrieved from /home/airflow/.local/lib/python3.8/site-packages/airflow/example_dags/example_complex.py
[2023-11-22T18:54:11.801+0000] {logging_mixin.py:151} INFO - [2023-11-22T18:54:11.801+0000] {dag.py:2941} INFO - Sync 1 DAGs
[2023-11-22T18:54:11.807+0000] {logging_mixin.py:151} INFO - [2023-11-22T18:54:11.807+0000] {dag.py:3722} INFO - Setting next_dagrun for example_complex to None, run_after=None
[2023-11-22T18:54:11.815+0000] {processor.py:179} INFO - Processing /home/airflow/.local/lib/python3.8/site-packages/airflow/example_dags/example_complex.py took 0.036 seconds
[2023-11-22T18:54:42.552+0000] {processor.py:157} INFO - Started process (PID=2067) to work on /home/airflow/.local/lib/python3.8/site-packages/airflow/example_dags/example_complex.py
[2023-11-22T18:54:42.553+0000] {processor.py:829} INFO - Processing file /home/airflow/.local/lib/python3.8/site-packages/airflow/example_dags/example_complex.py for tasks to queue
[2023-11-22T18:54:42.554+0000] {logging_mixin.py:151} INFO - [2023-11-22T18:54:42.554+0000] {dagbag.py:536} INFO - Filling up the DagBag from /home/airflow/.local/lib/python3.8/site-packages/airflow/example_dags/example_complex.py
[2023-11-22T18:54:42.559+0000] {processor.py:839} INFO - DAG(s) dict_keys(['example_complex']) retrieved from /home/airflow/.local/lib/python3.8/site-packages/airflow/example_dags/example_complex.py
[2023-11-22T18:54:42.572+0000] {logging_mixin.py:151} INFO - [2023-11-22T18:54:42.572+0000] {dag.py:2941} INFO - Sync 1 DAGs
[2023-11-22T18:54:42.578+0000] {logging_mixin.py:151} INFO - [2023-11-22T18:54:42.578+0000] {dag.py:3722} INFO - Setting next_dagrun for example_complex to None, run_after=None
[2023-11-22T18:54:42.585+0000] {processor.py:179} INFO - Processing /home/airflow/.local/lib/python3.8/site-packages/airflow/example_dags/example_complex.py took 0.034 seconds
[2023-11-22T18:55:13.319+0000] {processor.py:157} INFO - Started process (PID=2124) to work on /home/airflow/.local/lib/python3.8/site-packages/airflow/example_dags/example_complex.py
[2023-11-22T18:55:13.320+0000] {processor.py:829} INFO - Processing file /home/airflow/.local/lib/python3.8/site-packages/airflow/example_dags/example_complex.py for tasks to queue
[2023-11-22T18:55:13.321+0000] {logging_mixin.py:151} INFO - [2023-11-22T18:55:13.321+0000] {dagbag.py:536} INFO - Filling up the DagBag from /home/airflow/.local/lib/python3.8/site-packages/airflow/example_dags/example_complex.py
[2023-11-22T18:55:13.326+0000] {processor.py:839} INFO - DAG(s) dict_keys(['example_complex']) retrieved from /home/airflow/.local/lib/python3.8/site-packages/airflow/example_dags/example_complex.py
[2023-11-22T18:55:13.340+0000] {logging_mixin.py:151} INFO - [2023-11-22T18:55:13.340+0000] {dag.py:2941} INFO - Sync 1 DAGs
[2023-11-22T18:55:13.345+0000] {logging_mixin.py:151} INFO - [2023-11-22T18:55:13.345+0000] {dag.py:3722} INFO - Setting next_dagrun for example_complex to None, run_after=None
[2023-11-22T18:55:13.352+0000] {processor.py:179} INFO - Processing /home/airflow/.local/lib/python3.8/site-packages/airflow/example_dags/example_complex.py took 0.035 seconds
[2023-11-22T18:55:44.161+0000] {processor.py:157} INFO - Started process (PID=2181) to work on /home/airflow/.local/lib/python3.8/site-packages/airflow/example_dags/example_complex.py
[2023-11-22T18:55:44.161+0000] {processor.py:829} INFO - Processing file /home/airflow/.local/lib/python3.8/site-packages/airflow/example_dags/example_complex.py for tasks to queue
[2023-11-22T18:55:44.163+0000] {logging_mixin.py:151} INFO - [2023-11-22T18:55:44.163+0000] {dagbag.py:536} INFO - Filling up the DagBag from /home/airflow/.local/lib/python3.8/site-packages/airflow/example_dags/example_complex.py
[2023-11-22T18:55:44.168+0000] {processor.py:839} INFO - DAG(s) dict_keys(['example_complex']) retrieved from /home/airflow/.local/lib/python3.8/site-packages/airflow/example_dags/example_complex.py
[2023-11-22T18:55:44.181+0000] {logging_mixin.py:151} INFO - [2023-11-22T18:55:44.181+0000] {dag.py:2941} INFO - Sync 1 DAGs
[2023-11-22T18:55:44.187+0000] {logging_mixin.py:151} INFO - [2023-11-22T18:55:44.187+0000] {dag.py:3722} INFO - Setting next_dagrun for example_complex to None, run_after=None
[2023-11-22T18:55:44.194+0000] {processor.py:179} INFO - Processing /home/airflow/.local/lib/python3.8/site-packages/airflow/example_dags/example_complex.py took 0.034 seconds
[2023-11-22T18:56:14.875+0000] {processor.py:157} INFO - Started process (PID=2238) to work on /home/airflow/.local/lib/python3.8/site-packages/airflow/example_dags/example_complex.py
[2023-11-22T18:56:14.876+0000] {processor.py:829} INFO - Processing file /home/airflow/.local/lib/python3.8/site-packages/airflow/example_dags/example_complex.py for tasks to queue
[2023-11-22T18:56:14.877+0000] {logging_mixin.py:151} INFO - [2023-11-22T18:56:14.877+0000] {dagbag.py:536} INFO - Filling up the DagBag from /home/airflow/.local/lib/python3.8/site-packages/airflow/example_dags/example_complex.py
[2023-11-22T18:56:14.882+0000] {processor.py:839} INFO - DAG(s) dict_keys(['example_complex']) retrieved from /home/airflow/.local/lib/python3.8/site-packages/airflow/example_dags/example_complex.py
[2023-11-22T18:56:14.896+0000] {logging_mixin.py:151} INFO - [2023-11-22T18:56:14.896+0000] {dag.py:2941} INFO - Sync 1 DAGs
[2023-11-22T18:56:14.902+0000] {logging_mixin.py:151} INFO - [2023-11-22T18:56:14.902+0000] {dag.py:3722} INFO - Setting next_dagrun for example_complex to None, run_after=None
[2023-11-22T18:56:14.909+0000] {processor.py:179} INFO - Processing /home/airflow/.local/lib/python3.8/site-packages/airflow/example_dags/example_complex.py took 0.036 seconds
[2023-11-22T18:56:45.619+0000] {processor.py:157} INFO - Started process (PID=2295) to work on /home/airflow/.local/lib/python3.8/site-packages/airflow/example_dags/example_complex.py
[2023-11-22T18:56:45.619+0000] {processor.py:829} INFO - Processing file /home/airflow/.local/lib/python3.8/site-packages/airflow/example_dags/example_complex.py for tasks to queue
[2023-11-22T18:56:45.620+0000] {logging_mixin.py:151} INFO - [2023-11-22T18:56:45.620+0000] {dagbag.py:536} INFO - Filling up the DagBag from /home/airflow/.local/lib/python3.8/site-packages/airflow/example_dags/example_complex.py
[2023-11-22T18:56:45.625+0000] {processor.py:839} INFO - DAG(s) dict_keys(['example_complex']) retrieved from /home/airflow/.local/lib/python3.8/site-packages/airflow/example_dags/example_complex.py
[2023-11-22T18:56:45.639+0000] {logging_mixin.py:151} INFO - [2023-11-22T18:56:45.639+0000] {dag.py:2941} INFO - Sync 1 DAGs
[2023-11-22T18:56:45.645+0000] {logging_mixin.py:151} INFO - [2023-11-22T18:56:45.645+0000] {dag.py:3722} INFO - Setting next_dagrun for example_complex to None, run_after=None
[2023-11-22T18:56:45.652+0000] {processor.py:179} INFO - Processing /home/airflow/.local/lib/python3.8/site-packages/airflow/example_dags/example_complex.py took 0.035 seconds
[2023-11-22T18:57:16.395+0000] {processor.py:157} INFO - Started process (PID=2352) to work on /home/airflow/.local/lib/python3.8/site-packages/airflow/example_dags/example_complex.py
[2023-11-22T18:57:16.396+0000] {processor.py:829} INFO - Processing file /home/airflow/.local/lib/python3.8/site-packages/airflow/example_dags/example_complex.py for tasks to queue
[2023-11-22T18:57:16.397+0000] {logging_mixin.py:151} INFO - [2023-11-22T18:57:16.397+0000] {dagbag.py:536} INFO - Filling up the DagBag from /home/airflow/.local/lib/python3.8/site-packages/airflow/example_dags/example_complex.py
[2023-11-22T18:57:16.402+0000] {processor.py:839} INFO - DAG(s) dict_keys(['example_complex']) retrieved from /home/airflow/.local/lib/python3.8/site-packages/airflow/example_dags/example_complex.py
[2023-11-22T18:57:16.415+0000] {logging_mixin.py:151} INFO - [2023-11-22T18:57:16.415+0000] {dag.py:2941} INFO - Sync 1 DAGs
[2023-11-22T18:57:16.421+0000] {logging_mixin.py:151} INFO - [2023-11-22T18:57:16.421+0000] {dag.py:3722} INFO - Setting next_dagrun for example_complex to None, run_after=None
[2023-11-22T18:57:16.428+0000] {processor.py:179} INFO - Processing /home/airflow/.local/lib/python3.8/site-packages/airflow/example_dags/example_complex.py took 0.035 seconds
[2023-11-22T18:57:47.154+0000] {processor.py:157} INFO - Started process (PID=2409) to work on /home/airflow/.local/lib/python3.8/site-packages/airflow/example_dags/example_complex.py
[2023-11-22T18:57:47.155+0000] {processor.py:829} INFO - Processing file /home/airflow/.local/lib/python3.8/site-packages/airflow/example_dags/example_complex.py for tasks to queue
[2023-11-22T18:57:47.156+0000] {logging_mixin.py:151} INFO - [2023-11-22T18:57:47.156+0000] {dagbag.py:536} INFO - Filling up the DagBag from /home/airflow/.local/lib/python3.8/site-packages/airflow/example_dags/example_complex.py
[2023-11-22T18:57:47.161+0000] {processor.py:839} INFO - DAG(s) dict_keys(['example_complex']) retrieved from /home/airflow/.local/lib/python3.8/site-packages/airflow/example_dags/example_complex.py
[2023-11-22T18:57:47.174+0000] {logging_mixin.py:151} INFO - [2023-11-22T18:57:47.174+0000] {dag.py:2941} INFO - Sync 1 DAGs
[2023-11-22T18:57:47.180+0000] {logging_mixin.py:151} INFO - [2023-11-22T18:57:47.180+0000] {dag.py:3722} INFO - Setting next_dagrun for example_complex to None, run_after=None
[2023-11-22T18:57:47.187+0000] {processor.py:179} INFO - Processing /home/airflow/.local/lib/python3.8/site-packages/airflow/example_dags/example_complex.py took 0.035 seconds
[2023-11-22T18:58:17.685+0000] {processor.py:157} INFO - Started process (PID=2466) to work on /home/airflow/.local/lib/python3.8/site-packages/airflow/example_dags/example_complex.py
[2023-11-22T18:58:17.685+0000] {processor.py:829} INFO - Processing file /home/airflow/.local/lib/python3.8/site-packages/airflow/example_dags/example_complex.py for tasks to queue
[2023-11-22T18:58:17.687+0000] {logging_mixin.py:151} INFO - [2023-11-22T18:58:17.686+0000] {dagbag.py:536} INFO - Filling up the DagBag from /home/airflow/.local/lib/python3.8/site-packages/airflow/example_dags/example_complex.py
[2023-11-22T18:58:17.692+0000] {processor.py:839} INFO - DAG(s) dict_keys(['example_complex']) retrieved from /home/airflow/.local/lib/python3.8/site-packages/airflow/example_dags/example_complex.py
[2023-11-22T18:58:17.708+0000] {logging_mixin.py:151} INFO - [2023-11-22T18:58:17.708+0000] {dag.py:2941} INFO - Sync 1 DAGs
[2023-11-22T18:58:17.714+0000] {logging_mixin.py:151} INFO - [2023-11-22T18:58:17.714+0000] {dag.py:3722} INFO - Setting next_dagrun for example_complex to None, run_after=None
[2023-11-22T18:58:17.723+0000] {processor.py:179} INFO - Processing /home/airflow/.local/lib/python3.8/site-packages/airflow/example_dags/example_complex.py took 0.040 seconds
[2023-11-22T18:58:48.329+0000] {processor.py:157} INFO - Started process (PID=2523) to work on /home/airflow/.local/lib/python3.8/site-packages/airflow/example_dags/example_complex.py
[2023-11-22T18:58:48.330+0000] {processor.py:829} INFO - Processing file /home/airflow/.local/lib/python3.8/site-packages/airflow/example_dags/example_complex.py for tasks to queue
[2023-11-22T18:58:48.331+0000] {logging_mixin.py:151} INFO - [2023-11-22T18:58:48.331+0000] {dagbag.py:536} INFO - Filling up the DagBag from /home/airflow/.local/lib/python3.8/site-packages/airflow/example_dags/example_complex.py
[2023-11-22T18:58:48.337+0000] {processor.py:839} INFO - DAG(s) dict_keys(['example_complex']) retrieved from /home/airflow/.local/lib/python3.8/site-packages/airflow/example_dags/example_complex.py
[2023-11-22T18:58:48.350+0000] {logging_mixin.py:151} INFO - [2023-11-22T18:58:48.350+0000] {dag.py:2941} INFO - Sync 1 DAGs
[2023-11-22T18:58:48.356+0000] {logging_mixin.py:151} INFO - [2023-11-22T18:58:48.356+0000] {dag.py:3722} INFO - Setting next_dagrun for example_complex to None, run_after=None
[2023-11-22T18:58:48.364+0000] {processor.py:179} INFO - Processing /home/airflow/.local/lib/python3.8/site-packages/airflow/example_dags/example_complex.py took 0.037 seconds
[2023-11-22T18:59:18.983+0000] {processor.py:157} INFO - Started process (PID=2580) to work on /home/airflow/.local/lib/python3.8/site-packages/airflow/example_dags/example_complex.py
[2023-11-22T18:59:18.984+0000] {processor.py:829} INFO - Processing file /home/airflow/.local/lib/python3.8/site-packages/airflow/example_dags/example_complex.py for tasks to queue
[2023-11-22T18:59:18.985+0000] {logging_mixin.py:151} INFO - [2023-11-22T18:59:18.985+0000] {dagbag.py:536} INFO - Filling up the DagBag from /home/airflow/.local/lib/python3.8/site-packages/airflow/example_dags/example_complex.py
[2023-11-22T18:59:18.990+0000] {processor.py:839} INFO - DAG(s) dict_keys(['example_complex']) retrieved from /home/airflow/.local/lib/python3.8/site-packages/airflow/example_dags/example_complex.py
[2023-11-22T18:59:19.005+0000] {logging_mixin.py:151} INFO - [2023-11-22T18:59:19.005+0000] {dag.py:2941} INFO - Sync 1 DAGs
[2023-11-22T18:59:19.011+0000] {logging_mixin.py:151} INFO - [2023-11-22T18:59:19.011+0000] {dag.py:3722} INFO - Setting next_dagrun for example_complex to None, run_after=None
[2023-11-22T18:59:19.020+0000] {processor.py:179} INFO - Processing /home/airflow/.local/lib/python3.8/site-packages/airflow/example_dags/example_complex.py took 0.039 seconds
[2023-11-22T18:59:49.728+0000] {processor.py:157} INFO - Started process (PID=2637) to work on /home/airflow/.local/lib/python3.8/site-packages/airflow/example_dags/example_complex.py
[2023-11-22T18:59:49.729+0000] {processor.py:829} INFO - Processing file /home/airflow/.local/lib/python3.8/site-packages/airflow/example_dags/example_complex.py for tasks to queue
[2023-11-22T18:59:49.730+0000] {logging_mixin.py:151} INFO - [2023-11-22T18:59:49.730+0000] {dagbag.py:536} INFO - Filling up the DagBag from /home/airflow/.local/lib/python3.8/site-packages/airflow/example_dags/example_complex.py
[2023-11-22T18:59:49.735+0000] {processor.py:839} INFO - DAG(s) dict_keys(['example_complex']) retrieved from /home/airflow/.local/lib/python3.8/site-packages/airflow/example_dags/example_complex.py
[2023-11-22T18:59:49.749+0000] {logging_mixin.py:151} INFO - [2023-11-22T18:59:49.749+0000] {dag.py:2941} INFO - Sync 1 DAGs
[2023-11-22T18:59:49.755+0000] {logging_mixin.py:151} INFO - [2023-11-22T18:59:49.755+0000] {dag.py:3722} INFO - Setting next_dagrun for example_complex to None, run_after=None
[2023-11-22T18:59:49.763+0000] {processor.py:179} INFO - Processing /home/airflow/.local/lib/python3.8/site-packages/airflow/example_dags/example_complex.py took 0.037 seconds
[2023-11-22T19:00:20.469+0000] {processor.py:157} INFO - Started process (PID=2694) to work on /home/airflow/.local/lib/python3.8/site-packages/airflow/example_dags/example_complex.py
[2023-11-22T19:00:20.469+0000] {processor.py:829} INFO - Processing file /home/airflow/.local/lib/python3.8/site-packages/airflow/example_dags/example_complex.py for tasks to queue
[2023-11-22T19:00:20.471+0000] {logging_mixin.py:151} INFO - [2023-11-22T19:00:20.471+0000] {dagbag.py:536} INFO - Filling up the DagBag from /home/airflow/.local/lib/python3.8/site-packages/airflow/example_dags/example_complex.py
[2023-11-22T19:00:20.476+0000] {processor.py:839} INFO - DAG(s) dict_keys(['example_complex']) retrieved from /home/airflow/.local/lib/python3.8/site-packages/airflow/example_dags/example_complex.py
[2023-11-22T19:00:20.491+0000] {logging_mixin.py:151} INFO - [2023-11-22T19:00:20.491+0000] {dag.py:2941} INFO - Sync 1 DAGs
[2023-11-22T19:00:20.497+0000] {logging_mixin.py:151} INFO - [2023-11-22T19:00:20.497+0000] {dag.py:3722} INFO - Setting next_dagrun for example_complex to None, run_after=None
[2023-11-22T19:00:20.506+0000] {processor.py:179} INFO - Processing /home/airflow/.local/lib/python3.8/site-packages/airflow/example_dags/example_complex.py took 0.040 seconds
[2023-11-22T19:00:51.096+0000] {processor.py:157} INFO - Started process (PID=2751) to work on /home/airflow/.local/lib/python3.8/site-packages/airflow/example_dags/example_complex.py
[2023-11-22T19:00:51.097+0000] {processor.py:829} INFO - Processing file /home/airflow/.local/lib/python3.8/site-packages/airflow/example_dags/example_complex.py for tasks to queue
[2023-11-22T19:00:51.098+0000] {logging_mixin.py:151} INFO - [2023-11-22T19:00:51.098+0000] {dagbag.py:536} INFO - Filling up the DagBag from /home/airflow/.local/lib/python3.8/site-packages/airflow/example_dags/example_complex.py
[2023-11-22T19:00:51.104+0000] {processor.py:839} INFO - DAG(s) dict_keys(['example_complex']) retrieved from /home/airflow/.local/lib/python3.8/site-packages/airflow/example_dags/example_complex.py
[2023-11-22T19:00:51.119+0000] {logging_mixin.py:151} INFO - [2023-11-22T19:00:51.119+0000] {dag.py:2941} INFO - Sync 1 DAGs
[2023-11-22T19:00:51.124+0000] {logging_mixin.py:151} INFO - [2023-11-22T19:00:51.124+0000] {dag.py:3722} INFO - Setting next_dagrun for example_complex to None, run_after=None
[2023-11-22T19:00:51.133+0000] {processor.py:179} INFO - Processing /home/airflow/.local/lib/python3.8/site-packages/airflow/example_dags/example_complex.py took 0.039 seconds
[2023-11-22T19:01:21.703+0000] {processor.py:157} INFO - Started process (PID=2808) to work on /home/airflow/.local/lib/python3.8/site-packages/airflow/example_dags/example_complex.py
[2023-11-22T19:01:21.704+0000] {processor.py:829} INFO - Processing file /home/airflow/.local/lib/python3.8/site-packages/airflow/example_dags/example_complex.py for tasks to queue
[2023-11-22T19:01:21.705+0000] {logging_mixin.py:151} INFO - [2023-11-22T19:01:21.705+0000] {dagbag.py:536} INFO - Filling up the DagBag from /home/airflow/.local/lib/python3.8/site-packages/airflow/example_dags/example_complex.py
[2023-11-22T19:01:21.710+0000] {processor.py:839} INFO - DAG(s) dict_keys(['example_complex']) retrieved from /home/airflow/.local/lib/python3.8/site-packages/airflow/example_dags/example_complex.py
[2023-11-22T19:01:21.725+0000] {logging_mixin.py:151} INFO - [2023-11-22T19:01:21.725+0000] {dag.py:2941} INFO - Sync 1 DAGs
[2023-11-22T19:01:21.731+0000] {logging_mixin.py:151} INFO - [2023-11-22T19:01:21.731+0000] {dag.py:3722} INFO - Setting next_dagrun for example_complex to None, run_after=None
[2023-11-22T19:01:21.738+0000] {processor.py:179} INFO - Processing /home/airflow/.local/lib/python3.8/site-packages/airflow/example_dags/example_complex.py took 0.037 seconds
[2023-11-22T19:01:52.314+0000] {processor.py:157} INFO - Started process (PID=2866) to work on /home/airflow/.local/lib/python3.8/site-packages/airflow/example_dags/example_complex.py
[2023-11-22T19:01:52.315+0000] {processor.py:829} INFO - Processing file /home/airflow/.local/lib/python3.8/site-packages/airflow/example_dags/example_complex.py for tasks to queue
[2023-11-22T19:01:52.316+0000] {logging_mixin.py:151} INFO - [2023-11-22T19:01:52.316+0000] {dagbag.py:536} INFO - Filling up the DagBag from /home/airflow/.local/lib/python3.8/site-packages/airflow/example_dags/example_complex.py
[2023-11-22T19:01:52.322+0000] {processor.py:839} INFO - DAG(s) dict_keys(['example_complex']) retrieved from /home/airflow/.local/lib/python3.8/site-packages/airflow/example_dags/example_complex.py
[2023-11-22T19:01:52.337+0000] {logging_mixin.py:151} INFO - [2023-11-22T19:01:52.337+0000] {dag.py:2941} INFO - Sync 1 DAGs
[2023-11-22T19:01:52.344+0000] {logging_mixin.py:151} INFO - [2023-11-22T19:01:52.344+0000] {dag.py:3722} INFO - Setting next_dagrun for example_complex to None, run_after=None
[2023-11-22T19:01:52.353+0000] {processor.py:179} INFO - Processing /home/airflow/.local/lib/python3.8/site-packages/airflow/example_dags/example_complex.py took 0.041 seconds
[2023-11-22T19:02:22.971+0000] {processor.py:157} INFO - Started process (PID=2923) to work on /home/airflow/.local/lib/python3.8/site-packages/airflow/example_dags/example_complex.py
[2023-11-22T19:02:22.971+0000] {processor.py:829} INFO - Processing file /home/airflow/.local/lib/python3.8/site-packages/airflow/example_dags/example_complex.py for tasks to queue
[2023-11-22T19:02:22.972+0000] {logging_mixin.py:151} INFO - [2023-11-22T19:02:22.972+0000] {dagbag.py:536} INFO - Filling up the DagBag from /home/airflow/.local/lib/python3.8/site-packages/airflow/example_dags/example_complex.py
[2023-11-22T19:02:22.977+0000] {processor.py:839} INFO - DAG(s) dict_keys(['example_complex']) retrieved from /home/airflow/.local/lib/python3.8/site-packages/airflow/example_dags/example_complex.py
[2023-11-22T19:02:22.992+0000] {logging_mixin.py:151} INFO - [2023-11-22T19:02:22.992+0000] {dag.py:2941} INFO - Sync 1 DAGs
[2023-11-22T19:02:22.998+0000] {logging_mixin.py:151} INFO - [2023-11-22T19:02:22.998+0000] {dag.py:3722} INFO - Setting next_dagrun for example_complex to None, run_after=None
[2023-11-22T19:02:23.006+0000] {processor.py:179} INFO - Processing /home/airflow/.local/lib/python3.8/site-packages/airflow/example_dags/example_complex.py took 0.037 seconds
[2023-11-22T19:02:53.640+0000] {processor.py:157} INFO - Started process (PID=2980) to work on /home/airflow/.local/lib/python3.8/site-packages/airflow/example_dags/example_complex.py
[2023-11-22T19:02:53.640+0000] {processor.py:829} INFO - Processing file /home/airflow/.local/lib/python3.8/site-packages/airflow/example_dags/example_complex.py for tasks to queue
[2023-11-22T19:02:53.641+0000] {logging_mixin.py:151} INFO - [2023-11-22T19:02:53.641+0000] {dagbag.py:536} INFO - Filling up the DagBag from /home/airflow/.local/lib/python3.8/site-packages/airflow/example_dags/example_complex.py
[2023-11-22T19:02:53.646+0000] {processor.py:839} INFO - DAG(s) dict_keys(['example_complex']) retrieved from /home/airflow/.local/lib/python3.8/site-packages/airflow/example_dags/example_complex.py
[2023-11-22T19:02:53.661+0000] {logging_mixin.py:151} INFO - [2023-11-22T19:02:53.661+0000] {dag.py:2941} INFO - Sync 1 DAGs
[2023-11-22T19:02:53.667+0000] {logging_mixin.py:151} INFO - [2023-11-22T19:02:53.667+0000] {dag.py:3722} INFO - Setting next_dagrun for example_complex to None, run_after=None
[2023-11-22T19:02:53.676+0000] {processor.py:179} INFO - Processing /home/airflow/.local/lib/python3.8/site-packages/airflow/example_dags/example_complex.py took 0.038 seconds
[2023-11-22T19:03:24.307+0000] {processor.py:157} INFO - Started process (PID=3036) to work on /home/airflow/.local/lib/python3.8/site-packages/airflow/example_dags/example_complex.py
[2023-11-22T19:03:24.307+0000] {processor.py:829} INFO - Processing file /home/airflow/.local/lib/python3.8/site-packages/airflow/example_dags/example_complex.py for tasks to queue
[2023-11-22T19:03:24.308+0000] {logging_mixin.py:151} INFO - [2023-11-22T19:03:24.308+0000] {dagbag.py:536} INFO - Filling up the DagBag from /home/airflow/.local/lib/python3.8/site-packages/airflow/example_dags/example_complex.py
[2023-11-22T19:03:24.313+0000] {processor.py:839} INFO - DAG(s) dict_keys(['example_complex']) retrieved from /home/airflow/.local/lib/python3.8/site-packages/airflow/example_dags/example_complex.py
[2023-11-22T19:03:24.328+0000] {logging_mixin.py:151} INFO - [2023-11-22T19:03:24.328+0000] {dag.py:2941} INFO - Sync 1 DAGs
[2023-11-22T19:03:24.334+0000] {logging_mixin.py:151} INFO - [2023-11-22T19:03:24.334+0000] {dag.py:3722} INFO - Setting next_dagrun for example_complex to None, run_after=None
[2023-11-22T19:03:24.342+0000] {processor.py:179} INFO - Processing /home/airflow/.local/lib/python3.8/site-packages/airflow/example_dags/example_complex.py took 0.037 seconds
[2023-11-22T19:03:54.993+0000] {processor.py:157} INFO - Started process (PID=3093) to work on /home/airflow/.local/lib/python3.8/site-packages/airflow/example_dags/example_complex.py
[2023-11-22T19:03:54.994+0000] {processor.py:829} INFO - Processing file /home/airflow/.local/lib/python3.8/site-packages/airflow/example_dags/example_complex.py for tasks to queue
[2023-11-22T19:03:54.995+0000] {logging_mixin.py:151} INFO - [2023-11-22T19:03:54.995+0000] {dagbag.py:536} INFO - Filling up the DagBag from /home/airflow/.local/lib/python3.8/site-packages/airflow/example_dags/example_complex.py
[2023-11-22T19:03:55.000+0000] {processor.py:839} INFO - DAG(s) dict_keys(['example_complex']) retrieved from /home/airflow/.local/lib/python3.8/site-packages/airflow/example_dags/example_complex.py
[2023-11-22T19:03:55.015+0000] {logging_mixin.py:151} INFO - [2023-11-22T19:03:55.015+0000] {dag.py:2941} INFO - Sync 1 DAGs
[2023-11-22T19:03:55.021+0000] {logging_mixin.py:151} INFO - [2023-11-22T19:03:55.021+0000] {dag.py:3722} INFO - Setting next_dagrun for example_complex to None, run_after=None
[2023-11-22T19:03:55.029+0000] {processor.py:179} INFO - Processing /home/airflow/.local/lib/python3.8/site-packages/airflow/example_dags/example_complex.py took 0.037 seconds
[2023-11-22T19:04:25.645+0000] {processor.py:157} INFO - Started process (PID=3150) to work on /home/airflow/.local/lib/python3.8/site-packages/airflow/example_dags/example_complex.py
[2023-11-22T19:04:25.645+0000] {processor.py:829} INFO - Processing file /home/airflow/.local/lib/python3.8/site-packages/airflow/example_dags/example_complex.py for tasks to queue
[2023-11-22T19:04:25.647+0000] {logging_mixin.py:151} INFO - [2023-11-22T19:04:25.647+0000] {dagbag.py:536} INFO - Filling up the DagBag from /home/airflow/.local/lib/python3.8/site-packages/airflow/example_dags/example_complex.py
[2023-11-22T19:04:25.652+0000] {processor.py:839} INFO - DAG(s) dict_keys(['example_complex']) retrieved from /home/airflow/.local/lib/python3.8/site-packages/airflow/example_dags/example_complex.py
[2023-11-22T19:04:25.665+0000] {logging_mixin.py:151} INFO - [2023-11-22T19:04:25.665+0000] {dag.py:2941} INFO - Sync 1 DAGs
[2023-11-22T19:04:25.671+0000] {logging_mixin.py:151} INFO - [2023-11-22T19:04:25.671+0000] {dag.py:3722} INFO - Setting next_dagrun for example_complex to None, run_after=None
[2023-11-22T19:04:25.679+0000] {processor.py:179} INFO - Processing /home/airflow/.local/lib/python3.8/site-packages/airflow/example_dags/example_complex.py took 0.036 seconds
[2023-11-22T19:04:56.294+0000] {processor.py:157} INFO - Started process (PID=3207) to work on /home/airflow/.local/lib/python3.8/site-packages/airflow/example_dags/example_complex.py
[2023-11-22T19:04:56.294+0000] {processor.py:829} INFO - Processing file /home/airflow/.local/lib/python3.8/site-packages/airflow/example_dags/example_complex.py for tasks to queue
[2023-11-22T19:04:56.296+0000] {logging_mixin.py:151} INFO - [2023-11-22T19:04:56.295+0000] {dagbag.py:536} INFO - Filling up the DagBag from /home/airflow/.local/lib/python3.8/site-packages/airflow/example_dags/example_complex.py
[2023-11-22T19:04:56.301+0000] {processor.py:839} INFO - DAG(s) dict_keys(['example_complex']) retrieved from /home/airflow/.local/lib/python3.8/site-packages/airflow/example_dags/example_complex.py
[2023-11-22T19:04:56.315+0000] {logging_mixin.py:151} INFO - [2023-11-22T19:04:56.315+0000] {dag.py:2941} INFO - Sync 1 DAGs
[2023-11-22T19:04:56.321+0000] {logging_mixin.py:151} INFO - [2023-11-22T19:04:56.320+0000] {dag.py:3722} INFO - Setting next_dagrun for example_complex to None, run_after=None
[2023-11-22T19:04:56.328+0000] {processor.py:179} INFO - Processing /home/airflow/.local/lib/python3.8/site-packages/airflow/example_dags/example_complex.py took 0.036 seconds
[2023-11-22T19:05:26.882+0000] {processor.py:157} INFO - Started process (PID=3265) to work on /home/airflow/.local/lib/python3.8/site-packages/airflow/example_dags/example_complex.py
[2023-11-22T19:05:26.883+0000] {processor.py:829} INFO - Processing file /home/airflow/.local/lib/python3.8/site-packages/airflow/example_dags/example_complex.py for tasks to queue
[2023-11-22T19:05:26.884+0000] {logging_mixin.py:151} INFO - [2023-11-22T19:05:26.883+0000] {dagbag.py:536} INFO - Filling up the DagBag from /home/airflow/.local/lib/python3.8/site-packages/airflow/example_dags/example_complex.py
[2023-11-22T19:05:26.889+0000] {processor.py:839} INFO - DAG(s) dict_keys(['example_complex']) retrieved from /home/airflow/.local/lib/python3.8/site-packages/airflow/example_dags/example_complex.py
[2023-11-22T19:05:26.903+0000] {logging_mixin.py:151} INFO - [2023-11-22T19:05:26.903+0000] {dag.py:2941} INFO - Sync 1 DAGs
[2023-11-22T19:05:26.909+0000] {logging_mixin.py:151} INFO - [2023-11-22T19:05:26.909+0000] {dag.py:3722} INFO - Setting next_dagrun for example_complex to None, run_after=None
[2023-11-22T19:05:26.917+0000] {processor.py:179} INFO - Processing /home/airflow/.local/lib/python3.8/site-packages/airflow/example_dags/example_complex.py took 0.037 seconds
[2023-11-22T19:05:57.606+0000] {processor.py:157} INFO - Started process (PID=3322) to work on /home/airflow/.local/lib/python3.8/site-packages/airflow/example_dags/example_complex.py
[2023-11-22T19:05:57.606+0000] {processor.py:829} INFO - Processing file /home/airflow/.local/lib/python3.8/site-packages/airflow/example_dags/example_complex.py for tasks to queue
[2023-11-22T19:05:57.608+0000] {logging_mixin.py:151} INFO - [2023-11-22T19:05:57.607+0000] {dagbag.py:536} INFO - Filling up the DagBag from /home/airflow/.local/lib/python3.8/site-packages/airflow/example_dags/example_complex.py
[2023-11-22T19:05:57.613+0000] {processor.py:839} INFO - DAG(s) dict_keys(['example_complex']) retrieved from /home/airflow/.local/lib/python3.8/site-packages/airflow/example_dags/example_complex.py
[2023-11-22T19:05:57.632+0000] {logging_mixin.py:151} INFO - [2023-11-22T19:05:57.632+0000] {dag.py:2941} INFO - Sync 1 DAGs
[2023-11-22T19:05:57.638+0000] {logging_mixin.py:151} INFO - [2023-11-22T19:05:57.638+0000] {dag.py:3722} INFO - Setting next_dagrun for example_complex to None, run_after=None
[2023-11-22T19:05:57.647+0000] {processor.py:179} INFO - Processing /home/airflow/.local/lib/python3.8/site-packages/airflow/example_dags/example_complex.py took 0.043 seconds
[2023-11-22T19:06:28.149+0000] {processor.py:157} INFO - Started process (PID=3379) to work on /home/airflow/.local/lib/python3.8/site-packages/airflow/example_dags/example_complex.py
[2023-11-22T19:06:28.150+0000] {processor.py:829} INFO - Processing file /home/airflow/.local/lib/python3.8/site-packages/airflow/example_dags/example_complex.py for tasks to queue
[2023-11-22T19:06:28.151+0000] {logging_mixin.py:151} INFO - [2023-11-22T19:06:28.151+0000] {dagbag.py:536} INFO - Filling up the DagBag from /home/airflow/.local/lib/python3.8/site-packages/airflow/example_dags/example_complex.py
[2023-11-22T19:06:28.156+0000] {processor.py:839} INFO - DAG(s) dict_keys(['example_complex']) retrieved from /home/airflow/.local/lib/python3.8/site-packages/airflow/example_dags/example_complex.py
[2023-11-22T19:06:28.169+0000] {logging_mixin.py:151} INFO - [2023-11-22T19:06:28.169+0000] {dag.py:2941} INFO - Sync 1 DAGs
[2023-11-22T19:06:28.175+0000] {logging_mixin.py:151} INFO - [2023-11-22T19:06:28.175+0000] {dag.py:3722} INFO - Setting next_dagrun for example_complex to None, run_after=None
[2023-11-22T19:06:28.183+0000] {processor.py:179} INFO - Processing /home/airflow/.local/lib/python3.8/site-packages/airflow/example_dags/example_complex.py took 0.035 seconds
[2023-11-22T19:06:58.692+0000] {processor.py:157} INFO - Started process (PID=3436) to work on /home/airflow/.local/lib/python3.8/site-packages/airflow/example_dags/example_complex.py
[2023-11-22T19:06:58.693+0000] {processor.py:829} INFO - Processing file /home/airflow/.local/lib/python3.8/site-packages/airflow/example_dags/example_complex.py for tasks to queue
[2023-11-22T19:06:58.695+0000] {logging_mixin.py:151} INFO - [2023-11-22T19:06:58.694+0000] {dagbag.py:536} INFO - Filling up the DagBag from /home/airflow/.local/lib/python3.8/site-packages/airflow/example_dags/example_complex.py
[2023-11-22T19:06:58.702+0000] {processor.py:839} INFO - DAG(s) dict_keys(['example_complex']) retrieved from /home/airflow/.local/lib/python3.8/site-packages/airflow/example_dags/example_complex.py
[2023-11-22T19:06:58.717+0000] {logging_mixin.py:151} INFO - [2023-11-22T19:06:58.717+0000] {dag.py:2941} INFO - Sync 1 DAGs
[2023-11-22T19:06:58.723+0000] {logging_mixin.py:151} INFO - [2023-11-22T19:06:58.723+0000] {dag.py:3722} INFO - Setting next_dagrun for example_complex to None, run_after=None
[2023-11-22T19:06:58.732+0000] {processor.py:179} INFO - Processing /home/airflow/.local/lib/python3.8/site-packages/airflow/example_dags/example_complex.py took 0.042 seconds
[2023-11-22T19:07:29.203+0000] {processor.py:157} INFO - Started process (PID=3493) to work on /home/airflow/.local/lib/python3.8/site-packages/airflow/example_dags/example_complex.py
[2023-11-22T19:07:29.204+0000] {processor.py:829} INFO - Processing file /home/airflow/.local/lib/python3.8/site-packages/airflow/example_dags/example_complex.py for tasks to queue
[2023-11-22T19:07:29.206+0000] {logging_mixin.py:151} INFO - [2023-11-22T19:07:29.206+0000] {dagbag.py:536} INFO - Filling up the DagBag from /home/airflow/.local/lib/python3.8/site-packages/airflow/example_dags/example_complex.py
[2023-11-22T19:07:29.211+0000] {processor.py:839} INFO - DAG(s) dict_keys(['example_complex']) retrieved from /home/airflow/.local/lib/python3.8/site-packages/airflow/example_dags/example_complex.py
[2023-11-22T19:07:29.229+0000] {logging_mixin.py:151} INFO - [2023-11-22T19:07:29.229+0000] {dag.py:2941} INFO - Sync 1 DAGs
[2023-11-22T19:07:29.236+0000] {logging_mixin.py:151} INFO - [2023-11-22T19:07:29.236+0000] {dag.py:3722} INFO - Setting next_dagrun for example_complex to None, run_after=None
[2023-11-22T19:07:29.244+0000] {processor.py:179} INFO - Processing /home/airflow/.local/lib/python3.8/site-packages/airflow/example_dags/example_complex.py took 0.043 seconds
[2023-11-22T19:07:59.781+0000] {processor.py:157} INFO - Started process (PID=3550) to work on /home/airflow/.local/lib/python3.8/site-packages/airflow/example_dags/example_complex.py
[2023-11-22T19:07:59.781+0000] {processor.py:829} INFO - Processing file /home/airflow/.local/lib/python3.8/site-packages/airflow/example_dags/example_complex.py for tasks to queue
[2023-11-22T19:07:59.782+0000] {logging_mixin.py:151} INFO - [2023-11-22T19:07:59.782+0000] {dagbag.py:536} INFO - Filling up the DagBag from /home/airflow/.local/lib/python3.8/site-packages/airflow/example_dags/example_complex.py
[2023-11-22T19:07:59.788+0000] {processor.py:839} INFO - DAG(s) dict_keys(['example_complex']) retrieved from /home/airflow/.local/lib/python3.8/site-packages/airflow/example_dags/example_complex.py
[2023-11-22T19:07:59.801+0000] {logging_mixin.py:151} INFO - [2023-11-22T19:07:59.801+0000] {dag.py:2941} INFO - Sync 1 DAGs
[2023-11-22T19:07:59.806+0000] {logging_mixin.py:151} INFO - [2023-11-22T19:07:59.806+0000] {dag.py:3722} INFO - Setting next_dagrun for example_complex to None, run_after=None
[2023-11-22T19:07:59.813+0000] {processor.py:179} INFO - Processing /home/airflow/.local/lib/python3.8/site-packages/airflow/example_dags/example_complex.py took 0.034 seconds
[2023-11-22T19:08:30.338+0000] {processor.py:157} INFO - Started process (PID=3607) to work on /home/airflow/.local/lib/python3.8/site-packages/airflow/example_dags/example_complex.py
[2023-11-22T19:08:30.338+0000] {processor.py:829} INFO - Processing file /home/airflow/.local/lib/python3.8/site-packages/airflow/example_dags/example_complex.py for tasks to queue
[2023-11-22T19:08:30.339+0000] {logging_mixin.py:151} INFO - [2023-11-22T19:08:30.339+0000] {dagbag.py:536} INFO - Filling up the DagBag from /home/airflow/.local/lib/python3.8/site-packages/airflow/example_dags/example_complex.py
[2023-11-22T19:08:30.345+0000] {processor.py:839} INFO - DAG(s) dict_keys(['example_complex']) retrieved from /home/airflow/.local/lib/python3.8/site-packages/airflow/example_dags/example_complex.py
[2023-11-22T19:08:30.358+0000] {logging_mixin.py:151} INFO - [2023-11-22T19:08:30.358+0000] {dag.py:2941} INFO - Sync 1 DAGs
[2023-11-22T19:08:30.363+0000] {logging_mixin.py:151} INFO - [2023-11-22T19:08:30.363+0000] {dag.py:3722} INFO - Setting next_dagrun for example_complex to None, run_after=None
[2023-11-22T19:08:30.371+0000] {processor.py:179} INFO - Processing /home/airflow/.local/lib/python3.8/site-packages/airflow/example_dags/example_complex.py took 0.035 seconds
[2023-11-22T19:09:00.952+0000] {processor.py:157} INFO - Started process (PID=3664) to work on /home/airflow/.local/lib/python3.8/site-packages/airflow/example_dags/example_complex.py
[2023-11-22T19:09:00.953+0000] {processor.py:829} INFO - Processing file /home/airflow/.local/lib/python3.8/site-packages/airflow/example_dags/example_complex.py for tasks to queue
[2023-11-22T19:09:00.954+0000] {logging_mixin.py:151} INFO - [2023-11-22T19:09:00.954+0000] {dagbag.py:536} INFO - Filling up the DagBag from /home/airflow/.local/lib/python3.8/site-packages/airflow/example_dags/example_complex.py
[2023-11-22T19:09:00.959+0000] {processor.py:839} INFO - DAG(s) dict_keys(['example_complex']) retrieved from /home/airflow/.local/lib/python3.8/site-packages/airflow/example_dags/example_complex.py
[2023-11-22T19:09:00.973+0000] {logging_mixin.py:151} INFO - [2023-11-22T19:09:00.973+0000] {dag.py:2941} INFO - Sync 1 DAGs
[2023-11-22T19:09:00.979+0000] {logging_mixin.py:151} INFO - [2023-11-22T19:09:00.979+0000] {dag.py:3722} INFO - Setting next_dagrun for example_complex to None, run_after=None
[2023-11-22T19:09:00.986+0000] {processor.py:179} INFO - Processing /home/airflow/.local/lib/python3.8/site-packages/airflow/example_dags/example_complex.py took 0.035 seconds
[2023-11-22T19:09:31.549+0000] {processor.py:157} INFO - Started process (PID=3721) to work on /home/airflow/.local/lib/python3.8/site-packages/airflow/example_dags/example_complex.py
[2023-11-22T19:09:31.549+0000] {processor.py:829} INFO - Processing file /home/airflow/.local/lib/python3.8/site-packages/airflow/example_dags/example_complex.py for tasks to queue
[2023-11-22T19:09:31.551+0000] {logging_mixin.py:151} INFO - [2023-11-22T19:09:31.550+0000] {dagbag.py:536} INFO - Filling up the DagBag from /home/airflow/.local/lib/python3.8/site-packages/airflow/example_dags/example_complex.py
[2023-11-22T19:09:31.556+0000] {processor.py:839} INFO - DAG(s) dict_keys(['example_complex']) retrieved from /home/airflow/.local/lib/python3.8/site-packages/airflow/example_dags/example_complex.py
[2023-11-22T19:09:31.569+0000] {logging_mixin.py:151} INFO - [2023-11-22T19:09:31.569+0000] {dag.py:2941} INFO - Sync 1 DAGs
[2023-11-22T19:09:31.574+0000] {logging_mixin.py:151} INFO - [2023-11-22T19:09:31.574+0000] {dag.py:3722} INFO - Setting next_dagrun for example_complex to None, run_after=None
[2023-11-22T19:09:31.581+0000] {processor.py:179} INFO - Processing /home/airflow/.local/lib/python3.8/site-packages/airflow/example_dags/example_complex.py took 0.034 seconds
[2023-11-22T19:10:02.203+0000] {processor.py:157} INFO - Started process (PID=3778) to work on /home/airflow/.local/lib/python3.8/site-packages/airflow/example_dags/example_complex.py
[2023-11-22T19:10:02.203+0000] {processor.py:829} INFO - Processing file /home/airflow/.local/lib/python3.8/site-packages/airflow/example_dags/example_complex.py for tasks to queue
[2023-11-22T19:10:02.204+0000] {logging_mixin.py:151} INFO - [2023-11-22T19:10:02.204+0000] {dagbag.py:536} INFO - Filling up the DagBag from /home/airflow/.local/lib/python3.8/site-packages/airflow/example_dags/example_complex.py
[2023-11-22T19:10:02.209+0000] {processor.py:839} INFO - DAG(s) dict_keys(['example_complex']) retrieved from /home/airflow/.local/lib/python3.8/site-packages/airflow/example_dags/example_complex.py
[2023-11-22T19:10:02.222+0000] {logging_mixin.py:151} INFO - [2023-11-22T19:10:02.222+0000] {dag.py:2941} INFO - Sync 1 DAGs
[2023-11-22T19:10:02.227+0000] {logging_mixin.py:151} INFO - [2023-11-22T19:10:02.227+0000] {dag.py:3722} INFO - Setting next_dagrun for example_complex to None, run_after=None
[2023-11-22T19:10:02.234+0000] {processor.py:179} INFO - Processing /home/airflow/.local/lib/python3.8/site-packages/airflow/example_dags/example_complex.py took 0.034 seconds
[2023-11-22T19:10:32.760+0000] {processor.py:157} INFO - Started process (PID=3835) to work on /home/airflow/.local/lib/python3.8/site-packages/airflow/example_dags/example_complex.py
[2023-11-22T19:10:32.760+0000] {processor.py:829} INFO - Processing file /home/airflow/.local/lib/python3.8/site-packages/airflow/example_dags/example_complex.py for tasks to queue
[2023-11-22T19:10:32.761+0000] {logging_mixin.py:151} INFO - [2023-11-22T19:10:32.761+0000] {dagbag.py:536} INFO - Filling up the DagBag from /home/airflow/.local/lib/python3.8/site-packages/airflow/example_dags/example_complex.py
[2023-11-22T19:10:32.766+0000] {processor.py:839} INFO - DAG(s) dict_keys(['example_complex']) retrieved from /home/airflow/.local/lib/python3.8/site-packages/airflow/example_dags/example_complex.py
[2023-11-22T19:10:32.779+0000] {logging_mixin.py:151} INFO - [2023-11-22T19:10:32.779+0000] {dag.py:2941} INFO - Sync 1 DAGs
[2023-11-22T19:10:32.785+0000] {logging_mixin.py:151} INFO - [2023-11-22T19:10:32.785+0000] {dag.py:3722} INFO - Setting next_dagrun for example_complex to None, run_after=None
[2023-11-22T19:10:32.792+0000] {processor.py:179} INFO - Processing /home/airflow/.local/lib/python3.8/site-packages/airflow/example_dags/example_complex.py took 0.034 seconds
[2023-11-22T19:11:03.370+0000] {processor.py:157} INFO - Started process (PID=3892) to work on /home/airflow/.local/lib/python3.8/site-packages/airflow/example_dags/example_complex.py
[2023-11-22T19:11:03.370+0000] {processor.py:829} INFO - Processing file /home/airflow/.local/lib/python3.8/site-packages/airflow/example_dags/example_complex.py for tasks to queue
[2023-11-22T19:11:03.371+0000] {logging_mixin.py:151} INFO - [2023-11-22T19:11:03.371+0000] {dagbag.py:536} INFO - Filling up the DagBag from /home/airflow/.local/lib/python3.8/site-packages/airflow/example_dags/example_complex.py
[2023-11-22T19:11:03.377+0000] {processor.py:839} INFO - DAG(s) dict_keys(['example_complex']) retrieved from /home/airflow/.local/lib/python3.8/site-packages/airflow/example_dags/example_complex.py
[2023-11-22T19:11:03.390+0000] {logging_mixin.py:151} INFO - [2023-11-22T19:11:03.390+0000] {dag.py:2941} INFO - Sync 1 DAGs
[2023-11-22T19:11:03.396+0000] {logging_mixin.py:151} INFO - [2023-11-22T19:11:03.395+0000] {dag.py:3722} INFO - Setting next_dagrun for example_complex to None, run_after=None
[2023-11-22T19:11:03.403+0000] {processor.py:179} INFO - Processing /home/airflow/.local/lib/python3.8/site-packages/airflow/example_dags/example_complex.py took 0.035 seconds
[2023-11-22T19:11:33.878+0000] {processor.py:157} INFO - Started process (PID=3949) to work on /home/airflow/.local/lib/python3.8/site-packages/airflow/example_dags/example_complex.py
[2023-11-22T19:11:33.879+0000] {processor.py:829} INFO - Processing file /home/airflow/.local/lib/python3.8/site-packages/airflow/example_dags/example_complex.py for tasks to queue
[2023-11-22T19:11:33.880+0000] {logging_mixin.py:151} INFO - [2023-11-22T19:11:33.880+0000] {dagbag.py:536} INFO - Filling up the DagBag from /home/airflow/.local/lib/python3.8/site-packages/airflow/example_dags/example_complex.py
[2023-11-22T19:11:33.885+0000] {processor.py:839} INFO - DAG(s) dict_keys(['example_complex']) retrieved from /home/airflow/.local/lib/python3.8/site-packages/airflow/example_dags/example_complex.py
[2023-11-22T19:11:33.901+0000] {logging_mixin.py:151} INFO - [2023-11-22T19:11:33.901+0000] {dag.py:2941} INFO - Sync 1 DAGs
[2023-11-22T19:11:33.907+0000] {logging_mixin.py:151} INFO - [2023-11-22T19:11:33.907+0000] {dag.py:3722} INFO - Setting next_dagrun for example_complex to None, run_after=None
[2023-11-22T19:11:33.915+0000] {processor.py:179} INFO - Processing /home/airflow/.local/lib/python3.8/site-packages/airflow/example_dags/example_complex.py took 0.039 seconds
[2023-11-22T19:12:04.738+0000] {processor.py:157} INFO - Started process (PID=4006) to work on /home/airflow/.local/lib/python3.8/site-packages/airflow/example_dags/example_complex.py
[2023-11-22T19:12:04.739+0000] {processor.py:829} INFO - Processing file /home/airflow/.local/lib/python3.8/site-packages/airflow/example_dags/example_complex.py for tasks to queue
[2023-11-22T19:12:04.740+0000] {logging_mixin.py:151} INFO - [2023-11-22T19:12:04.740+0000] {dagbag.py:536} INFO - Filling up the DagBag from /home/airflow/.local/lib/python3.8/site-packages/airflow/example_dags/example_complex.py
[2023-11-22T19:12:04.745+0000] {processor.py:839} INFO - DAG(s) dict_keys(['example_complex']) retrieved from /home/airflow/.local/lib/python3.8/site-packages/airflow/example_dags/example_complex.py
[2023-11-22T19:12:04.760+0000] {logging_mixin.py:151} INFO - [2023-11-22T19:12:04.760+0000] {dag.py:2941} INFO - Sync 1 DAGs
[2023-11-22T19:12:04.765+0000] {logging_mixin.py:151} INFO - [2023-11-22T19:12:04.765+0000] {dag.py:3722} INFO - Setting next_dagrun for example_complex to None, run_after=None
[2023-11-22T19:12:04.772+0000] {processor.py:179} INFO - Processing /home/airflow/.local/lib/python3.8/site-packages/airflow/example_dags/example_complex.py took 0.036 seconds
[2023-11-22T19:12:35.442+0000] {processor.py:157} INFO - Started process (PID=4062) to work on /home/airflow/.local/lib/python3.8/site-packages/airflow/example_dags/example_complex.py
[2023-11-22T19:12:35.442+0000] {processor.py:829} INFO - Processing file /home/airflow/.local/lib/python3.8/site-packages/airflow/example_dags/example_complex.py for tasks to queue
[2023-11-22T19:12:35.443+0000] {logging_mixin.py:151} INFO - [2023-11-22T19:12:35.443+0000] {dagbag.py:536} INFO - Filling up the DagBag from /home/airflow/.local/lib/python3.8/site-packages/airflow/example_dags/example_complex.py
[2023-11-22T19:12:35.448+0000] {processor.py:839} INFO - DAG(s) dict_keys(['example_complex']) retrieved from /home/airflow/.local/lib/python3.8/site-packages/airflow/example_dags/example_complex.py
[2023-11-22T19:12:35.462+0000] {logging_mixin.py:151} INFO - [2023-11-22T19:12:35.462+0000] {dag.py:2941} INFO - Sync 1 DAGs
[2023-11-22T19:12:35.468+0000] {logging_mixin.py:151} INFO - [2023-11-22T19:12:35.468+0000] {dag.py:3722} INFO - Setting next_dagrun for example_complex to None, run_after=None
[2023-11-22T19:12:35.486+0000] {processor.py:179} INFO - Processing /home/airflow/.local/lib/python3.8/site-packages/airflow/example_dags/example_complex.py took 0.046 seconds
[2023-11-22T19:13:06.203+0000] {processor.py:157} INFO - Started process (PID=4119) to work on /home/airflow/.local/lib/python3.8/site-packages/airflow/example_dags/example_complex.py
[2023-11-22T19:13:06.204+0000] {processor.py:829} INFO - Processing file /home/airflow/.local/lib/python3.8/site-packages/airflow/example_dags/example_complex.py for tasks to queue
[2023-11-22T19:13:06.205+0000] {logging_mixin.py:151} INFO - [2023-11-22T19:13:06.205+0000] {dagbag.py:536} INFO - Filling up the DagBag from /home/airflow/.local/lib/python3.8/site-packages/airflow/example_dags/example_complex.py
[2023-11-22T19:13:06.210+0000] {processor.py:839} INFO - DAG(s) dict_keys(['example_complex']) retrieved from /home/airflow/.local/lib/python3.8/site-packages/airflow/example_dags/example_complex.py
[2023-11-22T19:13:06.222+0000] {logging_mixin.py:151} INFO - [2023-11-22T19:13:06.222+0000] {dag.py:2941} INFO - Sync 1 DAGs
[2023-11-22T19:13:06.227+0000] {logging_mixin.py:151} INFO - [2023-11-22T19:13:06.227+0000] {dag.py:3722} INFO - Setting next_dagrun for example_complex to None, run_after=None
[2023-11-22T19:13:06.234+0000] {processor.py:179} INFO - Processing /home/airflow/.local/lib/python3.8/site-packages/airflow/example_dags/example_complex.py took 0.032 seconds
[2023-11-22T19:13:36.801+0000] {processor.py:157} INFO - Started process (PID=4176) to work on /home/airflow/.local/lib/python3.8/site-packages/airflow/example_dags/example_complex.py
[2023-11-22T19:13:36.801+0000] {processor.py:829} INFO - Processing file /home/airflow/.local/lib/python3.8/site-packages/airflow/example_dags/example_complex.py for tasks to queue
[2023-11-22T19:13:36.802+0000] {logging_mixin.py:151} INFO - [2023-11-22T19:13:36.802+0000] {dagbag.py:536} INFO - Filling up the DagBag from /home/airflow/.local/lib/python3.8/site-packages/airflow/example_dags/example_complex.py
[2023-11-22T19:13:36.808+0000] {processor.py:839} INFO - DAG(s) dict_keys(['example_complex']) retrieved from /home/airflow/.local/lib/python3.8/site-packages/airflow/example_dags/example_complex.py
[2023-11-22T19:13:36.822+0000] {logging_mixin.py:151} INFO - [2023-11-22T19:13:36.822+0000] {dag.py:2941} INFO - Sync 1 DAGs
[2023-11-22T19:13:36.827+0000] {logging_mixin.py:151} INFO - [2023-11-22T19:13:36.827+0000] {dag.py:3722} INFO - Setting next_dagrun for example_complex to None, run_after=None
[2023-11-22T19:13:36.835+0000] {processor.py:179} INFO - Processing /home/airflow/.local/lib/python3.8/site-packages/airflow/example_dags/example_complex.py took 0.036 seconds
