[2023-11-22T18:36:47.765+0000] {processor.py:157} INFO - Started process (PID=49) to work on /home/airflow/.local/lib/python3.8/site-packages/airflow/example_dags/example_skip_dag.py
[2023-11-22T18:36:47.766+0000] {processor.py:829} INFO - Processing file /home/airflow/.local/lib/python3.8/site-packages/airflow/example_dags/example_skip_dag.py for tasks to queue
[2023-11-22T18:36:47.767+0000] {logging_mixin.py:151} INFO - [2023-11-22T18:36:47.767+0000] {dagbag.py:536} INFO - Filling up the DagBag from /home/airflow/.local/lib/python3.8/site-packages/airflow/example_dags/example_skip_dag.py
[2023-11-22T18:36:47.771+0000] {processor.py:839} INFO - DAG(s) dict_keys(['example_skip_dag']) retrieved from /home/airflow/.local/lib/python3.8/site-packages/airflow/example_dags/example_skip_dag.py
[2023-11-22T18:36:47.777+0000] {logging_mixin.py:151} INFO - [2023-11-22T18:36:47.777+0000] {dag.py:2941} INFO - Sync 1 DAGs
[2023-11-22T18:36:47.791+0000] {logging_mixin.py:151} INFO - [2023-11-22T18:36:47.791+0000] {dag.py:3722} INFO - Setting next_dagrun for example_skip_dag to 2023-11-21T18:36:47.791146+00:00, run_after=2023-11-22T18:36:47.791146+00:00
[2023-11-22T18:36:47.801+0000] {processor.py:179} INFO - Processing /home/airflow/.local/lib/python3.8/site-packages/airflow/example_dags/example_skip_dag.py took 0.039 seconds
[2023-11-22T18:37:18.743+0000] {processor.py:157} INFO - Started process (PID=106) to work on /home/airflow/.local/lib/python3.8/site-packages/airflow/example_dags/example_skip_dag.py
[2023-11-22T18:37:18.744+0000] {processor.py:829} INFO - Processing file /home/airflow/.local/lib/python3.8/site-packages/airflow/example_dags/example_skip_dag.py for tasks to queue
[2023-11-22T18:37:18.745+0000] {logging_mixin.py:151} INFO - [2023-11-22T18:37:18.745+0000] {dagbag.py:536} INFO - Filling up the DagBag from /home/airflow/.local/lib/python3.8/site-packages/airflow/example_dags/example_skip_dag.py
[2023-11-22T18:37:18.748+0000] {processor.py:839} INFO - DAG(s) dict_keys(['example_skip_dag']) retrieved from /home/airflow/.local/lib/python3.8/site-packages/airflow/example_dags/example_skip_dag.py
[2023-11-22T18:37:18.758+0000] {logging_mixin.py:151} INFO - [2023-11-22T18:37:18.758+0000] {dag.py:2941} INFO - Sync 1 DAGs
[2023-11-22T18:37:18.768+0000] {logging_mixin.py:151} INFO - [2023-11-22T18:37:18.768+0000] {dag.py:3722} INFO - Setting next_dagrun for example_skip_dag to 2023-11-21T18:37:18.768658+00:00, run_after=2023-11-22T18:37:18.768658+00:00
[2023-11-22T18:37:18.776+0000] {processor.py:179} INFO - Processing /home/airflow/.local/lib/python3.8/site-packages/airflow/example_dags/example_skip_dag.py took 0.034 seconds
[2023-11-22T18:37:49.757+0000] {processor.py:157} INFO - Started process (PID=163) to work on /home/airflow/.local/lib/python3.8/site-packages/airflow/example_dags/example_skip_dag.py
[2023-11-22T18:37:49.757+0000] {processor.py:829} INFO - Processing file /home/airflow/.local/lib/python3.8/site-packages/airflow/example_dags/example_skip_dag.py for tasks to queue
[2023-11-22T18:37:49.758+0000] {logging_mixin.py:151} INFO - [2023-11-22T18:37:49.758+0000] {dagbag.py:536} INFO - Filling up the DagBag from /home/airflow/.local/lib/python3.8/site-packages/airflow/example_dags/example_skip_dag.py
[2023-11-22T18:37:49.761+0000] {processor.py:839} INFO - DAG(s) dict_keys(['example_skip_dag']) retrieved from /home/airflow/.local/lib/python3.8/site-packages/airflow/example_dags/example_skip_dag.py
[2023-11-22T18:37:49.771+0000] {logging_mixin.py:151} INFO - [2023-11-22T18:37:49.771+0000] {dag.py:2941} INFO - Sync 1 DAGs
[2023-11-22T18:37:49.781+0000] {logging_mixin.py:151} INFO - [2023-11-22T18:37:49.781+0000] {dag.py:3722} INFO - Setting next_dagrun for example_skip_dag to 2023-11-21T18:37:49.781256+00:00, run_after=2023-11-22T18:37:49.781256+00:00
[2023-11-22T18:37:49.790+0000] {processor.py:179} INFO - Processing /home/airflow/.local/lib/python3.8/site-packages/airflow/example_dags/example_skip_dag.py took 0.035 seconds
[2023-11-22T18:38:20.574+0000] {processor.py:157} INFO - Started process (PID=220) to work on /home/airflow/.local/lib/python3.8/site-packages/airflow/example_dags/example_skip_dag.py
[2023-11-22T18:38:20.575+0000] {processor.py:829} INFO - Processing file /home/airflow/.local/lib/python3.8/site-packages/airflow/example_dags/example_skip_dag.py for tasks to queue
[2023-11-22T18:38:20.576+0000] {logging_mixin.py:151} INFO - [2023-11-22T18:38:20.576+0000] {dagbag.py:536} INFO - Filling up the DagBag from /home/airflow/.local/lib/python3.8/site-packages/airflow/example_dags/example_skip_dag.py
[2023-11-22T18:38:20.579+0000] {processor.py:839} INFO - DAG(s) dict_keys(['example_skip_dag']) retrieved from /home/airflow/.local/lib/python3.8/site-packages/airflow/example_dags/example_skip_dag.py
[2023-11-22T18:38:20.591+0000] {logging_mixin.py:151} INFO - [2023-11-22T18:38:20.591+0000] {dag.py:2941} INFO - Sync 1 DAGs
[2023-11-22T18:38:20.601+0000] {logging_mixin.py:151} INFO - [2023-11-22T18:38:20.601+0000] {dag.py:3722} INFO - Setting next_dagrun for example_skip_dag to 2023-11-21T18:38:20.601287+00:00, run_after=2023-11-22T18:38:20.601287+00:00
[2023-11-22T18:38:20.610+0000] {processor.py:179} INFO - Processing /home/airflow/.local/lib/python3.8/site-packages/airflow/example_dags/example_skip_dag.py took 0.038 seconds
[2023-11-22T18:38:51.336+0000] {processor.py:157} INFO - Started process (PID=277) to work on /home/airflow/.local/lib/python3.8/site-packages/airflow/example_dags/example_skip_dag.py
[2023-11-22T18:38:51.336+0000] {processor.py:829} INFO - Processing file /home/airflow/.local/lib/python3.8/site-packages/airflow/example_dags/example_skip_dag.py for tasks to queue
[2023-11-22T18:38:51.337+0000] {logging_mixin.py:151} INFO - [2023-11-22T18:38:51.337+0000] {dagbag.py:536} INFO - Filling up the DagBag from /home/airflow/.local/lib/python3.8/site-packages/airflow/example_dags/example_skip_dag.py
[2023-11-22T18:38:51.340+0000] {processor.py:839} INFO - DAG(s) dict_keys(['example_skip_dag']) retrieved from /home/airflow/.local/lib/python3.8/site-packages/airflow/example_dags/example_skip_dag.py
[2023-11-22T18:38:51.351+0000] {logging_mixin.py:151} INFO - [2023-11-22T18:38:51.350+0000] {dag.py:2941} INFO - Sync 1 DAGs
[2023-11-22T18:38:51.360+0000] {logging_mixin.py:151} INFO - [2023-11-22T18:38:51.360+0000] {dag.py:3722} INFO - Setting next_dagrun for example_skip_dag to 2023-11-21T18:38:51.360087+00:00, run_after=2023-11-22T18:38:51.360087+00:00
[2023-11-22T18:38:51.367+0000] {processor.py:179} INFO - Processing /home/airflow/.local/lib/python3.8/site-packages/airflow/example_dags/example_skip_dag.py took 0.033 seconds
[2023-11-22T18:39:22.061+0000] {processor.py:157} INFO - Started process (PID=334) to work on /home/airflow/.local/lib/python3.8/site-packages/airflow/example_dags/example_skip_dag.py
[2023-11-22T18:39:22.061+0000] {processor.py:829} INFO - Processing file /home/airflow/.local/lib/python3.8/site-packages/airflow/example_dags/example_skip_dag.py for tasks to queue
[2023-11-22T18:39:22.062+0000] {logging_mixin.py:151} INFO - [2023-11-22T18:39:22.062+0000] {dagbag.py:536} INFO - Filling up the DagBag from /home/airflow/.local/lib/python3.8/site-packages/airflow/example_dags/example_skip_dag.py
[2023-11-22T18:39:22.066+0000] {processor.py:839} INFO - DAG(s) dict_keys(['example_skip_dag']) retrieved from /home/airflow/.local/lib/python3.8/site-packages/airflow/example_dags/example_skip_dag.py
[2023-11-22T18:39:22.076+0000] {logging_mixin.py:151} INFO - [2023-11-22T18:39:22.075+0000] {dag.py:2941} INFO - Sync 1 DAGs
[2023-11-22T18:39:22.085+0000] {logging_mixin.py:151} INFO - [2023-11-22T18:39:22.085+0000] {dag.py:3722} INFO - Setting next_dagrun for example_skip_dag to 2023-11-21T18:39:22.085255+00:00, run_after=2023-11-22T18:39:22.085255+00:00
[2023-11-22T18:39:22.093+0000] {processor.py:179} INFO - Processing /home/airflow/.local/lib/python3.8/site-packages/airflow/example_dags/example_skip_dag.py took 0.033 seconds
[2023-11-22T18:39:52.829+0000] {processor.py:157} INFO - Started process (PID=392) to work on /home/airflow/.local/lib/python3.8/site-packages/airflow/example_dags/example_skip_dag.py
[2023-11-22T18:39:52.830+0000] {processor.py:829} INFO - Processing file /home/airflow/.local/lib/python3.8/site-packages/airflow/example_dags/example_skip_dag.py for tasks to queue
[2023-11-22T18:39:52.831+0000] {logging_mixin.py:151} INFO - [2023-11-22T18:39:52.831+0000] {dagbag.py:536} INFO - Filling up the DagBag from /home/airflow/.local/lib/python3.8/site-packages/airflow/example_dags/example_skip_dag.py
[2023-11-22T18:39:52.834+0000] {processor.py:839} INFO - DAG(s) dict_keys(['example_skip_dag']) retrieved from /home/airflow/.local/lib/python3.8/site-packages/airflow/example_dags/example_skip_dag.py
[2023-11-22T18:39:52.844+0000] {logging_mixin.py:151} INFO - [2023-11-22T18:39:52.844+0000] {dag.py:2941} INFO - Sync 1 DAGs
[2023-11-22T18:39:52.854+0000] {logging_mixin.py:151} INFO - [2023-11-22T18:39:52.854+0000] {dag.py:3722} INFO - Setting next_dagrun for example_skip_dag to 2023-11-21T18:39:52.854028+00:00, run_after=2023-11-22T18:39:52.854028+00:00
[2023-11-22T18:39:52.861+0000] {processor.py:179} INFO - Processing /home/airflow/.local/lib/python3.8/site-packages/airflow/example_dags/example_skip_dag.py took 0.033 seconds
[2023-11-22T18:40:23.543+0000] {processor.py:157} INFO - Started process (PID=449) to work on /home/airflow/.local/lib/python3.8/site-packages/airflow/example_dags/example_skip_dag.py
[2023-11-22T18:40:23.544+0000] {processor.py:829} INFO - Processing file /home/airflow/.local/lib/python3.8/site-packages/airflow/example_dags/example_skip_dag.py for tasks to queue
[2023-11-22T18:40:23.545+0000] {logging_mixin.py:151} INFO - [2023-11-22T18:40:23.545+0000] {dagbag.py:536} INFO - Filling up the DagBag from /home/airflow/.local/lib/python3.8/site-packages/airflow/example_dags/example_skip_dag.py
[2023-11-22T18:40:23.548+0000] {processor.py:839} INFO - DAG(s) dict_keys(['example_skip_dag']) retrieved from /home/airflow/.local/lib/python3.8/site-packages/airflow/example_dags/example_skip_dag.py
[2023-11-22T18:40:23.558+0000] {logging_mixin.py:151} INFO - [2023-11-22T18:40:23.557+0000] {dag.py:2941} INFO - Sync 1 DAGs
[2023-11-22T18:40:23.567+0000] {logging_mixin.py:151} INFO - [2023-11-22T18:40:23.567+0000] {dag.py:3722} INFO - Setting next_dagrun for example_skip_dag to 2023-11-21T18:40:23.567633+00:00, run_after=2023-11-22T18:40:23.567633+00:00
[2023-11-22T18:40:23.575+0000] {processor.py:179} INFO - Processing /home/airflow/.local/lib/python3.8/site-packages/airflow/example_dags/example_skip_dag.py took 0.033 seconds
[2023-11-22T18:40:54.331+0000] {processor.py:157} INFO - Started process (PID=506) to work on /home/airflow/.local/lib/python3.8/site-packages/airflow/example_dags/example_skip_dag.py
[2023-11-22T18:40:54.331+0000] {processor.py:829} INFO - Processing file /home/airflow/.local/lib/python3.8/site-packages/airflow/example_dags/example_skip_dag.py for tasks to queue
[2023-11-22T18:40:54.333+0000] {logging_mixin.py:151} INFO - [2023-11-22T18:40:54.332+0000] {dagbag.py:536} INFO - Filling up the DagBag from /home/airflow/.local/lib/python3.8/site-packages/airflow/example_dags/example_skip_dag.py
[2023-11-22T18:40:54.336+0000] {processor.py:839} INFO - DAG(s) dict_keys(['example_skip_dag']) retrieved from /home/airflow/.local/lib/python3.8/site-packages/airflow/example_dags/example_skip_dag.py
[2023-11-22T18:40:54.346+0000] {logging_mixin.py:151} INFO - [2023-11-22T18:40:54.346+0000] {dag.py:2941} INFO - Sync 1 DAGs
[2023-11-22T18:40:54.355+0000] {logging_mixin.py:151} INFO - [2023-11-22T18:40:54.355+0000] {dag.py:3722} INFO - Setting next_dagrun for example_skip_dag to 2023-11-21T18:40:54.355540+00:00, run_after=2023-11-22T18:40:54.355540+00:00
[2023-11-22T18:40:54.363+0000] {processor.py:179} INFO - Processing /home/airflow/.local/lib/python3.8/site-packages/airflow/example_dags/example_skip_dag.py took 0.034 seconds
[2023-11-22T18:41:25.109+0000] {processor.py:157} INFO - Started process (PID=563) to work on /home/airflow/.local/lib/python3.8/site-packages/airflow/example_dags/example_skip_dag.py
[2023-11-22T18:41:25.109+0000] {processor.py:829} INFO - Processing file /home/airflow/.local/lib/python3.8/site-packages/airflow/example_dags/example_skip_dag.py for tasks to queue
[2023-11-22T18:41:25.111+0000] {logging_mixin.py:151} INFO - [2023-11-22T18:41:25.110+0000] {dagbag.py:536} INFO - Filling up the DagBag from /home/airflow/.local/lib/python3.8/site-packages/airflow/example_dags/example_skip_dag.py
[2023-11-22T18:41:25.114+0000] {processor.py:839} INFO - DAG(s) dict_keys(['example_skip_dag']) retrieved from /home/airflow/.local/lib/python3.8/site-packages/airflow/example_dags/example_skip_dag.py
[2023-11-22T18:41:25.124+0000] {logging_mixin.py:151} INFO - [2023-11-22T18:41:25.124+0000] {dag.py:2941} INFO - Sync 1 DAGs
[2023-11-22T18:41:25.133+0000] {logging_mixin.py:151} INFO - [2023-11-22T18:41:25.133+0000] {dag.py:3722} INFO - Setting next_dagrun for example_skip_dag to 2023-11-21T18:41:25.133267+00:00, run_after=2023-11-22T18:41:25.133267+00:00
[2023-11-22T18:41:25.140+0000] {processor.py:179} INFO - Processing /home/airflow/.local/lib/python3.8/site-packages/airflow/example_dags/example_skip_dag.py took 0.033 seconds
[2023-11-22T18:41:56.003+0000] {processor.py:157} INFO - Started process (PID=620) to work on /home/airflow/.local/lib/python3.8/site-packages/airflow/example_dags/example_skip_dag.py
[2023-11-22T18:41:56.003+0000] {processor.py:829} INFO - Processing file /home/airflow/.local/lib/python3.8/site-packages/airflow/example_dags/example_skip_dag.py for tasks to queue
[2023-11-22T18:41:56.004+0000] {logging_mixin.py:151} INFO - [2023-11-22T18:41:56.004+0000] {dagbag.py:536} INFO - Filling up the DagBag from /home/airflow/.local/lib/python3.8/site-packages/airflow/example_dags/example_skip_dag.py
[2023-11-22T18:41:56.008+0000] {processor.py:839} INFO - DAG(s) dict_keys(['example_skip_dag']) retrieved from /home/airflow/.local/lib/python3.8/site-packages/airflow/example_dags/example_skip_dag.py
[2023-11-22T18:41:56.018+0000] {logging_mixin.py:151} INFO - [2023-11-22T18:41:56.018+0000] {dag.py:2941} INFO - Sync 1 DAGs
[2023-11-22T18:41:56.028+0000] {logging_mixin.py:151} INFO - [2023-11-22T18:41:56.028+0000] {dag.py:3722} INFO - Setting next_dagrun for example_skip_dag to 2023-11-21T18:41:56.028062+00:00, run_after=2023-11-22T18:41:56.028062+00:00
[2023-11-22T18:41:56.036+0000] {processor.py:179} INFO - Processing /home/airflow/.local/lib/python3.8/site-packages/airflow/example_dags/example_skip_dag.py took 0.035 seconds
[2023-11-22T18:42:26.695+0000] {processor.py:157} INFO - Started process (PID=677) to work on /home/airflow/.local/lib/python3.8/site-packages/airflow/example_dags/example_skip_dag.py
[2023-11-22T18:42:26.695+0000] {processor.py:829} INFO - Processing file /home/airflow/.local/lib/python3.8/site-packages/airflow/example_dags/example_skip_dag.py for tasks to queue
[2023-11-22T18:42:26.696+0000] {logging_mixin.py:151} INFO - [2023-11-22T18:42:26.696+0000] {dagbag.py:536} INFO - Filling up the DagBag from /home/airflow/.local/lib/python3.8/site-packages/airflow/example_dags/example_skip_dag.py
[2023-11-22T18:42:26.699+0000] {processor.py:839} INFO - DAG(s) dict_keys(['example_skip_dag']) retrieved from /home/airflow/.local/lib/python3.8/site-packages/airflow/example_dags/example_skip_dag.py
[2023-11-22T18:42:26.709+0000] {logging_mixin.py:151} INFO - [2023-11-22T18:42:26.709+0000] {dag.py:2941} INFO - Sync 1 DAGs
[2023-11-22T18:42:26.718+0000] {logging_mixin.py:151} INFO - [2023-11-22T18:42:26.718+0000] {dag.py:3722} INFO - Setting next_dagrun for example_skip_dag to 2023-11-21T18:42:26.718676+00:00, run_after=2023-11-22T18:42:26.718676+00:00
[2023-11-22T18:42:26.726+0000] {processor.py:179} INFO - Processing /home/airflow/.local/lib/python3.8/site-packages/airflow/example_dags/example_skip_dag.py took 0.033 seconds
[2023-11-22T18:42:57.552+0000] {processor.py:157} INFO - Started process (PID=734) to work on /home/airflow/.local/lib/python3.8/site-packages/airflow/example_dags/example_skip_dag.py
[2023-11-22T18:42:57.553+0000] {processor.py:829} INFO - Processing file /home/airflow/.local/lib/python3.8/site-packages/airflow/example_dags/example_skip_dag.py for tasks to queue
[2023-11-22T18:42:57.554+0000] {logging_mixin.py:151} INFO - [2023-11-22T18:42:57.554+0000] {dagbag.py:536} INFO - Filling up the DagBag from /home/airflow/.local/lib/python3.8/site-packages/airflow/example_dags/example_skip_dag.py
[2023-11-22T18:42:57.557+0000] {processor.py:839} INFO - DAG(s) dict_keys(['example_skip_dag']) retrieved from /home/airflow/.local/lib/python3.8/site-packages/airflow/example_dags/example_skip_dag.py
[2023-11-22T18:42:57.567+0000] {logging_mixin.py:151} INFO - [2023-11-22T18:42:57.567+0000] {dag.py:2941} INFO - Sync 1 DAGs
[2023-11-22T18:42:57.576+0000] {logging_mixin.py:151} INFO - [2023-11-22T18:42:57.576+0000] {dag.py:3722} INFO - Setting next_dagrun for example_skip_dag to 2023-11-21T18:42:57.576480+00:00, run_after=2023-11-22T18:42:57.576480+00:00
[2023-11-22T18:42:57.584+0000] {processor.py:179} INFO - Processing /home/airflow/.local/lib/python3.8/site-packages/airflow/example_dags/example_skip_dag.py took 0.033 seconds
[2023-11-22T18:43:28.252+0000] {processor.py:157} INFO - Started process (PID=791) to work on /home/airflow/.local/lib/python3.8/site-packages/airflow/example_dags/example_skip_dag.py
[2023-11-22T18:43:28.253+0000] {processor.py:829} INFO - Processing file /home/airflow/.local/lib/python3.8/site-packages/airflow/example_dags/example_skip_dag.py for tasks to queue
[2023-11-22T18:43:28.254+0000] {logging_mixin.py:151} INFO - [2023-11-22T18:43:28.254+0000] {dagbag.py:536} INFO - Filling up the DagBag from /home/airflow/.local/lib/python3.8/site-packages/airflow/example_dags/example_skip_dag.py
[2023-11-22T18:43:28.257+0000] {processor.py:839} INFO - DAG(s) dict_keys(['example_skip_dag']) retrieved from /home/airflow/.local/lib/python3.8/site-packages/airflow/example_dags/example_skip_dag.py
[2023-11-22T18:43:28.267+0000] {logging_mixin.py:151} INFO - [2023-11-22T18:43:28.267+0000] {dag.py:2941} INFO - Sync 1 DAGs
[2023-11-22T18:43:28.277+0000] {logging_mixin.py:151} INFO - [2023-11-22T18:43:28.277+0000] {dag.py:3722} INFO - Setting next_dagrun for example_skip_dag to 2023-11-21T18:43:28.276983+00:00, run_after=2023-11-22T18:43:28.276983+00:00
[2023-11-22T18:43:28.284+0000] {processor.py:179} INFO - Processing /home/airflow/.local/lib/python3.8/site-packages/airflow/example_dags/example_skip_dag.py took 0.033 seconds
[2023-11-22T18:43:58.643+0000] {processor.py:157} INFO - Started process (PID=848) to work on /home/airflow/.local/lib/python3.8/site-packages/airflow/example_dags/example_skip_dag.py
[2023-11-22T18:43:58.644+0000] {processor.py:829} INFO - Processing file /home/airflow/.local/lib/python3.8/site-packages/airflow/example_dags/example_skip_dag.py for tasks to queue
[2023-11-22T18:43:58.645+0000] {logging_mixin.py:151} INFO - [2023-11-22T18:43:58.645+0000] {dagbag.py:536} INFO - Filling up the DagBag from /home/airflow/.local/lib/python3.8/site-packages/airflow/example_dags/example_skip_dag.py
[2023-11-22T18:43:58.651+0000] {processor.py:839} INFO - DAG(s) dict_keys(['example_skip_dag']) retrieved from /home/airflow/.local/lib/python3.8/site-packages/airflow/example_dags/example_skip_dag.py
[2023-11-22T18:43:58.663+0000] {logging_mixin.py:151} INFO - [2023-11-22T18:43:58.663+0000] {dag.py:2941} INFO - Sync 1 DAGs
[2023-11-22T18:43:58.673+0000] {logging_mixin.py:151} INFO - [2023-11-22T18:43:58.673+0000] {dag.py:3722} INFO - Setting next_dagrun for example_skip_dag to 2023-11-21T18:43:58.673290+00:00, run_after=2023-11-22T18:43:58.673290+00:00
[2023-11-22T18:43:58.765+0000] {processor.py:179} INFO - Processing /home/airflow/.local/lib/python3.8/site-packages/airflow/example_dags/example_skip_dag.py took 0.124 seconds
[2023-11-22T18:44:28.988+0000] {processor.py:157} INFO - Started process (PID=905) to work on /home/airflow/.local/lib/python3.8/site-packages/airflow/example_dags/example_skip_dag.py
[2023-11-22T18:44:28.989+0000] {processor.py:829} INFO - Processing file /home/airflow/.local/lib/python3.8/site-packages/airflow/example_dags/example_skip_dag.py for tasks to queue
[2023-11-22T18:44:28.990+0000] {logging_mixin.py:151} INFO - [2023-11-22T18:44:28.990+0000] {dagbag.py:536} INFO - Filling up the DagBag from /home/airflow/.local/lib/python3.8/site-packages/airflow/example_dags/example_skip_dag.py
[2023-11-22T18:44:28.994+0000] {processor.py:839} INFO - DAG(s) dict_keys(['example_skip_dag']) retrieved from /home/airflow/.local/lib/python3.8/site-packages/airflow/example_dags/example_skip_dag.py
[2023-11-22T18:44:29.007+0000] {logging_mixin.py:151} INFO - [2023-11-22T18:44:29.007+0000] {dag.py:2941} INFO - Sync 1 DAGs
[2023-11-22T18:44:29.017+0000] {logging_mixin.py:151} INFO - [2023-11-22T18:44:29.017+0000] {dag.py:3722} INFO - Setting next_dagrun for example_skip_dag to 2023-11-21T18:44:29.017503+00:00, run_after=2023-11-22T18:44:29.017503+00:00
[2023-11-22T18:44:29.025+0000] {processor.py:179} INFO - Processing /home/airflow/.local/lib/python3.8/site-packages/airflow/example_dags/example_skip_dag.py took 0.038 seconds
[2023-11-22T18:44:59.685+0000] {processor.py:157} INFO - Started process (PID=962) to work on /home/airflow/.local/lib/python3.8/site-packages/airflow/example_dags/example_skip_dag.py
[2023-11-22T18:44:59.686+0000] {processor.py:829} INFO - Processing file /home/airflow/.local/lib/python3.8/site-packages/airflow/example_dags/example_skip_dag.py for tasks to queue
[2023-11-22T18:44:59.687+0000] {logging_mixin.py:151} INFO - [2023-11-22T18:44:59.687+0000] {dagbag.py:536} INFO - Filling up the DagBag from /home/airflow/.local/lib/python3.8/site-packages/airflow/example_dags/example_skip_dag.py
[2023-11-22T18:44:59.690+0000] {processor.py:839} INFO - DAG(s) dict_keys(['example_skip_dag']) retrieved from /home/airflow/.local/lib/python3.8/site-packages/airflow/example_dags/example_skip_dag.py
[2023-11-22T18:44:59.701+0000] {logging_mixin.py:151} INFO - [2023-11-22T18:44:59.701+0000] {dag.py:2941} INFO - Sync 1 DAGs
[2023-11-22T18:44:59.710+0000] {logging_mixin.py:151} INFO - [2023-11-22T18:44:59.710+0000] {dag.py:3722} INFO - Setting next_dagrun for example_skip_dag to 2023-11-21T18:44:59.710220+00:00, run_after=2023-11-22T18:44:59.710220+00:00
[2023-11-22T18:44:59.717+0000] {processor.py:179} INFO - Processing /home/airflow/.local/lib/python3.8/site-packages/airflow/example_dags/example_skip_dag.py took 0.033 seconds
[2023-11-22T18:45:29.916+0000] {processor.py:157} INFO - Started process (PID=1019) to work on /home/airflow/.local/lib/python3.8/site-packages/airflow/example_dags/example_skip_dag.py
[2023-11-22T18:45:29.917+0000] {processor.py:829} INFO - Processing file /home/airflow/.local/lib/python3.8/site-packages/airflow/example_dags/example_skip_dag.py for tasks to queue
[2023-11-22T18:45:29.918+0000] {logging_mixin.py:151} INFO - [2023-11-22T18:45:29.918+0000] {dagbag.py:536} INFO - Filling up the DagBag from /home/airflow/.local/lib/python3.8/site-packages/airflow/example_dags/example_skip_dag.py
[2023-11-22T18:45:29.921+0000] {processor.py:839} INFO - DAG(s) dict_keys(['example_skip_dag']) retrieved from /home/airflow/.local/lib/python3.8/site-packages/airflow/example_dags/example_skip_dag.py
[2023-11-22T18:45:29.931+0000] {logging_mixin.py:151} INFO - [2023-11-22T18:45:29.931+0000] {dag.py:2941} INFO - Sync 1 DAGs
[2023-11-22T18:45:29.940+0000] {logging_mixin.py:151} INFO - [2023-11-22T18:45:29.940+0000] {dag.py:3722} INFO - Setting next_dagrun for example_skip_dag to 2023-11-21T18:45:29.940486+00:00, run_after=2023-11-22T18:45:29.940486+00:00
[2023-11-22T18:45:29.948+0000] {processor.py:179} INFO - Processing /home/airflow/.local/lib/python3.8/site-packages/airflow/example_dags/example_skip_dag.py took 0.033 seconds
[2023-11-22T18:46:00.791+0000] {processor.py:157} INFO - Started process (PID=1076) to work on /home/airflow/.local/lib/python3.8/site-packages/airflow/example_dags/example_skip_dag.py
[2023-11-22T18:46:00.791+0000] {processor.py:829} INFO - Processing file /home/airflow/.local/lib/python3.8/site-packages/airflow/example_dags/example_skip_dag.py for tasks to queue
[2023-11-22T18:46:00.793+0000] {logging_mixin.py:151} INFO - [2023-11-22T18:46:00.792+0000] {dagbag.py:536} INFO - Filling up the DagBag from /home/airflow/.local/lib/python3.8/site-packages/airflow/example_dags/example_skip_dag.py
[2023-11-22T18:46:00.796+0000] {processor.py:839} INFO - DAG(s) dict_keys(['example_skip_dag']) retrieved from /home/airflow/.local/lib/python3.8/site-packages/airflow/example_dags/example_skip_dag.py
[2023-11-22T18:46:00.806+0000] {logging_mixin.py:151} INFO - [2023-11-22T18:46:00.806+0000] {dag.py:2941} INFO - Sync 1 DAGs
[2023-11-22T18:46:00.906+0000] {logging_mixin.py:151} INFO - [2023-11-22T18:46:00.906+0000] {dag.py:3722} INFO - Setting next_dagrun for example_skip_dag to 2023-11-21T18:46:00.906185+00:00, run_after=2023-11-22T18:46:00.906185+00:00
[2023-11-22T18:46:00.913+0000] {processor.py:179} INFO - Processing /home/airflow/.local/lib/python3.8/site-packages/airflow/example_dags/example_skip_dag.py took 0.124 seconds
[2023-11-22T18:46:31.300+0000] {processor.py:157} INFO - Started process (PID=1133) to work on /home/airflow/.local/lib/python3.8/site-packages/airflow/example_dags/example_skip_dag.py
[2023-11-22T18:46:31.300+0000] {processor.py:829} INFO - Processing file /home/airflow/.local/lib/python3.8/site-packages/airflow/example_dags/example_skip_dag.py for tasks to queue
[2023-11-22T18:46:31.301+0000] {logging_mixin.py:151} INFO - [2023-11-22T18:46:31.301+0000] {dagbag.py:536} INFO - Filling up the DagBag from /home/airflow/.local/lib/python3.8/site-packages/airflow/example_dags/example_skip_dag.py
[2023-11-22T18:46:31.305+0000] {processor.py:839} INFO - DAG(s) dict_keys(['example_skip_dag']) retrieved from /home/airflow/.local/lib/python3.8/site-packages/airflow/example_dags/example_skip_dag.py
[2023-11-22T18:46:31.314+0000] {logging_mixin.py:151} INFO - [2023-11-22T18:46:31.314+0000] {dag.py:2941} INFO - Sync 1 DAGs
[2023-11-22T18:46:31.411+0000] {logging_mixin.py:151} INFO - [2023-11-22T18:46:31.411+0000] {dag.py:3722} INFO - Setting next_dagrun for example_skip_dag to 2023-11-21T18:46:31.411595+00:00, run_after=2023-11-22T18:46:31.411595+00:00
[2023-11-22T18:46:31.418+0000] {processor.py:179} INFO - Processing /home/airflow/.local/lib/python3.8/site-packages/airflow/example_dags/example_skip_dag.py took 0.120 seconds
[2023-11-22T18:47:01.742+0000] {processor.py:157} INFO - Started process (PID=1190) to work on /home/airflow/.local/lib/python3.8/site-packages/airflow/example_dags/example_skip_dag.py
[2023-11-22T18:47:01.742+0000] {processor.py:829} INFO - Processing file /home/airflow/.local/lib/python3.8/site-packages/airflow/example_dags/example_skip_dag.py for tasks to queue
[2023-11-22T18:47:01.743+0000] {logging_mixin.py:151} INFO - [2023-11-22T18:47:01.743+0000] {dagbag.py:536} INFO - Filling up the DagBag from /home/airflow/.local/lib/python3.8/site-packages/airflow/example_dags/example_skip_dag.py
[2023-11-22T18:47:01.747+0000] {processor.py:839} INFO - DAG(s) dict_keys(['example_skip_dag']) retrieved from /home/airflow/.local/lib/python3.8/site-packages/airflow/example_dags/example_skip_dag.py
[2023-11-22T18:47:01.757+0000] {logging_mixin.py:151} INFO - [2023-11-22T18:47:01.757+0000] {dag.py:2941} INFO - Sync 1 DAGs
[2023-11-22T18:47:01.767+0000] {logging_mixin.py:151} INFO - [2023-11-22T18:47:01.767+0000] {dag.py:3722} INFO - Setting next_dagrun for example_skip_dag to 2023-11-21T18:47:01.767058+00:00, run_after=2023-11-22T18:47:01.767058+00:00
[2023-11-22T18:47:01.865+0000] {processor.py:179} INFO - Processing /home/airflow/.local/lib/python3.8/site-packages/airflow/example_dags/example_skip_dag.py took 0.125 seconds
[2023-11-22T18:47:31.970+0000] {processor.py:157} INFO - Started process (PID=1247) to work on /home/airflow/.local/lib/python3.8/site-packages/airflow/example_dags/example_skip_dag.py
[2023-11-22T18:47:31.970+0000] {processor.py:829} INFO - Processing file /home/airflow/.local/lib/python3.8/site-packages/airflow/example_dags/example_skip_dag.py for tasks to queue
[2023-11-22T18:47:31.972+0000] {logging_mixin.py:151} INFO - [2023-11-22T18:47:31.972+0000] {dagbag.py:536} INFO - Filling up the DagBag from /home/airflow/.local/lib/python3.8/site-packages/airflow/example_dags/example_skip_dag.py
[2023-11-22T18:47:31.975+0000] {processor.py:839} INFO - DAG(s) dict_keys(['example_skip_dag']) retrieved from /home/airflow/.local/lib/python3.8/site-packages/airflow/example_dags/example_skip_dag.py
[2023-11-22T18:47:31.985+0000] {logging_mixin.py:151} INFO - [2023-11-22T18:47:31.985+0000] {dag.py:2941} INFO - Sync 1 DAGs
[2023-11-22T18:47:31.994+0000] {logging_mixin.py:151} INFO - [2023-11-22T18:47:31.993+0000] {dag.py:3722} INFO - Setting next_dagrun for example_skip_dag to 2023-11-21T18:47:31.993858+00:00, run_after=2023-11-22T18:47:31.993858+00:00
[2023-11-22T18:47:32.001+0000] {processor.py:179} INFO - Processing /home/airflow/.local/lib/python3.8/site-packages/airflow/example_dags/example_skip_dag.py took 0.032 seconds
[2023-11-22T18:48:02.597+0000] {processor.py:157} INFO - Started process (PID=1304) to work on /home/airflow/.local/lib/python3.8/site-packages/airflow/example_dags/example_skip_dag.py
[2023-11-22T18:48:02.598+0000] {processor.py:829} INFO - Processing file /home/airflow/.local/lib/python3.8/site-packages/airflow/example_dags/example_skip_dag.py for tasks to queue
[2023-11-22T18:48:02.599+0000] {logging_mixin.py:151} INFO - [2023-11-22T18:48:02.599+0000] {dagbag.py:536} INFO - Filling up the DagBag from /home/airflow/.local/lib/python3.8/site-packages/airflow/example_dags/example_skip_dag.py
[2023-11-22T18:48:02.602+0000] {processor.py:839} INFO - DAG(s) dict_keys(['example_skip_dag']) retrieved from /home/airflow/.local/lib/python3.8/site-packages/airflow/example_dags/example_skip_dag.py
[2023-11-22T18:48:02.612+0000] {logging_mixin.py:151} INFO - [2023-11-22T18:48:02.612+0000] {dag.py:2941} INFO - Sync 1 DAGs
[2023-11-22T18:48:02.621+0000] {logging_mixin.py:151} INFO - [2023-11-22T18:48:02.621+0000] {dag.py:3722} INFO - Setting next_dagrun for example_skip_dag to 2023-11-21T18:48:02.621073+00:00, run_after=2023-11-22T18:48:02.621073+00:00
[2023-11-22T18:48:02.628+0000] {processor.py:179} INFO - Processing /home/airflow/.local/lib/python3.8/site-packages/airflow/example_dags/example_skip_dag.py took 0.032 seconds
[2023-11-22T18:48:33.323+0000] {processor.py:157} INFO - Started process (PID=1361) to work on /home/airflow/.local/lib/python3.8/site-packages/airflow/example_dags/example_skip_dag.py
[2023-11-22T18:48:33.324+0000] {processor.py:829} INFO - Processing file /home/airflow/.local/lib/python3.8/site-packages/airflow/example_dags/example_skip_dag.py for tasks to queue
[2023-11-22T18:48:33.325+0000] {logging_mixin.py:151} INFO - [2023-11-22T18:48:33.325+0000] {dagbag.py:536} INFO - Filling up the DagBag from /home/airflow/.local/lib/python3.8/site-packages/airflow/example_dags/example_skip_dag.py
[2023-11-22T18:48:33.329+0000] {processor.py:839} INFO - DAG(s) dict_keys(['example_skip_dag']) retrieved from /home/airflow/.local/lib/python3.8/site-packages/airflow/example_dags/example_skip_dag.py
[2023-11-22T18:48:33.340+0000] {logging_mixin.py:151} INFO - [2023-11-22T18:48:33.340+0000] {dag.py:2941} INFO - Sync 1 DAGs
[2023-11-22T18:48:33.349+0000] {logging_mixin.py:151} INFO - [2023-11-22T18:48:33.349+0000] {dag.py:3722} INFO - Setting next_dagrun for example_skip_dag to 2023-11-21T18:48:33.349474+00:00, run_after=2023-11-22T18:48:33.349474+00:00
[2023-11-22T18:48:33.359+0000] {processor.py:179} INFO - Processing /home/airflow/.local/lib/python3.8/site-packages/airflow/example_dags/example_skip_dag.py took 0.037 seconds
[2023-11-22T18:49:04.058+0000] {processor.py:157} INFO - Started process (PID=1418) to work on /home/airflow/.local/lib/python3.8/site-packages/airflow/example_dags/example_skip_dag.py
[2023-11-22T18:49:04.059+0000] {processor.py:829} INFO - Processing file /home/airflow/.local/lib/python3.8/site-packages/airflow/example_dags/example_skip_dag.py for tasks to queue
[2023-11-22T18:49:04.060+0000] {logging_mixin.py:151} INFO - [2023-11-22T18:49:04.060+0000] {dagbag.py:536} INFO - Filling up the DagBag from /home/airflow/.local/lib/python3.8/site-packages/airflow/example_dags/example_skip_dag.py
[2023-11-22T18:49:04.063+0000] {processor.py:839} INFO - DAG(s) dict_keys(['example_skip_dag']) retrieved from /home/airflow/.local/lib/python3.8/site-packages/airflow/example_dags/example_skip_dag.py
[2023-11-22T18:49:04.073+0000] {logging_mixin.py:151} INFO - [2023-11-22T18:49:04.073+0000] {dag.py:2941} INFO - Sync 1 DAGs
[2023-11-22T18:49:04.083+0000] {logging_mixin.py:151} INFO - [2023-11-22T18:49:04.083+0000] {dag.py:3722} INFO - Setting next_dagrun for example_skip_dag to 2023-11-21T18:49:04.083040+00:00, run_after=2023-11-22T18:49:04.083040+00:00
[2023-11-22T18:49:04.090+0000] {processor.py:179} INFO - Processing /home/airflow/.local/lib/python3.8/site-packages/airflow/example_dags/example_skip_dag.py took 0.034 seconds
[2023-11-22T18:49:34.683+0000] {processor.py:157} INFO - Started process (PID=1475) to work on /home/airflow/.local/lib/python3.8/site-packages/airflow/example_dags/example_skip_dag.py
[2023-11-22T18:49:34.683+0000] {processor.py:829} INFO - Processing file /home/airflow/.local/lib/python3.8/site-packages/airflow/example_dags/example_skip_dag.py for tasks to queue
[2023-11-22T18:49:34.685+0000] {logging_mixin.py:151} INFO - [2023-11-22T18:49:34.685+0000] {dagbag.py:536} INFO - Filling up the DagBag from /home/airflow/.local/lib/python3.8/site-packages/airflow/example_dags/example_skip_dag.py
[2023-11-22T18:49:34.688+0000] {processor.py:839} INFO - DAG(s) dict_keys(['example_skip_dag']) retrieved from /home/airflow/.local/lib/python3.8/site-packages/airflow/example_dags/example_skip_dag.py
[2023-11-22T18:49:34.701+0000] {logging_mixin.py:151} INFO - [2023-11-22T18:49:34.700+0000] {dag.py:2941} INFO - Sync 1 DAGs
[2023-11-22T18:49:34.710+0000] {logging_mixin.py:151} INFO - [2023-11-22T18:49:34.710+0000] {dag.py:3722} INFO - Setting next_dagrun for example_skip_dag to 2023-11-21T18:49:34.710628+00:00, run_after=2023-11-22T18:49:34.710628+00:00
[2023-11-22T18:49:34.718+0000] {processor.py:179} INFO - Processing /home/airflow/.local/lib/python3.8/site-packages/airflow/example_dags/example_skip_dag.py took 0.037 seconds
[2023-11-22T18:50:05.276+0000] {processor.py:157} INFO - Started process (PID=1532) to work on /home/airflow/.local/lib/python3.8/site-packages/airflow/example_dags/example_skip_dag.py
[2023-11-22T18:50:05.277+0000] {processor.py:829} INFO - Processing file /home/airflow/.local/lib/python3.8/site-packages/airflow/example_dags/example_skip_dag.py for tasks to queue
[2023-11-22T18:50:05.278+0000] {logging_mixin.py:151} INFO - [2023-11-22T18:50:05.278+0000] {dagbag.py:536} INFO - Filling up the DagBag from /home/airflow/.local/lib/python3.8/site-packages/airflow/example_dags/example_skip_dag.py
[2023-11-22T18:50:05.281+0000] {processor.py:839} INFO - DAG(s) dict_keys(['example_skip_dag']) retrieved from /home/airflow/.local/lib/python3.8/site-packages/airflow/example_dags/example_skip_dag.py
[2023-11-22T18:50:05.292+0000] {logging_mixin.py:151} INFO - [2023-11-22T18:50:05.292+0000] {dag.py:2941} INFO - Sync 1 DAGs
[2023-11-22T18:50:05.301+0000] {logging_mixin.py:151} INFO - [2023-11-22T18:50:05.301+0000] {dag.py:3722} INFO - Setting next_dagrun for example_skip_dag to 2023-11-21T18:50:05.301589+00:00, run_after=2023-11-22T18:50:05.301589+00:00
[2023-11-22T18:50:05.308+0000] {processor.py:179} INFO - Processing /home/airflow/.local/lib/python3.8/site-packages/airflow/example_dags/example_skip_dag.py took 0.034 seconds
[2023-11-22T18:50:35.716+0000] {processor.py:157} INFO - Started process (PID=1589) to work on /home/airflow/.local/lib/python3.8/site-packages/airflow/example_dags/example_skip_dag.py
[2023-11-22T18:50:35.717+0000] {processor.py:829} INFO - Processing file /home/airflow/.local/lib/python3.8/site-packages/airflow/example_dags/example_skip_dag.py for tasks to queue
[2023-11-22T18:50:35.718+0000] {logging_mixin.py:151} INFO - [2023-11-22T18:50:35.718+0000] {dagbag.py:536} INFO - Filling up the DagBag from /home/airflow/.local/lib/python3.8/site-packages/airflow/example_dags/example_skip_dag.py
[2023-11-22T18:50:35.721+0000] {processor.py:839} INFO - DAG(s) dict_keys(['example_skip_dag']) retrieved from /home/airflow/.local/lib/python3.8/site-packages/airflow/example_dags/example_skip_dag.py
[2023-11-22T18:50:35.731+0000] {logging_mixin.py:151} INFO - [2023-11-22T18:50:35.731+0000] {dag.py:2941} INFO - Sync 1 DAGs
[2023-11-22T18:50:35.740+0000] {logging_mixin.py:151} INFO - [2023-11-22T18:50:35.740+0000] {dag.py:3722} INFO - Setting next_dagrun for example_skip_dag to 2023-11-21T18:50:35.740006+00:00, run_after=2023-11-22T18:50:35.740006+00:00
[2023-11-22T18:50:35.746+0000] {processor.py:179} INFO - Processing /home/airflow/.local/lib/python3.8/site-packages/airflow/example_dags/example_skip_dag.py took 0.032 seconds
[2023-11-22T18:51:06.473+0000] {processor.py:157} INFO - Started process (PID=1646) to work on /home/airflow/.local/lib/python3.8/site-packages/airflow/example_dags/example_skip_dag.py
[2023-11-22T18:51:06.474+0000] {processor.py:829} INFO - Processing file /home/airflow/.local/lib/python3.8/site-packages/airflow/example_dags/example_skip_dag.py for tasks to queue
[2023-11-22T18:51:06.475+0000] {logging_mixin.py:151} INFO - [2023-11-22T18:51:06.475+0000] {dagbag.py:536} INFO - Filling up the DagBag from /home/airflow/.local/lib/python3.8/site-packages/airflow/example_dags/example_skip_dag.py
[2023-11-22T18:51:06.479+0000] {processor.py:839} INFO - DAG(s) dict_keys(['example_skip_dag']) retrieved from /home/airflow/.local/lib/python3.8/site-packages/airflow/example_dags/example_skip_dag.py
[2023-11-22T18:51:06.490+0000] {logging_mixin.py:151} INFO - [2023-11-22T18:51:06.490+0000] {dag.py:2941} INFO - Sync 1 DAGs
[2023-11-22T18:51:06.500+0000] {logging_mixin.py:151} INFO - [2023-11-22T18:51:06.500+0000] {dag.py:3722} INFO - Setting next_dagrun for example_skip_dag to 2023-11-21T18:51:06.500189+00:00, run_after=2023-11-22T18:51:06.500189+00:00
[2023-11-22T18:51:06.508+0000] {processor.py:179} INFO - Processing /home/airflow/.local/lib/python3.8/site-packages/airflow/example_dags/example_skip_dag.py took 0.037 seconds
[2023-11-22T18:51:37.133+0000] {processor.py:157} INFO - Started process (PID=1703) to work on /home/airflow/.local/lib/python3.8/site-packages/airflow/example_dags/example_skip_dag.py
[2023-11-22T18:51:37.133+0000] {processor.py:829} INFO - Processing file /home/airflow/.local/lib/python3.8/site-packages/airflow/example_dags/example_skip_dag.py for tasks to queue
[2023-11-22T18:51:37.135+0000] {logging_mixin.py:151} INFO - [2023-11-22T18:51:37.135+0000] {dagbag.py:536} INFO - Filling up the DagBag from /home/airflow/.local/lib/python3.8/site-packages/airflow/example_dags/example_skip_dag.py
[2023-11-22T18:51:37.138+0000] {processor.py:839} INFO - DAG(s) dict_keys(['example_skip_dag']) retrieved from /home/airflow/.local/lib/python3.8/site-packages/airflow/example_dags/example_skip_dag.py
[2023-11-22T18:51:37.148+0000] {logging_mixin.py:151} INFO - [2023-11-22T18:51:37.148+0000] {dag.py:2941} INFO - Sync 1 DAGs
[2023-11-22T18:51:37.157+0000] {logging_mixin.py:151} INFO - [2023-11-22T18:51:37.157+0000] {dag.py:3722} INFO - Setting next_dagrun for example_skip_dag to 2023-11-21T18:51:37.157232+00:00, run_after=2023-11-22T18:51:37.157232+00:00
[2023-11-22T18:51:37.164+0000] {processor.py:179} INFO - Processing /home/airflow/.local/lib/python3.8/site-packages/airflow/example_dags/example_skip_dag.py took 0.033 seconds
[2023-11-22T18:52:07.819+0000] {processor.py:157} INFO - Started process (PID=1760) to work on /home/airflow/.local/lib/python3.8/site-packages/airflow/example_dags/example_skip_dag.py
[2023-11-22T18:52:07.819+0000] {processor.py:829} INFO - Processing file /home/airflow/.local/lib/python3.8/site-packages/airflow/example_dags/example_skip_dag.py for tasks to queue
[2023-11-22T18:52:07.821+0000] {logging_mixin.py:151} INFO - [2023-11-22T18:52:07.820+0000] {dagbag.py:536} INFO - Filling up the DagBag from /home/airflow/.local/lib/python3.8/site-packages/airflow/example_dags/example_skip_dag.py
[2023-11-22T18:52:07.824+0000] {processor.py:839} INFO - DAG(s) dict_keys(['example_skip_dag']) retrieved from /home/airflow/.local/lib/python3.8/site-packages/airflow/example_dags/example_skip_dag.py
[2023-11-22T18:52:07.835+0000] {logging_mixin.py:151} INFO - [2023-11-22T18:52:07.835+0000] {dag.py:2941} INFO - Sync 1 DAGs
[2023-11-22T18:52:07.845+0000] {logging_mixin.py:151} INFO - [2023-11-22T18:52:07.845+0000] {dag.py:3722} INFO - Setting next_dagrun for example_skip_dag to 2023-11-21T18:52:07.845055+00:00, run_after=2023-11-22T18:52:07.845055+00:00
[2023-11-22T18:52:07.852+0000] {processor.py:179} INFO - Processing /home/airflow/.local/lib/python3.8/site-packages/airflow/example_dags/example_skip_dag.py took 0.035 seconds
[2023-11-22T18:52:38.510+0000] {processor.py:157} INFO - Started process (PID=1817) to work on /home/airflow/.local/lib/python3.8/site-packages/airflow/example_dags/example_skip_dag.py
[2023-11-22T18:52:38.511+0000] {processor.py:829} INFO - Processing file /home/airflow/.local/lib/python3.8/site-packages/airflow/example_dags/example_skip_dag.py for tasks to queue
[2023-11-22T18:52:38.512+0000] {logging_mixin.py:151} INFO - [2023-11-22T18:52:38.512+0000] {dagbag.py:536} INFO - Filling up the DagBag from /home/airflow/.local/lib/python3.8/site-packages/airflow/example_dags/example_skip_dag.py
[2023-11-22T18:52:38.516+0000] {processor.py:839} INFO - DAG(s) dict_keys(['example_skip_dag']) retrieved from /home/airflow/.local/lib/python3.8/site-packages/airflow/example_dags/example_skip_dag.py
[2023-11-22T18:52:38.527+0000] {logging_mixin.py:151} INFO - [2023-11-22T18:52:38.527+0000] {dag.py:2941} INFO - Sync 1 DAGs
[2023-11-22T18:52:38.536+0000] {logging_mixin.py:151} INFO - [2023-11-22T18:52:38.536+0000] {dag.py:3722} INFO - Setting next_dagrun for example_skip_dag to 2023-11-21T18:52:38.536732+00:00, run_after=2023-11-22T18:52:38.536732+00:00
[2023-11-22T18:52:38.544+0000] {processor.py:179} INFO - Processing /home/airflow/.local/lib/python3.8/site-packages/airflow/example_dags/example_skip_dag.py took 0.036 seconds
[2023-11-22T18:53:09.055+0000] {processor.py:157} INFO - Started process (PID=1873) to work on /home/airflow/.local/lib/python3.8/site-packages/airflow/example_dags/example_skip_dag.py
[2023-11-22T18:53:09.056+0000] {processor.py:829} INFO - Processing file /home/airflow/.local/lib/python3.8/site-packages/airflow/example_dags/example_skip_dag.py for tasks to queue
[2023-11-22T18:53:09.057+0000] {logging_mixin.py:151} INFO - [2023-11-22T18:53:09.057+0000] {dagbag.py:536} INFO - Filling up the DagBag from /home/airflow/.local/lib/python3.8/site-packages/airflow/example_dags/example_skip_dag.py
[2023-11-22T18:53:09.060+0000] {processor.py:839} INFO - DAG(s) dict_keys(['example_skip_dag']) retrieved from /home/airflow/.local/lib/python3.8/site-packages/airflow/example_dags/example_skip_dag.py
[2023-11-22T18:53:09.071+0000] {logging_mixin.py:151} INFO - [2023-11-22T18:53:09.071+0000] {dag.py:2941} INFO - Sync 1 DAGs
[2023-11-22T18:53:09.080+0000] {logging_mixin.py:151} INFO - [2023-11-22T18:53:09.080+0000] {dag.py:3722} INFO - Setting next_dagrun for example_skip_dag to 2023-11-21T18:53:09.080282+00:00, run_after=2023-11-22T18:53:09.080282+00:00
[2023-11-22T18:53:09.088+0000] {processor.py:179} INFO - Processing /home/airflow/.local/lib/python3.8/site-packages/airflow/example_dags/example_skip_dag.py took 0.035 seconds
[2023-11-22T18:53:39.640+0000] {processor.py:157} INFO - Started process (PID=1929) to work on /home/airflow/.local/lib/python3.8/site-packages/airflow/example_dags/example_skip_dag.py
[2023-11-22T18:53:39.640+0000] {processor.py:829} INFO - Processing file /home/airflow/.local/lib/python3.8/site-packages/airflow/example_dags/example_skip_dag.py for tasks to queue
[2023-11-22T18:53:39.642+0000] {logging_mixin.py:151} INFO - [2023-11-22T18:53:39.642+0000] {dagbag.py:536} INFO - Filling up the DagBag from /home/airflow/.local/lib/python3.8/site-packages/airflow/example_dags/example_skip_dag.py
[2023-11-22T18:53:39.645+0000] {processor.py:839} INFO - DAG(s) dict_keys(['example_skip_dag']) retrieved from /home/airflow/.local/lib/python3.8/site-packages/airflow/example_dags/example_skip_dag.py
[2023-11-22T18:53:39.656+0000] {logging_mixin.py:151} INFO - [2023-11-22T18:53:39.656+0000] {dag.py:2941} INFO - Sync 1 DAGs
[2023-11-22T18:53:39.666+0000] {logging_mixin.py:151} INFO - [2023-11-22T18:53:39.666+0000] {dag.py:3722} INFO - Setting next_dagrun for example_skip_dag to 2023-11-21T18:53:39.666127+00:00, run_after=2023-11-22T18:53:39.666127+00:00
[2023-11-22T18:53:39.673+0000] {processor.py:179} INFO - Processing /home/airflow/.local/lib/python3.8/site-packages/airflow/example_dags/example_skip_dag.py took 0.035 seconds
[2023-11-22T18:54:10.331+0000] {processor.py:157} INFO - Started process (PID=1986) to work on /home/airflow/.local/lib/python3.8/site-packages/airflow/example_dags/example_skip_dag.py
[2023-11-22T18:54:10.332+0000] {processor.py:829} INFO - Processing file /home/airflow/.local/lib/python3.8/site-packages/airflow/example_dags/example_skip_dag.py for tasks to queue
[2023-11-22T18:54:10.334+0000] {logging_mixin.py:151} INFO - [2023-11-22T18:54:10.334+0000] {dagbag.py:536} INFO - Filling up the DagBag from /home/airflow/.local/lib/python3.8/site-packages/airflow/example_dags/example_skip_dag.py
[2023-11-22T18:54:10.339+0000] {processor.py:839} INFO - DAG(s) dict_keys(['example_skip_dag']) retrieved from /home/airflow/.local/lib/python3.8/site-packages/airflow/example_dags/example_skip_dag.py
[2023-11-22T18:54:10.354+0000] {logging_mixin.py:151} INFO - [2023-11-22T18:54:10.354+0000] {dag.py:2941} INFO - Sync 1 DAGs
[2023-11-22T18:54:10.365+0000] {logging_mixin.py:151} INFO - [2023-11-22T18:54:10.365+0000] {dag.py:3722} INFO - Setting next_dagrun for example_skip_dag to 2023-11-21T18:54:10.365181+00:00, run_after=2023-11-22T18:54:10.365181+00:00
[2023-11-22T18:54:10.374+0000] {processor.py:179} INFO - Processing /home/airflow/.local/lib/python3.8/site-packages/airflow/example_dags/example_skip_dag.py took 0.045 seconds
[2023-11-22T18:54:41.145+0000] {processor.py:157} INFO - Started process (PID=2043) to work on /home/airflow/.local/lib/python3.8/site-packages/airflow/example_dags/example_skip_dag.py
[2023-11-22T18:54:41.146+0000] {processor.py:829} INFO - Processing file /home/airflow/.local/lib/python3.8/site-packages/airflow/example_dags/example_skip_dag.py for tasks to queue
[2023-11-22T18:54:41.147+0000] {logging_mixin.py:151} INFO - [2023-11-22T18:54:41.147+0000] {dagbag.py:536} INFO - Filling up the DagBag from /home/airflow/.local/lib/python3.8/site-packages/airflow/example_dags/example_skip_dag.py
[2023-11-22T18:54:41.151+0000] {processor.py:839} INFO - DAG(s) dict_keys(['example_skip_dag']) retrieved from /home/airflow/.local/lib/python3.8/site-packages/airflow/example_dags/example_skip_dag.py
[2023-11-22T18:54:41.162+0000] {logging_mixin.py:151} INFO - [2023-11-22T18:54:41.162+0000] {dag.py:2941} INFO - Sync 1 DAGs
[2023-11-22T18:54:41.172+0000] {logging_mixin.py:151} INFO - [2023-11-22T18:54:41.172+0000] {dag.py:3722} INFO - Setting next_dagrun for example_skip_dag to 2023-11-21T18:54:41.171894+00:00, run_after=2023-11-22T18:54:41.171894+00:00
[2023-11-22T18:54:41.179+0000] {processor.py:179} INFO - Processing /home/airflow/.local/lib/python3.8/site-packages/airflow/example_dags/example_skip_dag.py took 0.035 seconds
[2023-11-22T18:55:11.862+0000] {processor.py:157} INFO - Started process (PID=2100) to work on /home/airflow/.local/lib/python3.8/site-packages/airflow/example_dags/example_skip_dag.py
[2023-11-22T18:55:11.863+0000] {processor.py:829} INFO - Processing file /home/airflow/.local/lib/python3.8/site-packages/airflow/example_dags/example_skip_dag.py for tasks to queue
[2023-11-22T18:55:11.864+0000] {logging_mixin.py:151} INFO - [2023-11-22T18:55:11.864+0000] {dagbag.py:536} INFO - Filling up the DagBag from /home/airflow/.local/lib/python3.8/site-packages/airflow/example_dags/example_skip_dag.py
[2023-11-22T18:55:11.868+0000] {processor.py:839} INFO - DAG(s) dict_keys(['example_skip_dag']) retrieved from /home/airflow/.local/lib/python3.8/site-packages/airflow/example_dags/example_skip_dag.py
[2023-11-22T18:55:11.879+0000] {logging_mixin.py:151} INFO - [2023-11-22T18:55:11.879+0000] {dag.py:2941} INFO - Sync 1 DAGs
[2023-11-22T18:55:11.889+0000] {logging_mixin.py:151} INFO - [2023-11-22T18:55:11.889+0000] {dag.py:3722} INFO - Setting next_dagrun for example_skip_dag to 2023-11-21T18:55:11.889046+00:00, run_after=2023-11-22T18:55:11.889046+00:00
[2023-11-22T18:55:11.896+0000] {processor.py:179} INFO - Processing /home/airflow/.local/lib/python3.8/site-packages/airflow/example_dags/example_skip_dag.py took 0.036 seconds
[2023-11-22T18:55:42.743+0000] {processor.py:157} INFO - Started process (PID=2164) to work on /home/airflow/.local/lib/python3.8/site-packages/airflow/example_dags/example_skip_dag.py
[2023-11-22T18:55:42.744+0000] {processor.py:829} INFO - Processing file /home/airflow/.local/lib/python3.8/site-packages/airflow/example_dags/example_skip_dag.py for tasks to queue
[2023-11-22T18:55:42.745+0000] {logging_mixin.py:151} INFO - [2023-11-22T18:55:42.745+0000] {dagbag.py:536} INFO - Filling up the DagBag from /home/airflow/.local/lib/python3.8/site-packages/airflow/example_dags/example_skip_dag.py
[2023-11-22T18:55:42.749+0000] {processor.py:839} INFO - DAG(s) dict_keys(['example_skip_dag']) retrieved from /home/airflow/.local/lib/python3.8/site-packages/airflow/example_dags/example_skip_dag.py
[2023-11-22T18:55:42.760+0000] {logging_mixin.py:151} INFO - [2023-11-22T18:55:42.760+0000] {dag.py:2941} INFO - Sync 1 DAGs
[2023-11-22T18:55:42.770+0000] {logging_mixin.py:151} INFO - [2023-11-22T18:55:42.770+0000] {dag.py:3722} INFO - Setting next_dagrun for example_skip_dag to 2023-11-21T18:55:42.769976+00:00, run_after=2023-11-22T18:55:42.769976+00:00
[2023-11-22T18:55:42.777+0000] {processor.py:179} INFO - Processing /home/airflow/.local/lib/python3.8/site-packages/airflow/example_dags/example_skip_dag.py took 0.036 seconds
[2023-11-22T18:56:13.480+0000] {processor.py:157} INFO - Started process (PID=2221) to work on /home/airflow/.local/lib/python3.8/site-packages/airflow/example_dags/example_skip_dag.py
[2023-11-22T18:56:13.481+0000] {processor.py:829} INFO - Processing file /home/airflow/.local/lib/python3.8/site-packages/airflow/example_dags/example_skip_dag.py for tasks to queue
[2023-11-22T18:56:13.482+0000] {logging_mixin.py:151} INFO - [2023-11-22T18:56:13.482+0000] {dagbag.py:536} INFO - Filling up the DagBag from /home/airflow/.local/lib/python3.8/site-packages/airflow/example_dags/example_skip_dag.py
[2023-11-22T18:56:13.486+0000] {processor.py:839} INFO - DAG(s) dict_keys(['example_skip_dag']) retrieved from /home/airflow/.local/lib/python3.8/site-packages/airflow/example_dags/example_skip_dag.py
[2023-11-22T18:56:13.497+0000] {logging_mixin.py:151} INFO - [2023-11-22T18:56:13.497+0000] {dag.py:2941} INFO - Sync 1 DAGs
[2023-11-22T18:56:13.507+0000] {logging_mixin.py:151} INFO - [2023-11-22T18:56:13.507+0000] {dag.py:3722} INFO - Setting next_dagrun for example_skip_dag to 2023-11-21T18:56:13.507592+00:00, run_after=2023-11-22T18:56:13.507592+00:00
[2023-11-22T18:56:13.515+0000] {processor.py:179} INFO - Processing /home/airflow/.local/lib/python3.8/site-packages/airflow/example_dags/example_skip_dag.py took 0.037 seconds
[2023-11-22T18:56:44.225+0000] {processor.py:157} INFO - Started process (PID=2278) to work on /home/airflow/.local/lib/python3.8/site-packages/airflow/example_dags/example_skip_dag.py
[2023-11-22T18:56:44.226+0000] {processor.py:829} INFO - Processing file /home/airflow/.local/lib/python3.8/site-packages/airflow/example_dags/example_skip_dag.py for tasks to queue
[2023-11-22T18:56:44.227+0000] {logging_mixin.py:151} INFO - [2023-11-22T18:56:44.227+0000] {dagbag.py:536} INFO - Filling up the DagBag from /home/airflow/.local/lib/python3.8/site-packages/airflow/example_dags/example_skip_dag.py
[2023-11-22T18:56:44.231+0000] {processor.py:839} INFO - DAG(s) dict_keys(['example_skip_dag']) retrieved from /home/airflow/.local/lib/python3.8/site-packages/airflow/example_dags/example_skip_dag.py
[2023-11-22T18:56:44.241+0000] {logging_mixin.py:151} INFO - [2023-11-22T18:56:44.241+0000] {dag.py:2941} INFO - Sync 1 DAGs
[2023-11-22T18:56:44.251+0000] {logging_mixin.py:151} INFO - [2023-11-22T18:56:44.250+0000] {dag.py:3722} INFO - Setting next_dagrun for example_skip_dag to 2023-11-21T18:56:44.250867+00:00, run_after=2023-11-22T18:56:44.250867+00:00
[2023-11-22T18:56:44.258+0000] {processor.py:179} INFO - Processing /home/airflow/.local/lib/python3.8/site-packages/airflow/example_dags/example_skip_dag.py took 0.035 seconds
[2023-11-22T18:57:14.983+0000] {processor.py:157} INFO - Started process (PID=2335) to work on /home/airflow/.local/lib/python3.8/site-packages/airflow/example_dags/example_skip_dag.py
[2023-11-22T18:57:14.983+0000] {processor.py:829} INFO - Processing file /home/airflow/.local/lib/python3.8/site-packages/airflow/example_dags/example_skip_dag.py for tasks to queue
[2023-11-22T18:57:14.985+0000] {logging_mixin.py:151} INFO - [2023-11-22T18:57:14.985+0000] {dagbag.py:536} INFO - Filling up the DagBag from /home/airflow/.local/lib/python3.8/site-packages/airflow/example_dags/example_skip_dag.py
[2023-11-22T18:57:14.988+0000] {processor.py:839} INFO - DAG(s) dict_keys(['example_skip_dag']) retrieved from /home/airflow/.local/lib/python3.8/site-packages/airflow/example_dags/example_skip_dag.py
[2023-11-22T18:57:14.998+0000] {logging_mixin.py:151} INFO - [2023-11-22T18:57:14.998+0000] {dag.py:2941} INFO - Sync 1 DAGs
[2023-11-22T18:57:15.008+0000] {logging_mixin.py:151} INFO - [2023-11-22T18:57:15.008+0000] {dag.py:3722} INFO - Setting next_dagrun for example_skip_dag to 2023-11-21T18:57:15.007940+00:00, run_after=2023-11-22T18:57:15.007940+00:00
[2023-11-22T18:57:15.015+0000] {processor.py:179} INFO - Processing /home/airflow/.local/lib/python3.8/site-packages/airflow/example_dags/example_skip_dag.py took 0.034 seconds
[2023-11-22T18:57:45.718+0000] {processor.py:157} INFO - Started process (PID=2392) to work on /home/airflow/.local/lib/python3.8/site-packages/airflow/example_dags/example_skip_dag.py
[2023-11-22T18:57:45.719+0000] {processor.py:829} INFO - Processing file /home/airflow/.local/lib/python3.8/site-packages/airflow/example_dags/example_skip_dag.py for tasks to queue
[2023-11-22T18:57:45.720+0000] {logging_mixin.py:151} INFO - [2023-11-22T18:57:45.720+0000] {dagbag.py:536} INFO - Filling up the DagBag from /home/airflow/.local/lib/python3.8/site-packages/airflow/example_dags/example_skip_dag.py
[2023-11-22T18:57:45.723+0000] {processor.py:839} INFO - DAG(s) dict_keys(['example_skip_dag']) retrieved from /home/airflow/.local/lib/python3.8/site-packages/airflow/example_dags/example_skip_dag.py
[2023-11-22T18:57:45.734+0000] {logging_mixin.py:151} INFO - [2023-11-22T18:57:45.734+0000] {dag.py:2941} INFO - Sync 1 DAGs
[2023-11-22T18:57:45.743+0000] {logging_mixin.py:151} INFO - [2023-11-22T18:57:45.743+0000] {dag.py:3722} INFO - Setting next_dagrun for example_skip_dag to 2023-11-21T18:57:45.743256+00:00, run_after=2023-11-22T18:57:45.743256+00:00
[2023-11-22T18:57:45.750+0000] {processor.py:179} INFO - Processing /home/airflow/.local/lib/python3.8/site-packages/airflow/example_dags/example_skip_dag.py took 0.034 seconds
[2023-11-22T18:58:16.252+0000] {processor.py:157} INFO - Started process (PID=2449) to work on /home/airflow/.local/lib/python3.8/site-packages/airflow/example_dags/example_skip_dag.py
[2023-11-22T18:58:16.253+0000] {processor.py:829} INFO - Processing file /home/airflow/.local/lib/python3.8/site-packages/airflow/example_dags/example_skip_dag.py for tasks to queue
[2023-11-22T18:58:16.254+0000] {logging_mixin.py:151} INFO - [2023-11-22T18:58:16.254+0000] {dagbag.py:536} INFO - Filling up the DagBag from /home/airflow/.local/lib/python3.8/site-packages/airflow/example_dags/example_skip_dag.py
[2023-11-22T18:58:16.257+0000] {processor.py:839} INFO - DAG(s) dict_keys(['example_skip_dag']) retrieved from /home/airflow/.local/lib/python3.8/site-packages/airflow/example_dags/example_skip_dag.py
[2023-11-22T18:58:16.267+0000] {logging_mixin.py:151} INFO - [2023-11-22T18:58:16.267+0000] {dag.py:2941} INFO - Sync 1 DAGs
[2023-11-22T18:58:16.276+0000] {logging_mixin.py:151} INFO - [2023-11-22T18:58:16.276+0000] {dag.py:3722} INFO - Setting next_dagrun for example_skip_dag to 2023-11-21T18:58:16.276158+00:00, run_after=2023-11-22T18:58:16.276158+00:00
[2023-11-22T18:58:16.283+0000] {processor.py:179} INFO - Processing /home/airflow/.local/lib/python3.8/site-packages/airflow/example_dags/example_skip_dag.py took 0.033 seconds
[2023-11-22T18:58:46.941+0000] {processor.py:157} INFO - Started process (PID=2506) to work on /home/airflow/.local/lib/python3.8/site-packages/airflow/example_dags/example_skip_dag.py
[2023-11-22T18:58:46.942+0000] {processor.py:829} INFO - Processing file /home/airflow/.local/lib/python3.8/site-packages/airflow/example_dags/example_skip_dag.py for tasks to queue
[2023-11-22T18:58:46.943+0000] {logging_mixin.py:151} INFO - [2023-11-22T18:58:46.943+0000] {dagbag.py:536} INFO - Filling up the DagBag from /home/airflow/.local/lib/python3.8/site-packages/airflow/example_dags/example_skip_dag.py
[2023-11-22T18:58:46.946+0000] {processor.py:839} INFO - DAG(s) dict_keys(['example_skip_dag']) retrieved from /home/airflow/.local/lib/python3.8/site-packages/airflow/example_dags/example_skip_dag.py
[2023-11-22T18:58:46.958+0000] {logging_mixin.py:151} INFO - [2023-11-22T18:58:46.958+0000] {dag.py:2941} INFO - Sync 1 DAGs
[2023-11-22T18:58:46.968+0000] {logging_mixin.py:151} INFO - [2023-11-22T18:58:46.967+0000] {dag.py:3722} INFO - Setting next_dagrun for example_skip_dag to 2023-11-21T18:58:46.967860+00:00, run_after=2023-11-22T18:58:46.967860+00:00
[2023-11-22T18:58:46.975+0000] {processor.py:179} INFO - Processing /home/airflow/.local/lib/python3.8/site-packages/airflow/example_dags/example_skip_dag.py took 0.035 seconds
[2023-11-22T18:59:17.555+0000] {processor.py:157} INFO - Started process (PID=2563) to work on /home/airflow/.local/lib/python3.8/site-packages/airflow/example_dags/example_skip_dag.py
[2023-11-22T18:59:17.556+0000] {processor.py:829} INFO - Processing file /home/airflow/.local/lib/python3.8/site-packages/airflow/example_dags/example_skip_dag.py for tasks to queue
[2023-11-22T18:59:17.557+0000] {logging_mixin.py:151} INFO - [2023-11-22T18:59:17.557+0000] {dagbag.py:536} INFO - Filling up the DagBag from /home/airflow/.local/lib/python3.8/site-packages/airflow/example_dags/example_skip_dag.py
[2023-11-22T18:59:17.560+0000] {processor.py:839} INFO - DAG(s) dict_keys(['example_skip_dag']) retrieved from /home/airflow/.local/lib/python3.8/site-packages/airflow/example_dags/example_skip_dag.py
[2023-11-22T18:59:17.571+0000] {logging_mixin.py:151} INFO - [2023-11-22T18:59:17.571+0000] {dag.py:2941} INFO - Sync 1 DAGs
[2023-11-22T18:59:17.581+0000] {logging_mixin.py:151} INFO - [2023-11-22T18:59:17.580+0000] {dag.py:3722} INFO - Setting next_dagrun for example_skip_dag to 2023-11-21T18:59:17.580861+00:00, run_after=2023-11-22T18:59:17.580861+00:00
[2023-11-22T18:59:17.587+0000] {processor.py:179} INFO - Processing /home/airflow/.local/lib/python3.8/site-packages/airflow/example_dags/example_skip_dag.py took 0.034 seconds
[2023-11-22T18:59:48.230+0000] {processor.py:157} INFO - Started process (PID=2620) to work on /home/airflow/.local/lib/python3.8/site-packages/airflow/example_dags/example_skip_dag.py
[2023-11-22T18:59:48.231+0000] {processor.py:829} INFO - Processing file /home/airflow/.local/lib/python3.8/site-packages/airflow/example_dags/example_skip_dag.py for tasks to queue
[2023-11-22T18:59:48.233+0000] {logging_mixin.py:151} INFO - [2023-11-22T18:59:48.232+0000] {dagbag.py:536} INFO - Filling up the DagBag from /home/airflow/.local/lib/python3.8/site-packages/airflow/example_dags/example_skip_dag.py
[2023-11-22T18:59:48.236+0000] {processor.py:839} INFO - DAG(s) dict_keys(['example_skip_dag']) retrieved from /home/airflow/.local/lib/python3.8/site-packages/airflow/example_dags/example_skip_dag.py
[2023-11-22T18:59:48.245+0000] {logging_mixin.py:151} INFO - [2023-11-22T18:59:48.245+0000] {dag.py:2941} INFO - Sync 1 DAGs
[2023-11-22T18:59:48.255+0000] {logging_mixin.py:151} INFO - [2023-11-22T18:59:48.255+0000] {dag.py:3722} INFO - Setting next_dagrun for example_skip_dag to 2023-11-21T18:59:48.254903+00:00, run_after=2023-11-22T18:59:48.254903+00:00
[2023-11-22T18:59:48.262+0000] {processor.py:179} INFO - Processing /home/airflow/.local/lib/python3.8/site-packages/airflow/example_dags/example_skip_dag.py took 0.034 seconds
[2023-11-22T19:00:19.036+0000] {processor.py:157} INFO - Started process (PID=2677) to work on /home/airflow/.local/lib/python3.8/site-packages/airflow/example_dags/example_skip_dag.py
[2023-11-22T19:00:19.036+0000] {processor.py:829} INFO - Processing file /home/airflow/.local/lib/python3.8/site-packages/airflow/example_dags/example_skip_dag.py for tasks to queue
[2023-11-22T19:00:19.038+0000] {logging_mixin.py:151} INFO - [2023-11-22T19:00:19.038+0000] {dagbag.py:536} INFO - Filling up the DagBag from /home/airflow/.local/lib/python3.8/site-packages/airflow/example_dags/example_skip_dag.py
[2023-11-22T19:00:19.041+0000] {processor.py:839} INFO - DAG(s) dict_keys(['example_skip_dag']) retrieved from /home/airflow/.local/lib/python3.8/site-packages/airflow/example_dags/example_skip_dag.py
[2023-11-22T19:00:19.051+0000] {logging_mixin.py:151} INFO - [2023-11-22T19:00:19.051+0000] {dag.py:2941} INFO - Sync 1 DAGs
[2023-11-22T19:00:19.061+0000] {logging_mixin.py:151} INFO - [2023-11-22T19:00:19.060+0000] {dag.py:3722} INFO - Setting next_dagrun for example_skip_dag to 2023-11-21T19:00:19.060867+00:00, run_after=2023-11-22T19:00:19.060867+00:00
[2023-11-22T19:00:19.068+0000] {processor.py:179} INFO - Processing /home/airflow/.local/lib/python3.8/site-packages/airflow/example_dags/example_skip_dag.py took 0.033 seconds
[2023-11-22T19:00:49.559+0000] {processor.py:157} INFO - Started process (PID=2734) to work on /home/airflow/.local/lib/python3.8/site-packages/airflow/example_dags/example_skip_dag.py
[2023-11-22T19:00:49.560+0000] {processor.py:829} INFO - Processing file /home/airflow/.local/lib/python3.8/site-packages/airflow/example_dags/example_skip_dag.py for tasks to queue
[2023-11-22T19:00:49.561+0000] {logging_mixin.py:151} INFO - [2023-11-22T19:00:49.561+0000] {dagbag.py:536} INFO - Filling up the DagBag from /home/airflow/.local/lib/python3.8/site-packages/airflow/example_dags/example_skip_dag.py
[2023-11-22T19:00:49.565+0000] {processor.py:839} INFO - DAG(s) dict_keys(['example_skip_dag']) retrieved from /home/airflow/.local/lib/python3.8/site-packages/airflow/example_dags/example_skip_dag.py
[2023-11-22T19:00:49.576+0000] {logging_mixin.py:151} INFO - [2023-11-22T19:00:49.576+0000] {dag.py:2941} INFO - Sync 1 DAGs
[2023-11-22T19:00:49.586+0000] {logging_mixin.py:151} INFO - [2023-11-22T19:00:49.586+0000] {dag.py:3722} INFO - Setting next_dagrun for example_skip_dag to 2023-11-21T19:00:49.586134+00:00, run_after=2023-11-22T19:00:49.586134+00:00
[2023-11-22T19:00:49.594+0000] {processor.py:179} INFO - Processing /home/airflow/.local/lib/python3.8/site-packages/airflow/example_dags/example_skip_dag.py took 0.037 seconds
[2023-11-22T19:01:20.292+0000] {processor.py:157} INFO - Started process (PID=2791) to work on /home/airflow/.local/lib/python3.8/site-packages/airflow/example_dags/example_skip_dag.py
[2023-11-22T19:01:20.293+0000] {processor.py:829} INFO - Processing file /home/airflow/.local/lib/python3.8/site-packages/airflow/example_dags/example_skip_dag.py for tasks to queue
[2023-11-22T19:01:20.295+0000] {logging_mixin.py:151} INFO - [2023-11-22T19:01:20.294+0000] {dagbag.py:536} INFO - Filling up the DagBag from /home/airflow/.local/lib/python3.8/site-packages/airflow/example_dags/example_skip_dag.py
[2023-11-22T19:01:20.298+0000] {processor.py:839} INFO - DAG(s) dict_keys(['example_skip_dag']) retrieved from /home/airflow/.local/lib/python3.8/site-packages/airflow/example_dags/example_skip_dag.py
[2023-11-22T19:01:20.308+0000] {logging_mixin.py:151} INFO - [2023-11-22T19:01:20.308+0000] {dag.py:2941} INFO - Sync 1 DAGs
[2023-11-22T19:01:20.318+0000] {logging_mixin.py:151} INFO - [2023-11-22T19:01:20.318+0000] {dag.py:3722} INFO - Setting next_dagrun for example_skip_dag to 2023-11-21T19:01:20.318281+00:00, run_after=2023-11-22T19:01:20.318281+00:00
[2023-11-22T19:01:20.326+0000] {processor.py:179} INFO - Processing /home/airflow/.local/lib/python3.8/site-packages/airflow/example_dags/example_skip_dag.py took 0.035 seconds
[2023-11-22T19:01:50.814+0000] {processor.py:157} INFO - Started process (PID=2849) to work on /home/airflow/.local/lib/python3.8/site-packages/airflow/example_dags/example_skip_dag.py
[2023-11-22T19:01:50.815+0000] {processor.py:829} INFO - Processing file /home/airflow/.local/lib/python3.8/site-packages/airflow/example_dags/example_skip_dag.py for tasks to queue
[2023-11-22T19:01:50.817+0000] {logging_mixin.py:151} INFO - [2023-11-22T19:01:50.816+0000] {dagbag.py:536} INFO - Filling up the DagBag from /home/airflow/.local/lib/python3.8/site-packages/airflow/example_dags/example_skip_dag.py
[2023-11-22T19:01:50.820+0000] {processor.py:839} INFO - DAG(s) dict_keys(['example_skip_dag']) retrieved from /home/airflow/.local/lib/python3.8/site-packages/airflow/example_dags/example_skip_dag.py
[2023-11-22T19:01:50.831+0000] {logging_mixin.py:151} INFO - [2023-11-22T19:01:50.831+0000] {dag.py:2941} INFO - Sync 1 DAGs
[2023-11-22T19:01:50.841+0000] {logging_mixin.py:151} INFO - [2023-11-22T19:01:50.841+0000] {dag.py:3722} INFO - Setting next_dagrun for example_skip_dag to 2023-11-21T19:01:50.840967+00:00, run_after=2023-11-22T19:01:50.840967+00:00
[2023-11-22T19:01:50.848+0000] {processor.py:179} INFO - Processing /home/airflow/.local/lib/python3.8/site-packages/airflow/example_dags/example_skip_dag.py took 0.036 seconds
[2023-11-22T19:02:21.567+0000] {processor.py:157} INFO - Started process (PID=2906) to work on /home/airflow/.local/lib/python3.8/site-packages/airflow/example_dags/example_skip_dag.py
[2023-11-22T19:02:21.567+0000] {processor.py:829} INFO - Processing file /home/airflow/.local/lib/python3.8/site-packages/airflow/example_dags/example_skip_dag.py for tasks to queue
[2023-11-22T19:02:21.569+0000] {logging_mixin.py:151} INFO - [2023-11-22T19:02:21.569+0000] {dagbag.py:536} INFO - Filling up the DagBag from /home/airflow/.local/lib/python3.8/site-packages/airflow/example_dags/example_skip_dag.py
[2023-11-22T19:02:21.572+0000] {processor.py:839} INFO - DAG(s) dict_keys(['example_skip_dag']) retrieved from /home/airflow/.local/lib/python3.8/site-packages/airflow/example_dags/example_skip_dag.py
[2023-11-22T19:02:21.583+0000] {logging_mixin.py:151} INFO - [2023-11-22T19:02:21.583+0000] {dag.py:2941} INFO - Sync 1 DAGs
[2023-11-22T19:02:21.593+0000] {logging_mixin.py:151} INFO - [2023-11-22T19:02:21.593+0000] {dag.py:3722} INFO - Setting next_dagrun for example_skip_dag to 2023-11-21T19:02:21.593296+00:00, run_after=2023-11-22T19:02:21.593296+00:00
[2023-11-22T19:02:21.600+0000] {processor.py:179} INFO - Processing /home/airflow/.local/lib/python3.8/site-packages/airflow/example_dags/example_skip_dag.py took 0.035 seconds
[2023-11-22T19:02:52.237+0000] {processor.py:157} INFO - Started process (PID=2963) to work on /home/airflow/.local/lib/python3.8/site-packages/airflow/example_dags/example_skip_dag.py
[2023-11-22T19:02:52.238+0000] {processor.py:829} INFO - Processing file /home/airflow/.local/lib/python3.8/site-packages/airflow/example_dags/example_skip_dag.py for tasks to queue
[2023-11-22T19:02:52.239+0000] {logging_mixin.py:151} INFO - [2023-11-22T19:02:52.239+0000] {dagbag.py:536} INFO - Filling up the DagBag from /home/airflow/.local/lib/python3.8/site-packages/airflow/example_dags/example_skip_dag.py
[2023-11-22T19:02:52.242+0000] {processor.py:839} INFO - DAG(s) dict_keys(['example_skip_dag']) retrieved from /home/airflow/.local/lib/python3.8/site-packages/airflow/example_dags/example_skip_dag.py
[2023-11-22T19:02:52.253+0000] {logging_mixin.py:151} INFO - [2023-11-22T19:02:52.253+0000] {dag.py:2941} INFO - Sync 1 DAGs
[2023-11-22T19:02:52.263+0000] {logging_mixin.py:151} INFO - [2023-11-22T19:02:52.263+0000] {dag.py:3722} INFO - Setting next_dagrun for example_skip_dag to 2023-11-21T19:02:52.262885+00:00, run_after=2023-11-22T19:02:52.262885+00:00
[2023-11-22T19:02:52.270+0000] {processor.py:179} INFO - Processing /home/airflow/.local/lib/python3.8/site-packages/airflow/example_dags/example_skip_dag.py took 0.035 seconds
[2023-11-22T19:03:22.865+0000] {processor.py:157} INFO - Started process (PID=3019) to work on /home/airflow/.local/lib/python3.8/site-packages/airflow/example_dags/example_skip_dag.py
[2023-11-22T19:03:22.866+0000] {processor.py:829} INFO - Processing file /home/airflow/.local/lib/python3.8/site-packages/airflow/example_dags/example_skip_dag.py for tasks to queue
[2023-11-22T19:03:22.867+0000] {logging_mixin.py:151} INFO - [2023-11-22T19:03:22.867+0000] {dagbag.py:536} INFO - Filling up the DagBag from /home/airflow/.local/lib/python3.8/site-packages/airflow/example_dags/example_skip_dag.py
[2023-11-22T19:03:22.870+0000] {processor.py:839} INFO - DAG(s) dict_keys(['example_skip_dag']) retrieved from /home/airflow/.local/lib/python3.8/site-packages/airflow/example_dags/example_skip_dag.py
[2023-11-22T19:03:22.880+0000] {logging_mixin.py:151} INFO - [2023-11-22T19:03:22.880+0000] {dag.py:2941} INFO - Sync 1 DAGs
[2023-11-22T19:03:22.889+0000] {logging_mixin.py:151} INFO - [2023-11-22T19:03:22.889+0000] {dag.py:3722} INFO - Setting next_dagrun for example_skip_dag to 2023-11-21T19:03:22.889685+00:00, run_after=2023-11-22T19:03:22.889685+00:00
[2023-11-22T19:03:22.897+0000] {processor.py:179} INFO - Processing /home/airflow/.local/lib/python3.8/site-packages/airflow/example_dags/example_skip_dag.py took 0.033 seconds
[2023-11-22T19:03:53.541+0000] {processor.py:157} INFO - Started process (PID=3076) to work on /home/airflow/.local/lib/python3.8/site-packages/airflow/example_dags/example_skip_dag.py
[2023-11-22T19:03:53.542+0000] {processor.py:829} INFO - Processing file /home/airflow/.local/lib/python3.8/site-packages/airflow/example_dags/example_skip_dag.py for tasks to queue
[2023-11-22T19:03:53.543+0000] {logging_mixin.py:151} INFO - [2023-11-22T19:03:53.543+0000] {dagbag.py:536} INFO - Filling up the DagBag from /home/airflow/.local/lib/python3.8/site-packages/airflow/example_dags/example_skip_dag.py
[2023-11-22T19:03:53.546+0000] {processor.py:839} INFO - DAG(s) dict_keys(['example_skip_dag']) retrieved from /home/airflow/.local/lib/python3.8/site-packages/airflow/example_dags/example_skip_dag.py
[2023-11-22T19:03:53.556+0000] {logging_mixin.py:151} INFO - [2023-11-22T19:03:53.556+0000] {dag.py:2941} INFO - Sync 1 DAGs
[2023-11-22T19:03:53.566+0000] {logging_mixin.py:151} INFO - [2023-11-22T19:03:53.566+0000] {dag.py:3722} INFO - Setting next_dagrun for example_skip_dag to 2023-11-21T19:03:53.566104+00:00, run_after=2023-11-22T19:03:53.566104+00:00
[2023-11-22T19:03:53.573+0000] {processor.py:179} INFO - Processing /home/airflow/.local/lib/python3.8/site-packages/airflow/example_dags/example_skip_dag.py took 0.034 seconds
[2023-11-22T19:04:24.251+0000] {processor.py:157} INFO - Started process (PID=3133) to work on /home/airflow/.local/lib/python3.8/site-packages/airflow/example_dags/example_skip_dag.py
[2023-11-22T19:04:24.251+0000] {processor.py:829} INFO - Processing file /home/airflow/.local/lib/python3.8/site-packages/airflow/example_dags/example_skip_dag.py for tasks to queue
[2023-11-22T19:04:24.253+0000] {logging_mixin.py:151} INFO - [2023-11-22T19:04:24.253+0000] {dagbag.py:536} INFO - Filling up the DagBag from /home/airflow/.local/lib/python3.8/site-packages/airflow/example_dags/example_skip_dag.py
[2023-11-22T19:04:24.256+0000] {processor.py:839} INFO - DAG(s) dict_keys(['example_skip_dag']) retrieved from /home/airflow/.local/lib/python3.8/site-packages/airflow/example_dags/example_skip_dag.py
[2023-11-22T19:04:24.266+0000] {logging_mixin.py:151} INFO - [2023-11-22T19:04:24.266+0000] {dag.py:2941} INFO - Sync 1 DAGs
[2023-11-22T19:04:24.276+0000] {logging_mixin.py:151} INFO - [2023-11-22T19:04:24.276+0000] {dag.py:3722} INFO - Setting next_dagrun for example_skip_dag to 2023-11-21T19:04:24.276238+00:00, run_after=2023-11-22T19:04:24.276238+00:00
[2023-11-22T19:04:24.283+0000] {processor.py:179} INFO - Processing /home/airflow/.local/lib/python3.8/site-packages/airflow/example_dags/example_skip_dag.py took 0.034 seconds
[2023-11-22T19:04:54.867+0000] {processor.py:157} INFO - Started process (PID=3190) to work on /home/airflow/.local/lib/python3.8/site-packages/airflow/example_dags/example_skip_dag.py
[2023-11-22T19:04:54.887+0000] {processor.py:829} INFO - Processing file /home/airflow/.local/lib/python3.8/site-packages/airflow/example_dags/example_skip_dag.py for tasks to queue
[2023-11-22T19:04:54.889+0000] {logging_mixin.py:151} INFO - [2023-11-22T19:04:54.888+0000] {dagbag.py:536} INFO - Filling up the DagBag from /home/airflow/.local/lib/python3.8/site-packages/airflow/example_dags/example_skip_dag.py
[2023-11-22T19:04:54.892+0000] {processor.py:839} INFO - DAG(s) dict_keys(['example_skip_dag']) retrieved from /home/airflow/.local/lib/python3.8/site-packages/airflow/example_dags/example_skip_dag.py
[2023-11-22T19:04:54.905+0000] {logging_mixin.py:151} INFO - [2023-11-22T19:04:54.905+0000] {dag.py:2941} INFO - Sync 1 DAGs
[2023-11-22T19:04:54.916+0000] {logging_mixin.py:151} INFO - [2023-11-22T19:04:54.916+0000] {dag.py:3722} INFO - Setting next_dagrun for example_skip_dag to 2023-11-21T19:04:54.915891+00:00, run_after=2023-11-22T19:04:54.915891+00:00
[2023-11-22T19:04:54.928+0000] {processor.py:179} INFO - Processing /home/airflow/.local/lib/python3.8/site-packages/airflow/example_dags/example_skip_dag.py took 0.063 seconds
[2023-11-22T19:05:25.487+0000] {processor.py:157} INFO - Started process (PID=3248) to work on /home/airflow/.local/lib/python3.8/site-packages/airflow/example_dags/example_skip_dag.py
[2023-11-22T19:05:25.487+0000] {processor.py:829} INFO - Processing file /home/airflow/.local/lib/python3.8/site-packages/airflow/example_dags/example_skip_dag.py for tasks to queue
[2023-11-22T19:05:25.489+0000] {logging_mixin.py:151} INFO - [2023-11-22T19:05:25.488+0000] {dagbag.py:536} INFO - Filling up the DagBag from /home/airflow/.local/lib/python3.8/site-packages/airflow/example_dags/example_skip_dag.py
[2023-11-22T19:05:25.492+0000] {processor.py:839} INFO - DAG(s) dict_keys(['example_skip_dag']) retrieved from /home/airflow/.local/lib/python3.8/site-packages/airflow/example_dags/example_skip_dag.py
[2023-11-22T19:05:25.502+0000] {logging_mixin.py:151} INFO - [2023-11-22T19:05:25.502+0000] {dag.py:2941} INFO - Sync 1 DAGs
[2023-11-22T19:05:25.512+0000] {logging_mixin.py:151} INFO - [2023-11-22T19:05:25.512+0000] {dag.py:3722} INFO - Setting next_dagrun for example_skip_dag to 2023-11-21T19:05:25.512024+00:00, run_after=2023-11-22T19:05:25.512024+00:00
[2023-11-22T19:05:25.518+0000] {processor.py:179} INFO - Processing /home/airflow/.local/lib/python3.8/site-packages/airflow/example_dags/example_skip_dag.py took 0.033 seconds
[2023-11-22T19:05:56.145+0000] {processor.py:157} INFO - Started process (PID=3305) to work on /home/airflow/.local/lib/python3.8/site-packages/airflow/example_dags/example_skip_dag.py
[2023-11-22T19:05:56.145+0000] {processor.py:829} INFO - Processing file /home/airflow/.local/lib/python3.8/site-packages/airflow/example_dags/example_skip_dag.py for tasks to queue
[2023-11-22T19:05:56.147+0000] {logging_mixin.py:151} INFO - [2023-11-22T19:05:56.146+0000] {dagbag.py:536} INFO - Filling up the DagBag from /home/airflow/.local/lib/python3.8/site-packages/airflow/example_dags/example_skip_dag.py
[2023-11-22T19:05:56.150+0000] {processor.py:839} INFO - DAG(s) dict_keys(['example_skip_dag']) retrieved from /home/airflow/.local/lib/python3.8/site-packages/airflow/example_dags/example_skip_dag.py
[2023-11-22T19:05:56.162+0000] {logging_mixin.py:151} INFO - [2023-11-22T19:05:56.162+0000] {dag.py:2941} INFO - Sync 1 DAGs
[2023-11-22T19:05:56.172+0000] {logging_mixin.py:151} INFO - [2023-11-22T19:05:56.172+0000] {dag.py:3722} INFO - Setting next_dagrun for example_skip_dag to 2023-11-21T19:05:56.172071+00:00, run_after=2023-11-22T19:05:56.172071+00:00
[2023-11-22T19:05:56.180+0000] {processor.py:179} INFO - Processing /home/airflow/.local/lib/python3.8/site-packages/airflow/example_dags/example_skip_dag.py took 0.038 seconds
[2023-11-22T19:06:26.743+0000] {processor.py:157} INFO - Started process (PID=3362) to work on /home/airflow/.local/lib/python3.8/site-packages/airflow/example_dags/example_skip_dag.py
[2023-11-22T19:06:26.743+0000] {processor.py:829} INFO - Processing file /home/airflow/.local/lib/python3.8/site-packages/airflow/example_dags/example_skip_dag.py for tasks to queue
[2023-11-22T19:06:26.745+0000] {logging_mixin.py:151} INFO - [2023-11-22T19:06:26.745+0000] {dagbag.py:536} INFO - Filling up the DagBag from /home/airflow/.local/lib/python3.8/site-packages/airflow/example_dags/example_skip_dag.py
[2023-11-22T19:06:26.748+0000] {processor.py:839} INFO - DAG(s) dict_keys(['example_skip_dag']) retrieved from /home/airflow/.local/lib/python3.8/site-packages/airflow/example_dags/example_skip_dag.py
[2023-11-22T19:06:26.759+0000] {logging_mixin.py:151} INFO - [2023-11-22T19:06:26.759+0000] {dag.py:2941} INFO - Sync 1 DAGs
[2023-11-22T19:06:26.768+0000] {logging_mixin.py:151} INFO - [2023-11-22T19:06:26.768+0000] {dag.py:3722} INFO - Setting next_dagrun for example_skip_dag to 2023-11-21T19:06:26.768438+00:00, run_after=2023-11-22T19:06:26.768438+00:00
[2023-11-22T19:06:26.775+0000] {processor.py:179} INFO - Processing /home/airflow/.local/lib/python3.8/site-packages/airflow/example_dags/example_skip_dag.py took 0.035 seconds
[2023-11-22T19:06:57.234+0000] {processor.py:157} INFO - Started process (PID=3419) to work on /home/airflow/.local/lib/python3.8/site-packages/airflow/example_dags/example_skip_dag.py
[2023-11-22T19:06:57.235+0000] {processor.py:829} INFO - Processing file /home/airflow/.local/lib/python3.8/site-packages/airflow/example_dags/example_skip_dag.py for tasks to queue
[2023-11-22T19:06:57.237+0000] {logging_mixin.py:151} INFO - [2023-11-22T19:06:57.236+0000] {dagbag.py:536} INFO - Filling up the DagBag from /home/airflow/.local/lib/python3.8/site-packages/airflow/example_dags/example_skip_dag.py
[2023-11-22T19:06:57.240+0000] {processor.py:839} INFO - DAG(s) dict_keys(['example_skip_dag']) retrieved from /home/airflow/.local/lib/python3.8/site-packages/airflow/example_dags/example_skip_dag.py
[2023-11-22T19:06:57.250+0000] {logging_mixin.py:151} INFO - [2023-11-22T19:06:57.250+0000] {dag.py:2941} INFO - Sync 1 DAGs
[2023-11-22T19:06:57.261+0000] {logging_mixin.py:151} INFO - [2023-11-22T19:06:57.260+0000] {dag.py:3722} INFO - Setting next_dagrun for example_skip_dag to 2023-11-21T19:06:57.260874+00:00, run_after=2023-11-22T19:06:57.260874+00:00
[2023-11-22T19:06:57.268+0000] {processor.py:179} INFO - Processing /home/airflow/.local/lib/python3.8/site-packages/airflow/example_dags/example_skip_dag.py took 0.036 seconds
[2023-11-22T19:07:27.756+0000] {processor.py:157} INFO - Started process (PID=3476) to work on /home/airflow/.local/lib/python3.8/site-packages/airflow/example_dags/example_skip_dag.py
[2023-11-22T19:07:27.756+0000] {processor.py:829} INFO - Processing file /home/airflow/.local/lib/python3.8/site-packages/airflow/example_dags/example_skip_dag.py for tasks to queue
[2023-11-22T19:07:27.758+0000] {logging_mixin.py:151} INFO - [2023-11-22T19:07:27.758+0000] {dagbag.py:536} INFO - Filling up the DagBag from /home/airflow/.local/lib/python3.8/site-packages/airflow/example_dags/example_skip_dag.py
[2023-11-22T19:07:27.761+0000] {processor.py:839} INFO - DAG(s) dict_keys(['example_skip_dag']) retrieved from /home/airflow/.local/lib/python3.8/site-packages/airflow/example_dags/example_skip_dag.py
[2023-11-22T19:07:27.771+0000] {logging_mixin.py:151} INFO - [2023-11-22T19:07:27.770+0000] {dag.py:2941} INFO - Sync 1 DAGs
[2023-11-22T19:07:27.779+0000] {logging_mixin.py:151} INFO - [2023-11-22T19:07:27.779+0000] {dag.py:3722} INFO - Setting next_dagrun for example_skip_dag to 2023-11-21T19:07:27.779749+00:00, run_after=2023-11-22T19:07:27.779749+00:00
[2023-11-22T19:07:27.787+0000] {processor.py:179} INFO - Processing /home/airflow/.local/lib/python3.8/site-packages/airflow/example_dags/example_skip_dag.py took 0.032 seconds
[2023-11-22T19:07:58.374+0000] {processor.py:157} INFO - Started process (PID=3533) to work on /home/airflow/.local/lib/python3.8/site-packages/airflow/example_dags/example_skip_dag.py
[2023-11-22T19:07:58.375+0000] {processor.py:829} INFO - Processing file /home/airflow/.local/lib/python3.8/site-packages/airflow/example_dags/example_skip_dag.py for tasks to queue
[2023-11-22T19:07:58.376+0000] {logging_mixin.py:151} INFO - [2023-11-22T19:07:58.376+0000] {dagbag.py:536} INFO - Filling up the DagBag from /home/airflow/.local/lib/python3.8/site-packages/airflow/example_dags/example_skip_dag.py
[2023-11-22T19:07:58.380+0000] {processor.py:839} INFO - DAG(s) dict_keys(['example_skip_dag']) retrieved from /home/airflow/.local/lib/python3.8/site-packages/airflow/example_dags/example_skip_dag.py
[2023-11-22T19:07:58.390+0000] {logging_mixin.py:151} INFO - [2023-11-22T19:07:58.390+0000] {dag.py:2941} INFO - Sync 1 DAGs
[2023-11-22T19:07:58.400+0000] {logging_mixin.py:151} INFO - [2023-11-22T19:07:58.400+0000] {dag.py:3722} INFO - Setting next_dagrun for example_skip_dag to 2023-11-21T19:07:58.400400+00:00, run_after=2023-11-22T19:07:58.400400+00:00
[2023-11-22T19:07:58.407+0000] {processor.py:179} INFO - Processing /home/airflow/.local/lib/python3.8/site-packages/airflow/example_dags/example_skip_dag.py took 0.035 seconds
[2023-11-22T19:08:28.927+0000] {processor.py:157} INFO - Started process (PID=3590) to work on /home/airflow/.local/lib/python3.8/site-packages/airflow/example_dags/example_skip_dag.py
[2023-11-22T19:08:28.928+0000] {processor.py:829} INFO - Processing file /home/airflow/.local/lib/python3.8/site-packages/airflow/example_dags/example_skip_dag.py for tasks to queue
[2023-11-22T19:08:28.929+0000] {logging_mixin.py:151} INFO - [2023-11-22T19:08:28.929+0000] {dagbag.py:536} INFO - Filling up the DagBag from /home/airflow/.local/lib/python3.8/site-packages/airflow/example_dags/example_skip_dag.py
[2023-11-22T19:08:28.932+0000] {processor.py:839} INFO - DAG(s) dict_keys(['example_skip_dag']) retrieved from /home/airflow/.local/lib/python3.8/site-packages/airflow/example_dags/example_skip_dag.py
[2023-11-22T19:08:28.943+0000] {logging_mixin.py:151} INFO - [2023-11-22T19:08:28.942+0000] {dag.py:2941} INFO - Sync 1 DAGs
[2023-11-22T19:08:28.952+0000] {logging_mixin.py:151} INFO - [2023-11-22T19:08:28.952+0000] {dag.py:3722} INFO - Setting next_dagrun for example_skip_dag to 2023-11-21T19:08:28.952359+00:00, run_after=2023-11-22T19:08:28.952359+00:00
[2023-11-22T19:08:28.959+0000] {processor.py:179} INFO - Processing /home/airflow/.local/lib/python3.8/site-packages/airflow/example_dags/example_skip_dag.py took 0.034 seconds
[2023-11-22T19:08:59.538+0000] {processor.py:157} INFO - Started process (PID=3647) to work on /home/airflow/.local/lib/python3.8/site-packages/airflow/example_dags/example_skip_dag.py
[2023-11-22T19:08:59.539+0000] {processor.py:829} INFO - Processing file /home/airflow/.local/lib/python3.8/site-packages/airflow/example_dags/example_skip_dag.py for tasks to queue
[2023-11-22T19:08:59.541+0000] {logging_mixin.py:151} INFO - [2023-11-22T19:08:59.541+0000] {dagbag.py:536} INFO - Filling up the DagBag from /home/airflow/.local/lib/python3.8/site-packages/airflow/example_dags/example_skip_dag.py
[2023-11-22T19:08:59.544+0000] {processor.py:839} INFO - DAG(s) dict_keys(['example_skip_dag']) retrieved from /home/airflow/.local/lib/python3.8/site-packages/airflow/example_dags/example_skip_dag.py
[2023-11-22T19:08:59.554+0000] {logging_mixin.py:151} INFO - [2023-11-22T19:08:59.554+0000] {dag.py:2941} INFO - Sync 1 DAGs
[2023-11-22T19:08:59.563+0000] {logging_mixin.py:151} INFO - [2023-11-22T19:08:59.563+0000] {dag.py:3722} INFO - Setting next_dagrun for example_skip_dag to 2023-11-21T19:08:59.563132+00:00, run_after=2023-11-22T19:08:59.563132+00:00
[2023-11-22T19:08:59.570+0000] {processor.py:179} INFO - Processing /home/airflow/.local/lib/python3.8/site-packages/airflow/example_dags/example_skip_dag.py took 0.034 seconds
[2023-11-22T19:09:30.066+0000] {processor.py:157} INFO - Started process (PID=3704) to work on /home/airflow/.local/lib/python3.8/site-packages/airflow/example_dags/example_skip_dag.py
[2023-11-22T19:09:30.067+0000] {processor.py:829} INFO - Processing file /home/airflow/.local/lib/python3.8/site-packages/airflow/example_dags/example_skip_dag.py for tasks to queue
[2023-11-22T19:09:30.068+0000] {logging_mixin.py:151} INFO - [2023-11-22T19:09:30.068+0000] {dagbag.py:536} INFO - Filling up the DagBag from /home/airflow/.local/lib/python3.8/site-packages/airflow/example_dags/example_skip_dag.py
[2023-11-22T19:09:30.071+0000] {processor.py:839} INFO - DAG(s) dict_keys(['example_skip_dag']) retrieved from /home/airflow/.local/lib/python3.8/site-packages/airflow/example_dags/example_skip_dag.py
[2023-11-22T19:09:30.080+0000] {logging_mixin.py:151} INFO - [2023-11-22T19:09:30.080+0000] {dag.py:2941} INFO - Sync 1 DAGs
[2023-11-22T19:09:30.089+0000] {logging_mixin.py:151} INFO - [2023-11-22T19:09:30.089+0000] {dag.py:3722} INFO - Setting next_dagrun for example_skip_dag to 2023-11-21T19:09:30.089099+00:00, run_after=2023-11-22T19:09:30.089099+00:00
[2023-11-22T19:09:30.096+0000] {processor.py:179} INFO - Processing /home/airflow/.local/lib/python3.8/site-packages/airflow/example_dags/example_skip_dag.py took 0.031 seconds
[2023-11-22T19:10:00.765+0000] {processor.py:157} INFO - Started process (PID=3761) to work on /home/airflow/.local/lib/python3.8/site-packages/airflow/example_dags/example_skip_dag.py
[2023-11-22T19:10:00.765+0000] {processor.py:829} INFO - Processing file /home/airflow/.local/lib/python3.8/site-packages/airflow/example_dags/example_skip_dag.py for tasks to queue
[2023-11-22T19:10:00.767+0000] {logging_mixin.py:151} INFO - [2023-11-22T19:10:00.767+0000] {dagbag.py:536} INFO - Filling up the DagBag from /home/airflow/.local/lib/python3.8/site-packages/airflow/example_dags/example_skip_dag.py
[2023-11-22T19:10:00.770+0000] {processor.py:839} INFO - DAG(s) dict_keys(['example_skip_dag']) retrieved from /home/airflow/.local/lib/python3.8/site-packages/airflow/example_dags/example_skip_dag.py
[2023-11-22T19:10:00.780+0000] {logging_mixin.py:151} INFO - [2023-11-22T19:10:00.780+0000] {dag.py:2941} INFO - Sync 1 DAGs
[2023-11-22T19:10:00.790+0000] {logging_mixin.py:151} INFO - [2023-11-22T19:10:00.790+0000] {dag.py:3722} INFO - Setting next_dagrun for example_skip_dag to 2023-11-21T19:10:00.790054+00:00, run_after=2023-11-22T19:10:00.790054+00:00
[2023-11-22T19:10:00.797+0000] {processor.py:179} INFO - Processing /home/airflow/.local/lib/python3.8/site-packages/airflow/example_dags/example_skip_dag.py took 0.034 seconds
[2023-11-22T19:10:31.353+0000] {processor.py:157} INFO - Started process (PID=3818) to work on /home/airflow/.local/lib/python3.8/site-packages/airflow/example_dags/example_skip_dag.py
[2023-11-22T19:10:31.354+0000] {processor.py:829} INFO - Processing file /home/airflow/.local/lib/python3.8/site-packages/airflow/example_dags/example_skip_dag.py for tasks to queue
[2023-11-22T19:10:31.355+0000] {logging_mixin.py:151} INFO - [2023-11-22T19:10:31.355+0000] {dagbag.py:536} INFO - Filling up the DagBag from /home/airflow/.local/lib/python3.8/site-packages/airflow/example_dags/example_skip_dag.py
[2023-11-22T19:10:31.358+0000] {processor.py:839} INFO - DAG(s) dict_keys(['example_skip_dag']) retrieved from /home/airflow/.local/lib/python3.8/site-packages/airflow/example_dags/example_skip_dag.py
[2023-11-22T19:10:31.369+0000] {logging_mixin.py:151} INFO - [2023-11-22T19:10:31.369+0000] {dag.py:2941} INFO - Sync 1 DAGs
[2023-11-22T19:10:31.378+0000] {logging_mixin.py:151} INFO - [2023-11-22T19:10:31.378+0000] {dag.py:3722} INFO - Setting next_dagrun for example_skip_dag to 2023-11-21T19:10:31.378641+00:00, run_after=2023-11-22T19:10:31.378641+00:00
[2023-11-22T19:10:31.385+0000] {processor.py:179} INFO - Processing /home/airflow/.local/lib/python3.8/site-packages/airflow/example_dags/example_skip_dag.py took 0.034 seconds
[2023-11-22T19:11:01.945+0000] {processor.py:157} INFO - Started process (PID=3875) to work on /home/airflow/.local/lib/python3.8/site-packages/airflow/example_dags/example_skip_dag.py
[2023-11-22T19:11:01.945+0000] {processor.py:829} INFO - Processing file /home/airflow/.local/lib/python3.8/site-packages/airflow/example_dags/example_skip_dag.py for tasks to queue
[2023-11-22T19:11:01.947+0000] {logging_mixin.py:151} INFO - [2023-11-22T19:11:01.947+0000] {dagbag.py:536} INFO - Filling up the DagBag from /home/airflow/.local/lib/python3.8/site-packages/airflow/example_dags/example_skip_dag.py
[2023-11-22T19:11:01.950+0000] {processor.py:839} INFO - DAG(s) dict_keys(['example_skip_dag']) retrieved from /home/airflow/.local/lib/python3.8/site-packages/airflow/example_dags/example_skip_dag.py
[2023-11-22T19:11:01.960+0000] {logging_mixin.py:151} INFO - [2023-11-22T19:11:01.960+0000] {dag.py:2941} INFO - Sync 1 DAGs
[2023-11-22T19:11:01.970+0000] {logging_mixin.py:151} INFO - [2023-11-22T19:11:01.969+0000] {dag.py:3722} INFO - Setting next_dagrun for example_skip_dag to 2023-11-21T19:11:01.969872+00:00, run_after=2023-11-22T19:11:01.969872+00:00
[2023-11-22T19:11:01.978+0000] {processor.py:179} INFO - Processing /home/airflow/.local/lib/python3.8/site-packages/airflow/example_dags/example_skip_dag.py took 0.035 seconds
[2023-11-22T19:11:32.432+0000] {processor.py:157} INFO - Started process (PID=3932) to work on /home/airflow/.local/lib/python3.8/site-packages/airflow/example_dags/example_skip_dag.py
[2023-11-22T19:11:32.433+0000] {processor.py:829} INFO - Processing file /home/airflow/.local/lib/python3.8/site-packages/airflow/example_dags/example_skip_dag.py for tasks to queue
[2023-11-22T19:11:32.434+0000] {logging_mixin.py:151} INFO - [2023-11-22T19:11:32.434+0000] {dagbag.py:536} INFO - Filling up the DagBag from /home/airflow/.local/lib/python3.8/site-packages/airflow/example_dags/example_skip_dag.py
[2023-11-22T19:11:32.437+0000] {processor.py:839} INFO - DAG(s) dict_keys(['example_skip_dag']) retrieved from /home/airflow/.local/lib/python3.8/site-packages/airflow/example_dags/example_skip_dag.py
[2023-11-22T19:11:32.446+0000] {logging_mixin.py:151} INFO - [2023-11-22T19:11:32.446+0000] {dag.py:2941} INFO - Sync 1 DAGs
[2023-11-22T19:11:32.456+0000] {logging_mixin.py:151} INFO - [2023-11-22T19:11:32.455+0000] {dag.py:3722} INFO - Setting next_dagrun for example_skip_dag to 2023-11-21T19:11:32.455863+00:00, run_after=2023-11-22T19:11:32.455863+00:00
[2023-11-22T19:11:32.462+0000] {processor.py:179} INFO - Processing /home/airflow/.local/lib/python3.8/site-packages/airflow/example_dags/example_skip_dag.py took 0.032 seconds
[2023-11-22T19:12:03.266+0000] {processor.py:157} INFO - Started process (PID=3989) to work on /home/airflow/.local/lib/python3.8/site-packages/airflow/example_dags/example_skip_dag.py
[2023-11-22T19:12:03.267+0000] {processor.py:829} INFO - Processing file /home/airflow/.local/lib/python3.8/site-packages/airflow/example_dags/example_skip_dag.py for tasks to queue
[2023-11-22T19:12:03.268+0000] {logging_mixin.py:151} INFO - [2023-11-22T19:12:03.268+0000] {dagbag.py:536} INFO - Filling up the DagBag from /home/airflow/.local/lib/python3.8/site-packages/airflow/example_dags/example_skip_dag.py
[2023-11-22T19:12:03.271+0000] {processor.py:839} INFO - DAG(s) dict_keys(['example_skip_dag']) retrieved from /home/airflow/.local/lib/python3.8/site-packages/airflow/example_dags/example_skip_dag.py
[2023-11-22T19:12:03.282+0000] {logging_mixin.py:151} INFO - [2023-11-22T19:12:03.282+0000] {dag.py:2941} INFO - Sync 1 DAGs
[2023-11-22T19:12:03.292+0000] {logging_mixin.py:151} INFO - [2023-11-22T19:12:03.292+0000] {dag.py:3722} INFO - Setting next_dagrun for example_skip_dag to 2023-11-21T19:12:03.292421+00:00, run_after=2023-11-22T19:12:03.292421+00:00
[2023-11-22T19:12:03.300+0000] {processor.py:179} INFO - Processing /home/airflow/.local/lib/python3.8/site-packages/airflow/example_dags/example_skip_dag.py took 0.036 seconds
[2023-11-22T19:12:34.014+0000] {processor.py:157} INFO - Started process (PID=4045) to work on /home/airflow/.local/lib/python3.8/site-packages/airflow/example_dags/example_skip_dag.py
[2023-11-22T19:12:34.015+0000] {processor.py:829} INFO - Processing file /home/airflow/.local/lib/python3.8/site-packages/airflow/example_dags/example_skip_dag.py for tasks to queue
[2023-11-22T19:12:34.016+0000] {logging_mixin.py:151} INFO - [2023-11-22T19:12:34.016+0000] {dagbag.py:536} INFO - Filling up the DagBag from /home/airflow/.local/lib/python3.8/site-packages/airflow/example_dags/example_skip_dag.py
[2023-11-22T19:12:34.019+0000] {processor.py:839} INFO - DAG(s) dict_keys(['example_skip_dag']) retrieved from /home/airflow/.local/lib/python3.8/site-packages/airflow/example_dags/example_skip_dag.py
[2023-11-22T19:12:34.029+0000] {logging_mixin.py:151} INFO - [2023-11-22T19:12:34.029+0000] {dag.py:2941} INFO - Sync 1 DAGs
[2023-11-22T19:12:34.037+0000] {logging_mixin.py:151} INFO - [2023-11-22T19:12:34.037+0000] {dag.py:3722} INFO - Setting next_dagrun for example_skip_dag to 2023-11-21T19:12:34.037765+00:00, run_after=2023-11-22T19:12:34.037765+00:00
[2023-11-22T19:12:34.044+0000] {processor.py:179} INFO - Processing /home/airflow/.local/lib/python3.8/site-packages/airflow/example_dags/example_skip_dag.py took 0.032 seconds
[2023-11-22T19:13:04.765+0000] {processor.py:157} INFO - Started process (PID=4102) to work on /home/airflow/.local/lib/python3.8/site-packages/airflow/example_dags/example_skip_dag.py
[2023-11-22T19:13:04.766+0000] {processor.py:829} INFO - Processing file /home/airflow/.local/lib/python3.8/site-packages/airflow/example_dags/example_skip_dag.py for tasks to queue
[2023-11-22T19:13:04.767+0000] {logging_mixin.py:151} INFO - [2023-11-22T19:13:04.767+0000] {dagbag.py:536} INFO - Filling up the DagBag from /home/airflow/.local/lib/python3.8/site-packages/airflow/example_dags/example_skip_dag.py
[2023-11-22T19:13:04.770+0000] {processor.py:839} INFO - DAG(s) dict_keys(['example_skip_dag']) retrieved from /home/airflow/.local/lib/python3.8/site-packages/airflow/example_dags/example_skip_dag.py
[2023-11-22T19:13:04.781+0000] {logging_mixin.py:151} INFO - [2023-11-22T19:13:04.781+0000] {dag.py:2941} INFO - Sync 1 DAGs
[2023-11-22T19:13:04.790+0000] {logging_mixin.py:151} INFO - [2023-11-22T19:13:04.790+0000] {dag.py:3722} INFO - Setting next_dagrun for example_skip_dag to 2023-11-21T19:13:04.790471+00:00, run_after=2023-11-22T19:13:04.790471+00:00
[2023-11-22T19:13:04.797+0000] {processor.py:179} INFO - Processing /home/airflow/.local/lib/python3.8/site-packages/airflow/example_dags/example_skip_dag.py took 0.034 seconds
[2023-11-22T19:13:35.356+0000] {processor.py:157} INFO - Started process (PID=4159) to work on /home/airflow/.local/lib/python3.8/site-packages/airflow/example_dags/example_skip_dag.py
[2023-11-22T19:13:35.356+0000] {processor.py:829} INFO - Processing file /home/airflow/.local/lib/python3.8/site-packages/airflow/example_dags/example_skip_dag.py for tasks to queue
[2023-11-22T19:13:35.358+0000] {logging_mixin.py:151} INFO - [2023-11-22T19:13:35.357+0000] {dagbag.py:536} INFO - Filling up the DagBag from /home/airflow/.local/lib/python3.8/site-packages/airflow/example_dags/example_skip_dag.py
[2023-11-22T19:13:35.361+0000] {processor.py:839} INFO - DAG(s) dict_keys(['example_skip_dag']) retrieved from /home/airflow/.local/lib/python3.8/site-packages/airflow/example_dags/example_skip_dag.py
[2023-11-22T19:13:35.371+0000] {logging_mixin.py:151} INFO - [2023-11-22T19:13:35.371+0000] {dag.py:2941} INFO - Sync 1 DAGs
[2023-11-22T19:13:35.380+0000] {logging_mixin.py:151} INFO - [2023-11-22T19:13:35.380+0000] {dag.py:3722} INFO - Setting next_dagrun for example_skip_dag to 2023-11-21T19:13:35.380357+00:00, run_after=2023-11-22T19:13:35.380357+00:00
[2023-11-22T19:13:35.387+0000] {processor.py:179} INFO - Processing /home/airflow/.local/lib/python3.8/site-packages/airflow/example_dags/example_skip_dag.py took 0.033 seconds
