[2023-11-22T18:36:48.399+0000] {processor.py:157} INFO - Started process (PID=58) to work on /home/airflow/.local/lib/python3.8/site-packages/airflow/example_dags/example_python_operator.py
[2023-11-22T18:36:48.400+0000] {processor.py:829} INFO - Processing file /home/airflow/.local/lib/python3.8/site-packages/airflow/example_dags/example_python_operator.py for tasks to queue
[2023-11-22T18:36:48.404+0000] {logging_mixin.py:151} INFO - [2023-11-22T18:36:48.404+0000] {dagbag.py:536} INFO - Filling up the DagBag from /home/airflow/.local/lib/python3.8/site-packages/airflow/example_dags/example_python_operator.py
[2023-11-22T18:36:48.426+0000] {processor.py:839} INFO - DAG(s) dict_keys(['example_python_operator']) retrieved from /home/airflow/.local/lib/python3.8/site-packages/airflow/example_dags/example_python_operator.py
[2023-11-22T18:36:48.448+0000] {logging_mixin.py:151} INFO - [2023-11-22T18:36:48.448+0000] {dag.py:2941} INFO - Sync 1 DAGs
[2023-11-22T18:36:48.466+0000] {logging_mixin.py:151} INFO - [2023-11-22T18:36:48.466+0000] {dag.py:3722} INFO - Setting next_dagrun for example_python_operator to None, run_after=None
[2023-11-22T18:36:48.490+0000] {processor.py:179} INFO - Processing /home/airflow/.local/lib/python3.8/site-packages/airflow/example_dags/example_python_operator.py took 0.097 seconds
[2023-11-22T18:37:18.954+0000] {processor.py:157} INFO - Started process (PID=115) to work on /home/airflow/.local/lib/python3.8/site-packages/airflow/example_dags/example_python_operator.py
[2023-11-22T18:37:18.954+0000] {processor.py:829} INFO - Processing file /home/airflow/.local/lib/python3.8/site-packages/airflow/example_dags/example_python_operator.py for tasks to queue
[2023-11-22T18:37:18.955+0000] {logging_mixin.py:151} INFO - [2023-11-22T18:37:18.955+0000] {dagbag.py:536} INFO - Filling up the DagBag from /home/airflow/.local/lib/python3.8/site-packages/airflow/example_dags/example_python_operator.py
[2023-11-22T18:37:18.960+0000] {processor.py:839} INFO - DAG(s) dict_keys(['example_python_operator']) retrieved from /home/airflow/.local/lib/python3.8/site-packages/airflow/example_dags/example_python_operator.py
[2023-11-22T18:37:19.003+0000] {logging_mixin.py:151} INFO - [2023-11-22T18:37:19.003+0000] {dag.py:2941} INFO - Sync 1 DAGs
[2023-11-22T18:37:19.008+0000] {logging_mixin.py:151} INFO - [2023-11-22T18:37:19.007+0000] {dag.py:3722} INFO - Setting next_dagrun for example_python_operator to None, run_after=None
[2023-11-22T18:37:19.015+0000] {processor.py:179} INFO - Processing /home/airflow/.local/lib/python3.8/site-packages/airflow/example_dags/example_python_operator.py took 0.062 seconds
[2023-11-22T18:37:49.986+0000] {processor.py:157} INFO - Started process (PID=172) to work on /home/airflow/.local/lib/python3.8/site-packages/airflow/example_dags/example_python_operator.py
[2023-11-22T18:37:49.987+0000] {processor.py:829} INFO - Processing file /home/airflow/.local/lib/python3.8/site-packages/airflow/example_dags/example_python_operator.py for tasks to queue
[2023-11-22T18:37:49.989+0000] {logging_mixin.py:151} INFO - [2023-11-22T18:37:49.988+0000] {dagbag.py:536} INFO - Filling up the DagBag from /home/airflow/.local/lib/python3.8/site-packages/airflow/example_dags/example_python_operator.py
[2023-11-22T18:37:49.994+0000] {processor.py:839} INFO - DAG(s) dict_keys(['example_python_operator']) retrieved from /home/airflow/.local/lib/python3.8/site-packages/airflow/example_dags/example_python_operator.py
[2023-11-22T18:37:50.005+0000] {logging_mixin.py:151} INFO - [2023-11-22T18:37:50.005+0000] {dag.py:2941} INFO - Sync 1 DAGs
[2023-11-22T18:37:50.011+0000] {logging_mixin.py:151} INFO - [2023-11-22T18:37:50.011+0000] {dag.py:3722} INFO - Setting next_dagrun for example_python_operator to None, run_after=None
[2023-11-22T18:37:50.019+0000] {processor.py:179} INFO - Processing /home/airflow/.local/lib/python3.8/site-packages/airflow/example_dags/example_python_operator.py took 0.034 seconds
[2023-11-22T18:38:20.782+0000] {processor.py:157} INFO - Started process (PID=229) to work on /home/airflow/.local/lib/python3.8/site-packages/airflow/example_dags/example_python_operator.py
[2023-11-22T18:38:20.782+0000] {processor.py:829} INFO - Processing file /home/airflow/.local/lib/python3.8/site-packages/airflow/example_dags/example_python_operator.py for tasks to queue
[2023-11-22T18:38:20.783+0000] {logging_mixin.py:151} INFO - [2023-11-22T18:38:20.783+0000] {dagbag.py:536} INFO - Filling up the DagBag from /home/airflow/.local/lib/python3.8/site-packages/airflow/example_dags/example_python_operator.py
[2023-11-22T18:38:20.788+0000] {processor.py:839} INFO - DAG(s) dict_keys(['example_python_operator']) retrieved from /home/airflow/.local/lib/python3.8/site-packages/airflow/example_dags/example_python_operator.py
[2023-11-22T18:38:20.799+0000] {logging_mixin.py:151} INFO - [2023-11-22T18:38:20.799+0000] {dag.py:2941} INFO - Sync 1 DAGs
[2023-11-22T18:38:20.804+0000] {logging_mixin.py:151} INFO - [2023-11-22T18:38:20.804+0000] {dag.py:3722} INFO - Setting next_dagrun for example_python_operator to None, run_after=None
[2023-11-22T18:38:20.812+0000] {processor.py:179} INFO - Processing /home/airflow/.local/lib/python3.8/site-packages/airflow/example_dags/example_python_operator.py took 0.032 seconds
[2023-11-22T18:38:51.550+0000] {processor.py:157} INFO - Started process (PID=286) to work on /home/airflow/.local/lib/python3.8/site-packages/airflow/example_dags/example_python_operator.py
[2023-11-22T18:38:51.550+0000] {processor.py:829} INFO - Processing file /home/airflow/.local/lib/python3.8/site-packages/airflow/example_dags/example_python_operator.py for tasks to queue
[2023-11-22T18:38:51.551+0000] {logging_mixin.py:151} INFO - [2023-11-22T18:38:51.551+0000] {dagbag.py:536} INFO - Filling up the DagBag from /home/airflow/.local/lib/python3.8/site-packages/airflow/example_dags/example_python_operator.py
[2023-11-22T18:38:51.556+0000] {processor.py:839} INFO - DAG(s) dict_keys(['example_python_operator']) retrieved from /home/airflow/.local/lib/python3.8/site-packages/airflow/example_dags/example_python_operator.py
[2023-11-22T18:38:51.567+0000] {logging_mixin.py:151} INFO - [2023-11-22T18:38:51.567+0000] {dag.py:2941} INFO - Sync 1 DAGs
[2023-11-22T18:38:51.572+0000] {logging_mixin.py:151} INFO - [2023-11-22T18:38:51.572+0000] {dag.py:3722} INFO - Setting next_dagrun for example_python_operator to None, run_after=None
[2023-11-22T18:38:51.579+0000] {processor.py:179} INFO - Processing /home/airflow/.local/lib/python3.8/site-packages/airflow/example_dags/example_python_operator.py took 0.031 seconds
[2023-11-22T18:39:22.262+0000] {processor.py:157} INFO - Started process (PID=343) to work on /home/airflow/.local/lib/python3.8/site-packages/airflow/example_dags/example_python_operator.py
[2023-11-22T18:39:22.262+0000] {processor.py:829} INFO - Processing file /home/airflow/.local/lib/python3.8/site-packages/airflow/example_dags/example_python_operator.py for tasks to queue
[2023-11-22T18:39:22.263+0000] {logging_mixin.py:151} INFO - [2023-11-22T18:39:22.263+0000] {dagbag.py:536} INFO - Filling up the DagBag from /home/airflow/.local/lib/python3.8/site-packages/airflow/example_dags/example_python_operator.py
[2023-11-22T18:39:22.268+0000] {processor.py:839} INFO - DAG(s) dict_keys(['example_python_operator']) retrieved from /home/airflow/.local/lib/python3.8/site-packages/airflow/example_dags/example_python_operator.py
[2023-11-22T18:39:22.279+0000] {logging_mixin.py:151} INFO - [2023-11-22T18:39:22.278+0000] {dag.py:2941} INFO - Sync 1 DAGs
[2023-11-22T18:39:22.284+0000] {logging_mixin.py:151} INFO - [2023-11-22T18:39:22.284+0000] {dag.py:3722} INFO - Setting next_dagrun for example_python_operator to None, run_after=None
[2023-11-22T18:39:22.291+0000] {processor.py:179} INFO - Processing /home/airflow/.local/lib/python3.8/site-packages/airflow/example_dags/example_python_operator.py took 0.031 seconds
[2023-11-22T18:39:53.031+0000] {processor.py:157} INFO - Started process (PID=401) to work on /home/airflow/.local/lib/python3.8/site-packages/airflow/example_dags/example_python_operator.py
[2023-11-22T18:39:53.031+0000] {processor.py:829} INFO - Processing file /home/airflow/.local/lib/python3.8/site-packages/airflow/example_dags/example_python_operator.py for tasks to queue
[2023-11-22T18:39:53.033+0000] {logging_mixin.py:151} INFO - [2023-11-22T18:39:53.032+0000] {dagbag.py:536} INFO - Filling up the DagBag from /home/airflow/.local/lib/python3.8/site-packages/airflow/example_dags/example_python_operator.py
[2023-11-22T18:39:53.037+0000] {processor.py:839} INFO - DAG(s) dict_keys(['example_python_operator']) retrieved from /home/airflow/.local/lib/python3.8/site-packages/airflow/example_dags/example_python_operator.py
[2023-11-22T18:39:53.048+0000] {logging_mixin.py:151} INFO - [2023-11-22T18:39:53.048+0000] {dag.py:2941} INFO - Sync 1 DAGs
[2023-11-22T18:39:53.053+0000] {logging_mixin.py:151} INFO - [2023-11-22T18:39:53.053+0000] {dag.py:3722} INFO - Setting next_dagrun for example_python_operator to None, run_after=None
[2023-11-22T18:39:53.060+0000] {processor.py:179} INFO - Processing /home/airflow/.local/lib/python3.8/site-packages/airflow/example_dags/example_python_operator.py took 0.031 seconds
[2023-11-22T18:40:23.744+0000] {processor.py:157} INFO - Started process (PID=458) to work on /home/airflow/.local/lib/python3.8/site-packages/airflow/example_dags/example_python_operator.py
[2023-11-22T18:40:23.745+0000] {processor.py:829} INFO - Processing file /home/airflow/.local/lib/python3.8/site-packages/airflow/example_dags/example_python_operator.py for tasks to queue
[2023-11-22T18:40:23.746+0000] {logging_mixin.py:151} INFO - [2023-11-22T18:40:23.746+0000] {dagbag.py:536} INFO - Filling up the DagBag from /home/airflow/.local/lib/python3.8/site-packages/airflow/example_dags/example_python_operator.py
[2023-11-22T18:40:23.751+0000] {processor.py:839} INFO - DAG(s) dict_keys(['example_python_operator']) retrieved from /home/airflow/.local/lib/python3.8/site-packages/airflow/example_dags/example_python_operator.py
[2023-11-22T18:40:23.761+0000] {logging_mixin.py:151} INFO - [2023-11-22T18:40:23.761+0000] {dag.py:2941} INFO - Sync 1 DAGs
[2023-11-22T18:40:23.767+0000] {logging_mixin.py:151} INFO - [2023-11-22T18:40:23.767+0000] {dag.py:3722} INFO - Setting next_dagrun for example_python_operator to None, run_after=None
[2023-11-22T18:40:23.774+0000] {processor.py:179} INFO - Processing /home/airflow/.local/lib/python3.8/site-packages/airflow/example_dags/example_python_operator.py took 0.031 seconds
[2023-11-22T18:40:54.537+0000] {processor.py:157} INFO - Started process (PID=515) to work on /home/airflow/.local/lib/python3.8/site-packages/airflow/example_dags/example_python_operator.py
[2023-11-22T18:40:54.538+0000] {processor.py:829} INFO - Processing file /home/airflow/.local/lib/python3.8/site-packages/airflow/example_dags/example_python_operator.py for tasks to queue
[2023-11-22T18:40:54.539+0000] {logging_mixin.py:151} INFO - [2023-11-22T18:40:54.538+0000] {dagbag.py:536} INFO - Filling up the DagBag from /home/airflow/.local/lib/python3.8/site-packages/airflow/example_dags/example_python_operator.py
[2023-11-22T18:40:54.543+0000] {processor.py:839} INFO - DAG(s) dict_keys(['example_python_operator']) retrieved from /home/airflow/.local/lib/python3.8/site-packages/airflow/example_dags/example_python_operator.py
[2023-11-22T18:40:54.554+0000] {logging_mixin.py:151} INFO - [2023-11-22T18:40:54.553+0000] {dag.py:2941} INFO - Sync 1 DAGs
[2023-11-22T18:40:54.559+0000] {logging_mixin.py:151} INFO - [2023-11-22T18:40:54.559+0000] {dag.py:3722} INFO - Setting next_dagrun for example_python_operator to None, run_after=None
[2023-11-22T18:40:54.566+0000] {processor.py:179} INFO - Processing /home/airflow/.local/lib/python3.8/site-packages/airflow/example_dags/example_python_operator.py took 0.031 seconds
[2023-11-22T18:41:25.353+0000] {processor.py:157} INFO - Started process (PID=572) to work on /home/airflow/.local/lib/python3.8/site-packages/airflow/example_dags/example_python_operator.py
[2023-11-22T18:41:25.353+0000] {processor.py:829} INFO - Processing file /home/airflow/.local/lib/python3.8/site-packages/airflow/example_dags/example_python_operator.py for tasks to queue
[2023-11-22T18:41:25.354+0000] {logging_mixin.py:151} INFO - [2023-11-22T18:41:25.354+0000] {dagbag.py:536} INFO - Filling up the DagBag from /home/airflow/.local/lib/python3.8/site-packages/airflow/example_dags/example_python_operator.py
[2023-11-22T18:41:25.360+0000] {processor.py:839} INFO - DAG(s) dict_keys(['example_python_operator']) retrieved from /home/airflow/.local/lib/python3.8/site-packages/airflow/example_dags/example_python_operator.py
[2023-11-22T18:41:25.371+0000] {logging_mixin.py:151} INFO - [2023-11-22T18:41:25.371+0000] {dag.py:2941} INFO - Sync 1 DAGs
[2023-11-22T18:41:25.378+0000] {logging_mixin.py:151} INFO - [2023-11-22T18:41:25.378+0000] {dag.py:3722} INFO - Setting next_dagrun for example_python_operator to None, run_after=None
[2023-11-22T18:41:25.386+0000] {processor.py:179} INFO - Processing /home/airflow/.local/lib/python3.8/site-packages/airflow/example_dags/example_python_operator.py took 0.036 seconds
[2023-11-22T18:41:56.208+0000] {processor.py:157} INFO - Started process (PID=629) to work on /home/airflow/.local/lib/python3.8/site-packages/airflow/example_dags/example_python_operator.py
[2023-11-22T18:41:56.209+0000] {processor.py:829} INFO - Processing file /home/airflow/.local/lib/python3.8/site-packages/airflow/example_dags/example_python_operator.py for tasks to queue
[2023-11-22T18:41:56.210+0000] {logging_mixin.py:151} INFO - [2023-11-22T18:41:56.210+0000] {dagbag.py:536} INFO - Filling up the DagBag from /home/airflow/.local/lib/python3.8/site-packages/airflow/example_dags/example_python_operator.py
[2023-11-22T18:41:56.215+0000] {processor.py:839} INFO - DAG(s) dict_keys(['example_python_operator']) retrieved from /home/airflow/.local/lib/python3.8/site-packages/airflow/example_dags/example_python_operator.py
[2023-11-22T18:41:56.226+0000] {logging_mixin.py:151} INFO - [2023-11-22T18:41:56.226+0000] {dag.py:2941} INFO - Sync 1 DAGs
[2023-11-22T18:41:56.232+0000] {logging_mixin.py:151} INFO - [2023-11-22T18:41:56.232+0000] {dag.py:3722} INFO - Setting next_dagrun for example_python_operator to None, run_after=None
[2023-11-22T18:41:56.240+0000] {processor.py:179} INFO - Processing /home/airflow/.local/lib/python3.8/site-packages/airflow/example_dags/example_python_operator.py took 0.033 seconds
[2023-11-22T18:42:26.899+0000] {processor.py:157} INFO - Started process (PID=686) to work on /home/airflow/.local/lib/python3.8/site-packages/airflow/example_dags/example_python_operator.py
[2023-11-22T18:42:26.899+0000] {processor.py:829} INFO - Processing file /home/airflow/.local/lib/python3.8/site-packages/airflow/example_dags/example_python_operator.py for tasks to queue
[2023-11-22T18:42:26.901+0000] {logging_mixin.py:151} INFO - [2023-11-22T18:42:26.900+0000] {dagbag.py:536} INFO - Filling up the DagBag from /home/airflow/.local/lib/python3.8/site-packages/airflow/example_dags/example_python_operator.py
[2023-11-22T18:42:26.905+0000] {processor.py:839} INFO - DAG(s) dict_keys(['example_python_operator']) retrieved from /home/airflow/.local/lib/python3.8/site-packages/airflow/example_dags/example_python_operator.py
[2023-11-22T18:42:26.915+0000] {logging_mixin.py:151} INFO - [2023-11-22T18:42:26.915+0000] {dag.py:2941} INFO - Sync 1 DAGs
[2023-11-22T18:42:26.920+0000] {logging_mixin.py:151} INFO - [2023-11-22T18:42:26.920+0000] {dag.py:3722} INFO - Setting next_dagrun for example_python_operator to None, run_after=None
[2023-11-22T18:42:26.926+0000] {processor.py:179} INFO - Processing /home/airflow/.local/lib/python3.8/site-packages/airflow/example_dags/example_python_operator.py took 0.029 seconds
[2023-11-22T18:42:57.753+0000] {processor.py:157} INFO - Started process (PID=743) to work on /home/airflow/.local/lib/python3.8/site-packages/airflow/example_dags/example_python_operator.py
[2023-11-22T18:42:57.753+0000] {processor.py:829} INFO - Processing file /home/airflow/.local/lib/python3.8/site-packages/airflow/example_dags/example_python_operator.py for tasks to queue
[2023-11-22T18:42:57.754+0000] {logging_mixin.py:151} INFO - [2023-11-22T18:42:57.754+0000] {dagbag.py:536} INFO - Filling up the DagBag from /home/airflow/.local/lib/python3.8/site-packages/airflow/example_dags/example_python_operator.py
[2023-11-22T18:42:57.759+0000] {processor.py:839} INFO - DAG(s) dict_keys(['example_python_operator']) retrieved from /home/airflow/.local/lib/python3.8/site-packages/airflow/example_dags/example_python_operator.py
[2023-11-22T18:42:57.770+0000] {logging_mixin.py:151} INFO - [2023-11-22T18:42:57.769+0000] {dag.py:2941} INFO - Sync 1 DAGs
[2023-11-22T18:42:57.775+0000] {logging_mixin.py:151} INFO - [2023-11-22T18:42:57.775+0000] {dag.py:3722} INFO - Setting next_dagrun for example_python_operator to None, run_after=None
[2023-11-22T18:42:57.782+0000] {processor.py:179} INFO - Processing /home/airflow/.local/lib/python3.8/site-packages/airflow/example_dags/example_python_operator.py took 0.031 seconds
[2023-11-22T18:43:28.456+0000] {processor.py:157} INFO - Started process (PID=800) to work on /home/airflow/.local/lib/python3.8/site-packages/airflow/example_dags/example_python_operator.py
[2023-11-22T18:43:28.456+0000] {processor.py:829} INFO - Processing file /home/airflow/.local/lib/python3.8/site-packages/airflow/example_dags/example_python_operator.py for tasks to queue
[2023-11-22T18:43:28.457+0000] {logging_mixin.py:151} INFO - [2023-11-22T18:43:28.457+0000] {dagbag.py:536} INFO - Filling up the DagBag from /home/airflow/.local/lib/python3.8/site-packages/airflow/example_dags/example_python_operator.py
[2023-11-22T18:43:28.462+0000] {processor.py:839} INFO - DAG(s) dict_keys(['example_python_operator']) retrieved from /home/airflow/.local/lib/python3.8/site-packages/airflow/example_dags/example_python_operator.py
[2023-11-22T18:43:28.472+0000] {logging_mixin.py:151} INFO - [2023-11-22T18:43:28.472+0000] {dag.py:2941} INFO - Sync 1 DAGs
[2023-11-22T18:43:28.477+0000] {logging_mixin.py:151} INFO - [2023-11-22T18:43:28.477+0000] {dag.py:3722} INFO - Setting next_dagrun for example_python_operator to None, run_after=None
[2023-11-22T18:43:28.483+0000] {processor.py:179} INFO - Processing /home/airflow/.local/lib/python3.8/site-packages/airflow/example_dags/example_python_operator.py took 0.029 seconds
[2023-11-22T18:43:59.242+0000] {processor.py:157} INFO - Started process (PID=857) to work on /home/airflow/.local/lib/python3.8/site-packages/airflow/example_dags/example_python_operator.py
[2023-11-22T18:43:59.242+0000] {processor.py:829} INFO - Processing file /home/airflow/.local/lib/python3.8/site-packages/airflow/example_dags/example_python_operator.py for tasks to queue
[2023-11-22T18:43:59.244+0000] {logging_mixin.py:151} INFO - [2023-11-22T18:43:59.243+0000] {dagbag.py:536} INFO - Filling up the DagBag from /home/airflow/.local/lib/python3.8/site-packages/airflow/example_dags/example_python_operator.py
[2023-11-22T18:43:59.249+0000] {processor.py:839} INFO - DAG(s) dict_keys(['example_python_operator']) retrieved from /home/airflow/.local/lib/python3.8/site-packages/airflow/example_dags/example_python_operator.py
[2023-11-22T18:43:59.260+0000] {logging_mixin.py:151} INFO - [2023-11-22T18:43:59.260+0000] {dag.py:2941} INFO - Sync 1 DAGs
[2023-11-22T18:43:59.266+0000] {logging_mixin.py:151} INFO - [2023-11-22T18:43:59.266+0000] {dag.py:3722} INFO - Setting next_dagrun for example_python_operator to None, run_after=None
[2023-11-22T18:43:59.273+0000] {processor.py:179} INFO - Processing /home/airflow/.local/lib/python3.8/site-packages/airflow/example_dags/example_python_operator.py took 0.033 seconds
[2023-11-22T18:44:29.496+0000] {processor.py:157} INFO - Started process (PID=914) to work on /home/airflow/.local/lib/python3.8/site-packages/airflow/example_dags/example_python_operator.py
[2023-11-22T18:44:29.497+0000] {processor.py:829} INFO - Processing file /home/airflow/.local/lib/python3.8/site-packages/airflow/example_dags/example_python_operator.py for tasks to queue
[2023-11-22T18:44:29.498+0000] {logging_mixin.py:151} INFO - [2023-11-22T18:44:29.498+0000] {dagbag.py:536} INFO - Filling up the DagBag from /home/airflow/.local/lib/python3.8/site-packages/airflow/example_dags/example_python_operator.py
[2023-11-22T18:44:29.503+0000] {processor.py:839} INFO - DAG(s) dict_keys(['example_python_operator']) retrieved from /home/airflow/.local/lib/python3.8/site-packages/airflow/example_dags/example_python_operator.py
[2023-11-22T18:44:29.513+0000] {logging_mixin.py:151} INFO - [2023-11-22T18:44:29.513+0000] {dag.py:2941} INFO - Sync 1 DAGs
[2023-11-22T18:44:29.518+0000] {logging_mixin.py:151} INFO - [2023-11-22T18:44:29.518+0000] {dag.py:3722} INFO - Setting next_dagrun for example_python_operator to None, run_after=None
[2023-11-22T18:44:29.598+0000] {processor.py:179} INFO - Processing /home/airflow/.local/lib/python3.8/site-packages/airflow/example_dags/example_python_operator.py took 0.103 seconds
[2023-11-22T18:44:59.911+0000] {processor.py:157} INFO - Started process (PID=971) to work on /home/airflow/.local/lib/python3.8/site-packages/airflow/example_dags/example_python_operator.py
[2023-11-22T18:44:59.911+0000] {processor.py:829} INFO - Processing file /home/airflow/.local/lib/python3.8/site-packages/airflow/example_dags/example_python_operator.py for tasks to queue
[2023-11-22T18:44:59.912+0000] {logging_mixin.py:151} INFO - [2023-11-22T18:44:59.912+0000] {dagbag.py:536} INFO - Filling up the DagBag from /home/airflow/.local/lib/python3.8/site-packages/airflow/example_dags/example_python_operator.py
[2023-11-22T18:44:59.918+0000] {processor.py:839} INFO - DAG(s) dict_keys(['example_python_operator']) retrieved from /home/airflow/.local/lib/python3.8/site-packages/airflow/example_dags/example_python_operator.py
[2023-11-22T18:44:59.929+0000] {logging_mixin.py:151} INFO - [2023-11-22T18:44:59.929+0000] {dag.py:2941} INFO - Sync 1 DAGs
[2023-11-22T18:44:59.935+0000] {logging_mixin.py:151} INFO - [2023-11-22T18:44:59.935+0000] {dag.py:3722} INFO - Setting next_dagrun for example_python_operator to None, run_after=None
[2023-11-22T18:44:59.942+0000] {processor.py:179} INFO - Processing /home/airflow/.local/lib/python3.8/site-packages/airflow/example_dags/example_python_operator.py took 0.033 seconds
[2023-11-22T18:45:30.197+0000] {processor.py:157} INFO - Started process (PID=1027) to work on /home/airflow/.local/lib/python3.8/site-packages/airflow/example_dags/example_python_operator.py
[2023-11-22T18:45:30.198+0000] {processor.py:829} INFO - Processing file /home/airflow/.local/lib/python3.8/site-packages/airflow/example_dags/example_python_operator.py for tasks to queue
[2023-11-22T18:45:30.199+0000] {logging_mixin.py:151} INFO - [2023-11-22T18:45:30.199+0000] {dagbag.py:536} INFO - Filling up the DagBag from /home/airflow/.local/lib/python3.8/site-packages/airflow/example_dags/example_python_operator.py
[2023-11-22T18:45:30.204+0000] {processor.py:839} INFO - DAG(s) dict_keys(['example_python_operator']) retrieved from /home/airflow/.local/lib/python3.8/site-packages/airflow/example_dags/example_python_operator.py
[2023-11-22T18:45:30.215+0000] {logging_mixin.py:151} INFO - [2023-11-22T18:45:30.215+0000] {dag.py:2941} INFO - Sync 1 DAGs
[2023-11-22T18:45:30.221+0000] {logging_mixin.py:151} INFO - [2023-11-22T18:45:30.221+0000] {dag.py:3722} INFO - Setting next_dagrun for example_python_operator to None, run_after=None
[2023-11-22T18:45:30.228+0000] {processor.py:179} INFO - Processing /home/airflow/.local/lib/python3.8/site-packages/airflow/example_dags/example_python_operator.py took 0.032 seconds
[2023-11-22T18:46:01.154+0000] {processor.py:157} INFO - Started process (PID=1085) to work on /home/airflow/.local/lib/python3.8/site-packages/airflow/example_dags/example_python_operator.py
[2023-11-22T18:46:01.155+0000] {processor.py:829} INFO - Processing file /home/airflow/.local/lib/python3.8/site-packages/airflow/example_dags/example_python_operator.py for tasks to queue
[2023-11-22T18:46:01.156+0000] {logging_mixin.py:151} INFO - [2023-11-22T18:46:01.156+0000] {dagbag.py:536} INFO - Filling up the DagBag from /home/airflow/.local/lib/python3.8/site-packages/airflow/example_dags/example_python_operator.py
[2023-11-22T18:46:01.161+0000] {processor.py:839} INFO - DAG(s) dict_keys(['example_python_operator']) retrieved from /home/airflow/.local/lib/python3.8/site-packages/airflow/example_dags/example_python_operator.py
[2023-11-22T18:46:01.171+0000] {logging_mixin.py:151} INFO - [2023-11-22T18:46:01.171+0000] {dag.py:2941} INFO - Sync 1 DAGs
[2023-11-22T18:46:01.177+0000] {logging_mixin.py:151} INFO - [2023-11-22T18:46:01.176+0000] {dag.py:3722} INFO - Setting next_dagrun for example_python_operator to None, run_after=None
[2023-11-22T18:46:01.184+0000] {processor.py:179} INFO - Processing /home/airflow/.local/lib/python3.8/site-packages/airflow/example_dags/example_python_operator.py took 0.032 seconds
[2023-11-22T18:46:32.082+0000] {processor.py:157} INFO - Started process (PID=1142) to work on /home/airflow/.local/lib/python3.8/site-packages/airflow/example_dags/example_python_operator.py
[2023-11-22T18:46:32.083+0000] {processor.py:829} INFO - Processing file /home/airflow/.local/lib/python3.8/site-packages/airflow/example_dags/example_python_operator.py for tasks to queue
[2023-11-22T18:46:32.084+0000] {logging_mixin.py:151} INFO - [2023-11-22T18:46:32.084+0000] {dagbag.py:536} INFO - Filling up the DagBag from /home/airflow/.local/lib/python3.8/site-packages/airflow/example_dags/example_python_operator.py
[2023-11-22T18:46:32.089+0000] {processor.py:839} INFO - DAG(s) dict_keys(['example_python_operator']) retrieved from /home/airflow/.local/lib/python3.8/site-packages/airflow/example_dags/example_python_operator.py
[2023-11-22T18:46:32.192+0000] {logging_mixin.py:151} INFO - [2023-11-22T18:46:32.192+0000] {dag.py:2941} INFO - Sync 1 DAGs
[2023-11-22T18:46:32.199+0000] {logging_mixin.py:151} INFO - [2023-11-22T18:46:32.199+0000] {dag.py:3722} INFO - Setting next_dagrun for example_python_operator to None, run_after=None
[2023-11-22T18:46:32.207+0000] {processor.py:179} INFO - Processing /home/airflow/.local/lib/python3.8/site-packages/airflow/example_dags/example_python_operator.py took 0.126 seconds
[2023-11-22T18:47:02.427+0000] {processor.py:157} INFO - Started process (PID=1199) to work on /home/airflow/.local/lib/python3.8/site-packages/airflow/example_dags/example_python_operator.py
[2023-11-22T18:47:02.427+0000] {processor.py:829} INFO - Processing file /home/airflow/.local/lib/python3.8/site-packages/airflow/example_dags/example_python_operator.py for tasks to queue
[2023-11-22T18:47:02.428+0000] {logging_mixin.py:151} INFO - [2023-11-22T18:47:02.428+0000] {dagbag.py:536} INFO - Filling up the DagBag from /home/airflow/.local/lib/python3.8/site-packages/airflow/example_dags/example_python_operator.py
[2023-11-22T18:47:02.434+0000] {processor.py:839} INFO - DAG(s) dict_keys(['example_python_operator']) retrieved from /home/airflow/.local/lib/python3.8/site-packages/airflow/example_dags/example_python_operator.py
[2023-11-22T18:47:02.445+0000] {logging_mixin.py:151} INFO - [2023-11-22T18:47:02.445+0000] {dag.py:2941} INFO - Sync 1 DAGs
[2023-11-22T18:47:02.541+0000] {logging_mixin.py:151} INFO - [2023-11-22T18:47:02.541+0000] {dag.py:3722} INFO - Setting next_dagrun for example_python_operator to None, run_after=None
[2023-11-22T18:47:02.548+0000] {processor.py:179} INFO - Processing /home/airflow/.local/lib/python3.8/site-packages/airflow/example_dags/example_python_operator.py took 0.123 seconds
[2023-11-22T18:47:33.256+0000] {processor.py:157} INFO - Started process (PID=1256) to work on /home/airflow/.local/lib/python3.8/site-packages/airflow/example_dags/example_python_operator.py
[2023-11-22T18:47:33.256+0000] {processor.py:829} INFO - Processing file /home/airflow/.local/lib/python3.8/site-packages/airflow/example_dags/example_python_operator.py for tasks to queue
[2023-11-22T18:47:33.257+0000] {logging_mixin.py:151} INFO - [2023-11-22T18:47:33.257+0000] {dagbag.py:536} INFO - Filling up the DagBag from /home/airflow/.local/lib/python3.8/site-packages/airflow/example_dags/example_python_operator.py
[2023-11-22T18:47:33.263+0000] {processor.py:839} INFO - DAG(s) dict_keys(['example_python_operator']) retrieved from /home/airflow/.local/lib/python3.8/site-packages/airflow/example_dags/example_python_operator.py
[2023-11-22T18:47:33.274+0000] {logging_mixin.py:151} INFO - [2023-11-22T18:47:33.274+0000] {dag.py:2941} INFO - Sync 1 DAGs
[2023-11-22T18:47:33.280+0000] {logging_mixin.py:151} INFO - [2023-11-22T18:47:33.280+0000] {dag.py:3722} INFO - Setting next_dagrun for example_python_operator to None, run_after=None
[2023-11-22T18:47:33.288+0000] {processor.py:179} INFO - Processing /home/airflow/.local/lib/python3.8/site-packages/airflow/example_dags/example_python_operator.py took 0.034 seconds
[2023-11-22T18:48:03.857+0000] {processor.py:157} INFO - Started process (PID=1313) to work on /home/airflow/.local/lib/python3.8/site-packages/airflow/example_dags/example_python_operator.py
[2023-11-22T18:48:03.857+0000] {processor.py:829} INFO - Processing file /home/airflow/.local/lib/python3.8/site-packages/airflow/example_dags/example_python_operator.py for tasks to queue
[2023-11-22T18:48:03.859+0000] {logging_mixin.py:151} INFO - [2023-11-22T18:48:03.858+0000] {dagbag.py:536} INFO - Filling up the DagBag from /home/airflow/.local/lib/python3.8/site-packages/airflow/example_dags/example_python_operator.py
[2023-11-22T18:48:03.864+0000] {processor.py:839} INFO - DAG(s) dict_keys(['example_python_operator']) retrieved from /home/airflow/.local/lib/python3.8/site-packages/airflow/example_dags/example_python_operator.py
[2023-11-22T18:48:03.875+0000] {logging_mixin.py:151} INFO - [2023-11-22T18:48:03.875+0000] {dag.py:2941} INFO - Sync 1 DAGs
[2023-11-22T18:48:03.880+0000] {logging_mixin.py:151} INFO - [2023-11-22T18:48:03.880+0000] {dag.py:3722} INFO - Setting next_dagrun for example_python_operator to None, run_after=None
[2023-11-22T18:48:03.888+0000] {processor.py:179} INFO - Processing /home/airflow/.local/lib/python3.8/site-packages/airflow/example_dags/example_python_operator.py took 0.033 seconds
[2023-11-22T18:48:34.580+0000] {processor.py:157} INFO - Started process (PID=1370) to work on /home/airflow/.local/lib/python3.8/site-packages/airflow/example_dags/example_python_operator.py
[2023-11-22T18:48:34.581+0000] {processor.py:829} INFO - Processing file /home/airflow/.local/lib/python3.8/site-packages/airflow/example_dags/example_python_operator.py for tasks to queue
[2023-11-22T18:48:34.582+0000] {logging_mixin.py:151} INFO - [2023-11-22T18:48:34.582+0000] {dagbag.py:536} INFO - Filling up the DagBag from /home/airflow/.local/lib/python3.8/site-packages/airflow/example_dags/example_python_operator.py
[2023-11-22T18:48:34.588+0000] {processor.py:839} INFO - DAG(s) dict_keys(['example_python_operator']) retrieved from /home/airflow/.local/lib/python3.8/site-packages/airflow/example_dags/example_python_operator.py
[2023-11-22T18:48:34.601+0000] {logging_mixin.py:151} INFO - [2023-11-22T18:48:34.601+0000] {dag.py:2941} INFO - Sync 1 DAGs
[2023-11-22T18:48:34.607+0000] {logging_mixin.py:151} INFO - [2023-11-22T18:48:34.607+0000] {dag.py:3722} INFO - Setting next_dagrun for example_python_operator to None, run_after=None
[2023-11-22T18:48:34.615+0000] {processor.py:179} INFO - Processing /home/airflow/.local/lib/python3.8/site-packages/airflow/example_dags/example_python_operator.py took 0.037 seconds
[2023-11-22T18:49:05.346+0000] {processor.py:157} INFO - Started process (PID=1427) to work on /home/airflow/.local/lib/python3.8/site-packages/airflow/example_dags/example_python_operator.py
[2023-11-22T18:49:05.347+0000] {processor.py:829} INFO - Processing file /home/airflow/.local/lib/python3.8/site-packages/airflow/example_dags/example_python_operator.py for tasks to queue
[2023-11-22T18:49:05.348+0000] {logging_mixin.py:151} INFO - [2023-11-22T18:49:05.348+0000] {dagbag.py:536} INFO - Filling up the DagBag from /home/airflow/.local/lib/python3.8/site-packages/airflow/example_dags/example_python_operator.py
[2023-11-22T18:49:05.353+0000] {processor.py:839} INFO - DAG(s) dict_keys(['example_python_operator']) retrieved from /home/airflow/.local/lib/python3.8/site-packages/airflow/example_dags/example_python_operator.py
[2023-11-22T18:49:05.365+0000] {logging_mixin.py:151} INFO - [2023-11-22T18:49:05.365+0000] {dag.py:2941} INFO - Sync 1 DAGs
[2023-11-22T18:49:05.370+0000] {logging_mixin.py:151} INFO - [2023-11-22T18:49:05.370+0000] {dag.py:3722} INFO - Setting next_dagrun for example_python_operator to None, run_after=None
[2023-11-22T18:49:05.378+0000] {processor.py:179} INFO - Processing /home/airflow/.local/lib/python3.8/site-packages/airflow/example_dags/example_python_operator.py took 0.034 seconds
[2023-11-22T18:49:35.906+0000] {processor.py:157} INFO - Started process (PID=1484) to work on /home/airflow/.local/lib/python3.8/site-packages/airflow/example_dags/example_python_operator.py
[2023-11-22T18:49:35.906+0000] {processor.py:829} INFO - Processing file /home/airflow/.local/lib/python3.8/site-packages/airflow/example_dags/example_python_operator.py for tasks to queue
[2023-11-22T18:49:35.907+0000] {logging_mixin.py:151} INFO - [2023-11-22T18:49:35.907+0000] {dagbag.py:536} INFO - Filling up the DagBag from /home/airflow/.local/lib/python3.8/site-packages/airflow/example_dags/example_python_operator.py
[2023-11-22T18:49:35.912+0000] {processor.py:839} INFO - DAG(s) dict_keys(['example_python_operator']) retrieved from /home/airflow/.local/lib/python3.8/site-packages/airflow/example_dags/example_python_operator.py
[2023-11-22T18:49:35.924+0000] {logging_mixin.py:151} INFO - [2023-11-22T18:49:35.924+0000] {dag.py:2941} INFO - Sync 1 DAGs
[2023-11-22T18:49:35.929+0000] {logging_mixin.py:151} INFO - [2023-11-22T18:49:35.929+0000] {dag.py:3722} INFO - Setting next_dagrun for example_python_operator to None, run_after=None
[2023-11-22T18:49:35.937+0000] {processor.py:179} INFO - Processing /home/airflow/.local/lib/python3.8/site-packages/airflow/example_dags/example_python_operator.py took 0.033 seconds
[2023-11-22T18:50:06.488+0000] {processor.py:157} INFO - Started process (PID=1541) to work on /home/airflow/.local/lib/python3.8/site-packages/airflow/example_dags/example_python_operator.py
[2023-11-22T18:50:06.488+0000] {processor.py:829} INFO - Processing file /home/airflow/.local/lib/python3.8/site-packages/airflow/example_dags/example_python_operator.py for tasks to queue
[2023-11-22T18:50:06.490+0000] {logging_mixin.py:151} INFO - [2023-11-22T18:50:06.489+0000] {dagbag.py:536} INFO - Filling up the DagBag from /home/airflow/.local/lib/python3.8/site-packages/airflow/example_dags/example_python_operator.py
[2023-11-22T18:50:06.495+0000] {processor.py:839} INFO - DAG(s) dict_keys(['example_python_operator']) retrieved from /home/airflow/.local/lib/python3.8/site-packages/airflow/example_dags/example_python_operator.py
[2023-11-22T18:50:06.506+0000] {logging_mixin.py:151} INFO - [2023-11-22T18:50:06.506+0000] {dag.py:2941} INFO - Sync 1 DAGs
[2023-11-22T18:50:06.512+0000] {logging_mixin.py:151} INFO - [2023-11-22T18:50:06.512+0000] {dag.py:3722} INFO - Setting next_dagrun for example_python_operator to None, run_after=None
[2023-11-22T18:50:06.520+0000] {processor.py:179} INFO - Processing /home/airflow/.local/lib/python3.8/site-packages/airflow/example_dags/example_python_operator.py took 0.033 seconds
[2023-11-22T18:50:36.992+0000] {processor.py:157} INFO - Started process (PID=1598) to work on /home/airflow/.local/lib/python3.8/site-packages/airflow/example_dags/example_python_operator.py
[2023-11-22T18:50:36.992+0000] {processor.py:829} INFO - Processing file /home/airflow/.local/lib/python3.8/site-packages/airflow/example_dags/example_python_operator.py for tasks to queue
[2023-11-22T18:50:36.994+0000] {logging_mixin.py:151} INFO - [2023-11-22T18:50:36.993+0000] {dagbag.py:536} INFO - Filling up the DagBag from /home/airflow/.local/lib/python3.8/site-packages/airflow/example_dags/example_python_operator.py
[2023-11-22T18:50:36.999+0000] {processor.py:839} INFO - DAG(s) dict_keys(['example_python_operator']) retrieved from /home/airflow/.local/lib/python3.8/site-packages/airflow/example_dags/example_python_operator.py
[2023-11-22T18:50:37.010+0000] {logging_mixin.py:151} INFO - [2023-11-22T18:50:37.010+0000] {dag.py:2941} INFO - Sync 1 DAGs
[2023-11-22T18:50:37.015+0000] {logging_mixin.py:151} INFO - [2023-11-22T18:50:37.015+0000] {dag.py:3722} INFO - Setting next_dagrun for example_python_operator to None, run_after=None
[2023-11-22T18:50:37.023+0000] {processor.py:179} INFO - Processing /home/airflow/.local/lib/python3.8/site-packages/airflow/example_dags/example_python_operator.py took 0.033 seconds
[2023-11-22T18:51:07.722+0000] {processor.py:157} INFO - Started process (PID=1655) to work on /home/airflow/.local/lib/python3.8/site-packages/airflow/example_dags/example_python_operator.py
[2023-11-22T18:51:07.722+0000] {processor.py:829} INFO - Processing file /home/airflow/.local/lib/python3.8/site-packages/airflow/example_dags/example_python_operator.py for tasks to queue
[2023-11-22T18:51:07.723+0000] {logging_mixin.py:151} INFO - [2023-11-22T18:51:07.723+0000] {dagbag.py:536} INFO - Filling up the DagBag from /home/airflow/.local/lib/python3.8/site-packages/airflow/example_dags/example_python_operator.py
[2023-11-22T18:51:07.729+0000] {processor.py:839} INFO - DAG(s) dict_keys(['example_python_operator']) retrieved from /home/airflow/.local/lib/python3.8/site-packages/airflow/example_dags/example_python_operator.py
[2023-11-22T18:51:07.740+0000] {logging_mixin.py:151} INFO - [2023-11-22T18:51:07.739+0000] {dag.py:2941} INFO - Sync 1 DAGs
[2023-11-22T18:51:07.745+0000] {logging_mixin.py:151} INFO - [2023-11-22T18:51:07.745+0000] {dag.py:3722} INFO - Setting next_dagrun for example_python_operator to None, run_after=None
[2023-11-22T18:51:07.752+0000] {processor.py:179} INFO - Processing /home/airflow/.local/lib/python3.8/site-packages/airflow/example_dags/example_python_operator.py took 0.032 seconds
[2023-11-22T18:51:38.412+0000] {processor.py:157} INFO - Started process (PID=1712) to work on /home/airflow/.local/lib/python3.8/site-packages/airflow/example_dags/example_python_operator.py
[2023-11-22T18:51:38.412+0000] {processor.py:829} INFO - Processing file /home/airflow/.local/lib/python3.8/site-packages/airflow/example_dags/example_python_operator.py for tasks to queue
[2023-11-22T18:51:38.413+0000] {logging_mixin.py:151} INFO - [2023-11-22T18:51:38.413+0000] {dagbag.py:536} INFO - Filling up the DagBag from /home/airflow/.local/lib/python3.8/site-packages/airflow/example_dags/example_python_operator.py
[2023-11-22T18:51:38.419+0000] {processor.py:839} INFO - DAG(s) dict_keys(['example_python_operator']) retrieved from /home/airflow/.local/lib/python3.8/site-packages/airflow/example_dags/example_python_operator.py
[2023-11-22T18:51:38.431+0000] {logging_mixin.py:151} INFO - [2023-11-22T18:51:38.431+0000] {dag.py:2941} INFO - Sync 1 DAGs
[2023-11-22T18:51:38.438+0000] {logging_mixin.py:151} INFO - [2023-11-22T18:51:38.438+0000] {dag.py:3722} INFO - Setting next_dagrun for example_python_operator to None, run_after=None
[2023-11-22T18:51:38.445+0000] {processor.py:179} INFO - Processing /home/airflow/.local/lib/python3.8/site-packages/airflow/example_dags/example_python_operator.py took 0.035 seconds
[2023-11-22T18:52:09.070+0000] {processor.py:157} INFO - Started process (PID=1769) to work on /home/airflow/.local/lib/python3.8/site-packages/airflow/example_dags/example_python_operator.py
[2023-11-22T18:52:09.070+0000] {processor.py:829} INFO - Processing file /home/airflow/.local/lib/python3.8/site-packages/airflow/example_dags/example_python_operator.py for tasks to queue
[2023-11-22T18:52:09.072+0000] {logging_mixin.py:151} INFO - [2023-11-22T18:52:09.071+0000] {dagbag.py:536} INFO - Filling up the DagBag from /home/airflow/.local/lib/python3.8/site-packages/airflow/example_dags/example_python_operator.py
[2023-11-22T18:52:09.077+0000] {processor.py:839} INFO - DAG(s) dict_keys(['example_python_operator']) retrieved from /home/airflow/.local/lib/python3.8/site-packages/airflow/example_dags/example_python_operator.py
[2023-11-22T18:52:09.088+0000] {logging_mixin.py:151} INFO - [2023-11-22T18:52:09.088+0000] {dag.py:2941} INFO - Sync 1 DAGs
[2023-11-22T18:52:09.094+0000] {logging_mixin.py:151} INFO - [2023-11-22T18:52:09.094+0000] {dag.py:3722} INFO - Setting next_dagrun for example_python_operator to None, run_after=None
[2023-11-22T18:52:09.102+0000] {processor.py:179} INFO - Processing /home/airflow/.local/lib/python3.8/site-packages/airflow/example_dags/example_python_operator.py took 0.034 seconds
[2023-11-22T18:52:39.756+0000] {processor.py:157} INFO - Started process (PID=1826) to work on /home/airflow/.local/lib/python3.8/site-packages/airflow/example_dags/example_python_operator.py
[2023-11-22T18:52:39.757+0000] {processor.py:829} INFO - Processing file /home/airflow/.local/lib/python3.8/site-packages/airflow/example_dags/example_python_operator.py for tasks to queue
[2023-11-22T18:52:39.759+0000] {logging_mixin.py:151} INFO - [2023-11-22T18:52:39.758+0000] {dagbag.py:536} INFO - Filling up the DagBag from /home/airflow/.local/lib/python3.8/site-packages/airflow/example_dags/example_python_operator.py
[2023-11-22T18:52:39.764+0000] {processor.py:839} INFO - DAG(s) dict_keys(['example_python_operator']) retrieved from /home/airflow/.local/lib/python3.8/site-packages/airflow/example_dags/example_python_operator.py
[2023-11-22T18:52:39.775+0000] {logging_mixin.py:151} INFO - [2023-11-22T18:52:39.775+0000] {dag.py:2941} INFO - Sync 1 DAGs
[2023-11-22T18:52:39.781+0000] {logging_mixin.py:151} INFO - [2023-11-22T18:52:39.781+0000] {dag.py:3722} INFO - Setting next_dagrun for example_python_operator to None, run_after=None
[2023-11-22T18:52:39.789+0000] {processor.py:179} INFO - Processing /home/airflow/.local/lib/python3.8/site-packages/airflow/example_dags/example_python_operator.py took 0.034 seconds
[2023-11-22T18:53:10.298+0000] {processor.py:157} INFO - Started process (PID=1882) to work on /home/airflow/.local/lib/python3.8/site-packages/airflow/example_dags/example_python_operator.py
[2023-11-22T18:53:10.299+0000] {processor.py:829} INFO - Processing file /home/airflow/.local/lib/python3.8/site-packages/airflow/example_dags/example_python_operator.py for tasks to queue
[2023-11-22T18:53:10.300+0000] {logging_mixin.py:151} INFO - [2023-11-22T18:53:10.300+0000] {dagbag.py:536} INFO - Filling up the DagBag from /home/airflow/.local/lib/python3.8/site-packages/airflow/example_dags/example_python_operator.py
[2023-11-22T18:53:10.305+0000] {processor.py:839} INFO - DAG(s) dict_keys(['example_python_operator']) retrieved from /home/airflow/.local/lib/python3.8/site-packages/airflow/example_dags/example_python_operator.py
[2023-11-22T18:53:10.316+0000] {logging_mixin.py:151} INFO - [2023-11-22T18:53:10.316+0000] {dag.py:2941} INFO - Sync 1 DAGs
[2023-11-22T18:53:10.322+0000] {logging_mixin.py:151} INFO - [2023-11-22T18:53:10.321+0000] {dag.py:3722} INFO - Setting next_dagrun for example_python_operator to None, run_after=None
[2023-11-22T18:53:10.329+0000] {processor.py:179} INFO - Processing /home/airflow/.local/lib/python3.8/site-packages/airflow/example_dags/example_python_operator.py took 0.032 seconds
[2023-11-22T18:53:40.884+0000] {processor.py:157} INFO - Started process (PID=1938) to work on /home/airflow/.local/lib/python3.8/site-packages/airflow/example_dags/example_python_operator.py
[2023-11-22T18:53:40.885+0000] {processor.py:829} INFO - Processing file /home/airflow/.local/lib/python3.8/site-packages/airflow/example_dags/example_python_operator.py for tasks to queue
[2023-11-22T18:53:40.886+0000] {logging_mixin.py:151} INFO - [2023-11-22T18:53:40.886+0000] {dagbag.py:536} INFO - Filling up the DagBag from /home/airflow/.local/lib/python3.8/site-packages/airflow/example_dags/example_python_operator.py
[2023-11-22T18:53:40.891+0000] {processor.py:839} INFO - DAG(s) dict_keys(['example_python_operator']) retrieved from /home/airflow/.local/lib/python3.8/site-packages/airflow/example_dags/example_python_operator.py
[2023-11-22T18:53:40.904+0000] {logging_mixin.py:151} INFO - [2023-11-22T18:53:40.903+0000] {dag.py:2941} INFO - Sync 1 DAGs
[2023-11-22T18:53:40.909+0000] {logging_mixin.py:151} INFO - [2023-11-22T18:53:40.909+0000] {dag.py:3722} INFO - Setting next_dagrun for example_python_operator to None, run_after=None
[2023-11-22T18:53:40.918+0000] {processor.py:179} INFO - Processing /home/airflow/.local/lib/python3.8/site-packages/airflow/example_dags/example_python_operator.py took 0.035 seconds
[2023-11-22T18:54:11.600+0000] {processor.py:157} INFO - Started process (PID=1995) to work on /home/airflow/.local/lib/python3.8/site-packages/airflow/example_dags/example_python_operator.py
[2023-11-22T18:54:11.601+0000] {processor.py:829} INFO - Processing file /home/airflow/.local/lib/python3.8/site-packages/airflow/example_dags/example_python_operator.py for tasks to queue
[2023-11-22T18:54:11.602+0000] {logging_mixin.py:151} INFO - [2023-11-22T18:54:11.602+0000] {dagbag.py:536} INFO - Filling up the DagBag from /home/airflow/.local/lib/python3.8/site-packages/airflow/example_dags/example_python_operator.py
[2023-11-22T18:54:11.607+0000] {processor.py:839} INFO - DAG(s) dict_keys(['example_python_operator']) retrieved from /home/airflow/.local/lib/python3.8/site-packages/airflow/example_dags/example_python_operator.py
[2023-11-22T18:54:11.618+0000] {logging_mixin.py:151} INFO - [2023-11-22T18:54:11.618+0000] {dag.py:2941} INFO - Sync 1 DAGs
[2023-11-22T18:54:11.624+0000] {logging_mixin.py:151} INFO - [2023-11-22T18:54:11.624+0000] {dag.py:3722} INFO - Setting next_dagrun for example_python_operator to None, run_after=None
[2023-11-22T18:54:11.632+0000] {processor.py:179} INFO - Processing /home/airflow/.local/lib/python3.8/site-packages/airflow/example_dags/example_python_operator.py took 0.034 seconds
[2023-11-22T18:54:42.378+0000] {processor.py:157} INFO - Started process (PID=2059) to work on /home/airflow/.local/lib/python3.8/site-packages/airflow/example_dags/example_python_operator.py
[2023-11-22T18:54:42.378+0000] {processor.py:829} INFO - Processing file /home/airflow/.local/lib/python3.8/site-packages/airflow/example_dags/example_python_operator.py for tasks to queue
[2023-11-22T18:54:42.379+0000] {logging_mixin.py:151} INFO - [2023-11-22T18:54:42.379+0000] {dagbag.py:536} INFO - Filling up the DagBag from /home/airflow/.local/lib/python3.8/site-packages/airflow/example_dags/example_python_operator.py
[2023-11-22T18:54:42.385+0000] {processor.py:839} INFO - DAG(s) dict_keys(['example_python_operator']) retrieved from /home/airflow/.local/lib/python3.8/site-packages/airflow/example_dags/example_python_operator.py
[2023-11-22T18:54:42.396+0000] {logging_mixin.py:151} INFO - [2023-11-22T18:54:42.396+0000] {dag.py:2941} INFO - Sync 1 DAGs
[2023-11-22T18:54:42.401+0000] {logging_mixin.py:151} INFO - [2023-11-22T18:54:42.401+0000] {dag.py:3722} INFO - Setting next_dagrun for example_python_operator to None, run_after=None
[2023-11-22T18:54:42.409+0000] {processor.py:179} INFO - Processing /home/airflow/.local/lib/python3.8/site-packages/airflow/example_dags/example_python_operator.py took 0.033 seconds
[2023-11-22T18:55:13.108+0000] {processor.py:157} INFO - Started process (PID=2116) to work on /home/airflow/.local/lib/python3.8/site-packages/airflow/example_dags/example_python_operator.py
[2023-11-22T18:55:13.109+0000] {processor.py:829} INFO - Processing file /home/airflow/.local/lib/python3.8/site-packages/airflow/example_dags/example_python_operator.py for tasks to queue
[2023-11-22T18:55:13.110+0000] {logging_mixin.py:151} INFO - [2023-11-22T18:55:13.110+0000] {dagbag.py:536} INFO - Filling up the DagBag from /home/airflow/.local/lib/python3.8/site-packages/airflow/example_dags/example_python_operator.py
[2023-11-22T18:55:13.115+0000] {processor.py:839} INFO - DAG(s) dict_keys(['example_python_operator']) retrieved from /home/airflow/.local/lib/python3.8/site-packages/airflow/example_dags/example_python_operator.py
[2023-11-22T18:55:13.126+0000] {logging_mixin.py:151} INFO - [2023-11-22T18:55:13.126+0000] {dag.py:2941} INFO - Sync 1 DAGs
[2023-11-22T18:55:13.131+0000] {logging_mixin.py:151} INFO - [2023-11-22T18:55:13.131+0000] {dag.py:3722} INFO - Setting next_dagrun for example_python_operator to None, run_after=None
[2023-11-22T18:55:13.139+0000] {processor.py:179} INFO - Processing /home/airflow/.local/lib/python3.8/site-packages/airflow/example_dags/example_python_operator.py took 0.033 seconds
[2023-11-22T18:55:43.985+0000] {processor.py:157} INFO - Started process (PID=2173) to work on /home/airflow/.local/lib/python3.8/site-packages/airflow/example_dags/example_python_operator.py
[2023-11-22T18:55:43.986+0000] {processor.py:829} INFO - Processing file /home/airflow/.local/lib/python3.8/site-packages/airflow/example_dags/example_python_operator.py for tasks to queue
[2023-11-22T18:55:43.987+0000] {logging_mixin.py:151} INFO - [2023-11-22T18:55:43.987+0000] {dagbag.py:536} INFO - Filling up the DagBag from /home/airflow/.local/lib/python3.8/site-packages/airflow/example_dags/example_python_operator.py
[2023-11-22T18:55:43.992+0000] {processor.py:839} INFO - DAG(s) dict_keys(['example_python_operator']) retrieved from /home/airflow/.local/lib/python3.8/site-packages/airflow/example_dags/example_python_operator.py
[2023-11-22T18:55:44.003+0000] {logging_mixin.py:151} INFO - [2023-11-22T18:55:44.003+0000] {dag.py:2941} INFO - Sync 1 DAGs
[2023-11-22T18:55:44.009+0000] {logging_mixin.py:151} INFO - [2023-11-22T18:55:44.009+0000] {dag.py:3722} INFO - Setting next_dagrun for example_python_operator to None, run_after=None
[2023-11-22T18:55:44.016+0000] {processor.py:179} INFO - Processing /home/airflow/.local/lib/python3.8/site-packages/airflow/example_dags/example_python_operator.py took 0.033 seconds
[2023-11-22T18:56:14.698+0000] {processor.py:157} INFO - Started process (PID=2230) to work on /home/airflow/.local/lib/python3.8/site-packages/airflow/example_dags/example_python_operator.py
[2023-11-22T18:56:14.699+0000] {processor.py:829} INFO - Processing file /home/airflow/.local/lib/python3.8/site-packages/airflow/example_dags/example_python_operator.py for tasks to queue
[2023-11-22T18:56:14.700+0000] {logging_mixin.py:151} INFO - [2023-11-22T18:56:14.700+0000] {dagbag.py:536} INFO - Filling up the DagBag from /home/airflow/.local/lib/python3.8/site-packages/airflow/example_dags/example_python_operator.py
[2023-11-22T18:56:14.705+0000] {processor.py:839} INFO - DAG(s) dict_keys(['example_python_operator']) retrieved from /home/airflow/.local/lib/python3.8/site-packages/airflow/example_dags/example_python_operator.py
[2023-11-22T18:56:14.716+0000] {logging_mixin.py:151} INFO - [2023-11-22T18:56:14.716+0000] {dag.py:2941} INFO - Sync 1 DAGs
[2023-11-22T18:56:14.722+0000] {logging_mixin.py:151} INFO - [2023-11-22T18:56:14.722+0000] {dag.py:3722} INFO - Setting next_dagrun for example_python_operator to None, run_after=None
[2023-11-22T18:56:14.729+0000] {processor.py:179} INFO - Processing /home/airflow/.local/lib/python3.8/site-packages/airflow/example_dags/example_python_operator.py took 0.033 seconds
[2023-11-22T18:56:45.449+0000] {processor.py:157} INFO - Started process (PID=2287) to work on /home/airflow/.local/lib/python3.8/site-packages/airflow/example_dags/example_python_operator.py
[2023-11-22T18:56:45.449+0000] {processor.py:829} INFO - Processing file /home/airflow/.local/lib/python3.8/site-packages/airflow/example_dags/example_python_operator.py for tasks to queue
[2023-11-22T18:56:45.450+0000] {logging_mixin.py:151} INFO - [2023-11-22T18:56:45.450+0000] {dagbag.py:536} INFO - Filling up the DagBag from /home/airflow/.local/lib/python3.8/site-packages/airflow/example_dags/example_python_operator.py
[2023-11-22T18:56:45.456+0000] {processor.py:839} INFO - DAG(s) dict_keys(['example_python_operator']) retrieved from /home/airflow/.local/lib/python3.8/site-packages/airflow/example_dags/example_python_operator.py
[2023-11-22T18:56:45.466+0000] {logging_mixin.py:151} INFO - [2023-11-22T18:56:45.466+0000] {dag.py:2941} INFO - Sync 1 DAGs
[2023-11-22T18:56:45.471+0000] {logging_mixin.py:151} INFO - [2023-11-22T18:56:45.471+0000] {dag.py:3722} INFO - Setting next_dagrun for example_python_operator to None, run_after=None
[2023-11-22T18:56:45.479+0000] {processor.py:179} INFO - Processing /home/airflow/.local/lib/python3.8/site-packages/airflow/example_dags/example_python_operator.py took 0.032 seconds
[2023-11-22T18:57:16.180+0000] {processor.py:157} INFO - Started process (PID=2344) to work on /home/airflow/.local/lib/python3.8/site-packages/airflow/example_dags/example_python_operator.py
[2023-11-22T18:57:16.181+0000] {processor.py:829} INFO - Processing file /home/airflow/.local/lib/python3.8/site-packages/airflow/example_dags/example_python_operator.py for tasks to queue
[2023-11-22T18:57:16.182+0000] {logging_mixin.py:151} INFO - [2023-11-22T18:57:16.182+0000] {dagbag.py:536} INFO - Filling up the DagBag from /home/airflow/.local/lib/python3.8/site-packages/airflow/example_dags/example_python_operator.py
[2023-11-22T18:57:16.187+0000] {processor.py:839} INFO - DAG(s) dict_keys(['example_python_operator']) retrieved from /home/airflow/.local/lib/python3.8/site-packages/airflow/example_dags/example_python_operator.py
[2023-11-22T18:57:16.198+0000] {logging_mixin.py:151} INFO - [2023-11-22T18:57:16.198+0000] {dag.py:2941} INFO - Sync 1 DAGs
[2023-11-22T18:57:16.204+0000] {logging_mixin.py:151} INFO - [2023-11-22T18:57:16.204+0000] {dag.py:3722} INFO - Setting next_dagrun for example_python_operator to None, run_after=None
[2023-11-22T18:57:16.211+0000] {processor.py:179} INFO - Processing /home/airflow/.local/lib/python3.8/site-packages/airflow/example_dags/example_python_operator.py took 0.033 seconds
[2023-11-22T18:57:46.948+0000] {processor.py:157} INFO - Started process (PID=2401) to work on /home/airflow/.local/lib/python3.8/site-packages/airflow/example_dags/example_python_operator.py
[2023-11-22T18:57:46.949+0000] {processor.py:829} INFO - Processing file /home/airflow/.local/lib/python3.8/site-packages/airflow/example_dags/example_python_operator.py for tasks to queue
[2023-11-22T18:57:46.950+0000] {logging_mixin.py:151} INFO - [2023-11-22T18:57:46.950+0000] {dagbag.py:536} INFO - Filling up the DagBag from /home/airflow/.local/lib/python3.8/site-packages/airflow/example_dags/example_python_operator.py
[2023-11-22T18:57:46.955+0000] {processor.py:839} INFO - DAG(s) dict_keys(['example_python_operator']) retrieved from /home/airflow/.local/lib/python3.8/site-packages/airflow/example_dags/example_python_operator.py
[2023-11-22T18:57:46.966+0000] {logging_mixin.py:151} INFO - [2023-11-22T18:57:46.965+0000] {dag.py:2941} INFO - Sync 1 DAGs
[2023-11-22T18:57:46.971+0000] {logging_mixin.py:151} INFO - [2023-11-22T18:57:46.971+0000] {dag.py:3722} INFO - Setting next_dagrun for example_python_operator to None, run_after=None
[2023-11-22T18:57:46.978+0000] {processor.py:179} INFO - Processing /home/airflow/.local/lib/python3.8/site-packages/airflow/example_dags/example_python_operator.py took 0.031 seconds
[2023-11-22T18:58:17.501+0000] {processor.py:157} INFO - Started process (PID=2458) to work on /home/airflow/.local/lib/python3.8/site-packages/airflow/example_dags/example_python_operator.py
[2023-11-22T18:58:17.502+0000] {processor.py:829} INFO - Processing file /home/airflow/.local/lib/python3.8/site-packages/airflow/example_dags/example_python_operator.py for tasks to queue
[2023-11-22T18:58:17.503+0000] {logging_mixin.py:151} INFO - [2023-11-22T18:58:17.503+0000] {dagbag.py:536} INFO - Filling up the DagBag from /home/airflow/.local/lib/python3.8/site-packages/airflow/example_dags/example_python_operator.py
[2023-11-22T18:58:17.508+0000] {processor.py:839} INFO - DAG(s) dict_keys(['example_python_operator']) retrieved from /home/airflow/.local/lib/python3.8/site-packages/airflow/example_dags/example_python_operator.py
[2023-11-22T18:58:17.520+0000] {logging_mixin.py:151} INFO - [2023-11-22T18:58:17.520+0000] {dag.py:2941} INFO - Sync 1 DAGs
[2023-11-22T18:58:17.526+0000] {logging_mixin.py:151} INFO - [2023-11-22T18:58:17.525+0000] {dag.py:3722} INFO - Setting next_dagrun for example_python_operator to None, run_after=None
[2023-11-22T18:58:17.534+0000] {processor.py:179} INFO - Processing /home/airflow/.local/lib/python3.8/site-packages/airflow/example_dags/example_python_operator.py took 0.034 seconds
[2023-11-22T18:58:48.148+0000] {processor.py:157} INFO - Started process (PID=2515) to work on /home/airflow/.local/lib/python3.8/site-packages/airflow/example_dags/example_python_operator.py
[2023-11-22T18:58:48.149+0000] {processor.py:829} INFO - Processing file /home/airflow/.local/lib/python3.8/site-packages/airflow/example_dags/example_python_operator.py for tasks to queue
[2023-11-22T18:58:48.150+0000] {logging_mixin.py:151} INFO - [2023-11-22T18:58:48.150+0000] {dagbag.py:536} INFO - Filling up the DagBag from /home/airflow/.local/lib/python3.8/site-packages/airflow/example_dags/example_python_operator.py
[2023-11-22T18:58:48.155+0000] {processor.py:839} INFO - DAG(s) dict_keys(['example_python_operator']) retrieved from /home/airflow/.local/lib/python3.8/site-packages/airflow/example_dags/example_python_operator.py
[2023-11-22T18:58:48.166+0000] {logging_mixin.py:151} INFO - [2023-11-22T18:58:48.166+0000] {dag.py:2941} INFO - Sync 1 DAGs
[2023-11-22T18:58:48.172+0000] {logging_mixin.py:151} INFO - [2023-11-22T18:58:48.172+0000] {dag.py:3722} INFO - Setting next_dagrun for example_python_operator to None, run_after=None
[2023-11-22T18:58:48.179+0000] {processor.py:179} INFO - Processing /home/airflow/.local/lib/python3.8/site-packages/airflow/example_dags/example_python_operator.py took 0.033 seconds
[2023-11-22T18:59:18.803+0000] {processor.py:157} INFO - Started process (PID=2572) to work on /home/airflow/.local/lib/python3.8/site-packages/airflow/example_dags/example_python_operator.py
[2023-11-22T18:59:18.804+0000] {processor.py:829} INFO - Processing file /home/airflow/.local/lib/python3.8/site-packages/airflow/example_dags/example_python_operator.py for tasks to queue
[2023-11-22T18:59:18.805+0000] {logging_mixin.py:151} INFO - [2023-11-22T18:59:18.805+0000] {dagbag.py:536} INFO - Filling up the DagBag from /home/airflow/.local/lib/python3.8/site-packages/airflow/example_dags/example_python_operator.py
[2023-11-22T18:59:18.810+0000] {processor.py:839} INFO - DAG(s) dict_keys(['example_python_operator']) retrieved from /home/airflow/.local/lib/python3.8/site-packages/airflow/example_dags/example_python_operator.py
[2023-11-22T18:59:18.822+0000] {logging_mixin.py:151} INFO - [2023-11-22T18:59:18.822+0000] {dag.py:2941} INFO - Sync 1 DAGs
[2023-11-22T18:59:18.827+0000] {logging_mixin.py:151} INFO - [2023-11-22T18:59:18.827+0000] {dag.py:3722} INFO - Setting next_dagrun for example_python_operator to None, run_after=None
[2023-11-22T18:59:18.835+0000] {processor.py:179} INFO - Processing /home/airflow/.local/lib/python3.8/site-packages/airflow/example_dags/example_python_operator.py took 0.033 seconds
[2023-11-22T18:59:49.543+0000] {processor.py:157} INFO - Started process (PID=2629) to work on /home/airflow/.local/lib/python3.8/site-packages/airflow/example_dags/example_python_operator.py
[2023-11-22T18:59:49.543+0000] {processor.py:829} INFO - Processing file /home/airflow/.local/lib/python3.8/site-packages/airflow/example_dags/example_python_operator.py for tasks to queue
[2023-11-22T18:59:49.544+0000] {logging_mixin.py:151} INFO - [2023-11-22T18:59:49.544+0000] {dagbag.py:536} INFO - Filling up the DagBag from /home/airflow/.local/lib/python3.8/site-packages/airflow/example_dags/example_python_operator.py
[2023-11-22T18:59:49.550+0000] {processor.py:839} INFO - DAG(s) dict_keys(['example_python_operator']) retrieved from /home/airflow/.local/lib/python3.8/site-packages/airflow/example_dags/example_python_operator.py
[2023-11-22T18:59:49.561+0000] {logging_mixin.py:151} INFO - [2023-11-22T18:59:49.561+0000] {dag.py:2941} INFO - Sync 1 DAGs
[2023-11-22T18:59:49.567+0000] {logging_mixin.py:151} INFO - [2023-11-22T18:59:49.567+0000] {dag.py:3722} INFO - Setting next_dagrun for example_python_operator to None, run_after=None
[2023-11-22T18:59:49.575+0000] {processor.py:179} INFO - Processing /home/airflow/.local/lib/python3.8/site-packages/airflow/example_dags/example_python_operator.py took 0.034 seconds
[2023-11-22T19:00:20.279+0000] {processor.py:157} INFO - Started process (PID=2686) to work on /home/airflow/.local/lib/python3.8/site-packages/airflow/example_dags/example_python_operator.py
[2023-11-22T19:00:20.279+0000] {processor.py:829} INFO - Processing file /home/airflow/.local/lib/python3.8/site-packages/airflow/example_dags/example_python_operator.py for tasks to queue
[2023-11-22T19:00:20.280+0000] {logging_mixin.py:151} INFO - [2023-11-22T19:00:20.280+0000] {dagbag.py:536} INFO - Filling up the DagBag from /home/airflow/.local/lib/python3.8/site-packages/airflow/example_dags/example_python_operator.py
[2023-11-22T19:00:20.285+0000] {processor.py:839} INFO - DAG(s) dict_keys(['example_python_operator']) retrieved from /home/airflow/.local/lib/python3.8/site-packages/airflow/example_dags/example_python_operator.py
[2023-11-22T19:00:20.296+0000] {logging_mixin.py:151} INFO - [2023-11-22T19:00:20.296+0000] {dag.py:2941} INFO - Sync 1 DAGs
[2023-11-22T19:00:20.301+0000] {logging_mixin.py:151} INFO - [2023-11-22T19:00:20.301+0000] {dag.py:3722} INFO - Setting next_dagrun for example_python_operator to None, run_after=None
[2023-11-22T19:00:20.309+0000] {processor.py:179} INFO - Processing /home/airflow/.local/lib/python3.8/site-packages/airflow/example_dags/example_python_operator.py took 0.031 seconds
[2023-11-22T19:00:50.863+0000] {processor.py:157} INFO - Started process (PID=2743) to work on /home/airflow/.local/lib/python3.8/site-packages/airflow/example_dags/example_python_operator.py
[2023-11-22T19:00:50.864+0000] {processor.py:829} INFO - Processing file /home/airflow/.local/lib/python3.8/site-packages/airflow/example_dags/example_python_operator.py for tasks to queue
[2023-11-22T19:00:50.865+0000] {logging_mixin.py:151} INFO - [2023-11-22T19:00:50.865+0000] {dagbag.py:536} INFO - Filling up the DagBag from /home/airflow/.local/lib/python3.8/site-packages/airflow/example_dags/example_python_operator.py
[2023-11-22T19:00:50.871+0000] {processor.py:839} INFO - DAG(s) dict_keys(['example_python_operator']) retrieved from /home/airflow/.local/lib/python3.8/site-packages/airflow/example_dags/example_python_operator.py
[2023-11-22T19:00:50.883+0000] {logging_mixin.py:151} INFO - [2023-11-22T19:00:50.883+0000] {dag.py:2941} INFO - Sync 1 DAGs
[2023-11-22T19:00:50.889+0000] {logging_mixin.py:151} INFO - [2023-11-22T19:00:50.889+0000] {dag.py:3722} INFO - Setting next_dagrun for example_python_operator to None, run_after=None
[2023-11-22T19:00:50.897+0000] {processor.py:179} INFO - Processing /home/airflow/.local/lib/python3.8/site-packages/airflow/example_dags/example_python_operator.py took 0.036 seconds
[2023-11-22T19:01:21.522+0000] {processor.py:157} INFO - Started process (PID=2800) to work on /home/airflow/.local/lib/python3.8/site-packages/airflow/example_dags/example_python_operator.py
[2023-11-22T19:01:21.523+0000] {processor.py:829} INFO - Processing file /home/airflow/.local/lib/python3.8/site-packages/airflow/example_dags/example_python_operator.py for tasks to queue
[2023-11-22T19:01:21.524+0000] {logging_mixin.py:151} INFO - [2023-11-22T19:01:21.524+0000] {dagbag.py:536} INFO - Filling up the DagBag from /home/airflow/.local/lib/python3.8/site-packages/airflow/example_dags/example_python_operator.py
[2023-11-22T19:01:21.529+0000] {processor.py:839} INFO - DAG(s) dict_keys(['example_python_operator']) retrieved from /home/airflow/.local/lib/python3.8/site-packages/airflow/example_dags/example_python_operator.py
[2023-11-22T19:01:21.541+0000] {logging_mixin.py:151} INFO - [2023-11-22T19:01:21.541+0000] {dag.py:2941} INFO - Sync 1 DAGs
[2023-11-22T19:01:21.547+0000] {logging_mixin.py:151} INFO - [2023-11-22T19:01:21.546+0000] {dag.py:3722} INFO - Setting next_dagrun for example_python_operator to None, run_after=None
[2023-11-22T19:01:21.554+0000] {processor.py:179} INFO - Processing /home/airflow/.local/lib/python3.8/site-packages/airflow/example_dags/example_python_operator.py took 0.034 seconds
[2023-11-22T19:01:52.053+0000] {processor.py:157} INFO - Started process (PID=2858) to work on /home/airflow/.local/lib/python3.8/site-packages/airflow/example_dags/example_python_operator.py
[2023-11-22T19:01:52.053+0000] {processor.py:829} INFO - Processing file /home/airflow/.local/lib/python3.8/site-packages/airflow/example_dags/example_python_operator.py for tasks to queue
[2023-11-22T19:01:52.054+0000] {logging_mixin.py:151} INFO - [2023-11-22T19:01:52.054+0000] {dagbag.py:536} INFO - Filling up the DagBag from /home/airflow/.local/lib/python3.8/site-packages/airflow/example_dags/example_python_operator.py
[2023-11-22T19:01:52.061+0000] {processor.py:839} INFO - DAG(s) dict_keys(['example_python_operator']) retrieved from /home/airflow/.local/lib/python3.8/site-packages/airflow/example_dags/example_python_operator.py
[2023-11-22T19:01:52.073+0000] {logging_mixin.py:151} INFO - [2023-11-22T19:01:52.073+0000] {dag.py:2941} INFO - Sync 1 DAGs
[2023-11-22T19:01:52.080+0000] {logging_mixin.py:151} INFO - [2023-11-22T19:01:52.080+0000] {dag.py:3722} INFO - Setting next_dagrun for example_python_operator to None, run_after=None
[2023-11-22T19:01:52.088+0000] {processor.py:179} INFO - Processing /home/airflow/.local/lib/python3.8/site-packages/airflow/example_dags/example_python_operator.py took 0.037 seconds
[2023-11-22T19:02:22.793+0000] {processor.py:157} INFO - Started process (PID=2915) to work on /home/airflow/.local/lib/python3.8/site-packages/airflow/example_dags/example_python_operator.py
[2023-11-22T19:02:22.793+0000] {processor.py:829} INFO - Processing file /home/airflow/.local/lib/python3.8/site-packages/airflow/example_dags/example_python_operator.py for tasks to queue
[2023-11-22T19:02:22.794+0000] {logging_mixin.py:151} INFO - [2023-11-22T19:02:22.794+0000] {dagbag.py:536} INFO - Filling up the DagBag from /home/airflow/.local/lib/python3.8/site-packages/airflow/example_dags/example_python_operator.py
[2023-11-22T19:02:22.799+0000] {processor.py:839} INFO - DAG(s) dict_keys(['example_python_operator']) retrieved from /home/airflow/.local/lib/python3.8/site-packages/airflow/example_dags/example_python_operator.py
[2023-11-22T19:02:22.811+0000] {logging_mixin.py:151} INFO - [2023-11-22T19:02:22.811+0000] {dag.py:2941} INFO - Sync 1 DAGs
[2023-11-22T19:02:22.817+0000] {logging_mixin.py:151} INFO - [2023-11-22T19:02:22.816+0000] {dag.py:3722} INFO - Setting next_dagrun for example_python_operator to None, run_after=None
[2023-11-22T19:02:22.824+0000] {processor.py:179} INFO - Processing /home/airflow/.local/lib/python3.8/site-packages/airflow/example_dags/example_python_operator.py took 0.033 seconds
[2023-11-22T19:02:53.462+0000] {processor.py:157} INFO - Started process (PID=2972) to work on /home/airflow/.local/lib/python3.8/site-packages/airflow/example_dags/example_python_operator.py
[2023-11-22T19:02:53.463+0000] {processor.py:829} INFO - Processing file /home/airflow/.local/lib/python3.8/site-packages/airflow/example_dags/example_python_operator.py for tasks to queue
[2023-11-22T19:02:53.464+0000] {logging_mixin.py:151} INFO - [2023-11-22T19:02:53.464+0000] {dagbag.py:536} INFO - Filling up the DagBag from /home/airflow/.local/lib/python3.8/site-packages/airflow/example_dags/example_python_operator.py
[2023-11-22T19:02:53.469+0000] {processor.py:839} INFO - DAG(s) dict_keys(['example_python_operator']) retrieved from /home/airflow/.local/lib/python3.8/site-packages/airflow/example_dags/example_python_operator.py
[2023-11-22T19:02:53.481+0000] {logging_mixin.py:151} INFO - [2023-11-22T19:02:53.481+0000] {dag.py:2941} INFO - Sync 1 DAGs
[2023-11-22T19:02:53.486+0000] {logging_mixin.py:151} INFO - [2023-11-22T19:02:53.486+0000] {dag.py:3722} INFO - Setting next_dagrun for example_python_operator to None, run_after=None
[2023-11-22T19:02:53.494+0000] {processor.py:179} INFO - Processing /home/airflow/.local/lib/python3.8/site-packages/airflow/example_dags/example_python_operator.py took 0.034 seconds
[2023-11-22T19:03:24.128+0000] {processor.py:157} INFO - Started process (PID=3028) to work on /home/airflow/.local/lib/python3.8/site-packages/airflow/example_dags/example_python_operator.py
[2023-11-22T19:03:24.128+0000] {processor.py:829} INFO - Processing file /home/airflow/.local/lib/python3.8/site-packages/airflow/example_dags/example_python_operator.py for tasks to queue
[2023-11-22T19:03:24.130+0000] {logging_mixin.py:151} INFO - [2023-11-22T19:03:24.129+0000] {dagbag.py:536} INFO - Filling up the DagBag from /home/airflow/.local/lib/python3.8/site-packages/airflow/example_dags/example_python_operator.py
[2023-11-22T19:03:24.135+0000] {processor.py:839} INFO - DAG(s) dict_keys(['example_python_operator']) retrieved from /home/airflow/.local/lib/python3.8/site-packages/airflow/example_dags/example_python_operator.py
[2023-11-22T19:03:24.146+0000] {logging_mixin.py:151} INFO - [2023-11-22T19:03:24.146+0000] {dag.py:2941} INFO - Sync 1 DAGs
[2023-11-22T19:03:24.152+0000] {logging_mixin.py:151} INFO - [2023-11-22T19:03:24.152+0000] {dag.py:3722} INFO - Setting next_dagrun for example_python_operator to None, run_after=None
[2023-11-22T19:03:24.159+0000] {processor.py:179} INFO - Processing /home/airflow/.local/lib/python3.8/site-packages/airflow/example_dags/example_python_operator.py took 0.033 seconds
[2023-11-22T19:03:54.811+0000] {processor.py:157} INFO - Started process (PID=3085) to work on /home/airflow/.local/lib/python3.8/site-packages/airflow/example_dags/example_python_operator.py
[2023-11-22T19:03:54.811+0000] {processor.py:829} INFO - Processing file /home/airflow/.local/lib/python3.8/site-packages/airflow/example_dags/example_python_operator.py for tasks to queue
[2023-11-22T19:03:54.813+0000] {logging_mixin.py:151} INFO - [2023-11-22T19:03:54.812+0000] {dagbag.py:536} INFO - Filling up the DagBag from /home/airflow/.local/lib/python3.8/site-packages/airflow/example_dags/example_python_operator.py
[2023-11-22T19:03:54.818+0000] {processor.py:839} INFO - DAG(s) dict_keys(['example_python_operator']) retrieved from /home/airflow/.local/lib/python3.8/site-packages/airflow/example_dags/example_python_operator.py
[2023-11-22T19:03:54.830+0000] {logging_mixin.py:151} INFO - [2023-11-22T19:03:54.830+0000] {dag.py:2941} INFO - Sync 1 DAGs
[2023-11-22T19:03:54.836+0000] {logging_mixin.py:151} INFO - [2023-11-22T19:03:54.836+0000] {dag.py:3722} INFO - Setting next_dagrun for example_python_operator to None, run_after=None
[2023-11-22T19:03:54.844+0000] {processor.py:179} INFO - Processing /home/airflow/.local/lib/python3.8/site-packages/airflow/example_dags/example_python_operator.py took 0.035 seconds
[2023-11-22T19:04:25.469+0000] {processor.py:157} INFO - Started process (PID=3142) to work on /home/airflow/.local/lib/python3.8/site-packages/airflow/example_dags/example_python_operator.py
[2023-11-22T19:04:25.470+0000] {processor.py:829} INFO - Processing file /home/airflow/.local/lib/python3.8/site-packages/airflow/example_dags/example_python_operator.py for tasks to queue
[2023-11-22T19:04:25.471+0000] {logging_mixin.py:151} INFO - [2023-11-22T19:04:25.471+0000] {dagbag.py:536} INFO - Filling up the DagBag from /home/airflow/.local/lib/python3.8/site-packages/airflow/example_dags/example_python_operator.py
[2023-11-22T19:04:25.476+0000] {processor.py:839} INFO - DAG(s) dict_keys(['example_python_operator']) retrieved from /home/airflow/.local/lib/python3.8/site-packages/airflow/example_dags/example_python_operator.py
[2023-11-22T19:04:25.487+0000] {logging_mixin.py:151} INFO - [2023-11-22T19:04:25.487+0000] {dag.py:2941} INFO - Sync 1 DAGs
[2023-11-22T19:04:25.492+0000] {logging_mixin.py:151} INFO - [2023-11-22T19:04:25.492+0000] {dag.py:3722} INFO - Setting next_dagrun for example_python_operator to None, run_after=None
[2023-11-22T19:04:25.500+0000] {processor.py:179} INFO - Processing /home/airflow/.local/lib/python3.8/site-packages/airflow/example_dags/example_python_operator.py took 0.032 seconds
[2023-11-22T19:04:56.119+0000] {processor.py:157} INFO - Started process (PID=3199) to work on /home/airflow/.local/lib/python3.8/site-packages/airflow/example_dags/example_python_operator.py
[2023-11-22T19:04:56.120+0000] {processor.py:829} INFO - Processing file /home/airflow/.local/lib/python3.8/site-packages/airflow/example_dags/example_python_operator.py for tasks to queue
[2023-11-22T19:04:56.121+0000] {logging_mixin.py:151} INFO - [2023-11-22T19:04:56.121+0000] {dagbag.py:536} INFO - Filling up the DagBag from /home/airflow/.local/lib/python3.8/site-packages/airflow/example_dags/example_python_operator.py
[2023-11-22T19:04:56.126+0000] {processor.py:839} INFO - DAG(s) dict_keys(['example_python_operator']) retrieved from /home/airflow/.local/lib/python3.8/site-packages/airflow/example_dags/example_python_operator.py
[2023-11-22T19:04:56.138+0000] {logging_mixin.py:151} INFO - [2023-11-22T19:04:56.137+0000] {dag.py:2941} INFO - Sync 1 DAGs
[2023-11-22T19:04:56.144+0000] {logging_mixin.py:151} INFO - [2023-11-22T19:04:56.144+0000] {dag.py:3722} INFO - Setting next_dagrun for example_python_operator to None, run_after=None
[2023-11-22T19:04:56.152+0000] {processor.py:179} INFO - Processing /home/airflow/.local/lib/python3.8/site-packages/airflow/example_dags/example_python_operator.py took 0.034 seconds
[2023-11-22T19:05:26.710+0000] {processor.py:157} INFO - Started process (PID=3257) to work on /home/airflow/.local/lib/python3.8/site-packages/airflow/example_dags/example_python_operator.py
[2023-11-22T19:05:26.710+0000] {processor.py:829} INFO - Processing file /home/airflow/.local/lib/python3.8/site-packages/airflow/example_dags/example_python_operator.py for tasks to queue
[2023-11-22T19:05:26.711+0000] {logging_mixin.py:151} INFO - [2023-11-22T19:05:26.711+0000] {dagbag.py:536} INFO - Filling up the DagBag from /home/airflow/.local/lib/python3.8/site-packages/airflow/example_dags/example_python_operator.py
[2023-11-22T19:05:26.716+0000] {processor.py:839} INFO - DAG(s) dict_keys(['example_python_operator']) retrieved from /home/airflow/.local/lib/python3.8/site-packages/airflow/example_dags/example_python_operator.py
[2023-11-22T19:05:26.728+0000] {logging_mixin.py:151} INFO - [2023-11-22T19:05:26.728+0000] {dag.py:2941} INFO - Sync 1 DAGs
[2023-11-22T19:05:26.733+0000] {logging_mixin.py:151} INFO - [2023-11-22T19:05:26.733+0000] {dag.py:3722} INFO - Setting next_dagrun for example_python_operator to None, run_after=None
[2023-11-22T19:05:26.741+0000] {processor.py:179} INFO - Processing /home/airflow/.local/lib/python3.8/site-packages/airflow/example_dags/example_python_operator.py took 0.033 seconds
[2023-11-22T19:05:57.379+0000] {processor.py:157} INFO - Started process (PID=3314) to work on /home/airflow/.local/lib/python3.8/site-packages/airflow/example_dags/example_python_operator.py
[2023-11-22T19:05:57.379+0000] {processor.py:829} INFO - Processing file /home/airflow/.local/lib/python3.8/site-packages/airflow/example_dags/example_python_operator.py for tasks to queue
[2023-11-22T19:05:57.381+0000] {logging_mixin.py:151} INFO - [2023-11-22T19:05:57.380+0000] {dagbag.py:536} INFO - Filling up the DagBag from /home/airflow/.local/lib/python3.8/site-packages/airflow/example_dags/example_python_operator.py
[2023-11-22T19:05:57.386+0000] {processor.py:839} INFO - DAG(s) dict_keys(['example_python_operator']) retrieved from /home/airflow/.local/lib/python3.8/site-packages/airflow/example_dags/example_python_operator.py
[2023-11-22T19:05:57.398+0000] {logging_mixin.py:151} INFO - [2023-11-22T19:05:57.397+0000] {dag.py:2941} INFO - Sync 1 DAGs
[2023-11-22T19:05:57.403+0000] {logging_mixin.py:151} INFO - [2023-11-22T19:05:57.403+0000] {dag.py:3722} INFO - Setting next_dagrun for example_python_operator to None, run_after=None
[2023-11-22T19:05:57.412+0000] {processor.py:179} INFO - Processing /home/airflow/.local/lib/python3.8/site-packages/airflow/example_dags/example_python_operator.py took 0.035 seconds
[2023-11-22T19:06:27.966+0000] {processor.py:157} INFO - Started process (PID=3371) to work on /home/airflow/.local/lib/python3.8/site-packages/airflow/example_dags/example_python_operator.py
[2023-11-22T19:06:27.967+0000] {processor.py:829} INFO - Processing file /home/airflow/.local/lib/python3.8/site-packages/airflow/example_dags/example_python_operator.py for tasks to queue
[2023-11-22T19:06:27.968+0000] {logging_mixin.py:151} INFO - [2023-11-22T19:06:27.968+0000] {dagbag.py:536} INFO - Filling up the DagBag from /home/airflow/.local/lib/python3.8/site-packages/airflow/example_dags/example_python_operator.py
[2023-11-22T19:06:27.973+0000] {processor.py:839} INFO - DAG(s) dict_keys(['example_python_operator']) retrieved from /home/airflow/.local/lib/python3.8/site-packages/airflow/example_dags/example_python_operator.py
[2023-11-22T19:06:27.984+0000] {logging_mixin.py:151} INFO - [2023-11-22T19:06:27.984+0000] {dag.py:2941} INFO - Sync 1 DAGs
[2023-11-22T19:06:27.989+0000] {logging_mixin.py:151} INFO - [2023-11-22T19:06:27.989+0000] {dag.py:3722} INFO - Setting next_dagrun for example_python_operator to None, run_after=None
[2023-11-22T19:06:27.997+0000] {processor.py:179} INFO - Processing /home/airflow/.local/lib/python3.8/site-packages/airflow/example_dags/example_python_operator.py took 0.032 seconds
[2023-11-22T19:06:58.516+0000] {processor.py:157} INFO - Started process (PID=3428) to work on /home/airflow/.local/lib/python3.8/site-packages/airflow/example_dags/example_python_operator.py
[2023-11-22T19:06:58.517+0000] {processor.py:829} INFO - Processing file /home/airflow/.local/lib/python3.8/site-packages/airflow/example_dags/example_python_operator.py for tasks to queue
[2023-11-22T19:06:58.518+0000] {logging_mixin.py:151} INFO - [2023-11-22T19:06:58.518+0000] {dagbag.py:536} INFO - Filling up the DagBag from /home/airflow/.local/lib/python3.8/site-packages/airflow/example_dags/example_python_operator.py
[2023-11-22T19:06:58.523+0000] {processor.py:839} INFO - DAG(s) dict_keys(['example_python_operator']) retrieved from /home/airflow/.local/lib/python3.8/site-packages/airflow/example_dags/example_python_operator.py
[2023-11-22T19:06:58.534+0000] {logging_mixin.py:151} INFO - [2023-11-22T19:06:58.534+0000] {dag.py:2941} INFO - Sync 1 DAGs
[2023-11-22T19:06:58.540+0000] {logging_mixin.py:151} INFO - [2023-11-22T19:06:58.540+0000] {dag.py:3722} INFO - Setting next_dagrun for example_python_operator to None, run_after=None
[2023-11-22T19:06:58.548+0000] {processor.py:179} INFO - Processing /home/airflow/.local/lib/python3.8/site-packages/airflow/example_dags/example_python_operator.py took 0.033 seconds
[2023-11-22T19:07:29.007+0000] {processor.py:157} INFO - Started process (PID=3485) to work on /home/airflow/.local/lib/python3.8/site-packages/airflow/example_dags/example_python_operator.py
[2023-11-22T19:07:29.008+0000] {processor.py:829} INFO - Processing file /home/airflow/.local/lib/python3.8/site-packages/airflow/example_dags/example_python_operator.py for tasks to queue
[2023-11-22T19:07:29.009+0000] {logging_mixin.py:151} INFO - [2023-11-22T19:07:29.009+0000] {dagbag.py:536} INFO - Filling up the DagBag from /home/airflow/.local/lib/python3.8/site-packages/airflow/example_dags/example_python_operator.py
[2023-11-22T19:07:29.014+0000] {processor.py:839} INFO - DAG(s) dict_keys(['example_python_operator']) retrieved from /home/airflow/.local/lib/python3.8/site-packages/airflow/example_dags/example_python_operator.py
[2023-11-22T19:07:29.025+0000] {logging_mixin.py:151} INFO - [2023-11-22T19:07:29.025+0000] {dag.py:2941} INFO - Sync 1 DAGs
[2023-11-22T19:07:29.030+0000] {logging_mixin.py:151} INFO - [2023-11-22T19:07:29.030+0000] {dag.py:3722} INFO - Setting next_dagrun for example_python_operator to None, run_after=None
[2023-11-22T19:07:29.038+0000] {processor.py:179} INFO - Processing /home/airflow/.local/lib/python3.8/site-packages/airflow/example_dags/example_python_operator.py took 0.032 seconds
[2023-11-22T19:07:59.613+0000] {processor.py:157} INFO - Started process (PID=3542) to work on /home/airflow/.local/lib/python3.8/site-packages/airflow/example_dags/example_python_operator.py
[2023-11-22T19:07:59.614+0000] {processor.py:829} INFO - Processing file /home/airflow/.local/lib/python3.8/site-packages/airflow/example_dags/example_python_operator.py for tasks to queue
[2023-11-22T19:07:59.615+0000] {logging_mixin.py:151} INFO - [2023-11-22T19:07:59.615+0000] {dagbag.py:536} INFO - Filling up the DagBag from /home/airflow/.local/lib/python3.8/site-packages/airflow/example_dags/example_python_operator.py
[2023-11-22T19:07:59.620+0000] {processor.py:839} INFO - DAG(s) dict_keys(['example_python_operator']) retrieved from /home/airflow/.local/lib/python3.8/site-packages/airflow/example_dags/example_python_operator.py
[2023-11-22T19:07:59.631+0000] {logging_mixin.py:151} INFO - [2023-11-22T19:07:59.630+0000] {dag.py:2941} INFO - Sync 1 DAGs
[2023-11-22T19:07:59.636+0000] {logging_mixin.py:151} INFO - [2023-11-22T19:07:59.636+0000] {dag.py:3722} INFO - Setting next_dagrun for example_python_operator to None, run_after=None
[2023-11-22T19:07:59.643+0000] {processor.py:179} INFO - Processing /home/airflow/.local/lib/python3.8/site-packages/airflow/example_dags/example_python_operator.py took 0.032 seconds
[2023-11-22T19:08:30.171+0000] {processor.py:157} INFO - Started process (PID=3599) to work on /home/airflow/.local/lib/python3.8/site-packages/airflow/example_dags/example_python_operator.py
[2023-11-22T19:08:30.172+0000] {processor.py:829} INFO - Processing file /home/airflow/.local/lib/python3.8/site-packages/airflow/example_dags/example_python_operator.py for tasks to queue
[2023-11-22T19:08:30.173+0000] {logging_mixin.py:151} INFO - [2023-11-22T19:08:30.173+0000] {dagbag.py:536} INFO - Filling up the DagBag from /home/airflow/.local/lib/python3.8/site-packages/airflow/example_dags/example_python_operator.py
[2023-11-22T19:08:30.178+0000] {processor.py:839} INFO - DAG(s) dict_keys(['example_python_operator']) retrieved from /home/airflow/.local/lib/python3.8/site-packages/airflow/example_dags/example_python_operator.py
[2023-11-22T19:08:30.189+0000] {logging_mixin.py:151} INFO - [2023-11-22T19:08:30.189+0000] {dag.py:2941} INFO - Sync 1 DAGs
[2023-11-22T19:08:30.194+0000] {logging_mixin.py:151} INFO - [2023-11-22T19:08:30.194+0000] {dag.py:3722} INFO - Setting next_dagrun for example_python_operator to None, run_after=None
[2023-11-22T19:08:30.201+0000] {processor.py:179} INFO - Processing /home/airflow/.local/lib/python3.8/site-packages/airflow/example_dags/example_python_operator.py took 0.032 seconds
[2023-11-22T19:09:00.777+0000] {processor.py:157} INFO - Started process (PID=3656) to work on /home/airflow/.local/lib/python3.8/site-packages/airflow/example_dags/example_python_operator.py
[2023-11-22T19:09:00.778+0000] {processor.py:829} INFO - Processing file /home/airflow/.local/lib/python3.8/site-packages/airflow/example_dags/example_python_operator.py for tasks to queue
[2023-11-22T19:09:00.779+0000] {logging_mixin.py:151} INFO - [2023-11-22T19:09:00.779+0000] {dagbag.py:536} INFO - Filling up the DagBag from /home/airflow/.local/lib/python3.8/site-packages/airflow/example_dags/example_python_operator.py
[2023-11-22T19:09:00.785+0000] {processor.py:839} INFO - DAG(s) dict_keys(['example_python_operator']) retrieved from /home/airflow/.local/lib/python3.8/site-packages/airflow/example_dags/example_python_operator.py
[2023-11-22T19:09:00.796+0000] {logging_mixin.py:151} INFO - [2023-11-22T19:09:00.796+0000] {dag.py:2941} INFO - Sync 1 DAGs
[2023-11-22T19:09:00.801+0000] {logging_mixin.py:151} INFO - [2023-11-22T19:09:00.801+0000] {dag.py:3722} INFO - Setting next_dagrun for example_python_operator to None, run_after=None
[2023-11-22T19:09:00.809+0000] {processor.py:179} INFO - Processing /home/airflow/.local/lib/python3.8/site-packages/airflow/example_dags/example_python_operator.py took 0.034 seconds
[2023-11-22T19:09:31.351+0000] {processor.py:157} INFO - Started process (PID=3713) to work on /home/airflow/.local/lib/python3.8/site-packages/airflow/example_dags/example_python_operator.py
[2023-11-22T19:09:31.351+0000] {processor.py:829} INFO - Processing file /home/airflow/.local/lib/python3.8/site-packages/airflow/example_dags/example_python_operator.py for tasks to queue
[2023-11-22T19:09:31.352+0000] {logging_mixin.py:151} INFO - [2023-11-22T19:09:31.352+0000] {dagbag.py:536} INFO - Filling up the DagBag from /home/airflow/.local/lib/python3.8/site-packages/airflow/example_dags/example_python_operator.py
[2023-11-22T19:09:31.357+0000] {processor.py:839} INFO - DAG(s) dict_keys(['example_python_operator']) retrieved from /home/airflow/.local/lib/python3.8/site-packages/airflow/example_dags/example_python_operator.py
[2023-11-22T19:09:31.368+0000] {logging_mixin.py:151} INFO - [2023-11-22T19:09:31.368+0000] {dag.py:2941} INFO - Sync 1 DAGs
[2023-11-22T19:09:31.373+0000] {logging_mixin.py:151} INFO - [2023-11-22T19:09:31.373+0000] {dag.py:3722} INFO - Setting next_dagrun for example_python_operator to None, run_after=None
[2023-11-22T19:09:31.380+0000] {processor.py:179} INFO - Processing /home/airflow/.local/lib/python3.8/site-packages/airflow/example_dags/example_python_operator.py took 0.031 seconds
[2023-11-22T19:10:02.005+0000] {processor.py:157} INFO - Started process (PID=3770) to work on /home/airflow/.local/lib/python3.8/site-packages/airflow/example_dags/example_python_operator.py
[2023-11-22T19:10:02.005+0000] {processor.py:829} INFO - Processing file /home/airflow/.local/lib/python3.8/site-packages/airflow/example_dags/example_python_operator.py for tasks to queue
[2023-11-22T19:10:02.006+0000] {logging_mixin.py:151} INFO - [2023-11-22T19:10:02.006+0000] {dagbag.py:536} INFO - Filling up the DagBag from /home/airflow/.local/lib/python3.8/site-packages/airflow/example_dags/example_python_operator.py
[2023-11-22T19:10:02.011+0000] {processor.py:839} INFO - DAG(s) dict_keys(['example_python_operator']) retrieved from /home/airflow/.local/lib/python3.8/site-packages/airflow/example_dags/example_python_operator.py
[2023-11-22T19:10:02.021+0000] {logging_mixin.py:151} INFO - [2023-11-22T19:10:02.020+0000] {dag.py:2941} INFO - Sync 1 DAGs
[2023-11-22T19:10:02.026+0000] {logging_mixin.py:151} INFO - [2023-11-22T19:10:02.026+0000] {dag.py:3722} INFO - Setting next_dagrun for example_python_operator to None, run_after=None
[2023-11-22T19:10:02.033+0000] {processor.py:179} INFO - Processing /home/airflow/.local/lib/python3.8/site-packages/airflow/example_dags/example_python_operator.py took 0.029 seconds
[2023-11-22T19:10:32.590+0000] {processor.py:157} INFO - Started process (PID=3827) to work on /home/airflow/.local/lib/python3.8/site-packages/airflow/example_dags/example_python_operator.py
[2023-11-22T19:10:32.590+0000] {processor.py:829} INFO - Processing file /home/airflow/.local/lib/python3.8/site-packages/airflow/example_dags/example_python_operator.py for tasks to queue
[2023-11-22T19:10:32.591+0000] {logging_mixin.py:151} INFO - [2023-11-22T19:10:32.591+0000] {dagbag.py:536} INFO - Filling up the DagBag from /home/airflow/.local/lib/python3.8/site-packages/airflow/example_dags/example_python_operator.py
[2023-11-22T19:10:32.597+0000] {processor.py:839} INFO - DAG(s) dict_keys(['example_python_operator']) retrieved from /home/airflow/.local/lib/python3.8/site-packages/airflow/example_dags/example_python_operator.py
[2023-11-22T19:10:32.607+0000] {logging_mixin.py:151} INFO - [2023-11-22T19:10:32.607+0000] {dag.py:2941} INFO - Sync 1 DAGs
[2023-11-22T19:10:32.613+0000] {logging_mixin.py:151} INFO - [2023-11-22T19:10:32.613+0000] {dag.py:3722} INFO - Setting next_dagrun for example_python_operator to None, run_after=None
[2023-11-22T19:10:32.620+0000] {processor.py:179} INFO - Processing /home/airflow/.local/lib/python3.8/site-packages/airflow/example_dags/example_python_operator.py took 0.032 seconds
[2023-11-22T19:11:03.198+0000] {processor.py:157} INFO - Started process (PID=3884) to work on /home/airflow/.local/lib/python3.8/site-packages/airflow/example_dags/example_python_operator.py
[2023-11-22T19:11:03.199+0000] {processor.py:829} INFO - Processing file /home/airflow/.local/lib/python3.8/site-packages/airflow/example_dags/example_python_operator.py for tasks to queue
[2023-11-22T19:11:03.200+0000] {logging_mixin.py:151} INFO - [2023-11-22T19:11:03.200+0000] {dagbag.py:536} INFO - Filling up the DagBag from /home/airflow/.local/lib/python3.8/site-packages/airflow/example_dags/example_python_operator.py
[2023-11-22T19:11:03.205+0000] {processor.py:839} INFO - DAG(s) dict_keys(['example_python_operator']) retrieved from /home/airflow/.local/lib/python3.8/site-packages/airflow/example_dags/example_python_operator.py
[2023-11-22T19:11:03.216+0000] {logging_mixin.py:151} INFO - [2023-11-22T19:11:03.216+0000] {dag.py:2941} INFO - Sync 1 DAGs
[2023-11-22T19:11:03.221+0000] {logging_mixin.py:151} INFO - [2023-11-22T19:11:03.221+0000] {dag.py:3722} INFO - Setting next_dagrun for example_python_operator to None, run_after=None
[2023-11-22T19:11:03.229+0000] {processor.py:179} INFO - Processing /home/airflow/.local/lib/python3.8/site-packages/airflow/example_dags/example_python_operator.py took 0.032 seconds
[2023-11-22T19:11:33.708+0000] {processor.py:157} INFO - Started process (PID=3941) to work on /home/airflow/.local/lib/python3.8/site-packages/airflow/example_dags/example_python_operator.py
[2023-11-22T19:11:33.709+0000] {processor.py:829} INFO - Processing file /home/airflow/.local/lib/python3.8/site-packages/airflow/example_dags/example_python_operator.py for tasks to queue
[2023-11-22T19:11:33.710+0000] {logging_mixin.py:151} INFO - [2023-11-22T19:11:33.710+0000] {dagbag.py:536} INFO - Filling up the DagBag from /home/airflow/.local/lib/python3.8/site-packages/airflow/example_dags/example_python_operator.py
[2023-11-22T19:11:33.715+0000] {processor.py:839} INFO - DAG(s) dict_keys(['example_python_operator']) retrieved from /home/airflow/.local/lib/python3.8/site-packages/airflow/example_dags/example_python_operator.py
[2023-11-22T19:11:33.726+0000] {logging_mixin.py:151} INFO - [2023-11-22T19:11:33.725+0000] {dag.py:2941} INFO - Sync 1 DAGs
[2023-11-22T19:11:33.731+0000] {logging_mixin.py:151} INFO - [2023-11-22T19:11:33.731+0000] {dag.py:3722} INFO - Setting next_dagrun for example_python_operator to None, run_after=None
[2023-11-22T19:11:33.739+0000] {processor.py:179} INFO - Processing /home/airflow/.local/lib/python3.8/site-packages/airflow/example_dags/example_python_operator.py took 0.032 seconds
[2023-11-22T19:12:04.514+0000] {processor.py:157} INFO - Started process (PID=3998) to work on /home/airflow/.local/lib/python3.8/site-packages/airflow/example_dags/example_python_operator.py
[2023-11-22T19:12:04.515+0000] {processor.py:829} INFO - Processing file /home/airflow/.local/lib/python3.8/site-packages/airflow/example_dags/example_python_operator.py for tasks to queue
[2023-11-22T19:12:04.516+0000] {logging_mixin.py:151} INFO - [2023-11-22T19:12:04.516+0000] {dagbag.py:536} INFO - Filling up the DagBag from /home/airflow/.local/lib/python3.8/site-packages/airflow/example_dags/example_python_operator.py
[2023-11-22T19:12:04.521+0000] {processor.py:839} INFO - DAG(s) dict_keys(['example_python_operator']) retrieved from /home/airflow/.local/lib/python3.8/site-packages/airflow/example_dags/example_python_operator.py
[2023-11-22T19:12:04.532+0000] {logging_mixin.py:151} INFO - [2023-11-22T19:12:04.532+0000] {dag.py:2941} INFO - Sync 1 DAGs
[2023-11-22T19:12:04.538+0000] {logging_mixin.py:151} INFO - [2023-11-22T19:12:04.538+0000] {dag.py:3722} INFO - Setting next_dagrun for example_python_operator to None, run_after=None
[2023-11-22T19:12:04.545+0000] {processor.py:179} INFO - Processing /home/airflow/.local/lib/python3.8/site-packages/airflow/example_dags/example_python_operator.py took 0.032 seconds
[2023-11-22T19:12:35.266+0000] {processor.py:157} INFO - Started process (PID=4054) to work on /home/airflow/.local/lib/python3.8/site-packages/airflow/example_dags/example_python_operator.py
[2023-11-22T19:12:35.267+0000] {processor.py:829} INFO - Processing file /home/airflow/.local/lib/python3.8/site-packages/airflow/example_dags/example_python_operator.py for tasks to queue
[2023-11-22T19:12:35.268+0000] {logging_mixin.py:151} INFO - [2023-11-22T19:12:35.268+0000] {dagbag.py:536} INFO - Filling up the DagBag from /home/airflow/.local/lib/python3.8/site-packages/airflow/example_dags/example_python_operator.py
[2023-11-22T19:12:35.273+0000] {processor.py:839} INFO - DAG(s) dict_keys(['example_python_operator']) retrieved from /home/airflow/.local/lib/python3.8/site-packages/airflow/example_dags/example_python_operator.py
[2023-11-22T19:12:35.284+0000] {logging_mixin.py:151} INFO - [2023-11-22T19:12:35.284+0000] {dag.py:2941} INFO - Sync 1 DAGs
[2023-11-22T19:12:35.289+0000] {logging_mixin.py:151} INFO - [2023-11-22T19:12:35.289+0000] {dag.py:3722} INFO - Setting next_dagrun for example_python_operator to None, run_after=None
[2023-11-22T19:12:35.297+0000] {processor.py:179} INFO - Processing /home/airflow/.local/lib/python3.8/site-packages/airflow/example_dags/example_python_operator.py took 0.033 seconds
[2023-11-22T19:13:06.034+0000] {processor.py:157} INFO - Started process (PID=4111) to work on /home/airflow/.local/lib/python3.8/site-packages/airflow/example_dags/example_python_operator.py
[2023-11-22T19:13:06.035+0000] {processor.py:829} INFO - Processing file /home/airflow/.local/lib/python3.8/site-packages/airflow/example_dags/example_python_operator.py for tasks to queue
[2023-11-22T19:13:06.036+0000] {logging_mixin.py:151} INFO - [2023-11-22T19:13:06.036+0000] {dagbag.py:536} INFO - Filling up the DagBag from /home/airflow/.local/lib/python3.8/site-packages/airflow/example_dags/example_python_operator.py
[2023-11-22T19:13:06.041+0000] {processor.py:839} INFO - DAG(s) dict_keys(['example_python_operator']) retrieved from /home/airflow/.local/lib/python3.8/site-packages/airflow/example_dags/example_python_operator.py
[2023-11-22T19:13:06.052+0000] {logging_mixin.py:151} INFO - [2023-11-22T19:13:06.052+0000] {dag.py:2941} INFO - Sync 1 DAGs
[2023-11-22T19:13:06.057+0000] {logging_mixin.py:151} INFO - [2023-11-22T19:13:06.057+0000] {dag.py:3722} INFO - Setting next_dagrun for example_python_operator to None, run_after=None
[2023-11-22T19:13:06.064+0000] {processor.py:179} INFO - Processing /home/airflow/.local/lib/python3.8/site-packages/airflow/example_dags/example_python_operator.py took 0.032 seconds
[2023-11-22T19:13:36.594+0000] {processor.py:157} INFO - Started process (PID=4168) to work on /home/airflow/.local/lib/python3.8/site-packages/airflow/example_dags/example_python_operator.py
[2023-11-22T19:13:36.595+0000] {processor.py:829} INFO - Processing file /home/airflow/.local/lib/python3.8/site-packages/airflow/example_dags/example_python_operator.py for tasks to queue
[2023-11-22T19:13:36.596+0000] {logging_mixin.py:151} INFO - [2023-11-22T19:13:36.596+0000] {dagbag.py:536} INFO - Filling up the DagBag from /home/airflow/.local/lib/python3.8/site-packages/airflow/example_dags/example_python_operator.py
[2023-11-22T19:13:36.601+0000] {processor.py:839} INFO - DAG(s) dict_keys(['example_python_operator']) retrieved from /home/airflow/.local/lib/python3.8/site-packages/airflow/example_dags/example_python_operator.py
[2023-11-22T19:13:36.612+0000] {logging_mixin.py:151} INFO - [2023-11-22T19:13:36.612+0000] {dag.py:2941} INFO - Sync 1 DAGs
[2023-11-22T19:13:36.617+0000] {logging_mixin.py:151} INFO - [2023-11-22T19:13:36.617+0000] {dag.py:3722} INFO - Setting next_dagrun for example_python_operator to None, run_after=None
[2023-11-22T19:13:36.625+0000] {processor.py:179} INFO - Processing /home/airflow/.local/lib/python3.8/site-packages/airflow/example_dags/example_python_operator.py took 0.032 seconds
