[2023-11-22T18:36:49.387+0000] {processor.py:157} INFO - Started process (PID=72) to work on /home/airflow/.local/lib/python3.8/site-packages/airflow/example_dags/example_dag_decorator.py
[2023-11-22T18:36:49.388+0000] {processor.py:829} INFO - Processing file /home/airflow/.local/lib/python3.8/site-packages/airflow/example_dags/example_dag_decorator.py for tasks to queue
[2023-11-22T18:36:49.390+0000] {logging_mixin.py:151} INFO - [2023-11-22T18:36:49.390+0000] {dagbag.py:536} INFO - Filling up the DagBag from /home/airflow/.local/lib/python3.8/site-packages/airflow/example_dags/example_dag_decorator.py
[2023-11-22T18:36:49.518+0000] {processor.py:839} INFO - DAG(s) dict_keys(['example_dag_decorator']) retrieved from /home/airflow/.local/lib/python3.8/site-packages/airflow/example_dags/example_dag_decorator.py
[2023-11-22T18:36:49.535+0000] {logging_mixin.py:151} INFO - [2023-11-22T18:36:49.535+0000] {dag.py:2941} INFO - Sync 1 DAGs
[2023-11-22T18:36:49.553+0000] {logging_mixin.py:151} INFO - [2023-11-22T18:36:49.553+0000] {dag.py:3722} INFO - Setting next_dagrun for example_dag_decorator to None, run_after=None
[2023-11-22T18:36:49.574+0000] {processor.py:179} INFO - Processing /home/airflow/.local/lib/python3.8/site-packages/airflow/example_dags/example_dag_decorator.py took 0.189 seconds
[2023-11-22T18:37:20.375+0000] {processor.py:157} INFO - Started process (PID=129) to work on /home/airflow/.local/lib/python3.8/site-packages/airflow/example_dags/example_dag_decorator.py
[2023-11-22T18:37:20.376+0000] {processor.py:829} INFO - Processing file /home/airflow/.local/lib/python3.8/site-packages/airflow/example_dags/example_dag_decorator.py for tasks to queue
[2023-11-22T18:37:20.378+0000] {logging_mixin.py:151} INFO - [2023-11-22T18:37:20.378+0000] {dagbag.py:536} INFO - Filling up the DagBag from /home/airflow/.local/lib/python3.8/site-packages/airflow/example_dags/example_dag_decorator.py
[2023-11-22T18:37:20.413+0000] {processor.py:839} INFO - DAG(s) dict_keys(['example_dag_decorator']) retrieved from /home/airflow/.local/lib/python3.8/site-packages/airflow/example_dags/example_dag_decorator.py
[2023-11-22T18:37:20.571+0000] {logging_mixin.py:151} INFO - [2023-11-22T18:37:20.571+0000] {dag.py:2941} INFO - Sync 1 DAGs
[2023-11-22T18:37:20.576+0000] {logging_mixin.py:151} INFO - [2023-11-22T18:37:20.576+0000] {dag.py:3722} INFO - Setting next_dagrun for example_dag_decorator to None, run_after=None
[2023-11-22T18:37:20.585+0000] {processor.py:179} INFO - Processing /home/airflow/.local/lib/python3.8/site-packages/airflow/example_dags/example_dag_decorator.py took 0.212 seconds
[2023-11-22T18:37:51.330+0000] {processor.py:157} INFO - Started process (PID=186) to work on /home/airflow/.local/lib/python3.8/site-packages/airflow/example_dags/example_dag_decorator.py
[2023-11-22T18:37:51.331+0000] {processor.py:829} INFO - Processing file /home/airflow/.local/lib/python3.8/site-packages/airflow/example_dags/example_dag_decorator.py for tasks to queue
[2023-11-22T18:37:51.333+0000] {logging_mixin.py:151} INFO - [2023-11-22T18:37:51.333+0000] {dagbag.py:536} INFO - Filling up the DagBag from /home/airflow/.local/lib/python3.8/site-packages/airflow/example_dags/example_dag_decorator.py
[2023-11-22T18:37:51.369+0000] {processor.py:839} INFO - DAG(s) dict_keys(['example_dag_decorator']) retrieved from /home/airflow/.local/lib/python3.8/site-packages/airflow/example_dags/example_dag_decorator.py
[2023-11-22T18:37:51.414+0000] {logging_mixin.py:151} INFO - [2023-11-22T18:37:51.414+0000] {dag.py:2941} INFO - Sync 1 DAGs
[2023-11-22T18:37:51.505+0000] {logging_mixin.py:151} INFO - [2023-11-22T18:37:51.505+0000] {dag.py:3722} INFO - Setting next_dagrun for example_dag_decorator to None, run_after=None
[2023-11-22T18:37:51.512+0000] {processor.py:179} INFO - Processing /home/airflow/.local/lib/python3.8/site-packages/airflow/example_dags/example_dag_decorator.py took 0.185 seconds
[2023-11-22T18:38:22.122+0000] {processor.py:157} INFO - Started process (PID=243) to work on /home/airflow/.local/lib/python3.8/site-packages/airflow/example_dags/example_dag_decorator.py
[2023-11-22T18:38:22.123+0000] {processor.py:829} INFO - Processing file /home/airflow/.local/lib/python3.8/site-packages/airflow/example_dags/example_dag_decorator.py for tasks to queue
[2023-11-22T18:38:22.124+0000] {logging_mixin.py:151} INFO - [2023-11-22T18:38:22.124+0000] {dagbag.py:536} INFO - Filling up the DagBag from /home/airflow/.local/lib/python3.8/site-packages/airflow/example_dags/example_dag_decorator.py
[2023-11-22T18:38:22.156+0000] {processor.py:839} INFO - DAG(s) dict_keys(['example_dag_decorator']) retrieved from /home/airflow/.local/lib/python3.8/site-packages/airflow/example_dags/example_dag_decorator.py
[2023-11-22T18:38:22.287+0000] {logging_mixin.py:151} INFO - [2023-11-22T18:38:22.287+0000] {dag.py:2941} INFO - Sync 1 DAGs
[2023-11-22T18:38:22.293+0000] {logging_mixin.py:151} INFO - [2023-11-22T18:38:22.293+0000] {dag.py:3722} INFO - Setting next_dagrun for example_dag_decorator to None, run_after=None
[2023-11-22T18:38:22.300+0000] {processor.py:179} INFO - Processing /home/airflow/.local/lib/python3.8/site-packages/airflow/example_dags/example_dag_decorator.py took 0.179 seconds
[2023-11-22T18:38:52.884+0000] {processor.py:157} INFO - Started process (PID=300) to work on /home/airflow/.local/lib/python3.8/site-packages/airflow/example_dags/example_dag_decorator.py
[2023-11-22T18:38:52.884+0000] {processor.py:829} INFO - Processing file /home/airflow/.local/lib/python3.8/site-packages/airflow/example_dags/example_dag_decorator.py for tasks to queue
[2023-11-22T18:38:52.885+0000] {logging_mixin.py:151} INFO - [2023-11-22T18:38:52.885+0000] {dagbag.py:536} INFO - Filling up the DagBag from /home/airflow/.local/lib/python3.8/site-packages/airflow/example_dags/example_dag_decorator.py
[2023-11-22T18:38:52.917+0000] {processor.py:839} INFO - DAG(s) dict_keys(['example_dag_decorator']) retrieved from /home/airflow/.local/lib/python3.8/site-packages/airflow/example_dags/example_dag_decorator.py
[2023-11-22T18:38:52.928+0000] {logging_mixin.py:151} INFO - [2023-11-22T18:38:52.927+0000] {dag.py:2941} INFO - Sync 1 DAGs
[2023-11-22T18:38:52.933+0000] {logging_mixin.py:151} INFO - [2023-11-22T18:38:52.933+0000] {dag.py:3722} INFO - Setting next_dagrun for example_dag_decorator to None, run_after=None
[2023-11-22T18:38:52.941+0000] {processor.py:179} INFO - Processing /home/airflow/.local/lib/python3.8/site-packages/airflow/example_dags/example_dag_decorator.py took 0.059 seconds
[2023-11-22T18:39:23.630+0000] {processor.py:157} INFO - Started process (PID=357) to work on /home/airflow/.local/lib/python3.8/site-packages/airflow/example_dags/example_dag_decorator.py
[2023-11-22T18:39:23.630+0000] {processor.py:829} INFO - Processing file /home/airflow/.local/lib/python3.8/site-packages/airflow/example_dags/example_dag_decorator.py for tasks to queue
[2023-11-22T18:39:23.631+0000] {logging_mixin.py:151} INFO - [2023-11-22T18:39:23.631+0000] {dagbag.py:536} INFO - Filling up the DagBag from /home/airflow/.local/lib/python3.8/site-packages/airflow/example_dags/example_dag_decorator.py
[2023-11-22T18:39:23.662+0000] {processor.py:839} INFO - DAG(s) dict_keys(['example_dag_decorator']) retrieved from /home/airflow/.local/lib/python3.8/site-packages/airflow/example_dags/example_dag_decorator.py
[2023-11-22T18:39:23.786+0000] {logging_mixin.py:151} INFO - [2023-11-22T18:39:23.786+0000] {dag.py:2941} INFO - Sync 1 DAGs
[2023-11-22T18:39:23.790+0000] {logging_mixin.py:151} INFO - [2023-11-22T18:39:23.790+0000] {dag.py:3722} INFO - Setting next_dagrun for example_dag_decorator to None, run_after=None
[2023-11-22T18:39:23.797+0000] {processor.py:179} INFO - Processing /home/airflow/.local/lib/python3.8/site-packages/airflow/example_dags/example_dag_decorator.py took 0.169 seconds
[2023-11-22T18:39:54.367+0000] {processor.py:157} INFO - Started process (PID=415) to work on /home/airflow/.local/lib/python3.8/site-packages/airflow/example_dags/example_dag_decorator.py
[2023-11-22T18:39:54.367+0000] {processor.py:829} INFO - Processing file /home/airflow/.local/lib/python3.8/site-packages/airflow/example_dags/example_dag_decorator.py for tasks to queue
[2023-11-22T18:39:54.368+0000] {logging_mixin.py:151} INFO - [2023-11-22T18:39:54.368+0000] {dagbag.py:536} INFO - Filling up the DagBag from /home/airflow/.local/lib/python3.8/site-packages/airflow/example_dags/example_dag_decorator.py
[2023-11-22T18:39:54.399+0000] {processor.py:839} INFO - DAG(s) dict_keys(['example_dag_decorator']) retrieved from /home/airflow/.local/lib/python3.8/site-packages/airflow/example_dags/example_dag_decorator.py
[2023-11-22T18:39:54.529+0000] {logging_mixin.py:151} INFO - [2023-11-22T18:39:54.529+0000] {dag.py:2941} INFO - Sync 1 DAGs
[2023-11-22T18:39:54.533+0000] {logging_mixin.py:151} INFO - [2023-11-22T18:39:54.533+0000] {dag.py:3722} INFO - Setting next_dagrun for example_dag_decorator to None, run_after=None
[2023-11-22T18:39:54.541+0000] {processor.py:179} INFO - Processing /home/airflow/.local/lib/python3.8/site-packages/airflow/example_dags/example_dag_decorator.py took 0.176 seconds
[2023-11-22T18:40:25.075+0000] {processor.py:157} INFO - Started process (PID=472) to work on /home/airflow/.local/lib/python3.8/site-packages/airflow/example_dags/example_dag_decorator.py
[2023-11-22T18:40:25.076+0000] {processor.py:829} INFO - Processing file /home/airflow/.local/lib/python3.8/site-packages/airflow/example_dags/example_dag_decorator.py for tasks to queue
[2023-11-22T18:40:25.077+0000] {logging_mixin.py:151} INFO - [2023-11-22T18:40:25.077+0000] {dagbag.py:536} INFO - Filling up the DagBag from /home/airflow/.local/lib/python3.8/site-packages/airflow/example_dags/example_dag_decorator.py
[2023-11-22T18:40:25.107+0000] {processor.py:839} INFO - DAG(s) dict_keys(['example_dag_decorator']) retrieved from /home/airflow/.local/lib/python3.8/site-packages/airflow/example_dags/example_dag_decorator.py
[2023-11-22T18:40:25.237+0000] {logging_mixin.py:151} INFO - [2023-11-22T18:40:25.237+0000] {dag.py:2941} INFO - Sync 1 DAGs
[2023-11-22T18:40:25.242+0000] {logging_mixin.py:151} INFO - [2023-11-22T18:40:25.241+0000] {dag.py:3722} INFO - Setting next_dagrun for example_dag_decorator to None, run_after=None
[2023-11-22T18:40:25.249+0000] {processor.py:179} INFO - Processing /home/airflow/.local/lib/python3.8/site-packages/airflow/example_dags/example_dag_decorator.py took 0.175 seconds
[2023-11-22T18:40:55.866+0000] {processor.py:157} INFO - Started process (PID=529) to work on /home/airflow/.local/lib/python3.8/site-packages/airflow/example_dags/example_dag_decorator.py
[2023-11-22T18:40:55.867+0000] {processor.py:829} INFO - Processing file /home/airflow/.local/lib/python3.8/site-packages/airflow/example_dags/example_dag_decorator.py for tasks to queue
[2023-11-22T18:40:55.868+0000] {logging_mixin.py:151} INFO - [2023-11-22T18:40:55.868+0000] {dagbag.py:536} INFO - Filling up the DagBag from /home/airflow/.local/lib/python3.8/site-packages/airflow/example_dags/example_dag_decorator.py
[2023-11-22T18:40:55.899+0000] {processor.py:839} INFO - DAG(s) dict_keys(['example_dag_decorator']) retrieved from /home/airflow/.local/lib/python3.8/site-packages/airflow/example_dags/example_dag_decorator.py
[2023-11-22T18:40:56.029+0000] {logging_mixin.py:151} INFO - [2023-11-22T18:40:56.029+0000] {dag.py:2941} INFO - Sync 1 DAGs
[2023-11-22T18:40:56.035+0000] {logging_mixin.py:151} INFO - [2023-11-22T18:40:56.035+0000] {dag.py:3722} INFO - Setting next_dagrun for example_dag_decorator to None, run_after=None
[2023-11-22T18:40:56.042+0000] {processor.py:179} INFO - Processing /home/airflow/.local/lib/python3.8/site-packages/airflow/example_dags/example_dag_decorator.py took 0.178 seconds
[2023-11-22T18:41:26.733+0000] {processor.py:157} INFO - Started process (PID=586) to work on /home/airflow/.local/lib/python3.8/site-packages/airflow/example_dags/example_dag_decorator.py
[2023-11-22T18:41:26.734+0000] {processor.py:829} INFO - Processing file /home/airflow/.local/lib/python3.8/site-packages/airflow/example_dags/example_dag_decorator.py for tasks to queue
[2023-11-22T18:41:26.735+0000] {logging_mixin.py:151} INFO - [2023-11-22T18:41:26.735+0000] {dagbag.py:536} INFO - Filling up the DagBag from /home/airflow/.local/lib/python3.8/site-packages/airflow/example_dags/example_dag_decorator.py
[2023-11-22T18:41:26.766+0000] {processor.py:839} INFO - DAG(s) dict_keys(['example_dag_decorator']) retrieved from /home/airflow/.local/lib/python3.8/site-packages/airflow/example_dags/example_dag_decorator.py
[2023-11-22T18:41:26.895+0000] {logging_mixin.py:151} INFO - [2023-11-22T18:41:26.895+0000] {dag.py:2941} INFO - Sync 1 DAGs
[2023-11-22T18:41:26.899+0000] {logging_mixin.py:151} INFO - [2023-11-22T18:41:26.899+0000] {dag.py:3722} INFO - Setting next_dagrun for example_dag_decorator to None, run_after=None
[2023-11-22T18:41:26.907+0000] {processor.py:179} INFO - Processing /home/airflow/.local/lib/python3.8/site-packages/airflow/example_dags/example_dag_decorator.py took 0.176 seconds
[2023-11-22T18:41:57.622+0000] {processor.py:157} INFO - Started process (PID=643) to work on /home/airflow/.local/lib/python3.8/site-packages/airflow/example_dags/example_dag_decorator.py
[2023-11-22T18:41:57.622+0000] {processor.py:829} INFO - Processing file /home/airflow/.local/lib/python3.8/site-packages/airflow/example_dags/example_dag_decorator.py for tasks to queue
[2023-11-22T18:41:57.623+0000] {logging_mixin.py:151} INFO - [2023-11-22T18:41:57.623+0000] {dagbag.py:536} INFO - Filling up the DagBag from /home/airflow/.local/lib/python3.8/site-packages/airflow/example_dags/example_dag_decorator.py
[2023-11-22T18:41:57.655+0000] {processor.py:839} INFO - DAG(s) dict_keys(['example_dag_decorator']) retrieved from /home/airflow/.local/lib/python3.8/site-packages/airflow/example_dags/example_dag_decorator.py
[2023-11-22T18:41:57.780+0000] {logging_mixin.py:151} INFO - [2023-11-22T18:41:57.780+0000] {dag.py:2941} INFO - Sync 1 DAGs
[2023-11-22T18:41:57.784+0000] {logging_mixin.py:151} INFO - [2023-11-22T18:41:57.784+0000] {dag.py:3722} INFO - Setting next_dagrun for example_dag_decorator to None, run_after=None
[2023-11-22T18:41:57.791+0000] {processor.py:179} INFO - Processing /home/airflow/.local/lib/python3.8/site-packages/airflow/example_dags/example_dag_decorator.py took 0.171 seconds
[2023-11-22T18:42:28.297+0000] {processor.py:157} INFO - Started process (PID=700) to work on /home/airflow/.local/lib/python3.8/site-packages/airflow/example_dags/example_dag_decorator.py
[2023-11-22T18:42:28.298+0000] {processor.py:829} INFO - Processing file /home/airflow/.local/lib/python3.8/site-packages/airflow/example_dags/example_dag_decorator.py for tasks to queue
[2023-11-22T18:42:28.299+0000] {logging_mixin.py:151} INFO - [2023-11-22T18:42:28.299+0000] {dagbag.py:536} INFO - Filling up the DagBag from /home/airflow/.local/lib/python3.8/site-packages/airflow/example_dags/example_dag_decorator.py
[2023-11-22T18:42:28.331+0000] {processor.py:839} INFO - DAG(s) dict_keys(['example_dag_decorator']) retrieved from /home/airflow/.local/lib/python3.8/site-packages/airflow/example_dags/example_dag_decorator.py
[2023-11-22T18:42:28.459+0000] {logging_mixin.py:151} INFO - [2023-11-22T18:42:28.459+0000] {dag.py:2941} INFO - Sync 1 DAGs
[2023-11-22T18:42:28.464+0000] {logging_mixin.py:151} INFO - [2023-11-22T18:42:28.464+0000] {dag.py:3722} INFO - Setting next_dagrun for example_dag_decorator to None, run_after=None
[2023-11-22T18:42:28.472+0000] {processor.py:179} INFO - Processing /home/airflow/.local/lib/python3.8/site-packages/airflow/example_dags/example_dag_decorator.py took 0.176 seconds
[2023-11-22T18:42:59.120+0000] {processor.py:157} INFO - Started process (PID=757) to work on /home/airflow/.local/lib/python3.8/site-packages/airflow/example_dags/example_dag_decorator.py
[2023-11-22T18:42:59.120+0000] {processor.py:829} INFO - Processing file /home/airflow/.local/lib/python3.8/site-packages/airflow/example_dags/example_dag_decorator.py for tasks to queue
[2023-11-22T18:42:59.121+0000] {logging_mixin.py:151} INFO - [2023-11-22T18:42:59.121+0000] {dagbag.py:536} INFO - Filling up the DagBag from /home/airflow/.local/lib/python3.8/site-packages/airflow/example_dags/example_dag_decorator.py
[2023-11-22T18:42:59.153+0000] {processor.py:839} INFO - DAG(s) dict_keys(['example_dag_decorator']) retrieved from /home/airflow/.local/lib/python3.8/site-packages/airflow/example_dags/example_dag_decorator.py
[2023-11-22T18:42:59.280+0000] {logging_mixin.py:151} INFO - [2023-11-22T18:42:59.279+0000] {dag.py:2941} INFO - Sync 1 DAGs
[2023-11-22T18:42:59.284+0000] {logging_mixin.py:151} INFO - [2023-11-22T18:42:59.284+0000] {dag.py:3722} INFO - Setting next_dagrun for example_dag_decorator to None, run_after=None
[2023-11-22T18:42:59.291+0000] {processor.py:179} INFO - Processing /home/airflow/.local/lib/python3.8/site-packages/airflow/example_dags/example_dag_decorator.py took 0.173 seconds
[2023-11-22T18:43:29.850+0000] {processor.py:157} INFO - Started process (PID=814) to work on /home/airflow/.local/lib/python3.8/site-packages/airflow/example_dags/example_dag_decorator.py
[2023-11-22T18:43:29.850+0000] {processor.py:829} INFO - Processing file /home/airflow/.local/lib/python3.8/site-packages/airflow/example_dags/example_dag_decorator.py for tasks to queue
[2023-11-22T18:43:29.851+0000] {logging_mixin.py:151} INFO - [2023-11-22T18:43:29.851+0000] {dagbag.py:536} INFO - Filling up the DagBag from /home/airflow/.local/lib/python3.8/site-packages/airflow/example_dags/example_dag_decorator.py
[2023-11-22T18:43:29.882+0000] {processor.py:839} INFO - DAG(s) dict_keys(['example_dag_decorator']) retrieved from /home/airflow/.local/lib/python3.8/site-packages/airflow/example_dags/example_dag_decorator.py
[2023-11-22T18:43:30.011+0000] {logging_mixin.py:151} INFO - [2023-11-22T18:43:30.011+0000] {dag.py:2941} INFO - Sync 1 DAGs
[2023-11-22T18:43:30.015+0000] {logging_mixin.py:151} INFO - [2023-11-22T18:43:30.015+0000] {dag.py:3722} INFO - Setting next_dagrun for example_dag_decorator to None, run_after=None
[2023-11-22T18:43:30.022+0000] {processor.py:179} INFO - Processing /home/airflow/.local/lib/python3.8/site-packages/airflow/example_dags/example_dag_decorator.py took 0.174 seconds
[2023-11-22T18:44:00.722+0000] {processor.py:157} INFO - Started process (PID=871) to work on /home/airflow/.local/lib/python3.8/site-packages/airflow/example_dags/example_dag_decorator.py
[2023-11-22T18:44:00.723+0000] {processor.py:829} INFO - Processing file /home/airflow/.local/lib/python3.8/site-packages/airflow/example_dags/example_dag_decorator.py for tasks to queue
[2023-11-22T18:44:00.724+0000] {logging_mixin.py:151} INFO - [2023-11-22T18:44:00.724+0000] {dagbag.py:536} INFO - Filling up the DagBag from /home/airflow/.local/lib/python3.8/site-packages/airflow/example_dags/example_dag_decorator.py
[2023-11-22T18:44:00.754+0000] {processor.py:839} INFO - DAG(s) dict_keys(['example_dag_decorator']) retrieved from /home/airflow/.local/lib/python3.8/site-packages/airflow/example_dags/example_dag_decorator.py
[2023-11-22T18:44:00.884+0000] {logging_mixin.py:151} INFO - [2023-11-22T18:44:00.883+0000] {dag.py:2941} INFO - Sync 1 DAGs
[2023-11-22T18:44:00.888+0000] {logging_mixin.py:151} INFO - [2023-11-22T18:44:00.888+0000] {dag.py:3722} INFO - Setting next_dagrun for example_dag_decorator to None, run_after=None
[2023-11-22T18:44:00.895+0000] {processor.py:179} INFO - Processing /home/airflow/.local/lib/python3.8/site-packages/airflow/example_dags/example_dag_decorator.py took 0.174 seconds
[2023-11-22T18:44:31.409+0000] {processor.py:157} INFO - Started process (PID=928) to work on /home/airflow/.local/lib/python3.8/site-packages/airflow/example_dags/example_dag_decorator.py
[2023-11-22T18:44:31.410+0000] {processor.py:829} INFO - Processing file /home/airflow/.local/lib/python3.8/site-packages/airflow/example_dags/example_dag_decorator.py for tasks to queue
[2023-11-22T18:44:31.411+0000] {logging_mixin.py:151} INFO - [2023-11-22T18:44:31.411+0000] {dagbag.py:536} INFO - Filling up the DagBag from /home/airflow/.local/lib/python3.8/site-packages/airflow/example_dags/example_dag_decorator.py
[2023-11-22T18:44:31.442+0000] {processor.py:839} INFO - DAG(s) dict_keys(['example_dag_decorator']) retrieved from /home/airflow/.local/lib/python3.8/site-packages/airflow/example_dags/example_dag_decorator.py
[2023-11-22T18:44:31.574+0000] {logging_mixin.py:151} INFO - [2023-11-22T18:44:31.574+0000] {dag.py:2941} INFO - Sync 1 DAGs
[2023-11-22T18:44:31.579+0000] {logging_mixin.py:151} INFO - [2023-11-22T18:44:31.579+0000] {dag.py:3722} INFO - Setting next_dagrun for example_dag_decorator to None, run_after=None
[2023-11-22T18:44:31.586+0000] {processor.py:179} INFO - Processing /home/airflow/.local/lib/python3.8/site-packages/airflow/example_dags/example_dag_decorator.py took 0.178 seconds
[2023-11-22T18:45:02.500+0000] {processor.py:157} INFO - Started process (PID=985) to work on /home/airflow/.local/lib/python3.8/site-packages/airflow/example_dags/example_dag_decorator.py
[2023-11-22T18:45:02.500+0000] {processor.py:829} INFO - Processing file /home/airflow/.local/lib/python3.8/site-packages/airflow/example_dags/example_dag_decorator.py for tasks to queue
[2023-11-22T18:45:02.501+0000] {logging_mixin.py:151} INFO - [2023-11-22T18:45:02.501+0000] {dagbag.py:536} INFO - Filling up the DagBag from /home/airflow/.local/lib/python3.8/site-packages/airflow/example_dags/example_dag_decorator.py
[2023-11-22T18:45:02.535+0000] {processor.py:839} INFO - DAG(s) dict_keys(['example_dag_decorator']) retrieved from /home/airflow/.local/lib/python3.8/site-packages/airflow/example_dags/example_dag_decorator.py
[2023-11-22T18:45:02.694+0000] {logging_mixin.py:151} INFO - [2023-11-22T18:45:02.694+0000] {dag.py:2941} INFO - Sync 1 DAGs
[2023-11-22T18:45:02.716+0000] {logging_mixin.py:151} INFO - [2023-11-22T18:45:02.716+0000] {dag.py:3722} INFO - Setting next_dagrun for example_dag_decorator to None, run_after=None
[2023-11-22T18:45:02.729+0000] {processor.py:179} INFO - Processing /home/airflow/.local/lib/python3.8/site-packages/airflow/example_dags/example_dag_decorator.py took 0.231 seconds
[2023-11-22T18:45:32.873+0000] {processor.py:157} INFO - Started process (PID=1043) to work on /home/airflow/.local/lib/python3.8/site-packages/airflow/example_dags/example_dag_decorator.py
[2023-11-22T18:45:32.873+0000] {processor.py:829} INFO - Processing file /home/airflow/.local/lib/python3.8/site-packages/airflow/example_dags/example_dag_decorator.py for tasks to queue
[2023-11-22T18:45:32.874+0000] {logging_mixin.py:151} INFO - [2023-11-22T18:45:32.874+0000] {dagbag.py:536} INFO - Filling up the DagBag from /home/airflow/.local/lib/python3.8/site-packages/airflow/example_dags/example_dag_decorator.py
[2023-11-22T18:45:32.989+0000] {processor.py:839} INFO - DAG(s) dict_keys(['example_dag_decorator']) retrieved from /home/airflow/.local/lib/python3.8/site-packages/airflow/example_dags/example_dag_decorator.py
[2023-11-22T18:45:33.028+0000] {logging_mixin.py:151} INFO - [2023-11-22T18:45:33.028+0000] {dag.py:2941} INFO - Sync 1 DAGs
[2023-11-22T18:45:33.032+0000] {logging_mixin.py:151} INFO - [2023-11-22T18:45:33.032+0000] {dag.py:3722} INFO - Setting next_dagrun for example_dag_decorator to None, run_after=None
[2023-11-22T18:45:33.040+0000] {processor.py:179} INFO - Processing /home/airflow/.local/lib/python3.8/site-packages/airflow/example_dags/example_dag_decorator.py took 0.169 seconds
[2023-11-22T18:46:03.602+0000] {processor.py:157} INFO - Started process (PID=1099) to work on /home/airflow/.local/lib/python3.8/site-packages/airflow/example_dags/example_dag_decorator.py
[2023-11-22T18:46:03.603+0000] {processor.py:829} INFO - Processing file /home/airflow/.local/lib/python3.8/site-packages/airflow/example_dags/example_dag_decorator.py for tasks to queue
[2023-11-22T18:46:03.604+0000] {logging_mixin.py:151} INFO - [2023-11-22T18:46:03.604+0000] {dagbag.py:536} INFO - Filling up the DagBag from /home/airflow/.local/lib/python3.8/site-packages/airflow/example_dags/example_dag_decorator.py
[2023-11-22T18:46:03.638+0000] {processor.py:839} INFO - DAG(s) dict_keys(['example_dag_decorator']) retrieved from /home/airflow/.local/lib/python3.8/site-packages/airflow/example_dags/example_dag_decorator.py
[2023-11-22T18:46:03.780+0000] {logging_mixin.py:151} INFO - [2023-11-22T18:46:03.780+0000] {dag.py:2941} INFO - Sync 1 DAGs
[2023-11-22T18:46:03.784+0000] {logging_mixin.py:151} INFO - [2023-11-22T18:46:03.784+0000] {dag.py:3722} INFO - Setting next_dagrun for example_dag_decorator to None, run_after=None
[2023-11-22T18:46:03.792+0000] {processor.py:179} INFO - Processing /home/airflow/.local/lib/python3.8/site-packages/airflow/example_dags/example_dag_decorator.py took 0.191 seconds
[2023-11-22T18:46:34.126+0000] {processor.py:157} INFO - Started process (PID=1156) to work on /home/airflow/.local/lib/python3.8/site-packages/airflow/example_dags/example_dag_decorator.py
[2023-11-22T18:46:34.128+0000] {processor.py:829} INFO - Processing file /home/airflow/.local/lib/python3.8/site-packages/airflow/example_dags/example_dag_decorator.py for tasks to queue
[2023-11-22T18:46:34.130+0000] {logging_mixin.py:151} INFO - [2023-11-22T18:46:34.130+0000] {dagbag.py:536} INFO - Filling up the DagBag from /home/airflow/.local/lib/python3.8/site-packages/airflow/example_dags/example_dag_decorator.py
[2023-11-22T18:46:34.192+0000] {processor.py:839} INFO - DAG(s) dict_keys(['example_dag_decorator']) retrieved from /home/airflow/.local/lib/python3.8/site-packages/airflow/example_dags/example_dag_decorator.py
[2023-11-22T18:46:34.330+0000] {logging_mixin.py:151} INFO - [2023-11-22T18:46:34.330+0000] {dag.py:2941} INFO - Sync 1 DAGs
[2023-11-22T18:46:34.334+0000] {logging_mixin.py:151} INFO - [2023-11-22T18:46:34.334+0000] {dag.py:3722} INFO - Setting next_dagrun for example_dag_decorator to None, run_after=None
[2023-11-22T18:46:34.341+0000] {processor.py:179} INFO - Processing /home/airflow/.local/lib/python3.8/site-packages/airflow/example_dags/example_dag_decorator.py took 0.217 seconds
[2023-11-22T18:47:04.537+0000] {processor.py:157} INFO - Started process (PID=1213) to work on /home/airflow/.local/lib/python3.8/site-packages/airflow/example_dags/example_dag_decorator.py
[2023-11-22T18:47:04.538+0000] {processor.py:829} INFO - Processing file /home/airflow/.local/lib/python3.8/site-packages/airflow/example_dags/example_dag_decorator.py for tasks to queue
[2023-11-22T18:47:04.540+0000] {logging_mixin.py:151} INFO - [2023-11-22T18:47:04.539+0000] {dagbag.py:536} INFO - Filling up the DagBag from /home/airflow/.local/lib/python3.8/site-packages/airflow/example_dags/example_dag_decorator.py
[2023-11-22T18:47:04.673+0000] {processor.py:839} INFO - DAG(s) dict_keys(['example_dag_decorator']) retrieved from /home/airflow/.local/lib/python3.8/site-packages/airflow/example_dags/example_dag_decorator.py
[2023-11-22T18:47:04.717+0000] {logging_mixin.py:151} INFO - [2023-11-22T18:47:04.716+0000] {dag.py:2941} INFO - Sync 1 DAGs
[2023-11-22T18:47:04.721+0000] {logging_mixin.py:151} INFO - [2023-11-22T18:47:04.721+0000] {dag.py:3722} INFO - Setting next_dagrun for example_dag_decorator to None, run_after=None
[2023-11-22T18:47:04.730+0000] {processor.py:179} INFO - Processing /home/airflow/.local/lib/python3.8/site-packages/airflow/example_dags/example_dag_decorator.py took 0.195 seconds
[2023-11-22T18:47:35.630+0000] {processor.py:157} INFO - Started process (PID=1270) to work on /home/airflow/.local/lib/python3.8/site-packages/airflow/example_dags/example_dag_decorator.py
[2023-11-22T18:47:35.631+0000] {processor.py:829} INFO - Processing file /home/airflow/.local/lib/python3.8/site-packages/airflow/example_dags/example_dag_decorator.py for tasks to queue
[2023-11-22T18:47:35.633+0000] {logging_mixin.py:151} INFO - [2023-11-22T18:47:35.632+0000] {dagbag.py:536} INFO - Filling up the DagBag from /home/airflow/.local/lib/python3.8/site-packages/airflow/example_dags/example_dag_decorator.py
[2023-11-22T18:47:35.675+0000] {processor.py:839} INFO - DAG(s) dict_keys(['example_dag_decorator']) retrieved from /home/airflow/.local/lib/python3.8/site-packages/airflow/example_dags/example_dag_decorator.py
[2023-11-22T18:47:35.719+0000] {logging_mixin.py:151} INFO - [2023-11-22T18:47:35.719+0000] {dag.py:2941} INFO - Sync 1 DAGs
[2023-11-22T18:47:35.724+0000] {logging_mixin.py:151} INFO - [2023-11-22T18:47:35.724+0000] {dag.py:3722} INFO - Setting next_dagrun for example_dag_decorator to None, run_after=None
[2023-11-22T18:47:35.733+0000] {processor.py:179} INFO - Processing /home/airflow/.local/lib/python3.8/site-packages/airflow/example_dags/example_dag_decorator.py took 0.106 seconds
[2023-11-22T18:48:06.211+0000] {processor.py:157} INFO - Started process (PID=1327) to work on /home/airflow/.local/lib/python3.8/site-packages/airflow/example_dags/example_dag_decorator.py
[2023-11-22T18:48:06.213+0000] {processor.py:829} INFO - Processing file /home/airflow/.local/lib/python3.8/site-packages/airflow/example_dags/example_dag_decorator.py for tasks to queue
[2023-11-22T18:48:06.215+0000] {logging_mixin.py:151} INFO - [2023-11-22T18:48:06.215+0000] {dagbag.py:536} INFO - Filling up the DagBag from /home/airflow/.local/lib/python3.8/site-packages/airflow/example_dags/example_dag_decorator.py
[2023-11-22T18:48:06.259+0000] {processor.py:839} INFO - DAG(s) dict_keys(['example_dag_decorator']) retrieved from /home/airflow/.local/lib/python3.8/site-packages/airflow/example_dags/example_dag_decorator.py
[2023-11-22T18:48:06.303+0000] {logging_mixin.py:151} INFO - [2023-11-22T18:48:06.303+0000] {dag.py:2941} INFO - Sync 1 DAGs
[2023-11-22T18:48:06.307+0000] {logging_mixin.py:151} INFO - [2023-11-22T18:48:06.307+0000] {dag.py:3722} INFO - Setting next_dagrun for example_dag_decorator to None, run_after=None
[2023-11-22T18:48:06.315+0000] {processor.py:179} INFO - Processing /home/airflow/.local/lib/python3.8/site-packages/airflow/example_dags/example_dag_decorator.py took 0.108 seconds
[2023-11-22T18:48:36.925+0000] {processor.py:157} INFO - Started process (PID=1384) to work on /home/airflow/.local/lib/python3.8/site-packages/airflow/example_dags/example_dag_decorator.py
[2023-11-22T18:48:36.925+0000] {processor.py:829} INFO - Processing file /home/airflow/.local/lib/python3.8/site-packages/airflow/example_dags/example_dag_decorator.py for tasks to queue
[2023-11-22T18:48:36.927+0000] {logging_mixin.py:151} INFO - [2023-11-22T18:48:36.927+0000] {dagbag.py:536} INFO - Filling up the DagBag from /home/airflow/.local/lib/python3.8/site-packages/airflow/example_dags/example_dag_decorator.py
[2023-11-22T18:48:36.965+0000] {processor.py:839} INFO - DAG(s) dict_keys(['example_dag_decorator']) retrieved from /home/airflow/.local/lib/python3.8/site-packages/airflow/example_dags/example_dag_decorator.py
[2023-11-22T18:48:36.976+0000] {logging_mixin.py:151} INFO - [2023-11-22T18:48:36.976+0000] {dag.py:2941} INFO - Sync 1 DAGs
[2023-11-22T18:48:36.982+0000] {logging_mixin.py:151} INFO - [2023-11-22T18:48:36.982+0000] {dag.py:3722} INFO - Setting next_dagrun for example_dag_decorator to None, run_after=None
[2023-11-22T18:48:36.989+0000] {processor.py:179} INFO - Processing /home/airflow/.local/lib/python3.8/site-packages/airflow/example_dags/example_dag_decorator.py took 0.067 seconds
[2023-11-22T18:49:07.726+0000] {processor.py:157} INFO - Started process (PID=1441) to work on /home/airflow/.local/lib/python3.8/site-packages/airflow/example_dags/example_dag_decorator.py
[2023-11-22T18:49:07.728+0000] {processor.py:829} INFO - Processing file /home/airflow/.local/lib/python3.8/site-packages/airflow/example_dags/example_dag_decorator.py for tasks to queue
[2023-11-22T18:49:07.730+0000] {logging_mixin.py:151} INFO - [2023-11-22T18:49:07.730+0000] {dagbag.py:536} INFO - Filling up the DagBag from /home/airflow/.local/lib/python3.8/site-packages/airflow/example_dags/example_dag_decorator.py
[2023-11-22T18:49:07.775+0000] {processor.py:839} INFO - DAG(s) dict_keys(['example_dag_decorator']) retrieved from /home/airflow/.local/lib/python3.8/site-packages/airflow/example_dags/example_dag_decorator.py
[2023-11-22T18:49:07.786+0000] {logging_mixin.py:151} INFO - [2023-11-22T18:49:07.786+0000] {dag.py:2941} INFO - Sync 1 DAGs
[2023-11-22T18:49:07.792+0000] {logging_mixin.py:151} INFO - [2023-11-22T18:49:07.792+0000] {dag.py:3722} INFO - Setting next_dagrun for example_dag_decorator to None, run_after=None
[2023-11-22T18:49:07.800+0000] {processor.py:179} INFO - Processing /home/airflow/.local/lib/python3.8/site-packages/airflow/example_dags/example_dag_decorator.py took 0.077 seconds
[2023-11-22T18:49:38.265+0000] {processor.py:157} INFO - Started process (PID=1498) to work on /home/airflow/.local/lib/python3.8/site-packages/airflow/example_dags/example_dag_decorator.py
[2023-11-22T18:49:38.266+0000] {processor.py:829} INFO - Processing file /home/airflow/.local/lib/python3.8/site-packages/airflow/example_dags/example_dag_decorator.py for tasks to queue
[2023-11-22T18:49:38.268+0000] {logging_mixin.py:151} INFO - [2023-11-22T18:49:38.268+0000] {dagbag.py:536} INFO - Filling up the DagBag from /home/airflow/.local/lib/python3.8/site-packages/airflow/example_dags/example_dag_decorator.py
[2023-11-22T18:49:38.314+0000] {processor.py:839} INFO - DAG(s) dict_keys(['example_dag_decorator']) retrieved from /home/airflow/.local/lib/python3.8/site-packages/airflow/example_dags/example_dag_decorator.py
[2023-11-22T18:49:38.328+0000] {logging_mixin.py:151} INFO - [2023-11-22T18:49:38.327+0000] {dag.py:2941} INFO - Sync 1 DAGs
[2023-11-22T18:49:38.333+0000] {logging_mixin.py:151} INFO - [2023-11-22T18:49:38.333+0000] {dag.py:3722} INFO - Setting next_dagrun for example_dag_decorator to None, run_after=None
[2023-11-22T18:49:38.342+0000] {processor.py:179} INFO - Processing /home/airflow/.local/lib/python3.8/site-packages/airflow/example_dags/example_dag_decorator.py took 0.081 seconds
[2023-11-22T18:50:08.850+0000] {processor.py:157} INFO - Started process (PID=1555) to work on /home/airflow/.local/lib/python3.8/site-packages/airflow/example_dags/example_dag_decorator.py
[2023-11-22T18:50:08.851+0000] {processor.py:829} INFO - Processing file /home/airflow/.local/lib/python3.8/site-packages/airflow/example_dags/example_dag_decorator.py for tasks to queue
[2023-11-22T18:50:08.854+0000] {logging_mixin.py:151} INFO - [2023-11-22T18:50:08.854+0000] {dagbag.py:536} INFO - Filling up the DagBag from /home/airflow/.local/lib/python3.8/site-packages/airflow/example_dags/example_dag_decorator.py
[2023-11-22T18:50:08.899+0000] {processor.py:839} INFO - DAG(s) dict_keys(['example_dag_decorator']) retrieved from /home/airflow/.local/lib/python3.8/site-packages/airflow/example_dags/example_dag_decorator.py
[2023-11-22T18:50:08.910+0000] {logging_mixin.py:151} INFO - [2023-11-22T18:50:08.910+0000] {dag.py:2941} INFO - Sync 1 DAGs
[2023-11-22T18:50:08.916+0000] {logging_mixin.py:151} INFO - [2023-11-22T18:50:08.916+0000] {dag.py:3722} INFO - Setting next_dagrun for example_dag_decorator to None, run_after=None
[2023-11-22T18:50:08.924+0000] {processor.py:179} INFO - Processing /home/airflow/.local/lib/python3.8/site-packages/airflow/example_dags/example_dag_decorator.py took 0.077 seconds
[2023-11-22T18:50:39.328+0000] {processor.py:157} INFO - Started process (PID=1612) to work on /home/airflow/.local/lib/python3.8/site-packages/airflow/example_dags/example_dag_decorator.py
[2023-11-22T18:50:39.329+0000] {processor.py:829} INFO - Processing file /home/airflow/.local/lib/python3.8/site-packages/airflow/example_dags/example_dag_decorator.py for tasks to queue
[2023-11-22T18:50:39.331+0000] {logging_mixin.py:151} INFO - [2023-11-22T18:50:39.330+0000] {dagbag.py:536} INFO - Filling up the DagBag from /home/airflow/.local/lib/python3.8/site-packages/airflow/example_dags/example_dag_decorator.py
[2023-11-22T18:50:39.372+0000] {processor.py:839} INFO - DAG(s) dict_keys(['example_dag_decorator']) retrieved from /home/airflow/.local/lib/python3.8/site-packages/airflow/example_dags/example_dag_decorator.py
[2023-11-22T18:50:39.416+0000] {logging_mixin.py:151} INFO - [2023-11-22T18:50:39.416+0000] {dag.py:2941} INFO - Sync 1 DAGs
[2023-11-22T18:50:39.421+0000] {logging_mixin.py:151} INFO - [2023-11-22T18:50:39.421+0000] {dag.py:3722} INFO - Setting next_dagrun for example_dag_decorator to None, run_after=None
[2023-11-22T18:50:39.429+0000] {processor.py:179} INFO - Processing /home/airflow/.local/lib/python3.8/site-packages/airflow/example_dags/example_dag_decorator.py took 0.104 seconds
[2023-11-22T18:51:10.029+0000] {processor.py:157} INFO - Started process (PID=1669) to work on /home/airflow/.local/lib/python3.8/site-packages/airflow/example_dags/example_dag_decorator.py
[2023-11-22T18:51:10.030+0000] {processor.py:829} INFO - Processing file /home/airflow/.local/lib/python3.8/site-packages/airflow/example_dags/example_dag_decorator.py for tasks to queue
[2023-11-22T18:51:10.033+0000] {logging_mixin.py:151} INFO - [2023-11-22T18:51:10.033+0000] {dagbag.py:536} INFO - Filling up the DagBag from /home/airflow/.local/lib/python3.8/site-packages/airflow/example_dags/example_dag_decorator.py
[2023-11-22T18:51:10.077+0000] {processor.py:839} INFO - DAG(s) dict_keys(['example_dag_decorator']) retrieved from /home/airflow/.local/lib/python3.8/site-packages/airflow/example_dags/example_dag_decorator.py
[2023-11-22T18:51:10.121+0000] {logging_mixin.py:151} INFO - [2023-11-22T18:51:10.121+0000] {dag.py:2941} INFO - Sync 1 DAGs
[2023-11-22T18:51:10.126+0000] {logging_mixin.py:151} INFO - [2023-11-22T18:51:10.125+0000] {dag.py:3722} INFO - Setting next_dagrun for example_dag_decorator to None, run_after=None
[2023-11-22T18:51:10.133+0000] {processor.py:179} INFO - Processing /home/airflow/.local/lib/python3.8/site-packages/airflow/example_dags/example_dag_decorator.py took 0.107 seconds
[2023-11-22T18:51:40.717+0000] {processor.py:157} INFO - Started process (PID=1726) to work on /home/airflow/.local/lib/python3.8/site-packages/airflow/example_dags/example_dag_decorator.py
[2023-11-22T18:51:40.718+0000] {processor.py:829} INFO - Processing file /home/airflow/.local/lib/python3.8/site-packages/airflow/example_dags/example_dag_decorator.py for tasks to queue
[2023-11-22T18:51:40.720+0000] {logging_mixin.py:151} INFO - [2023-11-22T18:51:40.720+0000] {dagbag.py:536} INFO - Filling up the DagBag from /home/airflow/.local/lib/python3.8/site-packages/airflow/example_dags/example_dag_decorator.py
[2023-11-22T18:51:40.768+0000] {processor.py:839} INFO - DAG(s) dict_keys(['example_dag_decorator']) retrieved from /home/airflow/.local/lib/python3.8/site-packages/airflow/example_dags/example_dag_decorator.py
[2023-11-22T18:51:40.814+0000] {logging_mixin.py:151} INFO - [2023-11-22T18:51:40.814+0000] {dag.py:2941} INFO - Sync 1 DAGs
[2023-11-22T18:51:40.819+0000] {logging_mixin.py:151} INFO - [2023-11-22T18:51:40.819+0000] {dag.py:3722} INFO - Setting next_dagrun for example_dag_decorator to None, run_after=None
[2023-11-22T18:51:40.828+0000] {processor.py:179} INFO - Processing /home/airflow/.local/lib/python3.8/site-packages/airflow/example_dags/example_dag_decorator.py took 0.115 seconds
[2023-11-22T18:52:11.383+0000] {processor.py:157} INFO - Started process (PID=1783) to work on /home/airflow/.local/lib/python3.8/site-packages/airflow/example_dags/example_dag_decorator.py
[2023-11-22T18:52:11.384+0000] {processor.py:829} INFO - Processing file /home/airflow/.local/lib/python3.8/site-packages/airflow/example_dags/example_dag_decorator.py for tasks to queue
[2023-11-22T18:52:11.386+0000] {logging_mixin.py:151} INFO - [2023-11-22T18:52:11.386+0000] {dagbag.py:536} INFO - Filling up the DagBag from /home/airflow/.local/lib/python3.8/site-packages/airflow/example_dags/example_dag_decorator.py
[2023-11-22T18:52:11.432+0000] {processor.py:839} INFO - DAG(s) dict_keys(['example_dag_decorator']) retrieved from /home/airflow/.local/lib/python3.8/site-packages/airflow/example_dags/example_dag_decorator.py
[2023-11-22T18:52:11.478+0000] {logging_mixin.py:151} INFO - [2023-11-22T18:52:11.478+0000] {dag.py:2941} INFO - Sync 1 DAGs
[2023-11-22T18:52:11.482+0000] {logging_mixin.py:151} INFO - [2023-11-22T18:52:11.482+0000] {dag.py:3722} INFO - Setting next_dagrun for example_dag_decorator to None, run_after=None
[2023-11-22T18:52:11.490+0000] {processor.py:179} INFO - Processing /home/airflow/.local/lib/python3.8/site-packages/airflow/example_dags/example_dag_decorator.py took 0.112 seconds
[2023-11-22T18:52:42.047+0000] {processor.py:157} INFO - Started process (PID=1846) to work on /home/airflow/.local/lib/python3.8/site-packages/airflow/example_dags/example_dag_decorator.py
[2023-11-22T18:52:42.048+0000] {processor.py:829} INFO - Processing file /home/airflow/.local/lib/python3.8/site-packages/airflow/example_dags/example_dag_decorator.py for tasks to queue
[2023-11-22T18:52:42.050+0000] {logging_mixin.py:151} INFO - [2023-11-22T18:52:42.050+0000] {dagbag.py:536} INFO - Filling up the DagBag from /home/airflow/.local/lib/python3.8/site-packages/airflow/example_dags/example_dag_decorator.py
[2023-11-22T18:52:42.090+0000] {processor.py:839} INFO - DAG(s) dict_keys(['example_dag_decorator']) retrieved from /home/airflow/.local/lib/python3.8/site-packages/airflow/example_dags/example_dag_decorator.py
[2023-11-22T18:52:42.143+0000] {logging_mixin.py:151} INFO - [2023-11-22T18:52:42.143+0000] {dag.py:2941} INFO - Sync 1 DAGs
[2023-11-22T18:52:42.147+0000] {logging_mixin.py:151} INFO - [2023-11-22T18:52:42.147+0000] {dag.py:3722} INFO - Setting next_dagrun for example_dag_decorator to None, run_after=None
[2023-11-22T18:52:42.155+0000] {processor.py:179} INFO - Processing /home/airflow/.local/lib/python3.8/site-packages/airflow/example_dags/example_dag_decorator.py took 0.111 seconds
[2023-11-22T18:53:12.613+0000] {processor.py:157} INFO - Started process (PID=1902) to work on /home/airflow/.local/lib/python3.8/site-packages/airflow/example_dags/example_dag_decorator.py
[2023-11-22T18:53:12.614+0000] {processor.py:829} INFO - Processing file /home/airflow/.local/lib/python3.8/site-packages/airflow/example_dags/example_dag_decorator.py for tasks to queue
[2023-11-22T18:53:12.615+0000] {logging_mixin.py:151} INFO - [2023-11-22T18:53:12.615+0000] {dagbag.py:536} INFO - Filling up the DagBag from /home/airflow/.local/lib/python3.8/site-packages/airflow/example_dags/example_dag_decorator.py
[2023-11-22T18:53:12.648+0000] {processor.py:839} INFO - DAG(s) dict_keys(['example_dag_decorator']) retrieved from /home/airflow/.local/lib/python3.8/site-packages/airflow/example_dags/example_dag_decorator.py
[2023-11-22T18:53:12.694+0000] {logging_mixin.py:151} INFO - [2023-11-22T18:53:12.693+0000] {dag.py:2941} INFO - Sync 1 DAGs
[2023-11-22T18:53:12.699+0000] {logging_mixin.py:151} INFO - [2023-11-22T18:53:12.699+0000] {dag.py:3722} INFO - Setting next_dagrun for example_dag_decorator to None, run_after=None
[2023-11-22T18:53:12.707+0000] {processor.py:179} INFO - Processing /home/airflow/.local/lib/python3.8/site-packages/airflow/example_dags/example_dag_decorator.py took 0.096 seconds
[2023-11-22T18:53:43.203+0000] {processor.py:157} INFO - Started process (PID=1959) to work on /home/airflow/.local/lib/python3.8/site-packages/airflow/example_dags/example_dag_decorator.py
[2023-11-22T18:53:43.204+0000] {processor.py:829} INFO - Processing file /home/airflow/.local/lib/python3.8/site-packages/airflow/example_dags/example_dag_decorator.py for tasks to queue
[2023-11-22T18:53:43.205+0000] {logging_mixin.py:151} INFO - [2023-11-22T18:53:43.205+0000] {dagbag.py:536} INFO - Filling up the DagBag from /home/airflow/.local/lib/python3.8/site-packages/airflow/example_dags/example_dag_decorator.py
[2023-11-22T18:53:43.240+0000] {processor.py:839} INFO - DAG(s) dict_keys(['example_dag_decorator']) retrieved from /home/airflow/.local/lib/python3.8/site-packages/airflow/example_dags/example_dag_decorator.py
[2023-11-22T18:53:43.292+0000] {logging_mixin.py:151} INFO - [2023-11-22T18:53:43.292+0000] {dag.py:2941} INFO - Sync 1 DAGs
[2023-11-22T18:53:43.297+0000] {logging_mixin.py:151} INFO - [2023-11-22T18:53:43.297+0000] {dag.py:3722} INFO - Setting next_dagrun for example_dag_decorator to None, run_after=None
[2023-11-22T18:53:43.309+0000] {processor.py:179} INFO - Processing /home/airflow/.local/lib/python3.8/site-packages/airflow/example_dags/example_dag_decorator.py took 0.108 seconds
[2023-11-22T18:54:13.951+0000] {processor.py:157} INFO - Started process (PID=2016) to work on /home/airflow/.local/lib/python3.8/site-packages/airflow/example_dags/example_dag_decorator.py
[2023-11-22T18:54:13.952+0000] {processor.py:829} INFO - Processing file /home/airflow/.local/lib/python3.8/site-packages/airflow/example_dags/example_dag_decorator.py for tasks to queue
[2023-11-22T18:54:13.955+0000] {logging_mixin.py:151} INFO - [2023-11-22T18:54:13.954+0000] {dagbag.py:536} INFO - Filling up the DagBag from /home/airflow/.local/lib/python3.8/site-packages/airflow/example_dags/example_dag_decorator.py
[2023-11-22T18:54:14.004+0000] {processor.py:839} INFO - DAG(s) dict_keys(['example_dag_decorator']) retrieved from /home/airflow/.local/lib/python3.8/site-packages/airflow/example_dags/example_dag_decorator.py
[2023-11-22T18:54:14.055+0000] {logging_mixin.py:151} INFO - [2023-11-22T18:54:14.054+0000] {dag.py:2941} INFO - Sync 1 DAGs
[2023-11-22T18:54:14.059+0000] {logging_mixin.py:151} INFO - [2023-11-22T18:54:14.059+0000] {dag.py:3722} INFO - Setting next_dagrun for example_dag_decorator to None, run_after=None
[2023-11-22T18:54:14.067+0000] {processor.py:179} INFO - Processing /home/airflow/.local/lib/python3.8/site-packages/airflow/example_dags/example_dag_decorator.py took 0.121 seconds
[2023-11-22T18:54:44.687+0000] {processor.py:157} INFO - Started process (PID=2073) to work on /home/airflow/.local/lib/python3.8/site-packages/airflow/example_dags/example_dag_decorator.py
[2023-11-22T18:54:44.688+0000] {processor.py:829} INFO - Processing file /home/airflow/.local/lib/python3.8/site-packages/airflow/example_dags/example_dag_decorator.py for tasks to queue
[2023-11-22T18:54:44.691+0000] {logging_mixin.py:151} INFO - [2023-11-22T18:54:44.691+0000] {dagbag.py:536} INFO - Filling up the DagBag from /home/airflow/.local/lib/python3.8/site-packages/airflow/example_dags/example_dag_decorator.py
[2023-11-22T18:54:44.737+0000] {processor.py:839} INFO - DAG(s) dict_keys(['example_dag_decorator']) retrieved from /home/airflow/.local/lib/python3.8/site-packages/airflow/example_dags/example_dag_decorator.py
[2023-11-22T18:54:44.781+0000] {logging_mixin.py:151} INFO - [2023-11-22T18:54:44.781+0000] {dag.py:2941} INFO - Sync 1 DAGs
[2023-11-22T18:54:44.786+0000] {logging_mixin.py:151} INFO - [2023-11-22T18:54:44.786+0000] {dag.py:3722} INFO - Setting next_dagrun for example_dag_decorator to None, run_after=None
[2023-11-22T18:54:44.793+0000] {processor.py:179} INFO - Processing /home/airflow/.local/lib/python3.8/site-packages/airflow/example_dags/example_dag_decorator.py took 0.110 seconds
[2023-11-22T18:55:15.487+0000] {processor.py:157} INFO - Started process (PID=2130) to work on /home/airflow/.local/lib/python3.8/site-packages/airflow/example_dags/example_dag_decorator.py
[2023-11-22T18:55:15.488+0000] {processor.py:829} INFO - Processing file /home/airflow/.local/lib/python3.8/site-packages/airflow/example_dags/example_dag_decorator.py for tasks to queue
[2023-11-22T18:55:15.491+0000] {logging_mixin.py:151} INFO - [2023-11-22T18:55:15.491+0000] {dagbag.py:536} INFO - Filling up the DagBag from /home/airflow/.local/lib/python3.8/site-packages/airflow/example_dags/example_dag_decorator.py
[2023-11-22T18:55:15.536+0000] {processor.py:839} INFO - DAG(s) dict_keys(['example_dag_decorator']) retrieved from /home/airflow/.local/lib/python3.8/site-packages/airflow/example_dags/example_dag_decorator.py
[2023-11-22T18:55:15.589+0000] {logging_mixin.py:151} INFO - [2023-11-22T18:55:15.589+0000] {dag.py:2941} INFO - Sync 1 DAGs
[2023-11-22T18:55:15.595+0000] {logging_mixin.py:151} INFO - [2023-11-22T18:55:15.595+0000] {dag.py:3722} INFO - Setting next_dagrun for example_dag_decorator to None, run_after=None
[2023-11-22T18:55:15.604+0000] {processor.py:179} INFO - Processing /home/airflow/.local/lib/python3.8/site-packages/airflow/example_dags/example_dag_decorator.py took 0.121 seconds
[2023-11-22T18:55:46.316+0000] {processor.py:157} INFO - Started process (PID=2187) to work on /home/airflow/.local/lib/python3.8/site-packages/airflow/example_dags/example_dag_decorator.py
[2023-11-22T18:55:46.317+0000] {processor.py:829} INFO - Processing file /home/airflow/.local/lib/python3.8/site-packages/airflow/example_dags/example_dag_decorator.py for tasks to queue
[2023-11-22T18:55:46.318+0000] {logging_mixin.py:151} INFO - [2023-11-22T18:55:46.318+0000] {dagbag.py:536} INFO - Filling up the DagBag from /home/airflow/.local/lib/python3.8/site-packages/airflow/example_dags/example_dag_decorator.py
[2023-11-22T18:55:46.362+0000] {processor.py:839} INFO - DAG(s) dict_keys(['example_dag_decorator']) retrieved from /home/airflow/.local/lib/python3.8/site-packages/airflow/example_dags/example_dag_decorator.py
[2023-11-22T18:55:46.410+0000] {logging_mixin.py:151} INFO - [2023-11-22T18:55:46.410+0000] {dag.py:2941} INFO - Sync 1 DAGs
[2023-11-22T18:55:46.415+0000] {logging_mixin.py:151} INFO - [2023-11-22T18:55:46.415+0000] {dag.py:3722} INFO - Setting next_dagrun for example_dag_decorator to None, run_after=None
[2023-11-22T18:55:46.423+0000] {processor.py:179} INFO - Processing /home/airflow/.local/lib/python3.8/site-packages/airflow/example_dags/example_dag_decorator.py took 0.110 seconds
[2023-11-22T18:56:17.053+0000] {processor.py:157} INFO - Started process (PID=2244) to work on /home/airflow/.local/lib/python3.8/site-packages/airflow/example_dags/example_dag_decorator.py
[2023-11-22T18:56:17.054+0000] {processor.py:829} INFO - Processing file /home/airflow/.local/lib/python3.8/site-packages/airflow/example_dags/example_dag_decorator.py for tasks to queue
[2023-11-22T18:56:17.056+0000] {logging_mixin.py:151} INFO - [2023-11-22T18:56:17.056+0000] {dagbag.py:536} INFO - Filling up the DagBag from /home/airflow/.local/lib/python3.8/site-packages/airflow/example_dags/example_dag_decorator.py
[2023-11-22T18:56:17.099+0000] {processor.py:839} INFO - DAG(s) dict_keys(['example_dag_decorator']) retrieved from /home/airflow/.local/lib/python3.8/site-packages/airflow/example_dags/example_dag_decorator.py
[2023-11-22T18:56:17.145+0000] {logging_mixin.py:151} INFO - [2023-11-22T18:56:17.145+0000] {dag.py:2941} INFO - Sync 1 DAGs
[2023-11-22T18:56:17.150+0000] {logging_mixin.py:151} INFO - [2023-11-22T18:56:17.150+0000] {dag.py:3722} INFO - Setting next_dagrun for example_dag_decorator to None, run_after=None
[2023-11-22T18:56:17.158+0000] {processor.py:179} INFO - Processing /home/airflow/.local/lib/python3.8/site-packages/airflow/example_dags/example_dag_decorator.py took 0.109 seconds
[2023-11-22T18:56:47.792+0000] {processor.py:157} INFO - Started process (PID=2301) to work on /home/airflow/.local/lib/python3.8/site-packages/airflow/example_dags/example_dag_decorator.py
[2023-11-22T18:56:47.793+0000] {processor.py:829} INFO - Processing file /home/airflow/.local/lib/python3.8/site-packages/airflow/example_dags/example_dag_decorator.py for tasks to queue
[2023-11-22T18:56:47.796+0000] {logging_mixin.py:151} INFO - [2023-11-22T18:56:47.795+0000] {dagbag.py:536} INFO - Filling up the DagBag from /home/airflow/.local/lib/python3.8/site-packages/airflow/example_dags/example_dag_decorator.py
[2023-11-22T18:56:47.843+0000] {processor.py:839} INFO - DAG(s) dict_keys(['example_dag_decorator']) retrieved from /home/airflow/.local/lib/python3.8/site-packages/airflow/example_dags/example_dag_decorator.py
[2023-11-22T18:56:47.889+0000] {logging_mixin.py:151} INFO - [2023-11-22T18:56:47.889+0000] {dag.py:2941} INFO - Sync 1 DAGs
[2023-11-22T18:56:47.894+0000] {logging_mixin.py:151} INFO - [2023-11-22T18:56:47.894+0000] {dag.py:3722} INFO - Setting next_dagrun for example_dag_decorator to None, run_after=None
[2023-11-22T18:56:47.903+0000] {processor.py:179} INFO - Processing /home/airflow/.local/lib/python3.8/site-packages/airflow/example_dags/example_dag_decorator.py took 0.114 seconds
[2023-11-22T18:57:18.568+0000] {processor.py:157} INFO - Started process (PID=2358) to work on /home/airflow/.local/lib/python3.8/site-packages/airflow/example_dags/example_dag_decorator.py
[2023-11-22T18:57:18.569+0000] {processor.py:829} INFO - Processing file /home/airflow/.local/lib/python3.8/site-packages/airflow/example_dags/example_dag_decorator.py for tasks to queue
[2023-11-22T18:57:18.572+0000] {logging_mixin.py:151} INFO - [2023-11-22T18:57:18.572+0000] {dagbag.py:536} INFO - Filling up the DagBag from /home/airflow/.local/lib/python3.8/site-packages/airflow/example_dags/example_dag_decorator.py
[2023-11-22T18:57:18.618+0000] {processor.py:839} INFO - DAG(s) dict_keys(['example_dag_decorator']) retrieved from /home/airflow/.local/lib/python3.8/site-packages/airflow/example_dags/example_dag_decorator.py
[2023-11-22T18:57:18.665+0000] {logging_mixin.py:151} INFO - [2023-11-22T18:57:18.665+0000] {dag.py:2941} INFO - Sync 1 DAGs
[2023-11-22T18:57:18.669+0000] {logging_mixin.py:151} INFO - [2023-11-22T18:57:18.669+0000] {dag.py:3722} INFO - Setting next_dagrun for example_dag_decorator to None, run_after=None
[2023-11-22T18:57:18.677+0000] {processor.py:179} INFO - Processing /home/airflow/.local/lib/python3.8/site-packages/airflow/example_dags/example_dag_decorator.py took 0.113 seconds
[2023-11-22T18:57:49.323+0000] {processor.py:157} INFO - Started process (PID=2415) to work on /home/airflow/.local/lib/python3.8/site-packages/airflow/example_dags/example_dag_decorator.py
[2023-11-22T18:57:49.325+0000] {processor.py:829} INFO - Processing file /home/airflow/.local/lib/python3.8/site-packages/airflow/example_dags/example_dag_decorator.py for tasks to queue
[2023-11-22T18:57:49.327+0000] {logging_mixin.py:151} INFO - [2023-11-22T18:57:49.327+0000] {dagbag.py:536} INFO - Filling up the DagBag from /home/airflow/.local/lib/python3.8/site-packages/airflow/example_dags/example_dag_decorator.py
[2023-11-22T18:57:49.372+0000] {processor.py:839} INFO - DAG(s) dict_keys(['example_dag_decorator']) retrieved from /home/airflow/.local/lib/python3.8/site-packages/airflow/example_dags/example_dag_decorator.py
[2023-11-22T18:57:49.383+0000] {logging_mixin.py:151} INFO - [2023-11-22T18:57:49.383+0000] {dag.py:2941} INFO - Sync 1 DAGs
[2023-11-22T18:57:49.388+0000] {logging_mixin.py:151} INFO - [2023-11-22T18:57:49.388+0000] {dag.py:3722} INFO - Setting next_dagrun for example_dag_decorator to None, run_after=None
[2023-11-22T18:57:49.395+0000] {processor.py:179} INFO - Processing /home/airflow/.local/lib/python3.8/site-packages/airflow/example_dags/example_dag_decorator.py took 0.076 seconds
[2023-11-22T18:58:19.819+0000] {processor.py:157} INFO - Started process (PID=2472) to work on /home/airflow/.local/lib/python3.8/site-packages/airflow/example_dags/example_dag_decorator.py
[2023-11-22T18:58:19.820+0000] {processor.py:829} INFO - Processing file /home/airflow/.local/lib/python3.8/site-packages/airflow/example_dags/example_dag_decorator.py for tasks to queue
[2023-11-22T18:58:19.821+0000] {logging_mixin.py:151} INFO - [2023-11-22T18:58:19.821+0000] {dagbag.py:536} INFO - Filling up the DagBag from /home/airflow/.local/lib/python3.8/site-packages/airflow/example_dags/example_dag_decorator.py
[2023-11-22T18:58:19.855+0000] {processor.py:839} INFO - DAG(s) dict_keys(['example_dag_decorator']) retrieved from /home/airflow/.local/lib/python3.8/site-packages/airflow/example_dags/example_dag_decorator.py
[2023-11-22T18:58:19.865+0000] {logging_mixin.py:151} INFO - [2023-11-22T18:58:19.865+0000] {dag.py:2941} INFO - Sync 1 DAGs
[2023-11-22T18:58:19.871+0000] {logging_mixin.py:151} INFO - [2023-11-22T18:58:19.871+0000] {dag.py:3722} INFO - Setting next_dagrun for example_dag_decorator to None, run_after=None
[2023-11-22T18:58:19.878+0000] {processor.py:179} INFO - Processing /home/airflow/.local/lib/python3.8/site-packages/airflow/example_dags/example_dag_decorator.py took 0.060 seconds
[2023-11-22T18:58:50.502+0000] {processor.py:157} INFO - Started process (PID=2529) to work on /home/airflow/.local/lib/python3.8/site-packages/airflow/example_dags/example_dag_decorator.py
[2023-11-22T18:58:50.503+0000] {processor.py:829} INFO - Processing file /home/airflow/.local/lib/python3.8/site-packages/airflow/example_dags/example_dag_decorator.py for tasks to queue
[2023-11-22T18:58:50.505+0000] {logging_mixin.py:151} INFO - [2023-11-22T18:58:50.505+0000] {dagbag.py:536} INFO - Filling up the DagBag from /home/airflow/.local/lib/python3.8/site-packages/airflow/example_dags/example_dag_decorator.py
[2023-11-22T18:58:50.550+0000] {processor.py:839} INFO - DAG(s) dict_keys(['example_dag_decorator']) retrieved from /home/airflow/.local/lib/python3.8/site-packages/airflow/example_dags/example_dag_decorator.py
[2023-11-22T18:58:50.562+0000] {logging_mixin.py:151} INFO - [2023-11-22T18:58:50.562+0000] {dag.py:2941} INFO - Sync 1 DAGs
[2023-11-22T18:58:50.567+0000] {logging_mixin.py:151} INFO - [2023-11-22T18:58:50.567+0000] {dag.py:3722} INFO - Setting next_dagrun for example_dag_decorator to None, run_after=None
[2023-11-22T18:58:50.576+0000] {processor.py:179} INFO - Processing /home/airflow/.local/lib/python3.8/site-packages/airflow/example_dags/example_dag_decorator.py took 0.078 seconds
[2023-11-22T18:59:21.136+0000] {processor.py:157} INFO - Started process (PID=2586) to work on /home/airflow/.local/lib/python3.8/site-packages/airflow/example_dags/example_dag_decorator.py
[2023-11-22T18:59:21.136+0000] {processor.py:829} INFO - Processing file /home/airflow/.local/lib/python3.8/site-packages/airflow/example_dags/example_dag_decorator.py for tasks to queue
[2023-11-22T18:59:21.138+0000] {logging_mixin.py:151} INFO - [2023-11-22T18:59:21.138+0000] {dagbag.py:536} INFO - Filling up the DagBag from /home/airflow/.local/lib/python3.8/site-packages/airflow/example_dags/example_dag_decorator.py
[2023-11-22T18:59:21.172+0000] {processor.py:839} INFO - DAG(s) dict_keys(['example_dag_decorator']) retrieved from /home/airflow/.local/lib/python3.8/site-packages/airflow/example_dags/example_dag_decorator.py
[2023-11-22T18:59:21.217+0000] {logging_mixin.py:151} INFO - [2023-11-22T18:59:21.217+0000] {dag.py:2941} INFO - Sync 1 DAGs
[2023-11-22T18:59:21.222+0000] {logging_mixin.py:151} INFO - [2023-11-22T18:59:21.222+0000] {dag.py:3722} INFO - Setting next_dagrun for example_dag_decorator to None, run_after=None
[2023-11-22T18:59:21.230+0000] {processor.py:179} INFO - Processing /home/airflow/.local/lib/python3.8/site-packages/airflow/example_dags/example_dag_decorator.py took 0.096 seconds
[2023-11-22T18:59:51.858+0000] {processor.py:157} INFO - Started process (PID=2643) to work on /home/airflow/.local/lib/python3.8/site-packages/airflow/example_dags/example_dag_decorator.py
[2023-11-22T18:59:51.859+0000] {processor.py:829} INFO - Processing file /home/airflow/.local/lib/python3.8/site-packages/airflow/example_dags/example_dag_decorator.py for tasks to queue
[2023-11-22T18:59:51.860+0000] {logging_mixin.py:151} INFO - [2023-11-22T18:59:51.860+0000] {dagbag.py:536} INFO - Filling up the DagBag from /home/airflow/.local/lib/python3.8/site-packages/airflow/example_dags/example_dag_decorator.py
[2023-11-22T18:59:51.895+0000] {processor.py:839} INFO - DAG(s) dict_keys(['example_dag_decorator']) retrieved from /home/airflow/.local/lib/python3.8/site-packages/airflow/example_dags/example_dag_decorator.py
[2023-11-22T18:59:51.940+0000] {logging_mixin.py:151} INFO - [2023-11-22T18:59:51.940+0000] {dag.py:2941} INFO - Sync 1 DAGs
[2023-11-22T18:59:51.945+0000] {logging_mixin.py:151} INFO - [2023-11-22T18:59:51.945+0000] {dag.py:3722} INFO - Setting next_dagrun for example_dag_decorator to None, run_after=None
[2023-11-22T18:59:51.953+0000] {processor.py:179} INFO - Processing /home/airflow/.local/lib/python3.8/site-packages/airflow/example_dags/example_dag_decorator.py took 0.099 seconds
[2023-11-22T19:00:22.604+0000] {processor.py:157} INFO - Started process (PID=2700) to work on /home/airflow/.local/lib/python3.8/site-packages/airflow/example_dags/example_dag_decorator.py
[2023-11-22T19:00:22.605+0000] {processor.py:829} INFO - Processing file /home/airflow/.local/lib/python3.8/site-packages/airflow/example_dags/example_dag_decorator.py for tasks to queue
[2023-11-22T19:00:22.607+0000] {logging_mixin.py:151} INFO - [2023-11-22T19:00:22.606+0000] {dagbag.py:536} INFO - Filling up the DagBag from /home/airflow/.local/lib/python3.8/site-packages/airflow/example_dags/example_dag_decorator.py
[2023-11-22T19:00:22.651+0000] {processor.py:839} INFO - DAG(s) dict_keys(['example_dag_decorator']) retrieved from /home/airflow/.local/lib/python3.8/site-packages/airflow/example_dags/example_dag_decorator.py
[2023-11-22T19:00:22.700+0000] {logging_mixin.py:151} INFO - [2023-11-22T19:00:22.700+0000] {dag.py:2941} INFO - Sync 1 DAGs
[2023-11-22T19:00:22.704+0000] {logging_mixin.py:151} INFO - [2023-11-22T19:00:22.704+0000] {dag.py:3722} INFO - Setting next_dagrun for example_dag_decorator to None, run_after=None
[2023-11-22T19:00:22.713+0000] {processor.py:179} INFO - Processing /home/airflow/.local/lib/python3.8/site-packages/airflow/example_dags/example_dag_decorator.py took 0.111 seconds
[2023-11-22T19:00:53.229+0000] {processor.py:157} INFO - Started process (PID=2757) to work on /home/airflow/.local/lib/python3.8/site-packages/airflow/example_dags/example_dag_decorator.py
[2023-11-22T19:00:53.229+0000] {processor.py:829} INFO - Processing file /home/airflow/.local/lib/python3.8/site-packages/airflow/example_dags/example_dag_decorator.py for tasks to queue
[2023-11-22T19:00:53.231+0000] {logging_mixin.py:151} INFO - [2023-11-22T19:00:53.230+0000] {dagbag.py:536} INFO - Filling up the DagBag from /home/airflow/.local/lib/python3.8/site-packages/airflow/example_dags/example_dag_decorator.py
[2023-11-22T19:00:53.270+0000] {processor.py:839} INFO - DAG(s) dict_keys(['example_dag_decorator']) retrieved from /home/airflow/.local/lib/python3.8/site-packages/airflow/example_dags/example_dag_decorator.py
[2023-11-22T19:00:53.283+0000] {logging_mixin.py:151} INFO - [2023-11-22T19:00:53.283+0000] {dag.py:2941} INFO - Sync 1 DAGs
[2023-11-22T19:00:53.289+0000] {logging_mixin.py:151} INFO - [2023-11-22T19:00:53.289+0000] {dag.py:3722} INFO - Setting next_dagrun for example_dag_decorator to None, run_after=None
[2023-11-22T19:00:53.299+0000] {processor.py:179} INFO - Processing /home/airflow/.local/lib/python3.8/site-packages/airflow/example_dags/example_dag_decorator.py took 0.072 seconds
[2023-11-22T19:01:23.835+0000] {processor.py:157} INFO - Started process (PID=2814) to work on /home/airflow/.local/lib/python3.8/site-packages/airflow/example_dags/example_dag_decorator.py
[2023-11-22T19:01:23.836+0000] {processor.py:829} INFO - Processing file /home/airflow/.local/lib/python3.8/site-packages/airflow/example_dags/example_dag_decorator.py for tasks to queue
[2023-11-22T19:01:23.837+0000] {logging_mixin.py:151} INFO - [2023-11-22T19:01:23.837+0000] {dagbag.py:536} INFO - Filling up the DagBag from /home/airflow/.local/lib/python3.8/site-packages/airflow/example_dags/example_dag_decorator.py
[2023-11-22T19:01:23.872+0000] {processor.py:839} INFO - DAG(s) dict_keys(['example_dag_decorator']) retrieved from /home/airflow/.local/lib/python3.8/site-packages/airflow/example_dags/example_dag_decorator.py
[2023-11-22T19:01:23.922+0000] {logging_mixin.py:151} INFO - [2023-11-22T19:01:23.921+0000] {dag.py:2941} INFO - Sync 1 DAGs
[2023-11-22T19:01:23.926+0000] {logging_mixin.py:151} INFO - [2023-11-22T19:01:23.926+0000] {dag.py:3722} INFO - Setting next_dagrun for example_dag_decorator to None, run_after=None
[2023-11-22T19:01:23.934+0000] {processor.py:179} INFO - Processing /home/airflow/.local/lib/python3.8/site-packages/airflow/example_dags/example_dag_decorator.py took 0.102 seconds
[2023-11-22T19:01:54.450+0000] {processor.py:157} INFO - Started process (PID=2872) to work on /home/airflow/.local/lib/python3.8/site-packages/airflow/example_dags/example_dag_decorator.py
[2023-11-22T19:01:54.451+0000] {processor.py:829} INFO - Processing file /home/airflow/.local/lib/python3.8/site-packages/airflow/example_dags/example_dag_decorator.py for tasks to queue
[2023-11-22T19:01:54.452+0000] {logging_mixin.py:151} INFO - [2023-11-22T19:01:54.452+0000] {dagbag.py:536} INFO - Filling up the DagBag from /home/airflow/.local/lib/python3.8/site-packages/airflow/example_dags/example_dag_decorator.py
[2023-11-22T19:01:54.486+0000] {processor.py:839} INFO - DAG(s) dict_keys(['example_dag_decorator']) retrieved from /home/airflow/.local/lib/python3.8/site-packages/airflow/example_dags/example_dag_decorator.py
[2023-11-22T19:01:54.498+0000] {logging_mixin.py:151} INFO - [2023-11-22T19:01:54.497+0000] {dag.py:2941} INFO - Sync 1 DAGs
[2023-11-22T19:01:54.503+0000] {logging_mixin.py:151} INFO - [2023-11-22T19:01:54.503+0000] {dag.py:3722} INFO - Setting next_dagrun for example_dag_decorator to None, run_after=None
[2023-11-22T19:01:54.511+0000] {processor.py:179} INFO - Processing /home/airflow/.local/lib/python3.8/site-packages/airflow/example_dags/example_dag_decorator.py took 0.063 seconds
[2023-11-22T19:02:25.094+0000] {processor.py:157} INFO - Started process (PID=2929) to work on /home/airflow/.local/lib/python3.8/site-packages/airflow/example_dags/example_dag_decorator.py
[2023-11-22T19:02:25.094+0000] {processor.py:829} INFO - Processing file /home/airflow/.local/lib/python3.8/site-packages/airflow/example_dags/example_dag_decorator.py for tasks to queue
[2023-11-22T19:02:25.095+0000] {logging_mixin.py:151} INFO - [2023-11-22T19:02:25.095+0000] {dagbag.py:536} INFO - Filling up the DagBag from /home/airflow/.local/lib/python3.8/site-packages/airflow/example_dags/example_dag_decorator.py
[2023-11-22T19:02:25.128+0000] {processor.py:839} INFO - DAG(s) dict_keys(['example_dag_decorator']) retrieved from /home/airflow/.local/lib/python3.8/site-packages/airflow/example_dags/example_dag_decorator.py
[2023-11-22T19:02:25.175+0000] {logging_mixin.py:151} INFO - [2023-11-22T19:02:25.175+0000] {dag.py:2941} INFO - Sync 1 DAGs
[2023-11-22T19:02:25.180+0000] {logging_mixin.py:151} INFO - [2023-11-22T19:02:25.180+0000] {dag.py:3722} INFO - Setting next_dagrun for example_dag_decorator to None, run_after=None
[2023-11-22T19:02:25.188+0000] {processor.py:179} INFO - Processing /home/airflow/.local/lib/python3.8/site-packages/airflow/example_dags/example_dag_decorator.py took 0.096 seconds
[2023-11-22T19:02:55.781+0000] {processor.py:157} INFO - Started process (PID=2986) to work on /home/airflow/.local/lib/python3.8/site-packages/airflow/example_dags/example_dag_decorator.py
[2023-11-22T19:02:55.782+0000] {processor.py:829} INFO - Processing file /home/airflow/.local/lib/python3.8/site-packages/airflow/example_dags/example_dag_decorator.py for tasks to queue
[2023-11-22T19:02:55.783+0000] {logging_mixin.py:151} INFO - [2023-11-22T19:02:55.783+0000] {dagbag.py:536} INFO - Filling up the DagBag from /home/airflow/.local/lib/python3.8/site-packages/airflow/example_dags/example_dag_decorator.py
[2023-11-22T19:02:55.818+0000] {processor.py:839} INFO - DAG(s) dict_keys(['example_dag_decorator']) retrieved from /home/airflow/.local/lib/python3.8/site-packages/airflow/example_dags/example_dag_decorator.py
[2023-11-22T19:02:55.832+0000] {logging_mixin.py:151} INFO - [2023-11-22T19:02:55.832+0000] {dag.py:2941} INFO - Sync 1 DAGs
[2023-11-22T19:02:55.838+0000] {logging_mixin.py:151} INFO - [2023-11-22T19:02:55.838+0000] {dag.py:3722} INFO - Setting next_dagrun for example_dag_decorator to None, run_after=None
[2023-11-22T19:02:55.847+0000] {processor.py:179} INFO - Processing /home/airflow/.local/lib/python3.8/site-packages/airflow/example_dags/example_dag_decorator.py took 0.067 seconds
[2023-11-22T19:03:26.453+0000] {processor.py:157} INFO - Started process (PID=3042) to work on /home/airflow/.local/lib/python3.8/site-packages/airflow/example_dags/example_dag_decorator.py
[2023-11-22T19:03:26.453+0000] {processor.py:829} INFO - Processing file /home/airflow/.local/lib/python3.8/site-packages/airflow/example_dags/example_dag_decorator.py for tasks to queue
[2023-11-22T19:03:26.455+0000] {logging_mixin.py:151} INFO - [2023-11-22T19:03:26.454+0000] {dagbag.py:536} INFO - Filling up the DagBag from /home/airflow/.local/lib/python3.8/site-packages/airflow/example_dags/example_dag_decorator.py
[2023-11-22T19:03:26.488+0000] {processor.py:839} INFO - DAG(s) dict_keys(['example_dag_decorator']) retrieved from /home/airflow/.local/lib/python3.8/site-packages/airflow/example_dags/example_dag_decorator.py
[2023-11-22T19:03:26.533+0000] {logging_mixin.py:151} INFO - [2023-11-22T19:03:26.533+0000] {dag.py:2941} INFO - Sync 1 DAGs
[2023-11-22T19:03:26.538+0000] {logging_mixin.py:151} INFO - [2023-11-22T19:03:26.538+0000] {dag.py:3722} INFO - Setting next_dagrun for example_dag_decorator to None, run_after=None
[2023-11-22T19:03:26.545+0000] {processor.py:179} INFO - Processing /home/airflow/.local/lib/python3.8/site-packages/airflow/example_dags/example_dag_decorator.py took 0.097 seconds
[2023-11-22T19:03:57.136+0000] {processor.py:157} INFO - Started process (PID=3099) to work on /home/airflow/.local/lib/python3.8/site-packages/airflow/example_dags/example_dag_decorator.py
[2023-11-22T19:03:57.137+0000] {processor.py:829} INFO - Processing file /home/airflow/.local/lib/python3.8/site-packages/airflow/example_dags/example_dag_decorator.py for tasks to queue
[2023-11-22T19:03:57.138+0000] {logging_mixin.py:151} INFO - [2023-11-22T19:03:57.138+0000] {dagbag.py:536} INFO - Filling up the DagBag from /home/airflow/.local/lib/python3.8/site-packages/airflow/example_dags/example_dag_decorator.py
[2023-11-22T19:03:57.174+0000] {processor.py:839} INFO - DAG(s) dict_keys(['example_dag_decorator']) retrieved from /home/airflow/.local/lib/python3.8/site-packages/airflow/example_dags/example_dag_decorator.py
[2023-11-22T19:03:57.222+0000] {logging_mixin.py:151} INFO - [2023-11-22T19:03:57.222+0000] {dag.py:2941} INFO - Sync 1 DAGs
[2023-11-22T19:03:57.227+0000] {logging_mixin.py:151} INFO - [2023-11-22T19:03:57.227+0000] {dag.py:3722} INFO - Setting next_dagrun for example_dag_decorator to None, run_after=None
[2023-11-22T19:03:57.234+0000] {processor.py:179} INFO - Processing /home/airflow/.local/lib/python3.8/site-packages/airflow/example_dags/example_dag_decorator.py took 0.100 seconds
[2023-11-22T19:04:27.779+0000] {processor.py:157} INFO - Started process (PID=3156) to work on /home/airflow/.local/lib/python3.8/site-packages/airflow/example_dags/example_dag_decorator.py
[2023-11-22T19:04:27.780+0000] {processor.py:829} INFO - Processing file /home/airflow/.local/lib/python3.8/site-packages/airflow/example_dags/example_dag_decorator.py for tasks to queue
[2023-11-22T19:04:27.781+0000] {logging_mixin.py:151} INFO - [2023-11-22T19:04:27.781+0000] {dagbag.py:536} INFO - Filling up the DagBag from /home/airflow/.local/lib/python3.8/site-packages/airflow/example_dags/example_dag_decorator.py
[2023-11-22T19:04:27.818+0000] {processor.py:839} INFO - DAG(s) dict_keys(['example_dag_decorator']) retrieved from /home/airflow/.local/lib/python3.8/site-packages/airflow/example_dags/example_dag_decorator.py
[2023-11-22T19:04:27.832+0000] {logging_mixin.py:151} INFO - [2023-11-22T19:04:27.832+0000] {dag.py:2941} INFO - Sync 1 DAGs
[2023-11-22T19:04:27.840+0000] {logging_mixin.py:151} INFO - [2023-11-22T19:04:27.840+0000] {dag.py:3722} INFO - Setting next_dagrun for example_dag_decorator to None, run_after=None
[2023-11-22T19:04:27.849+0000] {processor.py:179} INFO - Processing /home/airflow/.local/lib/python3.8/site-packages/airflow/example_dags/example_dag_decorator.py took 0.072 seconds
[2023-11-22T19:04:58.434+0000] {processor.py:157} INFO - Started process (PID=3213) to work on /home/airflow/.local/lib/python3.8/site-packages/airflow/example_dags/example_dag_decorator.py
[2023-11-22T19:04:58.435+0000] {processor.py:829} INFO - Processing file /home/airflow/.local/lib/python3.8/site-packages/airflow/example_dags/example_dag_decorator.py for tasks to queue
[2023-11-22T19:04:58.436+0000] {logging_mixin.py:151} INFO - [2023-11-22T19:04:58.436+0000] {dagbag.py:536} INFO - Filling up the DagBag from /home/airflow/.local/lib/python3.8/site-packages/airflow/example_dags/example_dag_decorator.py
[2023-11-22T19:04:58.469+0000] {processor.py:839} INFO - DAG(s) dict_keys(['example_dag_decorator']) retrieved from /home/airflow/.local/lib/python3.8/site-packages/airflow/example_dags/example_dag_decorator.py
[2023-11-22T19:04:58.480+0000] {logging_mixin.py:151} INFO - [2023-11-22T19:04:58.480+0000] {dag.py:2941} INFO - Sync 1 DAGs
[2023-11-22T19:04:58.486+0000] {logging_mixin.py:151} INFO - [2023-11-22T19:04:58.486+0000] {dag.py:3722} INFO - Setting next_dagrun for example_dag_decorator to None, run_after=None
[2023-11-22T19:04:58.493+0000] {processor.py:179} INFO - Processing /home/airflow/.local/lib/python3.8/site-packages/airflow/example_dags/example_dag_decorator.py took 0.061 seconds
[2023-11-22T19:05:29.025+0000] {processor.py:157} INFO - Started process (PID=3271) to work on /home/airflow/.local/lib/python3.8/site-packages/airflow/example_dags/example_dag_decorator.py
[2023-11-22T19:05:29.026+0000] {processor.py:829} INFO - Processing file /home/airflow/.local/lib/python3.8/site-packages/airflow/example_dags/example_dag_decorator.py for tasks to queue
[2023-11-22T19:05:29.027+0000] {logging_mixin.py:151} INFO - [2023-11-22T19:05:29.027+0000] {dagbag.py:536} INFO - Filling up the DagBag from /home/airflow/.local/lib/python3.8/site-packages/airflow/example_dags/example_dag_decorator.py
[2023-11-22T19:05:29.059+0000] {processor.py:839} INFO - DAG(s) dict_keys(['example_dag_decorator']) retrieved from /home/airflow/.local/lib/python3.8/site-packages/airflow/example_dags/example_dag_decorator.py
[2023-11-22T19:05:29.102+0000] {logging_mixin.py:151} INFO - [2023-11-22T19:05:29.102+0000] {dag.py:2941} INFO - Sync 1 DAGs
[2023-11-22T19:05:29.107+0000] {logging_mixin.py:151} INFO - [2023-11-22T19:05:29.107+0000] {dag.py:3722} INFO - Setting next_dagrun for example_dag_decorator to None, run_after=None
[2023-11-22T19:05:29.114+0000] {processor.py:179} INFO - Processing /home/airflow/.local/lib/python3.8/site-packages/airflow/example_dags/example_dag_decorator.py took 0.092 seconds
[2023-11-22T19:05:59.747+0000] {processor.py:157} INFO - Started process (PID=3328) to work on /home/airflow/.local/lib/python3.8/site-packages/airflow/example_dags/example_dag_decorator.py
[2023-11-22T19:05:59.747+0000] {processor.py:829} INFO - Processing file /home/airflow/.local/lib/python3.8/site-packages/airflow/example_dags/example_dag_decorator.py for tasks to queue
[2023-11-22T19:05:59.749+0000] {logging_mixin.py:151} INFO - [2023-11-22T19:05:59.749+0000] {dagbag.py:536} INFO - Filling up the DagBag from /home/airflow/.local/lib/python3.8/site-packages/airflow/example_dags/example_dag_decorator.py
[2023-11-22T19:05:59.783+0000] {processor.py:839} INFO - DAG(s) dict_keys(['example_dag_decorator']) retrieved from /home/airflow/.local/lib/python3.8/site-packages/airflow/example_dags/example_dag_decorator.py
[2023-11-22T19:05:59.794+0000] {logging_mixin.py:151} INFO - [2023-11-22T19:05:59.794+0000] {dag.py:2941} INFO - Sync 1 DAGs
[2023-11-22T19:05:59.800+0000] {logging_mixin.py:151} INFO - [2023-11-22T19:05:59.800+0000] {dag.py:3722} INFO - Setting next_dagrun for example_dag_decorator to None, run_after=None
[2023-11-22T19:05:59.808+0000] {processor.py:179} INFO - Processing /home/airflow/.local/lib/python3.8/site-packages/airflow/example_dags/example_dag_decorator.py took 0.063 seconds
[2023-11-22T19:06:30.276+0000] {processor.py:157} INFO - Started process (PID=3385) to work on /home/airflow/.local/lib/python3.8/site-packages/airflow/example_dags/example_dag_decorator.py
[2023-11-22T19:06:30.277+0000] {processor.py:829} INFO - Processing file /home/airflow/.local/lib/python3.8/site-packages/airflow/example_dags/example_dag_decorator.py for tasks to queue
[2023-11-22T19:06:30.278+0000] {logging_mixin.py:151} INFO - [2023-11-22T19:06:30.278+0000] {dagbag.py:536} INFO - Filling up the DagBag from /home/airflow/.local/lib/python3.8/site-packages/airflow/example_dags/example_dag_decorator.py
[2023-11-22T19:06:30.315+0000] {processor.py:839} INFO - DAG(s) dict_keys(['example_dag_decorator']) retrieved from /home/airflow/.local/lib/python3.8/site-packages/airflow/example_dags/example_dag_decorator.py
[2023-11-22T19:06:30.366+0000] {logging_mixin.py:151} INFO - [2023-11-22T19:06:30.366+0000] {dag.py:2941} INFO - Sync 1 DAGs
[2023-11-22T19:06:30.371+0000] {logging_mixin.py:151} INFO - [2023-11-22T19:06:30.371+0000] {dag.py:3722} INFO - Setting next_dagrun for example_dag_decorator to None, run_after=None
[2023-11-22T19:06:30.379+0000] {processor.py:179} INFO - Processing /home/airflow/.local/lib/python3.8/site-packages/airflow/example_dags/example_dag_decorator.py took 0.104 seconds
[2023-11-22T19:07:00.830+0000] {processor.py:157} INFO - Started process (PID=3442) to work on /home/airflow/.local/lib/python3.8/site-packages/airflow/example_dags/example_dag_decorator.py
[2023-11-22T19:07:00.830+0000] {processor.py:829} INFO - Processing file /home/airflow/.local/lib/python3.8/site-packages/airflow/example_dags/example_dag_decorator.py for tasks to queue
[2023-11-22T19:07:00.831+0000] {logging_mixin.py:151} INFO - [2023-11-22T19:07:00.831+0000] {dagbag.py:536} INFO - Filling up the DagBag from /home/airflow/.local/lib/python3.8/site-packages/airflow/example_dags/example_dag_decorator.py
[2023-11-22T19:07:00.866+0000] {processor.py:839} INFO - DAG(s) dict_keys(['example_dag_decorator']) retrieved from /home/airflow/.local/lib/python3.8/site-packages/airflow/example_dags/example_dag_decorator.py
[2023-11-22T19:07:00.877+0000] {logging_mixin.py:151} INFO - [2023-11-22T19:07:00.877+0000] {dag.py:2941} INFO - Sync 1 DAGs
[2023-11-22T19:07:00.883+0000] {logging_mixin.py:151} INFO - [2023-11-22T19:07:00.883+0000] {dag.py:3722} INFO - Setting next_dagrun for example_dag_decorator to None, run_after=None
[2023-11-22T19:07:00.890+0000] {processor.py:179} INFO - Processing /home/airflow/.local/lib/python3.8/site-packages/airflow/example_dags/example_dag_decorator.py took 0.062 seconds
[2023-11-22T19:07:31.339+0000] {processor.py:157} INFO - Started process (PID=3499) to work on /home/airflow/.local/lib/python3.8/site-packages/airflow/example_dags/example_dag_decorator.py
[2023-11-22T19:07:31.340+0000] {processor.py:829} INFO - Processing file /home/airflow/.local/lib/python3.8/site-packages/airflow/example_dags/example_dag_decorator.py for tasks to queue
[2023-11-22T19:07:31.342+0000] {logging_mixin.py:151} INFO - [2023-11-22T19:07:31.341+0000] {dagbag.py:536} INFO - Filling up the DagBag from /home/airflow/.local/lib/python3.8/site-packages/airflow/example_dags/example_dag_decorator.py
[2023-11-22T19:07:31.380+0000] {processor.py:839} INFO - DAG(s) dict_keys(['example_dag_decorator']) retrieved from /home/airflow/.local/lib/python3.8/site-packages/airflow/example_dags/example_dag_decorator.py
[2023-11-22T19:07:31.391+0000] {logging_mixin.py:151} INFO - [2023-11-22T19:07:31.391+0000] {dag.py:2941} INFO - Sync 1 DAGs
[2023-11-22T19:07:31.396+0000] {logging_mixin.py:151} INFO - [2023-11-22T19:07:31.396+0000] {dag.py:3722} INFO - Setting next_dagrun for example_dag_decorator to None, run_after=None
[2023-11-22T19:07:31.404+0000] {processor.py:179} INFO - Processing /home/airflow/.local/lib/python3.8/site-packages/airflow/example_dags/example_dag_decorator.py took 0.067 seconds
[2023-11-22T19:08:01.926+0000] {processor.py:157} INFO - Started process (PID=3556) to work on /home/airflow/.local/lib/python3.8/site-packages/airflow/example_dags/example_dag_decorator.py
[2023-11-22T19:08:01.927+0000] {processor.py:829} INFO - Processing file /home/airflow/.local/lib/python3.8/site-packages/airflow/example_dags/example_dag_decorator.py for tasks to queue
[2023-11-22T19:08:01.929+0000] {logging_mixin.py:151} INFO - [2023-11-22T19:08:01.929+0000] {dagbag.py:536} INFO - Filling up the DagBag from /home/airflow/.local/lib/python3.8/site-packages/airflow/example_dags/example_dag_decorator.py
[2023-11-22T19:08:01.970+0000] {processor.py:839} INFO - DAG(s) dict_keys(['example_dag_decorator']) retrieved from /home/airflow/.local/lib/python3.8/site-packages/airflow/example_dags/example_dag_decorator.py
[2023-11-22T19:08:01.981+0000] {logging_mixin.py:151} INFO - [2023-11-22T19:08:01.981+0000] {dag.py:2941} INFO - Sync 1 DAGs
[2023-11-22T19:08:01.987+0000] {logging_mixin.py:151} INFO - [2023-11-22T19:08:01.987+0000] {dag.py:3722} INFO - Setting next_dagrun for example_dag_decorator to None, run_after=None
[2023-11-22T19:08:01.994+0000] {processor.py:179} INFO - Processing /home/airflow/.local/lib/python3.8/site-packages/airflow/example_dags/example_dag_decorator.py took 0.070 seconds
[2023-11-22T19:08:32.492+0000] {processor.py:157} INFO - Started process (PID=3613) to work on /home/airflow/.local/lib/python3.8/site-packages/airflow/example_dags/example_dag_decorator.py
[2023-11-22T19:08:32.493+0000] {processor.py:829} INFO - Processing file /home/airflow/.local/lib/python3.8/site-packages/airflow/example_dags/example_dag_decorator.py for tasks to queue
[2023-11-22T19:08:32.495+0000] {logging_mixin.py:151} INFO - [2023-11-22T19:08:32.495+0000] {dagbag.py:536} INFO - Filling up the DagBag from /home/airflow/.local/lib/python3.8/site-packages/airflow/example_dags/example_dag_decorator.py
[2023-11-22T19:08:32.540+0000] {processor.py:839} INFO - DAG(s) dict_keys(['example_dag_decorator']) retrieved from /home/airflow/.local/lib/python3.8/site-packages/airflow/example_dags/example_dag_decorator.py
[2023-11-22T19:08:32.586+0000] {logging_mixin.py:151} INFO - [2023-11-22T19:08:32.586+0000] {dag.py:2941} INFO - Sync 1 DAGs
[2023-11-22T19:08:32.591+0000] {logging_mixin.py:151} INFO - [2023-11-22T19:08:32.591+0000] {dag.py:3722} INFO - Setting next_dagrun for example_dag_decorator to None, run_after=None
[2023-11-22T19:08:32.599+0000] {processor.py:179} INFO - Processing /home/airflow/.local/lib/python3.8/site-packages/airflow/example_dags/example_dag_decorator.py took 0.111 seconds
[2023-11-22T19:09:03.103+0000] {processor.py:157} INFO - Started process (PID=3670) to work on /home/airflow/.local/lib/python3.8/site-packages/airflow/example_dags/example_dag_decorator.py
[2023-11-22T19:09:03.104+0000] {processor.py:829} INFO - Processing file /home/airflow/.local/lib/python3.8/site-packages/airflow/example_dags/example_dag_decorator.py for tasks to queue
[2023-11-22T19:09:03.106+0000] {logging_mixin.py:151} INFO - [2023-11-22T19:09:03.106+0000] {dagbag.py:536} INFO - Filling up the DagBag from /home/airflow/.local/lib/python3.8/site-packages/airflow/example_dags/example_dag_decorator.py
[2023-11-22T19:09:03.148+0000] {processor.py:839} INFO - DAG(s) dict_keys(['example_dag_decorator']) retrieved from /home/airflow/.local/lib/python3.8/site-packages/airflow/example_dags/example_dag_decorator.py
[2023-11-22T19:09:03.158+0000] {logging_mixin.py:151} INFO - [2023-11-22T19:09:03.158+0000] {dag.py:2941} INFO - Sync 1 DAGs
[2023-11-22T19:09:03.163+0000] {logging_mixin.py:151} INFO - [2023-11-22T19:09:03.163+0000] {dag.py:3722} INFO - Setting next_dagrun for example_dag_decorator to None, run_after=None
[2023-11-22T19:09:03.171+0000] {processor.py:179} INFO - Processing /home/airflow/.local/lib/python3.8/site-packages/airflow/example_dags/example_dag_decorator.py took 0.071 seconds
[2023-11-22T19:09:33.727+0000] {processor.py:157} INFO - Started process (PID=3727) to work on /home/airflow/.local/lib/python3.8/site-packages/airflow/example_dags/example_dag_decorator.py
[2023-11-22T19:09:33.728+0000] {processor.py:829} INFO - Processing file /home/airflow/.local/lib/python3.8/site-packages/airflow/example_dags/example_dag_decorator.py for tasks to queue
[2023-11-22T19:09:33.731+0000] {logging_mixin.py:151} INFO - [2023-11-22T19:09:33.730+0000] {dagbag.py:536} INFO - Filling up the DagBag from /home/airflow/.local/lib/python3.8/site-packages/airflow/example_dags/example_dag_decorator.py
[2023-11-22T19:09:33.776+0000] {processor.py:839} INFO - DAG(s) dict_keys(['example_dag_decorator']) retrieved from /home/airflow/.local/lib/python3.8/site-packages/airflow/example_dags/example_dag_decorator.py
[2023-11-22T19:09:33.823+0000] {logging_mixin.py:151} INFO - [2023-11-22T19:09:33.823+0000] {dag.py:2941} INFO - Sync 1 DAGs
[2023-11-22T19:09:33.829+0000] {logging_mixin.py:151} INFO - [2023-11-22T19:09:33.829+0000] {dag.py:3722} INFO - Setting next_dagrun for example_dag_decorator to None, run_after=None
[2023-11-22T19:09:33.837+0000] {processor.py:179} INFO - Processing /home/airflow/.local/lib/python3.8/site-packages/airflow/example_dags/example_dag_decorator.py took 0.114 seconds
[2023-11-22T19:10:04.373+0000] {processor.py:157} INFO - Started process (PID=3784) to work on /home/airflow/.local/lib/python3.8/site-packages/airflow/example_dags/example_dag_decorator.py
[2023-11-22T19:10:04.374+0000] {processor.py:829} INFO - Processing file /home/airflow/.local/lib/python3.8/site-packages/airflow/example_dags/example_dag_decorator.py for tasks to queue
[2023-11-22T19:10:04.376+0000] {logging_mixin.py:151} INFO - [2023-11-22T19:10:04.376+0000] {dagbag.py:536} INFO - Filling up the DagBag from /home/airflow/.local/lib/python3.8/site-packages/airflow/example_dags/example_dag_decorator.py
[2023-11-22T19:10:04.423+0000] {processor.py:839} INFO - DAG(s) dict_keys(['example_dag_decorator']) retrieved from /home/airflow/.local/lib/python3.8/site-packages/airflow/example_dags/example_dag_decorator.py
[2023-11-22T19:10:04.433+0000] {logging_mixin.py:151} INFO - [2023-11-22T19:10:04.433+0000] {dag.py:2941} INFO - Sync 1 DAGs
[2023-11-22T19:10:04.439+0000] {logging_mixin.py:151} INFO - [2023-11-22T19:10:04.439+0000] {dag.py:3722} INFO - Setting next_dagrun for example_dag_decorator to None, run_after=None
[2023-11-22T19:10:04.446+0000] {processor.py:179} INFO - Processing /home/airflow/.local/lib/python3.8/site-packages/airflow/example_dags/example_dag_decorator.py took 0.077 seconds
[2023-11-22T19:10:34.934+0000] {processor.py:157} INFO - Started process (PID=3841) to work on /home/airflow/.local/lib/python3.8/site-packages/airflow/example_dags/example_dag_decorator.py
[2023-11-22T19:10:34.935+0000] {processor.py:829} INFO - Processing file /home/airflow/.local/lib/python3.8/site-packages/airflow/example_dags/example_dag_decorator.py for tasks to queue
[2023-11-22T19:10:34.937+0000] {logging_mixin.py:151} INFO - [2023-11-22T19:10:34.937+0000] {dagbag.py:536} INFO - Filling up the DagBag from /home/airflow/.local/lib/python3.8/site-packages/airflow/example_dags/example_dag_decorator.py
[2023-11-22T19:10:34.984+0000] {processor.py:839} INFO - DAG(s) dict_keys(['example_dag_decorator']) retrieved from /home/airflow/.local/lib/python3.8/site-packages/airflow/example_dags/example_dag_decorator.py
[2023-11-22T19:10:34.994+0000] {logging_mixin.py:151} INFO - [2023-11-22T19:10:34.994+0000] {dag.py:2941} INFO - Sync 1 DAGs
[2023-11-22T19:10:35.000+0000] {logging_mixin.py:151} INFO - [2023-11-22T19:10:35.000+0000] {dag.py:3722} INFO - Setting next_dagrun for example_dag_decorator to None, run_after=None
[2023-11-22T19:10:35.007+0000] {processor.py:179} INFO - Processing /home/airflow/.local/lib/python3.8/site-packages/airflow/example_dags/example_dag_decorator.py took 0.078 seconds
[2023-11-22T19:11:05.512+0000] {processor.py:157} INFO - Started process (PID=3898) to work on /home/airflow/.local/lib/python3.8/site-packages/airflow/example_dags/example_dag_decorator.py
[2023-11-22T19:11:05.513+0000] {processor.py:829} INFO - Processing file /home/airflow/.local/lib/python3.8/site-packages/airflow/example_dags/example_dag_decorator.py for tasks to queue
[2023-11-22T19:11:05.515+0000] {logging_mixin.py:151} INFO - [2023-11-22T19:11:05.515+0000] {dagbag.py:536} INFO - Filling up the DagBag from /home/airflow/.local/lib/python3.8/site-packages/airflow/example_dags/example_dag_decorator.py
[2023-11-22T19:11:05.560+0000] {processor.py:839} INFO - DAG(s) dict_keys(['example_dag_decorator']) retrieved from /home/airflow/.local/lib/python3.8/site-packages/airflow/example_dags/example_dag_decorator.py
[2023-11-22T19:11:05.571+0000] {logging_mixin.py:151} INFO - [2023-11-22T19:11:05.571+0000] {dag.py:2941} INFO - Sync 1 DAGs
[2023-11-22T19:11:05.577+0000] {logging_mixin.py:151} INFO - [2023-11-22T19:11:05.577+0000] {dag.py:3722} INFO - Setting next_dagrun for example_dag_decorator to None, run_after=None
[2023-11-22T19:11:05.584+0000] {processor.py:179} INFO - Processing /home/airflow/.local/lib/python3.8/site-packages/airflow/example_dags/example_dag_decorator.py took 0.076 seconds
[2023-11-22T19:11:36.052+0000] {processor.py:157} INFO - Started process (PID=3955) to work on /home/airflow/.local/lib/python3.8/site-packages/airflow/example_dags/example_dag_decorator.py
[2023-11-22T19:11:36.054+0000] {processor.py:829} INFO - Processing file /home/airflow/.local/lib/python3.8/site-packages/airflow/example_dags/example_dag_decorator.py for tasks to queue
[2023-11-22T19:11:36.056+0000] {logging_mixin.py:151} INFO - [2023-11-22T19:11:36.056+0000] {dagbag.py:536} INFO - Filling up the DagBag from /home/airflow/.local/lib/python3.8/site-packages/airflow/example_dags/example_dag_decorator.py
[2023-11-22T19:11:36.101+0000] {processor.py:839} INFO - DAG(s) dict_keys(['example_dag_decorator']) retrieved from /home/airflow/.local/lib/python3.8/site-packages/airflow/example_dags/example_dag_decorator.py
[2023-11-22T19:11:36.144+0000] {logging_mixin.py:151} INFO - [2023-11-22T19:11:36.144+0000] {dag.py:2941} INFO - Sync 1 DAGs
[2023-11-22T19:11:36.149+0000] {logging_mixin.py:151} INFO - [2023-11-22T19:11:36.149+0000] {dag.py:3722} INFO - Setting next_dagrun for example_dag_decorator to None, run_after=None
[2023-11-22T19:11:36.158+0000] {processor.py:179} INFO - Processing /home/airflow/.local/lib/python3.8/site-packages/airflow/example_dags/example_dag_decorator.py took 0.109 seconds
[2023-11-22T19:12:06.889+0000] {processor.py:157} INFO - Started process (PID=4012) to work on /home/airflow/.local/lib/python3.8/site-packages/airflow/example_dags/example_dag_decorator.py
[2023-11-22T19:12:06.890+0000] {processor.py:829} INFO - Processing file /home/airflow/.local/lib/python3.8/site-packages/airflow/example_dags/example_dag_decorator.py for tasks to queue
[2023-11-22T19:12:06.892+0000] {logging_mixin.py:151} INFO - [2023-11-22T19:12:06.892+0000] {dagbag.py:536} INFO - Filling up the DagBag from /home/airflow/.local/lib/python3.8/site-packages/airflow/example_dags/example_dag_decorator.py
[2023-11-22T19:12:06.935+0000] {processor.py:839} INFO - DAG(s) dict_keys(['example_dag_decorator']) retrieved from /home/airflow/.local/lib/python3.8/site-packages/airflow/example_dags/example_dag_decorator.py
[2023-11-22T19:12:06.946+0000] {logging_mixin.py:151} INFO - [2023-11-22T19:12:06.945+0000] {dag.py:2941} INFO - Sync 1 DAGs
[2023-11-22T19:12:06.952+0000] {logging_mixin.py:151} INFO - [2023-11-22T19:12:06.952+0000] {dag.py:3722} INFO - Setting next_dagrun for example_dag_decorator to None, run_after=None
[2023-11-22T19:12:06.959+0000] {processor.py:179} INFO - Processing /home/airflow/.local/lib/python3.8/site-packages/airflow/example_dags/example_dag_decorator.py took 0.073 seconds
[2023-11-22T19:12:37.639+0000] {processor.py:157} INFO - Started process (PID=4068) to work on /home/airflow/.local/lib/python3.8/site-packages/airflow/example_dags/example_dag_decorator.py
[2023-11-22T19:12:37.640+0000] {processor.py:829} INFO - Processing file /home/airflow/.local/lib/python3.8/site-packages/airflow/example_dags/example_dag_decorator.py for tasks to queue
[2023-11-22T19:12:37.643+0000] {logging_mixin.py:151} INFO - [2023-11-22T19:12:37.642+0000] {dagbag.py:536} INFO - Filling up the DagBag from /home/airflow/.local/lib/python3.8/site-packages/airflow/example_dags/example_dag_decorator.py
[2023-11-22T19:12:37.690+0000] {processor.py:839} INFO - DAG(s) dict_keys(['example_dag_decorator']) retrieved from /home/airflow/.local/lib/python3.8/site-packages/airflow/example_dags/example_dag_decorator.py
[2023-11-22T19:12:37.738+0000] {logging_mixin.py:151} INFO - [2023-11-22T19:12:37.738+0000] {dag.py:2941} INFO - Sync 1 DAGs
[2023-11-22T19:12:37.743+0000] {logging_mixin.py:151} INFO - [2023-11-22T19:12:37.743+0000] {dag.py:3722} INFO - Setting next_dagrun for example_dag_decorator to None, run_after=None
[2023-11-22T19:12:37.752+0000] {processor.py:179} INFO - Processing /home/airflow/.local/lib/python3.8/site-packages/airflow/example_dags/example_dag_decorator.py took 0.118 seconds
[2023-11-22T19:13:08.344+0000] {processor.py:157} INFO - Started process (PID=4125) to work on /home/airflow/.local/lib/python3.8/site-packages/airflow/example_dags/example_dag_decorator.py
[2023-11-22T19:13:08.345+0000] {processor.py:829} INFO - Processing file /home/airflow/.local/lib/python3.8/site-packages/airflow/example_dags/example_dag_decorator.py for tasks to queue
[2023-11-22T19:13:08.348+0000] {logging_mixin.py:151} INFO - [2023-11-22T19:13:08.347+0000] {dagbag.py:536} INFO - Filling up the DagBag from /home/airflow/.local/lib/python3.8/site-packages/airflow/example_dags/example_dag_decorator.py
[2023-11-22T19:13:08.395+0000] {processor.py:839} INFO - DAG(s) dict_keys(['example_dag_decorator']) retrieved from /home/airflow/.local/lib/python3.8/site-packages/airflow/example_dags/example_dag_decorator.py
[2023-11-22T19:13:08.406+0000] {logging_mixin.py:151} INFO - [2023-11-22T19:13:08.406+0000] {dag.py:2941} INFO - Sync 1 DAGs
[2023-11-22T19:13:08.412+0000] {logging_mixin.py:151} INFO - [2023-11-22T19:13:08.412+0000] {dag.py:3722} INFO - Setting next_dagrun for example_dag_decorator to None, run_after=None
[2023-11-22T19:13:08.420+0000] {processor.py:179} INFO - Processing /home/airflow/.local/lib/python3.8/site-packages/airflow/example_dags/example_dag_decorator.py took 0.080 seconds
[2023-11-22T19:13:38.959+0000] {processor.py:157} INFO - Started process (PID=4182) to work on /home/airflow/.local/lib/python3.8/site-packages/airflow/example_dags/example_dag_decorator.py
[2023-11-22T19:13:38.960+0000] {processor.py:829} INFO - Processing file /home/airflow/.local/lib/python3.8/site-packages/airflow/example_dags/example_dag_decorator.py for tasks to queue
[2023-11-22T19:13:38.963+0000] {logging_mixin.py:151} INFO - [2023-11-22T19:13:38.963+0000] {dagbag.py:536} INFO - Filling up the DagBag from /home/airflow/.local/lib/python3.8/site-packages/airflow/example_dags/example_dag_decorator.py
[2023-11-22T19:13:39.007+0000] {processor.py:839} INFO - DAG(s) dict_keys(['example_dag_decorator']) retrieved from /home/airflow/.local/lib/python3.8/site-packages/airflow/example_dags/example_dag_decorator.py
[2023-11-22T19:13:39.018+0000] {logging_mixin.py:151} INFO - [2023-11-22T19:13:39.018+0000] {dag.py:2941} INFO - Sync 1 DAGs
[2023-11-22T19:13:39.024+0000] {logging_mixin.py:151} INFO - [2023-11-22T19:13:39.023+0000] {dag.py:3722} INFO - Setting next_dagrun for example_dag_decorator to None, run_after=None
[2023-11-22T19:13:39.031+0000] {processor.py:179} INFO - Processing /home/airflow/.local/lib/python3.8/site-packages/airflow/example_dags/example_dag_decorator.py took 0.075 seconds
