[2023-11-22T18:36:49.852+0000] {processor.py:157} INFO - Started process (PID=78) to work on /home/airflow/.local/lib/python3.8/site-packages/airflow/example_dags/example_task_group.py
[2023-11-22T18:36:49.852+0000] {processor.py:829} INFO - Processing file /home/airflow/.local/lib/python3.8/site-packages/airflow/example_dags/example_task_group.py for tasks to queue
[2023-11-22T18:36:49.854+0000] {logging_mixin.py:151} INFO - [2023-11-22T18:36:49.854+0000] {dagbag.py:536} INFO - Filling up the DagBag from /home/airflow/.local/lib/python3.8/site-packages/airflow/example_dags/example_task_group.py
[2023-11-22T18:36:49.859+0000] {processor.py:839} INFO - DAG(s) dict_keys(['example_task_group']) retrieved from /home/airflow/.local/lib/python3.8/site-packages/airflow/example_dags/example_task_group.py
[2023-11-22T18:36:49.872+0000] {logging_mixin.py:151} INFO - [2023-11-22T18:36:49.872+0000] {dag.py:2941} INFO - Sync 1 DAGs
[2023-11-22T18:36:49.890+0000] {logging_mixin.py:151} INFO - [2023-11-22T18:36:49.890+0000] {dag.py:3722} INFO - Setting next_dagrun for example_task_group to 2023-11-21T18:36:49.889786+00:00, run_after=2023-11-22T18:36:49.889786+00:00
[2023-11-22T18:36:49.910+0000] {processor.py:179} INFO - Processing /home/airflow/.local/lib/python3.8/site-packages/airflow/example_dags/example_task_group.py took 0.060 seconds
[2023-11-22T18:37:20.642+0000] {processor.py:157} INFO - Started process (PID=135) to work on /home/airflow/.local/lib/python3.8/site-packages/airflow/example_dags/example_task_group.py
[2023-11-22T18:37:20.643+0000] {processor.py:829} INFO - Processing file /home/airflow/.local/lib/python3.8/site-packages/airflow/example_dags/example_task_group.py for tasks to queue
[2023-11-22T18:37:20.644+0000] {logging_mixin.py:151} INFO - [2023-11-22T18:37:20.644+0000] {dagbag.py:536} INFO - Filling up the DagBag from /home/airflow/.local/lib/python3.8/site-packages/airflow/example_dags/example_task_group.py
[2023-11-22T18:37:20.648+0000] {processor.py:839} INFO - DAG(s) dict_keys(['example_task_group']) retrieved from /home/airflow/.local/lib/python3.8/site-packages/airflow/example_dags/example_task_group.py
[2023-11-22T18:37:20.659+0000] {logging_mixin.py:151} INFO - [2023-11-22T18:37:20.659+0000] {dag.py:2941} INFO - Sync 1 DAGs
[2023-11-22T18:37:20.670+0000] {logging_mixin.py:151} INFO - [2023-11-22T18:37:20.670+0000] {dag.py:3722} INFO - Setting next_dagrun for example_task_group to 2023-11-21T18:37:20.669997+00:00, run_after=2023-11-22T18:37:20.669997+00:00
[2023-11-22T18:37:20.702+0000] {processor.py:179} INFO - Processing /home/airflow/.local/lib/python3.8/site-packages/airflow/example_dags/example_task_group.py took 0.061 seconds
[2023-11-22T18:37:51.566+0000] {processor.py:157} INFO - Started process (PID=192) to work on /home/airflow/.local/lib/python3.8/site-packages/airflow/example_dags/example_task_group.py
[2023-11-22T18:37:51.567+0000] {processor.py:829} INFO - Processing file /home/airflow/.local/lib/python3.8/site-packages/airflow/example_dags/example_task_group.py for tasks to queue
[2023-11-22T18:37:51.568+0000] {logging_mixin.py:151} INFO - [2023-11-22T18:37:51.568+0000] {dagbag.py:536} INFO - Filling up the DagBag from /home/airflow/.local/lib/python3.8/site-packages/airflow/example_dags/example_task_group.py
[2023-11-22T18:37:51.572+0000] {processor.py:839} INFO - DAG(s) dict_keys(['example_task_group']) retrieved from /home/airflow/.local/lib/python3.8/site-packages/airflow/example_dags/example_task_group.py
[2023-11-22T18:37:51.582+0000] {logging_mixin.py:151} INFO - [2023-11-22T18:37:51.581+0000] {dag.py:2941} INFO - Sync 1 DAGs
[2023-11-22T18:37:51.591+0000] {logging_mixin.py:151} INFO - [2023-11-22T18:37:51.591+0000] {dag.py:3722} INFO - Setting next_dagrun for example_task_group to 2023-11-21T18:37:51.591201+00:00, run_after=2023-11-22T18:37:51.591201+00:00
[2023-11-22T18:37:51.599+0000] {processor.py:179} INFO - Processing /home/airflow/.local/lib/python3.8/site-packages/airflow/example_dags/example_task_group.py took 0.034 seconds
[2023-11-22T18:38:22.354+0000] {processor.py:157} INFO - Started process (PID=249) to work on /home/airflow/.local/lib/python3.8/site-packages/airflow/example_dags/example_task_group.py
[2023-11-22T18:38:22.354+0000] {processor.py:829} INFO - Processing file /home/airflow/.local/lib/python3.8/site-packages/airflow/example_dags/example_task_group.py for tasks to queue
[2023-11-22T18:38:22.355+0000] {logging_mixin.py:151} INFO - [2023-11-22T18:38:22.355+0000] {dagbag.py:536} INFO - Filling up the DagBag from /home/airflow/.local/lib/python3.8/site-packages/airflow/example_dags/example_task_group.py
[2023-11-22T18:38:22.359+0000] {processor.py:839} INFO - DAG(s) dict_keys(['example_task_group']) retrieved from /home/airflow/.local/lib/python3.8/site-packages/airflow/example_dags/example_task_group.py
[2023-11-22T18:38:22.369+0000] {logging_mixin.py:151} INFO - [2023-11-22T18:38:22.369+0000] {dag.py:2941} INFO - Sync 1 DAGs
[2023-11-22T18:38:22.379+0000] {logging_mixin.py:151} INFO - [2023-11-22T18:38:22.379+0000] {dag.py:3722} INFO - Setting next_dagrun for example_task_group to 2023-11-21T18:38:22.378965+00:00, run_after=2023-11-22T18:38:22.378965+00:00
[2023-11-22T18:38:22.386+0000] {processor.py:179} INFO - Processing /home/airflow/.local/lib/python3.8/site-packages/airflow/example_dags/example_task_group.py took 0.034 seconds
[2023-11-22T18:38:53.070+0000] {processor.py:157} INFO - Started process (PID=306) to work on /home/airflow/.local/lib/python3.8/site-packages/airflow/example_dags/example_task_group.py
[2023-11-22T18:38:53.070+0000] {processor.py:829} INFO - Processing file /home/airflow/.local/lib/python3.8/site-packages/airflow/example_dags/example_task_group.py for tasks to queue
[2023-11-22T18:38:53.071+0000] {logging_mixin.py:151} INFO - [2023-11-22T18:38:53.071+0000] {dagbag.py:536} INFO - Filling up the DagBag from /home/airflow/.local/lib/python3.8/site-packages/airflow/example_dags/example_task_group.py
[2023-11-22T18:38:53.074+0000] {processor.py:839} INFO - DAG(s) dict_keys(['example_task_group']) retrieved from /home/airflow/.local/lib/python3.8/site-packages/airflow/example_dags/example_task_group.py
[2023-11-22T18:38:53.084+0000] {logging_mixin.py:151} INFO - [2023-11-22T18:38:53.084+0000] {dag.py:2941} INFO - Sync 1 DAGs
[2023-11-22T18:38:53.093+0000] {logging_mixin.py:151} INFO - [2023-11-22T18:38:53.093+0000] {dag.py:3722} INFO - Setting next_dagrun for example_task_group to 2023-11-21T18:38:53.093136+00:00, run_after=2023-11-22T18:38:53.093136+00:00
[2023-11-22T18:38:53.100+0000] {processor.py:179} INFO - Processing /home/airflow/.local/lib/python3.8/site-packages/airflow/example_dags/example_task_group.py took 0.032 seconds
[2023-11-22T18:39:23.851+0000] {processor.py:157} INFO - Started process (PID=363) to work on /home/airflow/.local/lib/python3.8/site-packages/airflow/example_dags/example_task_group.py
[2023-11-22T18:39:23.851+0000] {processor.py:829} INFO - Processing file /home/airflow/.local/lib/python3.8/site-packages/airflow/example_dags/example_task_group.py for tasks to queue
[2023-11-22T18:39:23.852+0000] {logging_mixin.py:151} INFO - [2023-11-22T18:39:23.852+0000] {dagbag.py:536} INFO - Filling up the DagBag from /home/airflow/.local/lib/python3.8/site-packages/airflow/example_dags/example_task_group.py
[2023-11-22T18:39:23.856+0000] {processor.py:839} INFO - DAG(s) dict_keys(['example_task_group']) retrieved from /home/airflow/.local/lib/python3.8/site-packages/airflow/example_dags/example_task_group.py
[2023-11-22T18:39:23.866+0000] {logging_mixin.py:151} INFO - [2023-11-22T18:39:23.865+0000] {dag.py:2941} INFO - Sync 1 DAGs
[2023-11-22T18:39:23.875+0000] {logging_mixin.py:151} INFO - [2023-11-22T18:39:23.875+0000] {dag.py:3722} INFO - Setting next_dagrun for example_task_group to 2023-11-21T18:39:23.875003+00:00, run_after=2023-11-22T18:39:23.875003+00:00
[2023-11-22T18:39:23.882+0000] {processor.py:179} INFO - Processing /home/airflow/.local/lib/python3.8/site-packages/airflow/example_dags/example_task_group.py took 0.033 seconds
[2023-11-22T18:39:54.594+0000] {processor.py:157} INFO - Started process (PID=421) to work on /home/airflow/.local/lib/python3.8/site-packages/airflow/example_dags/example_task_group.py
[2023-11-22T18:39:54.594+0000] {processor.py:829} INFO - Processing file /home/airflow/.local/lib/python3.8/site-packages/airflow/example_dags/example_task_group.py for tasks to queue
[2023-11-22T18:39:54.595+0000] {logging_mixin.py:151} INFO - [2023-11-22T18:39:54.595+0000] {dagbag.py:536} INFO - Filling up the DagBag from /home/airflow/.local/lib/python3.8/site-packages/airflow/example_dags/example_task_group.py
[2023-11-22T18:39:54.599+0000] {processor.py:839} INFO - DAG(s) dict_keys(['example_task_group']) retrieved from /home/airflow/.local/lib/python3.8/site-packages/airflow/example_dags/example_task_group.py
[2023-11-22T18:39:54.609+0000] {logging_mixin.py:151} INFO - [2023-11-22T18:39:54.608+0000] {dag.py:2941} INFO - Sync 1 DAGs
[2023-11-22T18:39:54.618+0000] {logging_mixin.py:151} INFO - [2023-11-22T18:39:54.618+0000] {dag.py:3722} INFO - Setting next_dagrun for example_task_group to 2023-11-21T18:39:54.618059+00:00, run_after=2023-11-22T18:39:54.618059+00:00
[2023-11-22T18:39:54.625+0000] {processor.py:179} INFO - Processing /home/airflow/.local/lib/python3.8/site-packages/airflow/example_dags/example_task_group.py took 0.033 seconds
[2023-11-22T18:40:25.301+0000] {processor.py:157} INFO - Started process (PID=478) to work on /home/airflow/.local/lib/python3.8/site-packages/airflow/example_dags/example_task_group.py
[2023-11-22T18:40:25.302+0000] {processor.py:829} INFO - Processing file /home/airflow/.local/lib/python3.8/site-packages/airflow/example_dags/example_task_group.py for tasks to queue
[2023-11-22T18:40:25.303+0000] {logging_mixin.py:151} INFO - [2023-11-22T18:40:25.303+0000] {dagbag.py:536} INFO - Filling up the DagBag from /home/airflow/.local/lib/python3.8/site-packages/airflow/example_dags/example_task_group.py
[2023-11-22T18:40:25.307+0000] {processor.py:839} INFO - DAG(s) dict_keys(['example_task_group']) retrieved from /home/airflow/.local/lib/python3.8/site-packages/airflow/example_dags/example_task_group.py
[2023-11-22T18:40:25.316+0000] {logging_mixin.py:151} INFO - [2023-11-22T18:40:25.316+0000] {dag.py:2941} INFO - Sync 1 DAGs
[2023-11-22T18:40:25.326+0000] {logging_mixin.py:151} INFO - [2023-11-22T18:40:25.326+0000] {dag.py:3722} INFO - Setting next_dagrun for example_task_group to 2023-11-21T18:40:25.325903+00:00, run_after=2023-11-22T18:40:25.325903+00:00
[2023-11-22T18:40:25.333+0000] {processor.py:179} INFO - Processing /home/airflow/.local/lib/python3.8/site-packages/airflow/example_dags/example_task_group.py took 0.033 seconds
[2023-11-22T18:40:56.096+0000] {processor.py:157} INFO - Started process (PID=535) to work on /home/airflow/.local/lib/python3.8/site-packages/airflow/example_dags/example_task_group.py
[2023-11-22T18:40:56.096+0000] {processor.py:829} INFO - Processing file /home/airflow/.local/lib/python3.8/site-packages/airflow/example_dags/example_task_group.py for tasks to queue
[2023-11-22T18:40:56.097+0000] {logging_mixin.py:151} INFO - [2023-11-22T18:40:56.097+0000] {dagbag.py:536} INFO - Filling up the DagBag from /home/airflow/.local/lib/python3.8/site-packages/airflow/example_dags/example_task_group.py
[2023-11-22T18:40:56.101+0000] {processor.py:839} INFO - DAG(s) dict_keys(['example_task_group']) retrieved from /home/airflow/.local/lib/python3.8/site-packages/airflow/example_dags/example_task_group.py
[2023-11-22T18:40:56.111+0000] {logging_mixin.py:151} INFO - [2023-11-22T18:40:56.111+0000] {dag.py:2941} INFO - Sync 1 DAGs
[2023-11-22T18:40:56.120+0000] {logging_mixin.py:151} INFO - [2023-11-22T18:40:56.120+0000] {dag.py:3722} INFO - Setting next_dagrun for example_task_group to 2023-11-21T18:40:56.120325+00:00, run_after=2023-11-22T18:40:56.120325+00:00
[2023-11-22T18:40:56.128+0000] {processor.py:179} INFO - Processing /home/airflow/.local/lib/python3.8/site-packages/airflow/example_dags/example_task_group.py took 0.034 seconds
[2023-11-22T18:41:26.960+0000] {processor.py:157} INFO - Started process (PID=592) to work on /home/airflow/.local/lib/python3.8/site-packages/airflow/example_dags/example_task_group.py
[2023-11-22T18:41:26.960+0000] {processor.py:829} INFO - Processing file /home/airflow/.local/lib/python3.8/site-packages/airflow/example_dags/example_task_group.py for tasks to queue
[2023-11-22T18:41:26.961+0000] {logging_mixin.py:151} INFO - [2023-11-22T18:41:26.961+0000] {dagbag.py:536} INFO - Filling up the DagBag from /home/airflow/.local/lib/python3.8/site-packages/airflow/example_dags/example_task_group.py
[2023-11-22T18:41:26.965+0000] {processor.py:839} INFO - DAG(s) dict_keys(['example_task_group']) retrieved from /home/airflow/.local/lib/python3.8/site-packages/airflow/example_dags/example_task_group.py
[2023-11-22T18:41:26.975+0000] {logging_mixin.py:151} INFO - [2023-11-22T18:41:26.975+0000] {dag.py:2941} INFO - Sync 1 DAGs
[2023-11-22T18:41:26.984+0000] {logging_mixin.py:151} INFO - [2023-11-22T18:41:26.984+0000] {dag.py:3722} INFO - Setting next_dagrun for example_task_group to 2023-11-21T18:41:26.984273+00:00, run_after=2023-11-22T18:41:26.984273+00:00
[2023-11-22T18:41:26.991+0000] {processor.py:179} INFO - Processing /home/airflow/.local/lib/python3.8/site-packages/airflow/example_dags/example_task_group.py took 0.033 seconds
[2023-11-22T18:41:57.844+0000] {processor.py:157} INFO - Started process (PID=649) to work on /home/airflow/.local/lib/python3.8/site-packages/airflow/example_dags/example_task_group.py
[2023-11-22T18:41:57.844+0000] {processor.py:829} INFO - Processing file /home/airflow/.local/lib/python3.8/site-packages/airflow/example_dags/example_task_group.py for tasks to queue
[2023-11-22T18:41:57.845+0000] {logging_mixin.py:151} INFO - [2023-11-22T18:41:57.845+0000] {dagbag.py:536} INFO - Filling up the DagBag from /home/airflow/.local/lib/python3.8/site-packages/airflow/example_dags/example_task_group.py
[2023-11-22T18:41:57.849+0000] {processor.py:839} INFO - DAG(s) dict_keys(['example_task_group']) retrieved from /home/airflow/.local/lib/python3.8/site-packages/airflow/example_dags/example_task_group.py
[2023-11-22T18:41:57.859+0000] {logging_mixin.py:151} INFO - [2023-11-22T18:41:57.858+0000] {dag.py:2941} INFO - Sync 1 DAGs
[2023-11-22T18:41:57.868+0000] {logging_mixin.py:151} INFO - [2023-11-22T18:41:57.868+0000] {dag.py:3722} INFO - Setting next_dagrun for example_task_group to 2023-11-21T18:41:57.868217+00:00, run_after=2023-11-22T18:41:57.868217+00:00
[2023-11-22T18:41:57.875+0000] {processor.py:179} INFO - Processing /home/airflow/.local/lib/python3.8/site-packages/airflow/example_dags/example_task_group.py took 0.033 seconds
[2023-11-22T18:42:28.667+0000] {processor.py:157} INFO - Started process (PID=706) to work on /home/airflow/.local/lib/python3.8/site-packages/airflow/example_dags/example_task_group.py
[2023-11-22T18:42:28.667+0000] {processor.py:829} INFO - Processing file /home/airflow/.local/lib/python3.8/site-packages/airflow/example_dags/example_task_group.py for tasks to queue
[2023-11-22T18:42:28.669+0000] {logging_mixin.py:151} INFO - [2023-11-22T18:42:28.668+0000] {dagbag.py:536} INFO - Filling up the DagBag from /home/airflow/.local/lib/python3.8/site-packages/airflow/example_dags/example_task_group.py
[2023-11-22T18:42:28.672+0000] {processor.py:839} INFO - DAG(s) dict_keys(['example_task_group']) retrieved from /home/airflow/.local/lib/python3.8/site-packages/airflow/example_dags/example_task_group.py
[2023-11-22T18:42:28.682+0000] {logging_mixin.py:151} INFO - [2023-11-22T18:42:28.682+0000] {dag.py:2941} INFO - Sync 1 DAGs
[2023-11-22T18:42:28.692+0000] {logging_mixin.py:151} INFO - [2023-11-22T18:42:28.692+0000] {dag.py:3722} INFO - Setting next_dagrun for example_task_group to 2023-11-21T18:42:28.692497+00:00, run_after=2023-11-22T18:42:28.692497+00:00
[2023-11-22T18:42:28.787+0000] {processor.py:179} INFO - Processing /home/airflow/.local/lib/python3.8/site-packages/airflow/example_dags/example_task_group.py took 0.122 seconds
[2023-11-22T18:42:59.345+0000] {processor.py:157} INFO - Started process (PID=763) to work on /home/airflow/.local/lib/python3.8/site-packages/airflow/example_dags/example_task_group.py
[2023-11-22T18:42:59.345+0000] {processor.py:829} INFO - Processing file /home/airflow/.local/lib/python3.8/site-packages/airflow/example_dags/example_task_group.py for tasks to queue
[2023-11-22T18:42:59.347+0000] {logging_mixin.py:151} INFO - [2023-11-22T18:42:59.346+0000] {dagbag.py:536} INFO - Filling up the DagBag from /home/airflow/.local/lib/python3.8/site-packages/airflow/example_dags/example_task_group.py
[2023-11-22T18:42:59.350+0000] {processor.py:839} INFO - DAG(s) dict_keys(['example_task_group']) retrieved from /home/airflow/.local/lib/python3.8/site-packages/airflow/example_dags/example_task_group.py
[2023-11-22T18:42:59.360+0000] {logging_mixin.py:151} INFO - [2023-11-22T18:42:59.360+0000] {dag.py:2941} INFO - Sync 1 DAGs
[2023-11-22T18:42:59.369+0000] {logging_mixin.py:151} INFO - [2023-11-22T18:42:59.369+0000] {dag.py:3722} INFO - Setting next_dagrun for example_task_group to 2023-11-21T18:42:59.369573+00:00, run_after=2023-11-22T18:42:59.369573+00:00
[2023-11-22T18:42:59.377+0000] {processor.py:179} INFO - Processing /home/airflow/.local/lib/python3.8/site-packages/airflow/example_dags/example_task_group.py took 0.033 seconds
[2023-11-22T18:43:30.075+0000] {processor.py:157} INFO - Started process (PID=820) to work on /home/airflow/.local/lib/python3.8/site-packages/airflow/example_dags/example_task_group.py
[2023-11-22T18:43:30.075+0000] {processor.py:829} INFO - Processing file /home/airflow/.local/lib/python3.8/site-packages/airflow/example_dags/example_task_group.py for tasks to queue
[2023-11-22T18:43:30.077+0000] {logging_mixin.py:151} INFO - [2023-11-22T18:43:30.076+0000] {dagbag.py:536} INFO - Filling up the DagBag from /home/airflow/.local/lib/python3.8/site-packages/airflow/example_dags/example_task_group.py
[2023-11-22T18:43:30.080+0000] {processor.py:839} INFO - DAG(s) dict_keys(['example_task_group']) retrieved from /home/airflow/.local/lib/python3.8/site-packages/airflow/example_dags/example_task_group.py
[2023-11-22T18:43:30.090+0000] {logging_mixin.py:151} INFO - [2023-11-22T18:43:30.090+0000] {dag.py:2941} INFO - Sync 1 DAGs
[2023-11-22T18:43:30.099+0000] {logging_mixin.py:151} INFO - [2023-11-22T18:43:30.099+0000] {dag.py:3722} INFO - Setting next_dagrun for example_task_group to 2023-11-21T18:43:30.099688+00:00, run_after=2023-11-22T18:43:30.099688+00:00
[2023-11-22T18:43:30.107+0000] {processor.py:179} INFO - Processing /home/airflow/.local/lib/python3.8/site-packages/airflow/example_dags/example_task_group.py took 0.033 seconds
[2023-11-22T18:44:00.948+0000] {processor.py:157} INFO - Started process (PID=877) to work on /home/airflow/.local/lib/python3.8/site-packages/airflow/example_dags/example_task_group.py
[2023-11-22T18:44:00.949+0000] {processor.py:829} INFO - Processing file /home/airflow/.local/lib/python3.8/site-packages/airflow/example_dags/example_task_group.py for tasks to queue
[2023-11-22T18:44:00.950+0000] {logging_mixin.py:151} INFO - [2023-11-22T18:44:00.950+0000] {dagbag.py:536} INFO - Filling up the DagBag from /home/airflow/.local/lib/python3.8/site-packages/airflow/example_dags/example_task_group.py
[2023-11-22T18:44:00.953+0000] {processor.py:839} INFO - DAG(s) dict_keys(['example_task_group']) retrieved from /home/airflow/.local/lib/python3.8/site-packages/airflow/example_dags/example_task_group.py
[2023-11-22T18:44:00.963+0000] {logging_mixin.py:151} INFO - [2023-11-22T18:44:00.963+0000] {dag.py:2941} INFO - Sync 1 DAGs
[2023-11-22T18:44:00.972+0000] {logging_mixin.py:151} INFO - [2023-11-22T18:44:00.972+0000] {dag.py:3722} INFO - Setting next_dagrun for example_task_group to 2023-11-21T18:44:00.972781+00:00, run_after=2023-11-22T18:44:00.972781+00:00
[2023-11-22T18:44:00.980+0000] {processor.py:179} INFO - Processing /home/airflow/.local/lib/python3.8/site-packages/airflow/example_dags/example_task_group.py took 0.033 seconds
[2023-11-22T18:44:31.680+0000] {processor.py:157} INFO - Started process (PID=934) to work on /home/airflow/.local/lib/python3.8/site-packages/airflow/example_dags/example_task_group.py
[2023-11-22T18:44:31.681+0000] {processor.py:829} INFO - Processing file /home/airflow/.local/lib/python3.8/site-packages/airflow/example_dags/example_task_group.py for tasks to queue
[2023-11-22T18:44:31.682+0000] {logging_mixin.py:151} INFO - [2023-11-22T18:44:31.682+0000] {dagbag.py:536} INFO - Filling up the DagBag from /home/airflow/.local/lib/python3.8/site-packages/airflow/example_dags/example_task_group.py
[2023-11-22T18:44:31.686+0000] {processor.py:839} INFO - DAG(s) dict_keys(['example_task_group']) retrieved from /home/airflow/.local/lib/python3.8/site-packages/airflow/example_dags/example_task_group.py
[2023-11-22T18:44:31.696+0000] {logging_mixin.py:151} INFO - [2023-11-22T18:44:31.696+0000] {dag.py:2941} INFO - Sync 1 DAGs
[2023-11-22T18:44:31.705+0000] {logging_mixin.py:151} INFO - [2023-11-22T18:44:31.705+0000] {dag.py:3722} INFO - Setting next_dagrun for example_task_group to 2023-11-21T18:44:31.705398+00:00, run_after=2023-11-22T18:44:31.705398+00:00
[2023-11-22T18:44:31.713+0000] {processor.py:179} INFO - Processing /home/airflow/.local/lib/python3.8/site-packages/airflow/example_dags/example_task_group.py took 0.034 seconds
[2023-11-22T18:45:03.033+0000] {processor.py:157} INFO - Started process (PID=991) to work on /home/airflow/.local/lib/python3.8/site-packages/airflow/example_dags/example_task_group.py
[2023-11-22T18:45:03.034+0000] {processor.py:829} INFO - Processing file /home/airflow/.local/lib/python3.8/site-packages/airflow/example_dags/example_task_group.py for tasks to queue
[2023-11-22T18:45:03.035+0000] {logging_mixin.py:151} INFO - [2023-11-22T18:45:03.035+0000] {dagbag.py:536} INFO - Filling up the DagBag from /home/airflow/.local/lib/python3.8/site-packages/airflow/example_dags/example_task_group.py
[2023-11-22T18:45:03.039+0000] {processor.py:839} INFO - DAG(s) dict_keys(['example_task_group']) retrieved from /home/airflow/.local/lib/python3.8/site-packages/airflow/example_dags/example_task_group.py
[2023-11-22T18:45:03.049+0000] {logging_mixin.py:151} INFO - [2023-11-22T18:45:03.049+0000] {dag.py:2941} INFO - Sync 1 DAGs
[2023-11-22T18:45:03.147+0000] {logging_mixin.py:151} INFO - [2023-11-22T18:45:03.147+0000] {dag.py:3722} INFO - Setting next_dagrun for example_task_group to 2023-11-21T18:45:03.147327+00:00, run_after=2023-11-22T18:45:03.147327+00:00
[2023-11-22T18:45:03.155+0000] {processor.py:179} INFO - Processing /home/airflow/.local/lib/python3.8/site-packages/airflow/example_dags/example_task_group.py took 0.123 seconds
[2023-11-22T18:45:33.243+0000] {processor.py:157} INFO - Started process (PID=1048) to work on /home/airflow/.local/lib/python3.8/site-packages/airflow/example_dags/example_task_group.py
[2023-11-22T18:45:33.244+0000] {processor.py:829} INFO - Processing file /home/airflow/.local/lib/python3.8/site-packages/airflow/example_dags/example_task_group.py for tasks to queue
[2023-11-22T18:45:33.245+0000] {logging_mixin.py:151} INFO - [2023-11-22T18:45:33.245+0000] {dagbag.py:536} INFO - Filling up the DagBag from /home/airflow/.local/lib/python3.8/site-packages/airflow/example_dags/example_task_group.py
[2023-11-22T18:45:33.250+0000] {processor.py:839} INFO - DAG(s) dict_keys(['example_task_group']) retrieved from /home/airflow/.local/lib/python3.8/site-packages/airflow/example_dags/example_task_group.py
[2023-11-22T18:45:33.262+0000] {logging_mixin.py:151} INFO - [2023-11-22T18:45:33.262+0000] {dag.py:2941} INFO - Sync 1 DAGs
[2023-11-22T18:45:33.273+0000] {logging_mixin.py:151} INFO - [2023-11-22T18:45:33.273+0000] {dag.py:3722} INFO - Setting next_dagrun for example_task_group to 2023-11-21T18:45:33.273016+00:00, run_after=2023-11-22T18:45:33.273016+00:00
[2023-11-22T18:45:33.390+0000] {processor.py:179} INFO - Processing /home/airflow/.local/lib/python3.8/site-packages/airflow/example_dags/example_task_group.py took 0.149 seconds
[2023-11-22T18:46:03.850+0000] {processor.py:157} INFO - Started process (PID=1105) to work on /home/airflow/.local/lib/python3.8/site-packages/airflow/example_dags/example_task_group.py
[2023-11-22T18:46:03.850+0000] {processor.py:829} INFO - Processing file /home/airflow/.local/lib/python3.8/site-packages/airflow/example_dags/example_task_group.py for tasks to queue
[2023-11-22T18:46:03.851+0000] {logging_mixin.py:151} INFO - [2023-11-22T18:46:03.851+0000] {dagbag.py:536} INFO - Filling up the DagBag from /home/airflow/.local/lib/python3.8/site-packages/airflow/example_dags/example_task_group.py
[2023-11-22T18:46:03.855+0000] {processor.py:839} INFO - DAG(s) dict_keys(['example_task_group']) retrieved from /home/airflow/.local/lib/python3.8/site-packages/airflow/example_dags/example_task_group.py
[2023-11-22T18:46:03.866+0000] {logging_mixin.py:151} INFO - [2023-11-22T18:46:03.865+0000] {dag.py:2941} INFO - Sync 1 DAGs
[2023-11-22T18:46:03.876+0000] {logging_mixin.py:151} INFO - [2023-11-22T18:46:03.876+0000] {dag.py:3722} INFO - Setting next_dagrun for example_task_group to 2023-11-21T18:46:03.875947+00:00, run_after=2023-11-22T18:46:03.875947+00:00
[2023-11-22T18:46:03.884+0000] {processor.py:179} INFO - Processing /home/airflow/.local/lib/python3.8/site-packages/airflow/example_dags/example_task_group.py took 0.036 seconds
[2023-11-22T18:46:34.426+0000] {processor.py:157} INFO - Started process (PID=1163) to work on /home/airflow/.local/lib/python3.8/site-packages/airflow/example_dags/example_task_group.py
[2023-11-22T18:46:34.427+0000] {processor.py:829} INFO - Processing file /home/airflow/.local/lib/python3.8/site-packages/airflow/example_dags/example_task_group.py for tasks to queue
[2023-11-22T18:46:34.428+0000] {logging_mixin.py:151} INFO - [2023-11-22T18:46:34.428+0000] {dagbag.py:536} INFO - Filling up the DagBag from /home/airflow/.local/lib/python3.8/site-packages/airflow/example_dags/example_task_group.py
[2023-11-22T18:46:34.432+0000] {processor.py:839} INFO - DAG(s) dict_keys(['example_task_group']) retrieved from /home/airflow/.local/lib/python3.8/site-packages/airflow/example_dags/example_task_group.py
[2023-11-22T18:46:34.442+0000] {logging_mixin.py:151} INFO - [2023-11-22T18:46:34.442+0000] {dag.py:2941} INFO - Sync 1 DAGs
[2023-11-22T18:46:34.452+0000] {logging_mixin.py:151} INFO - [2023-11-22T18:46:34.452+0000] {dag.py:3722} INFO - Setting next_dagrun for example_task_group to 2023-11-21T18:46:34.452077+00:00, run_after=2023-11-22T18:46:34.452077+00:00
[2023-11-22T18:46:34.459+0000] {processor.py:179} INFO - Processing /home/airflow/.local/lib/python3.8/site-packages/airflow/example_dags/example_task_group.py took 0.034 seconds
[2023-11-22T18:47:05.035+0000] {processor.py:157} INFO - Started process (PID=1219) to work on /home/airflow/.local/lib/python3.8/site-packages/airflow/example_dags/example_task_group.py
[2023-11-22T18:47:05.036+0000] {processor.py:829} INFO - Processing file /home/airflow/.local/lib/python3.8/site-packages/airflow/example_dags/example_task_group.py for tasks to queue
[2023-11-22T18:47:05.037+0000] {logging_mixin.py:151} INFO - [2023-11-22T18:47:05.037+0000] {dagbag.py:536} INFO - Filling up the DagBag from /home/airflow/.local/lib/python3.8/site-packages/airflow/example_dags/example_task_group.py
[2023-11-22T18:47:05.133+0000] {processor.py:839} INFO - DAG(s) dict_keys(['example_task_group']) retrieved from /home/airflow/.local/lib/python3.8/site-packages/airflow/example_dags/example_task_group.py
[2023-11-22T18:47:05.141+0000] {logging_mixin.py:151} INFO - [2023-11-22T18:47:05.141+0000] {dag.py:2941} INFO - Sync 1 DAGs
[2023-11-22T18:47:05.150+0000] {logging_mixin.py:151} INFO - [2023-11-22T18:47:05.150+0000] {dag.py:3722} INFO - Setting next_dagrun for example_task_group to 2023-11-21T18:47:05.150032+00:00, run_after=2023-11-22T18:47:05.150032+00:00
[2023-11-22T18:47:05.157+0000] {processor.py:179} INFO - Processing /home/airflow/.local/lib/python3.8/site-packages/airflow/example_dags/example_task_group.py took 0.124 seconds
[2023-11-22T18:47:35.827+0000] {processor.py:157} INFO - Started process (PID=1276) to work on /home/airflow/.local/lib/python3.8/site-packages/airflow/example_dags/example_task_group.py
[2023-11-22T18:47:35.828+0000] {processor.py:829} INFO - Processing file /home/airflow/.local/lib/python3.8/site-packages/airflow/example_dags/example_task_group.py for tasks to queue
[2023-11-22T18:47:35.829+0000] {logging_mixin.py:151} INFO - [2023-11-22T18:47:35.829+0000] {dagbag.py:536} INFO - Filling up the DagBag from /home/airflow/.local/lib/python3.8/site-packages/airflow/example_dags/example_task_group.py
[2023-11-22T18:47:35.832+0000] {processor.py:839} INFO - DAG(s) dict_keys(['example_task_group']) retrieved from /home/airflow/.local/lib/python3.8/site-packages/airflow/example_dags/example_task_group.py
[2023-11-22T18:47:35.843+0000] {logging_mixin.py:151} INFO - [2023-11-22T18:47:35.842+0000] {dag.py:2941} INFO - Sync 1 DAGs
[2023-11-22T18:47:35.852+0000] {logging_mixin.py:151} INFO - [2023-11-22T18:47:35.851+0000] {dag.py:3722} INFO - Setting next_dagrun for example_task_group to 2023-11-21T18:47:35.851868+00:00, run_after=2023-11-22T18:47:35.851868+00:00
[2023-11-22T18:47:35.859+0000] {processor.py:179} INFO - Processing /home/airflow/.local/lib/python3.8/site-packages/airflow/example_dags/example_task_group.py took 0.033 seconds
[2023-11-22T18:48:06.443+0000] {processor.py:157} INFO - Started process (PID=1333) to work on /home/airflow/.local/lib/python3.8/site-packages/airflow/example_dags/example_task_group.py
[2023-11-22T18:48:06.443+0000] {processor.py:829} INFO - Processing file /home/airflow/.local/lib/python3.8/site-packages/airflow/example_dags/example_task_group.py for tasks to queue
[2023-11-22T18:48:06.444+0000] {logging_mixin.py:151} INFO - [2023-11-22T18:48:06.444+0000] {dagbag.py:536} INFO - Filling up the DagBag from /home/airflow/.local/lib/python3.8/site-packages/airflow/example_dags/example_task_group.py
[2023-11-22T18:48:06.448+0000] {processor.py:839} INFO - DAG(s) dict_keys(['example_task_group']) retrieved from /home/airflow/.local/lib/python3.8/site-packages/airflow/example_dags/example_task_group.py
[2023-11-22T18:48:06.459+0000] {logging_mixin.py:151} INFO - [2023-11-22T18:48:06.458+0000] {dag.py:2941} INFO - Sync 1 DAGs
[2023-11-22T18:48:06.468+0000] {logging_mixin.py:151} INFO - [2023-11-22T18:48:06.468+0000] {dag.py:3722} INFO - Setting next_dagrun for example_task_group to 2023-11-21T18:48:06.468711+00:00, run_after=2023-11-22T18:48:06.468711+00:00
[2023-11-22T18:48:06.476+0000] {processor.py:179} INFO - Processing /home/airflow/.local/lib/python3.8/site-packages/airflow/example_dags/example_task_group.py took 0.035 seconds
[2023-11-22T18:48:37.118+0000] {processor.py:157} INFO - Started process (PID=1390) to work on /home/airflow/.local/lib/python3.8/site-packages/airflow/example_dags/example_task_group.py
[2023-11-22T18:48:37.118+0000] {processor.py:829} INFO - Processing file /home/airflow/.local/lib/python3.8/site-packages/airflow/example_dags/example_task_group.py for tasks to queue
[2023-11-22T18:48:37.119+0000] {logging_mixin.py:151} INFO - [2023-11-22T18:48:37.119+0000] {dagbag.py:536} INFO - Filling up the DagBag from /home/airflow/.local/lib/python3.8/site-packages/airflow/example_dags/example_task_group.py
[2023-11-22T18:48:37.123+0000] {processor.py:839} INFO - DAG(s) dict_keys(['example_task_group']) retrieved from /home/airflow/.local/lib/python3.8/site-packages/airflow/example_dags/example_task_group.py
[2023-11-22T18:48:37.133+0000] {logging_mixin.py:151} INFO - [2023-11-22T18:48:37.133+0000] {dag.py:2941} INFO - Sync 1 DAGs
[2023-11-22T18:48:37.143+0000] {logging_mixin.py:151} INFO - [2023-11-22T18:48:37.143+0000] {dag.py:3722} INFO - Setting next_dagrun for example_task_group to 2023-11-21T18:48:37.142712+00:00, run_after=2023-11-22T18:48:37.142712+00:00
[2023-11-22T18:48:37.150+0000] {processor.py:179} INFO - Processing /home/airflow/.local/lib/python3.8/site-packages/airflow/example_dags/example_task_group.py took 0.034 seconds
[2023-11-22T18:49:07.894+0000] {processor.py:157} INFO - Started process (PID=1447) to work on /home/airflow/.local/lib/python3.8/site-packages/airflow/example_dags/example_task_group.py
[2023-11-22T18:49:07.895+0000] {processor.py:829} INFO - Processing file /home/airflow/.local/lib/python3.8/site-packages/airflow/example_dags/example_task_group.py for tasks to queue
[2023-11-22T18:49:07.896+0000] {logging_mixin.py:151} INFO - [2023-11-22T18:49:07.896+0000] {dagbag.py:536} INFO - Filling up the DagBag from /home/airflow/.local/lib/python3.8/site-packages/airflow/example_dags/example_task_group.py
[2023-11-22T18:49:07.900+0000] {processor.py:839} INFO - DAG(s) dict_keys(['example_task_group']) retrieved from /home/airflow/.local/lib/python3.8/site-packages/airflow/example_dags/example_task_group.py
[2023-11-22T18:49:07.910+0000] {logging_mixin.py:151} INFO - [2023-11-22T18:49:07.910+0000] {dag.py:2941} INFO - Sync 1 DAGs
[2023-11-22T18:49:07.920+0000] {logging_mixin.py:151} INFO - [2023-11-22T18:49:07.920+0000] {dag.py:3722} INFO - Setting next_dagrun for example_task_group to 2023-11-21T18:49:07.919864+00:00, run_after=2023-11-22T18:49:07.919864+00:00
[2023-11-22T18:49:07.927+0000] {processor.py:179} INFO - Processing /home/airflow/.local/lib/python3.8/site-packages/airflow/example_dags/example_task_group.py took 0.034 seconds
[2023-11-22T18:49:38.448+0000] {processor.py:157} INFO - Started process (PID=1504) to work on /home/airflow/.local/lib/python3.8/site-packages/airflow/example_dags/example_task_group.py
[2023-11-22T18:49:38.449+0000] {processor.py:829} INFO - Processing file /home/airflow/.local/lib/python3.8/site-packages/airflow/example_dags/example_task_group.py for tasks to queue
[2023-11-22T18:49:38.450+0000] {logging_mixin.py:151} INFO - [2023-11-22T18:49:38.450+0000] {dagbag.py:536} INFO - Filling up the DagBag from /home/airflow/.local/lib/python3.8/site-packages/airflow/example_dags/example_task_group.py
[2023-11-22T18:49:38.454+0000] {processor.py:839} INFO - DAG(s) dict_keys(['example_task_group']) retrieved from /home/airflow/.local/lib/python3.8/site-packages/airflow/example_dags/example_task_group.py
[2023-11-22T18:49:38.464+0000] {logging_mixin.py:151} INFO - [2023-11-22T18:49:38.464+0000] {dag.py:2941} INFO - Sync 1 DAGs
[2023-11-22T18:49:38.474+0000] {logging_mixin.py:151} INFO - [2023-11-22T18:49:38.474+0000] {dag.py:3722} INFO - Setting next_dagrun for example_task_group to 2023-11-21T18:49:38.474341+00:00, run_after=2023-11-22T18:49:38.474341+00:00
[2023-11-22T18:49:38.481+0000] {processor.py:179} INFO - Processing /home/airflow/.local/lib/python3.8/site-packages/airflow/example_dags/example_task_group.py took 0.035 seconds
[2023-11-22T18:50:09.017+0000] {processor.py:157} INFO - Started process (PID=1561) to work on /home/airflow/.local/lib/python3.8/site-packages/airflow/example_dags/example_task_group.py
[2023-11-22T18:50:09.018+0000] {processor.py:829} INFO - Processing file /home/airflow/.local/lib/python3.8/site-packages/airflow/example_dags/example_task_group.py for tasks to queue
[2023-11-22T18:50:09.019+0000] {logging_mixin.py:151} INFO - [2023-11-22T18:50:09.019+0000] {dagbag.py:536} INFO - Filling up the DagBag from /home/airflow/.local/lib/python3.8/site-packages/airflow/example_dags/example_task_group.py
[2023-11-22T18:50:09.023+0000] {processor.py:839} INFO - DAG(s) dict_keys(['example_task_group']) retrieved from /home/airflow/.local/lib/python3.8/site-packages/airflow/example_dags/example_task_group.py
[2023-11-22T18:50:09.033+0000] {logging_mixin.py:151} INFO - [2023-11-22T18:50:09.033+0000] {dag.py:2941} INFO - Sync 1 DAGs
[2023-11-22T18:50:09.042+0000] {logging_mixin.py:151} INFO - [2023-11-22T18:50:09.042+0000] {dag.py:3722} INFO - Setting next_dagrun for example_task_group to 2023-11-21T18:50:09.042748+00:00, run_after=2023-11-22T18:50:09.042748+00:00
[2023-11-22T18:50:09.049+0000] {processor.py:179} INFO - Processing /home/airflow/.local/lib/python3.8/site-packages/airflow/example_dags/example_task_group.py took 0.034 seconds
[2023-11-22T18:50:39.556+0000] {processor.py:157} INFO - Started process (PID=1618) to work on /home/airflow/.local/lib/python3.8/site-packages/airflow/example_dags/example_task_group.py
[2023-11-22T18:50:39.556+0000] {processor.py:829} INFO - Processing file /home/airflow/.local/lib/python3.8/site-packages/airflow/example_dags/example_task_group.py for tasks to queue
[2023-11-22T18:50:39.557+0000] {logging_mixin.py:151} INFO - [2023-11-22T18:50:39.557+0000] {dagbag.py:536} INFO - Filling up the DagBag from /home/airflow/.local/lib/python3.8/site-packages/airflow/example_dags/example_task_group.py
[2023-11-22T18:50:39.561+0000] {processor.py:839} INFO - DAG(s) dict_keys(['example_task_group']) retrieved from /home/airflow/.local/lib/python3.8/site-packages/airflow/example_dags/example_task_group.py
[2023-11-22T18:50:39.571+0000] {logging_mixin.py:151} INFO - [2023-11-22T18:50:39.571+0000] {dag.py:2941} INFO - Sync 1 DAGs
[2023-11-22T18:50:39.581+0000] {logging_mixin.py:151} INFO - [2023-11-22T18:50:39.581+0000] {dag.py:3722} INFO - Setting next_dagrun for example_task_group to 2023-11-21T18:50:39.581324+00:00, run_after=2023-11-22T18:50:39.581324+00:00
[2023-11-22T18:50:39.589+0000] {processor.py:179} INFO - Processing /home/airflow/.local/lib/python3.8/site-packages/airflow/example_dags/example_task_group.py took 0.035 seconds
[2023-11-22T18:51:10.261+0000] {processor.py:157} INFO - Started process (PID=1675) to work on /home/airflow/.local/lib/python3.8/site-packages/airflow/example_dags/example_task_group.py
[2023-11-22T18:51:10.261+0000] {processor.py:829} INFO - Processing file /home/airflow/.local/lib/python3.8/site-packages/airflow/example_dags/example_task_group.py for tasks to queue
[2023-11-22T18:51:10.262+0000] {logging_mixin.py:151} INFO - [2023-11-22T18:51:10.262+0000] {dagbag.py:536} INFO - Filling up the DagBag from /home/airflow/.local/lib/python3.8/site-packages/airflow/example_dags/example_task_group.py
[2023-11-22T18:51:10.266+0000] {processor.py:839} INFO - DAG(s) dict_keys(['example_task_group']) retrieved from /home/airflow/.local/lib/python3.8/site-packages/airflow/example_dags/example_task_group.py
[2023-11-22T18:51:10.276+0000] {logging_mixin.py:151} INFO - [2023-11-22T18:51:10.276+0000] {dag.py:2941} INFO - Sync 1 DAGs
[2023-11-22T18:51:10.286+0000] {logging_mixin.py:151} INFO - [2023-11-22T18:51:10.286+0000] {dag.py:3722} INFO - Setting next_dagrun for example_task_group to 2023-11-21T18:51:10.286682+00:00, run_after=2023-11-22T18:51:10.286682+00:00
[2023-11-22T18:51:10.294+0000] {processor.py:179} INFO - Processing /home/airflow/.local/lib/python3.8/site-packages/airflow/example_dags/example_task_group.py took 0.035 seconds
[2023-11-22T18:51:40.927+0000] {processor.py:157} INFO - Started process (PID=1732) to work on /home/airflow/.local/lib/python3.8/site-packages/airflow/example_dags/example_task_group.py
[2023-11-22T18:51:40.928+0000] {processor.py:829} INFO - Processing file /home/airflow/.local/lib/python3.8/site-packages/airflow/example_dags/example_task_group.py for tasks to queue
[2023-11-22T18:51:40.929+0000] {logging_mixin.py:151} INFO - [2023-11-22T18:51:40.929+0000] {dagbag.py:536} INFO - Filling up the DagBag from /home/airflow/.local/lib/python3.8/site-packages/airflow/example_dags/example_task_group.py
[2023-11-22T18:51:40.932+0000] {processor.py:839} INFO - DAG(s) dict_keys(['example_task_group']) retrieved from /home/airflow/.local/lib/python3.8/site-packages/airflow/example_dags/example_task_group.py
[2023-11-22T18:51:40.942+0000] {logging_mixin.py:151} INFO - [2023-11-22T18:51:40.942+0000] {dag.py:2941} INFO - Sync 1 DAGs
[2023-11-22T18:51:40.952+0000] {logging_mixin.py:151} INFO - [2023-11-22T18:51:40.952+0000] {dag.py:3722} INFO - Setting next_dagrun for example_task_group to 2023-11-21T18:51:40.951894+00:00, run_after=2023-11-22T18:51:40.951894+00:00
[2023-11-22T18:51:40.959+0000] {processor.py:179} INFO - Processing /home/airflow/.local/lib/python3.8/site-packages/airflow/example_dags/example_task_group.py took 0.033 seconds
[2023-11-22T18:52:11.623+0000] {processor.py:157} INFO - Started process (PID=1789) to work on /home/airflow/.local/lib/python3.8/site-packages/airflow/example_dags/example_task_group.py
[2023-11-22T18:52:11.624+0000] {processor.py:829} INFO - Processing file /home/airflow/.local/lib/python3.8/site-packages/airflow/example_dags/example_task_group.py for tasks to queue
[2023-11-22T18:52:11.625+0000] {logging_mixin.py:151} INFO - [2023-11-22T18:52:11.625+0000] {dagbag.py:536} INFO - Filling up the DagBag from /home/airflow/.local/lib/python3.8/site-packages/airflow/example_dags/example_task_group.py
[2023-11-22T18:52:11.629+0000] {processor.py:839} INFO - DAG(s) dict_keys(['example_task_group']) retrieved from /home/airflow/.local/lib/python3.8/site-packages/airflow/example_dags/example_task_group.py
[2023-11-22T18:52:11.639+0000] {logging_mixin.py:151} INFO - [2023-11-22T18:52:11.639+0000] {dag.py:2941} INFO - Sync 1 DAGs
[2023-11-22T18:52:11.649+0000] {logging_mixin.py:151} INFO - [2023-11-22T18:52:11.649+0000] {dag.py:3722} INFO - Setting next_dagrun for example_task_group to 2023-11-21T18:52:11.649697+00:00, run_after=2023-11-22T18:52:11.649697+00:00
[2023-11-22T18:52:11.657+0000] {processor.py:179} INFO - Processing /home/airflow/.local/lib/python3.8/site-packages/airflow/example_dags/example_task_group.py took 0.036 seconds
[2023-11-22T18:52:42.252+0000] {processor.py:157} INFO - Started process (PID=1852) to work on /home/airflow/.local/lib/python3.8/site-packages/airflow/example_dags/example_task_group.py
[2023-11-22T18:52:42.253+0000] {processor.py:829} INFO - Processing file /home/airflow/.local/lib/python3.8/site-packages/airflow/example_dags/example_task_group.py for tasks to queue
[2023-11-22T18:52:42.254+0000] {logging_mixin.py:151} INFO - [2023-11-22T18:52:42.254+0000] {dagbag.py:536} INFO - Filling up the DagBag from /home/airflow/.local/lib/python3.8/site-packages/airflow/example_dags/example_task_group.py
[2023-11-22T18:52:42.258+0000] {processor.py:839} INFO - DAG(s) dict_keys(['example_task_group']) retrieved from /home/airflow/.local/lib/python3.8/site-packages/airflow/example_dags/example_task_group.py
[2023-11-22T18:52:42.268+0000] {logging_mixin.py:151} INFO - [2023-11-22T18:52:42.268+0000] {dag.py:2941} INFO - Sync 1 DAGs
[2023-11-22T18:52:42.277+0000] {logging_mixin.py:151} INFO - [2023-11-22T18:52:42.277+0000] {dag.py:3722} INFO - Setting next_dagrun for example_task_group to 2023-11-21T18:52:42.277218+00:00, run_after=2023-11-22T18:52:42.277218+00:00
[2023-11-22T18:52:42.284+0000] {processor.py:179} INFO - Processing /home/airflow/.local/lib/python3.8/site-packages/airflow/example_dags/example_task_group.py took 0.033 seconds
[2023-11-22T18:53:12.810+0000] {processor.py:157} INFO - Started process (PID=1908) to work on /home/airflow/.local/lib/python3.8/site-packages/airflow/example_dags/example_task_group.py
[2023-11-22T18:53:12.811+0000] {processor.py:829} INFO - Processing file /home/airflow/.local/lib/python3.8/site-packages/airflow/example_dags/example_task_group.py for tasks to queue
[2023-11-22T18:53:12.812+0000] {logging_mixin.py:151} INFO - [2023-11-22T18:53:12.812+0000] {dagbag.py:536} INFO - Filling up the DagBag from /home/airflow/.local/lib/python3.8/site-packages/airflow/example_dags/example_task_group.py
[2023-11-22T18:53:12.816+0000] {processor.py:839} INFO - DAG(s) dict_keys(['example_task_group']) retrieved from /home/airflow/.local/lib/python3.8/site-packages/airflow/example_dags/example_task_group.py
[2023-11-22T18:53:12.826+0000] {logging_mixin.py:151} INFO - [2023-11-22T18:53:12.826+0000] {dag.py:2941} INFO - Sync 1 DAGs
[2023-11-22T18:53:12.835+0000] {logging_mixin.py:151} INFO - [2023-11-22T18:53:12.835+0000] {dag.py:3722} INFO - Setting next_dagrun for example_task_group to 2023-11-21T18:53:12.835177+00:00, run_after=2023-11-22T18:53:12.835177+00:00
[2023-11-22T18:53:12.842+0000] {processor.py:179} INFO - Processing /home/airflow/.local/lib/python3.8/site-packages/airflow/example_dags/example_task_group.py took 0.034 seconds
[2023-11-22T18:53:43.422+0000] {processor.py:157} INFO - Started process (PID=1965) to work on /home/airflow/.local/lib/python3.8/site-packages/airflow/example_dags/example_task_group.py
[2023-11-22T18:53:43.423+0000] {processor.py:829} INFO - Processing file /home/airflow/.local/lib/python3.8/site-packages/airflow/example_dags/example_task_group.py for tasks to queue
[2023-11-22T18:53:43.424+0000] {logging_mixin.py:151} INFO - [2023-11-22T18:53:43.424+0000] {dagbag.py:536} INFO - Filling up the DagBag from /home/airflow/.local/lib/python3.8/site-packages/airflow/example_dags/example_task_group.py
[2023-11-22T18:53:43.428+0000] {processor.py:839} INFO - DAG(s) dict_keys(['example_task_group']) retrieved from /home/airflow/.local/lib/python3.8/site-packages/airflow/example_dags/example_task_group.py
[2023-11-22T18:53:43.438+0000] {logging_mixin.py:151} INFO - [2023-11-22T18:53:43.438+0000] {dag.py:2941} INFO - Sync 1 DAGs
[2023-11-22T18:53:43.448+0000] {logging_mixin.py:151} INFO - [2023-11-22T18:53:43.448+0000] {dag.py:3722} INFO - Setting next_dagrun for example_task_group to 2023-11-21T18:53:43.448305+00:00, run_after=2023-11-22T18:53:43.448305+00:00
[2023-11-22T18:53:43.456+0000] {processor.py:179} INFO - Processing /home/airflow/.local/lib/python3.8/site-packages/airflow/example_dags/example_task_group.py took 0.036 seconds
[2023-11-22T18:54:14.200+0000] {processor.py:157} INFO - Started process (PID=2022) to work on /home/airflow/.local/lib/python3.8/site-packages/airflow/example_dags/example_task_group.py
[2023-11-22T18:54:14.200+0000] {processor.py:829} INFO - Processing file /home/airflow/.local/lib/python3.8/site-packages/airflow/example_dags/example_task_group.py for tasks to queue
[2023-11-22T18:54:14.202+0000] {logging_mixin.py:151} INFO - [2023-11-22T18:54:14.202+0000] {dagbag.py:536} INFO - Filling up the DagBag from /home/airflow/.local/lib/python3.8/site-packages/airflow/example_dags/example_task_group.py
[2023-11-22T18:54:14.206+0000] {processor.py:839} INFO - DAG(s) dict_keys(['example_task_group']) retrieved from /home/airflow/.local/lib/python3.8/site-packages/airflow/example_dags/example_task_group.py
[2023-11-22T18:54:14.218+0000] {logging_mixin.py:151} INFO - [2023-11-22T18:54:14.218+0000] {dag.py:2941} INFO - Sync 1 DAGs
[2023-11-22T18:54:14.228+0000] {logging_mixin.py:151} INFO - [2023-11-22T18:54:14.228+0000] {dag.py:3722} INFO - Setting next_dagrun for example_task_group to 2023-11-21T18:54:14.228474+00:00, run_after=2023-11-22T18:54:14.228474+00:00
[2023-11-22T18:54:14.236+0000] {processor.py:179} INFO - Processing /home/airflow/.local/lib/python3.8/site-packages/airflow/example_dags/example_task_group.py took 0.038 seconds
[2023-11-22T18:54:44.887+0000] {processor.py:157} INFO - Started process (PID=2079) to work on /home/airflow/.local/lib/python3.8/site-packages/airflow/example_dags/example_task_group.py
[2023-11-22T18:54:44.888+0000] {processor.py:829} INFO - Processing file /home/airflow/.local/lib/python3.8/site-packages/airflow/example_dags/example_task_group.py for tasks to queue
[2023-11-22T18:54:44.889+0000] {logging_mixin.py:151} INFO - [2023-11-22T18:54:44.889+0000] {dagbag.py:536} INFO - Filling up the DagBag from /home/airflow/.local/lib/python3.8/site-packages/airflow/example_dags/example_task_group.py
[2023-11-22T18:54:44.892+0000] {processor.py:839} INFO - DAG(s) dict_keys(['example_task_group']) retrieved from /home/airflow/.local/lib/python3.8/site-packages/airflow/example_dags/example_task_group.py
[2023-11-22T18:54:44.902+0000] {logging_mixin.py:151} INFO - [2023-11-22T18:54:44.902+0000] {dag.py:2941} INFO - Sync 1 DAGs
[2023-11-22T18:54:44.911+0000] {logging_mixin.py:151} INFO - [2023-11-22T18:54:44.911+0000] {dag.py:3722} INFO - Setting next_dagrun for example_task_group to 2023-11-21T18:54:44.911440+00:00, run_after=2023-11-22T18:54:44.911440+00:00
[2023-11-22T18:54:44.919+0000] {processor.py:179} INFO - Processing /home/airflow/.local/lib/python3.8/site-packages/airflow/example_dags/example_task_group.py took 0.033 seconds
[2023-11-22T18:55:15.738+0000] {processor.py:157} INFO - Started process (PID=2136) to work on /home/airflow/.local/lib/python3.8/site-packages/airflow/example_dags/example_task_group.py
[2023-11-22T18:55:15.738+0000] {processor.py:829} INFO - Processing file /home/airflow/.local/lib/python3.8/site-packages/airflow/example_dags/example_task_group.py for tasks to queue
[2023-11-22T18:55:15.739+0000] {logging_mixin.py:151} INFO - [2023-11-22T18:55:15.739+0000] {dagbag.py:536} INFO - Filling up the DagBag from /home/airflow/.local/lib/python3.8/site-packages/airflow/example_dags/example_task_group.py
[2023-11-22T18:55:15.743+0000] {processor.py:839} INFO - DAG(s) dict_keys(['example_task_group']) retrieved from /home/airflow/.local/lib/python3.8/site-packages/airflow/example_dags/example_task_group.py
[2023-11-22T18:55:15.754+0000] {logging_mixin.py:151} INFO - [2023-11-22T18:55:15.753+0000] {dag.py:2941} INFO - Sync 1 DAGs
[2023-11-22T18:55:15.763+0000] {logging_mixin.py:151} INFO - [2023-11-22T18:55:15.763+0000] {dag.py:3722} INFO - Setting next_dagrun for example_task_group to 2023-11-21T18:55:15.763492+00:00, run_after=2023-11-22T18:55:15.763492+00:00
[2023-11-22T18:55:15.771+0000] {processor.py:179} INFO - Processing /home/airflow/.local/lib/python3.8/site-packages/airflow/example_dags/example_task_group.py took 0.035 seconds
[2023-11-22T18:55:46.563+0000] {processor.py:157} INFO - Started process (PID=2193) to work on /home/airflow/.local/lib/python3.8/site-packages/airflow/example_dags/example_task_group.py
[2023-11-22T18:55:46.564+0000] {processor.py:829} INFO - Processing file /home/airflow/.local/lib/python3.8/site-packages/airflow/example_dags/example_task_group.py for tasks to queue
[2023-11-22T18:55:46.565+0000] {logging_mixin.py:151} INFO - [2023-11-22T18:55:46.565+0000] {dagbag.py:536} INFO - Filling up the DagBag from /home/airflow/.local/lib/python3.8/site-packages/airflow/example_dags/example_task_group.py
[2023-11-22T18:55:46.569+0000] {processor.py:839} INFO - DAG(s) dict_keys(['example_task_group']) retrieved from /home/airflow/.local/lib/python3.8/site-packages/airflow/example_dags/example_task_group.py
[2023-11-22T18:55:46.579+0000] {logging_mixin.py:151} INFO - [2023-11-22T18:55:46.579+0000] {dag.py:2941} INFO - Sync 1 DAGs
[2023-11-22T18:55:46.589+0000] {logging_mixin.py:151} INFO - [2023-11-22T18:55:46.589+0000] {dag.py:3722} INFO - Setting next_dagrun for example_task_group to 2023-11-21T18:55:46.589066+00:00, run_after=2023-11-22T18:55:46.589066+00:00
[2023-11-22T18:55:46.596+0000] {processor.py:179} INFO - Processing /home/airflow/.local/lib/python3.8/site-packages/airflow/example_dags/example_task_group.py took 0.035 seconds
[2023-11-22T18:56:17.288+0000] {processor.py:157} INFO - Started process (PID=2250) to work on /home/airflow/.local/lib/python3.8/site-packages/airflow/example_dags/example_task_group.py
[2023-11-22T18:56:17.289+0000] {processor.py:829} INFO - Processing file /home/airflow/.local/lib/python3.8/site-packages/airflow/example_dags/example_task_group.py for tasks to queue
[2023-11-22T18:56:17.290+0000] {logging_mixin.py:151} INFO - [2023-11-22T18:56:17.290+0000] {dagbag.py:536} INFO - Filling up the DagBag from /home/airflow/.local/lib/python3.8/site-packages/airflow/example_dags/example_task_group.py
[2023-11-22T18:56:17.294+0000] {processor.py:839} INFO - DAG(s) dict_keys(['example_task_group']) retrieved from /home/airflow/.local/lib/python3.8/site-packages/airflow/example_dags/example_task_group.py
[2023-11-22T18:56:17.304+0000] {logging_mixin.py:151} INFO - [2023-11-22T18:56:17.304+0000] {dag.py:2941} INFO - Sync 1 DAGs
[2023-11-22T18:56:17.314+0000] {logging_mixin.py:151} INFO - [2023-11-22T18:56:17.314+0000] {dag.py:3722} INFO - Setting next_dagrun for example_task_group to 2023-11-21T18:56:17.314353+00:00, run_after=2023-11-22T18:56:17.314353+00:00
[2023-11-22T18:56:17.322+0000] {processor.py:179} INFO - Processing /home/airflow/.local/lib/python3.8/site-packages/airflow/example_dags/example_task_group.py took 0.036 seconds
[2023-11-22T18:56:48.033+0000] {processor.py:157} INFO - Started process (PID=2307) to work on /home/airflow/.local/lib/python3.8/site-packages/airflow/example_dags/example_task_group.py
[2023-11-22T18:56:48.033+0000] {processor.py:829} INFO - Processing file /home/airflow/.local/lib/python3.8/site-packages/airflow/example_dags/example_task_group.py for tasks to queue
[2023-11-22T18:56:48.035+0000] {logging_mixin.py:151} INFO - [2023-11-22T18:56:48.034+0000] {dagbag.py:536} INFO - Filling up the DagBag from /home/airflow/.local/lib/python3.8/site-packages/airflow/example_dags/example_task_group.py
[2023-11-22T18:56:48.039+0000] {processor.py:839} INFO - DAG(s) dict_keys(['example_task_group']) retrieved from /home/airflow/.local/lib/python3.8/site-packages/airflow/example_dags/example_task_group.py
[2023-11-22T18:56:48.050+0000] {logging_mixin.py:151} INFO - [2023-11-22T18:56:48.050+0000] {dag.py:2941} INFO - Sync 1 DAGs
[2023-11-22T18:56:48.061+0000] {logging_mixin.py:151} INFO - [2023-11-22T18:56:48.061+0000] {dag.py:3722} INFO - Setting next_dagrun for example_task_group to 2023-11-21T18:56:48.060989+00:00, run_after=2023-11-22T18:56:48.060989+00:00
[2023-11-22T18:56:48.069+0000] {processor.py:179} INFO - Processing /home/airflow/.local/lib/python3.8/site-packages/airflow/example_dags/example_task_group.py took 0.038 seconds
[2023-11-22T18:57:18.804+0000] {processor.py:157} INFO - Started process (PID=2364) to work on /home/airflow/.local/lib/python3.8/site-packages/airflow/example_dags/example_task_group.py
[2023-11-22T18:57:18.805+0000] {processor.py:829} INFO - Processing file /home/airflow/.local/lib/python3.8/site-packages/airflow/example_dags/example_task_group.py for tasks to queue
[2023-11-22T18:57:18.806+0000] {logging_mixin.py:151} INFO - [2023-11-22T18:57:18.806+0000] {dagbag.py:536} INFO - Filling up the DagBag from /home/airflow/.local/lib/python3.8/site-packages/airflow/example_dags/example_task_group.py
[2023-11-22T18:57:18.809+0000] {processor.py:839} INFO - DAG(s) dict_keys(['example_task_group']) retrieved from /home/airflow/.local/lib/python3.8/site-packages/airflow/example_dags/example_task_group.py
[2023-11-22T18:57:18.820+0000] {logging_mixin.py:151} INFO - [2023-11-22T18:57:18.820+0000] {dag.py:2941} INFO - Sync 1 DAGs
[2023-11-22T18:57:18.830+0000] {logging_mixin.py:151} INFO - [2023-11-22T18:57:18.830+0000] {dag.py:3722} INFO - Setting next_dagrun for example_task_group to 2023-11-21T18:57:18.829906+00:00, run_after=2023-11-22T18:57:18.829906+00:00
[2023-11-22T18:57:18.838+0000] {processor.py:179} INFO - Processing /home/airflow/.local/lib/python3.8/site-packages/airflow/example_dags/example_task_group.py took 0.035 seconds
[2023-11-22T18:57:49.489+0000] {processor.py:157} INFO - Started process (PID=2421) to work on /home/airflow/.local/lib/python3.8/site-packages/airflow/example_dags/example_task_group.py
[2023-11-22T18:57:49.490+0000] {processor.py:829} INFO - Processing file /home/airflow/.local/lib/python3.8/site-packages/airflow/example_dags/example_task_group.py for tasks to queue
[2023-11-22T18:57:49.491+0000] {logging_mixin.py:151} INFO - [2023-11-22T18:57:49.491+0000] {dagbag.py:536} INFO - Filling up the DagBag from /home/airflow/.local/lib/python3.8/site-packages/airflow/example_dags/example_task_group.py
[2023-11-22T18:57:49.495+0000] {processor.py:839} INFO - DAG(s) dict_keys(['example_task_group']) retrieved from /home/airflow/.local/lib/python3.8/site-packages/airflow/example_dags/example_task_group.py
[2023-11-22T18:57:49.505+0000] {logging_mixin.py:151} INFO - [2023-11-22T18:57:49.505+0000] {dag.py:2941} INFO - Sync 1 DAGs
[2023-11-22T18:57:49.514+0000] {logging_mixin.py:151} INFO - [2023-11-22T18:57:49.514+0000] {dag.py:3722} INFO - Setting next_dagrun for example_task_group to 2023-11-21T18:57:49.514614+00:00, run_after=2023-11-22T18:57:49.514614+00:00
[2023-11-22T18:57:49.521+0000] {processor.py:179} INFO - Processing /home/airflow/.local/lib/python3.8/site-packages/airflow/example_dags/example_task_group.py took 0.034 seconds
[2023-11-22T18:58:20.005+0000] {processor.py:157} INFO - Started process (PID=2478) to work on /home/airflow/.local/lib/python3.8/site-packages/airflow/example_dags/example_task_group.py
[2023-11-22T18:58:20.006+0000] {processor.py:829} INFO - Processing file /home/airflow/.local/lib/python3.8/site-packages/airflow/example_dags/example_task_group.py for tasks to queue
[2023-11-22T18:58:20.007+0000] {logging_mixin.py:151} INFO - [2023-11-22T18:58:20.006+0000] {dagbag.py:536} INFO - Filling up the DagBag from /home/airflow/.local/lib/python3.8/site-packages/airflow/example_dags/example_task_group.py
[2023-11-22T18:58:20.010+0000] {processor.py:839} INFO - DAG(s) dict_keys(['example_task_group']) retrieved from /home/airflow/.local/lib/python3.8/site-packages/airflow/example_dags/example_task_group.py
[2023-11-22T18:58:20.020+0000] {logging_mixin.py:151} INFO - [2023-11-22T18:58:20.020+0000] {dag.py:2941} INFO - Sync 1 DAGs
[2023-11-22T18:58:20.029+0000] {logging_mixin.py:151} INFO - [2023-11-22T18:58:20.028+0000] {dag.py:3722} INFO - Setting next_dagrun for example_task_group to 2023-11-21T18:58:20.028884+00:00, run_after=2023-11-22T18:58:20.028884+00:00
[2023-11-22T18:58:20.035+0000] {processor.py:179} INFO - Processing /home/airflow/.local/lib/python3.8/site-packages/airflow/example_dags/example_task_group.py took 0.032 seconds
[2023-11-22T18:58:50.676+0000] {processor.py:157} INFO - Started process (PID=2535) to work on /home/airflow/.local/lib/python3.8/site-packages/airflow/example_dags/example_task_group.py
[2023-11-22T18:58:50.677+0000] {processor.py:829} INFO - Processing file /home/airflow/.local/lib/python3.8/site-packages/airflow/example_dags/example_task_group.py for tasks to queue
[2023-11-22T18:58:50.678+0000] {logging_mixin.py:151} INFO - [2023-11-22T18:58:50.677+0000] {dagbag.py:536} INFO - Filling up the DagBag from /home/airflow/.local/lib/python3.8/site-packages/airflow/example_dags/example_task_group.py
[2023-11-22T18:58:50.681+0000] {processor.py:839} INFO - DAG(s) dict_keys(['example_task_group']) retrieved from /home/airflow/.local/lib/python3.8/site-packages/airflow/example_dags/example_task_group.py
[2023-11-22T18:58:50.692+0000] {logging_mixin.py:151} INFO - [2023-11-22T18:58:50.692+0000] {dag.py:2941} INFO - Sync 1 DAGs
[2023-11-22T18:58:50.702+0000] {logging_mixin.py:151} INFO - [2023-11-22T18:58:50.702+0000] {dag.py:3722} INFO - Setting next_dagrun for example_task_group to 2023-11-21T18:58:50.702461+00:00, run_after=2023-11-22T18:58:50.702461+00:00
[2023-11-22T18:58:50.709+0000] {processor.py:179} INFO - Processing /home/airflow/.local/lib/python3.8/site-packages/airflow/example_dags/example_task_group.py took 0.035 seconds
[2023-11-22T18:59:21.359+0000] {processor.py:157} INFO - Started process (PID=2592) to work on /home/airflow/.local/lib/python3.8/site-packages/airflow/example_dags/example_task_group.py
[2023-11-22T18:59:21.360+0000] {processor.py:829} INFO - Processing file /home/airflow/.local/lib/python3.8/site-packages/airflow/example_dags/example_task_group.py for tasks to queue
[2023-11-22T18:59:21.361+0000] {logging_mixin.py:151} INFO - [2023-11-22T18:59:21.361+0000] {dagbag.py:536} INFO - Filling up the DagBag from /home/airflow/.local/lib/python3.8/site-packages/airflow/example_dags/example_task_group.py
[2023-11-22T18:59:21.365+0000] {processor.py:839} INFO - DAG(s) dict_keys(['example_task_group']) retrieved from /home/airflow/.local/lib/python3.8/site-packages/airflow/example_dags/example_task_group.py
[2023-11-22T18:59:21.375+0000] {logging_mixin.py:151} INFO - [2023-11-22T18:59:21.375+0000] {dag.py:2941} INFO - Sync 1 DAGs
[2023-11-22T18:59:21.385+0000] {logging_mixin.py:151} INFO - [2023-11-22T18:59:21.385+0000] {dag.py:3722} INFO - Setting next_dagrun for example_task_group to 2023-11-21T18:59:21.385738+00:00, run_after=2023-11-22T18:59:21.385738+00:00
[2023-11-22T18:59:21.393+0000] {processor.py:179} INFO - Processing /home/airflow/.local/lib/python3.8/site-packages/airflow/example_dags/example_task_group.py took 0.035 seconds
[2023-11-22T18:59:52.089+0000] {processor.py:157} INFO - Started process (PID=2649) to work on /home/airflow/.local/lib/python3.8/site-packages/airflow/example_dags/example_task_group.py
[2023-11-22T18:59:52.090+0000] {processor.py:829} INFO - Processing file /home/airflow/.local/lib/python3.8/site-packages/airflow/example_dags/example_task_group.py for tasks to queue
[2023-11-22T18:59:52.091+0000] {logging_mixin.py:151} INFO - [2023-11-22T18:59:52.091+0000] {dagbag.py:536} INFO - Filling up the DagBag from /home/airflow/.local/lib/python3.8/site-packages/airflow/example_dags/example_task_group.py
[2023-11-22T18:59:52.095+0000] {processor.py:839} INFO - DAG(s) dict_keys(['example_task_group']) retrieved from /home/airflow/.local/lib/python3.8/site-packages/airflow/example_dags/example_task_group.py
[2023-11-22T18:59:52.106+0000] {logging_mixin.py:151} INFO - [2023-11-22T18:59:52.106+0000] {dag.py:2941} INFO - Sync 1 DAGs
[2023-11-22T18:59:52.117+0000] {logging_mixin.py:151} INFO - [2023-11-22T18:59:52.117+0000] {dag.py:3722} INFO - Setting next_dagrun for example_task_group to 2023-11-21T18:59:52.117051+00:00, run_after=2023-11-22T18:59:52.117051+00:00
[2023-11-22T18:59:52.126+0000] {processor.py:179} INFO - Processing /home/airflow/.local/lib/python3.8/site-packages/airflow/example_dags/example_task_group.py took 0.038 seconds
[2023-11-22T19:00:22.816+0000] {processor.py:157} INFO - Started process (PID=2706) to work on /home/airflow/.local/lib/python3.8/site-packages/airflow/example_dags/example_task_group.py
[2023-11-22T19:00:22.817+0000] {processor.py:829} INFO - Processing file /home/airflow/.local/lib/python3.8/site-packages/airflow/example_dags/example_task_group.py for tasks to queue
[2023-11-22T19:00:22.818+0000] {logging_mixin.py:151} INFO - [2023-11-22T19:00:22.818+0000] {dagbag.py:536} INFO - Filling up the DagBag from /home/airflow/.local/lib/python3.8/site-packages/airflow/example_dags/example_task_group.py
[2023-11-22T19:00:22.822+0000] {processor.py:839} INFO - DAG(s) dict_keys(['example_task_group']) retrieved from /home/airflow/.local/lib/python3.8/site-packages/airflow/example_dags/example_task_group.py
[2023-11-22T19:00:22.832+0000] {logging_mixin.py:151} INFO - [2023-11-22T19:00:22.832+0000] {dag.py:2941} INFO - Sync 1 DAGs
[2023-11-22T19:00:22.842+0000] {logging_mixin.py:151} INFO - [2023-11-22T19:00:22.842+0000] {dag.py:3722} INFO - Setting next_dagrun for example_task_group to 2023-11-21T19:00:22.842016+00:00, run_after=2023-11-22T19:00:22.842016+00:00
[2023-11-22T19:00:22.849+0000] {processor.py:179} INFO - Processing /home/airflow/.local/lib/python3.8/site-packages/airflow/example_dags/example_task_group.py took 0.035 seconds
[2023-11-22T19:00:53.436+0000] {processor.py:157} INFO - Started process (PID=2763) to work on /home/airflow/.local/lib/python3.8/site-packages/airflow/example_dags/example_task_group.py
[2023-11-22T19:00:53.437+0000] {processor.py:829} INFO - Processing file /home/airflow/.local/lib/python3.8/site-packages/airflow/example_dags/example_task_group.py for tasks to queue
[2023-11-22T19:00:53.438+0000] {logging_mixin.py:151} INFO - [2023-11-22T19:00:53.438+0000] {dagbag.py:536} INFO - Filling up the DagBag from /home/airflow/.local/lib/python3.8/site-packages/airflow/example_dags/example_task_group.py
[2023-11-22T19:00:53.445+0000] {processor.py:839} INFO - DAG(s) dict_keys(['example_task_group']) retrieved from /home/airflow/.local/lib/python3.8/site-packages/airflow/example_dags/example_task_group.py
[2023-11-22T19:00:53.459+0000] {logging_mixin.py:151} INFO - [2023-11-22T19:00:53.459+0000] {dag.py:2941} INFO - Sync 1 DAGs
[2023-11-22T19:00:53.470+0000] {logging_mixin.py:151} INFO - [2023-11-22T19:00:53.470+0000] {dag.py:3722} INFO - Setting next_dagrun for example_task_group to 2023-11-21T19:00:53.470505+00:00, run_after=2023-11-22T19:00:53.470505+00:00
[2023-11-22T19:00:53.479+0000] {processor.py:179} INFO - Processing /home/airflow/.local/lib/python3.8/site-packages/airflow/example_dags/example_task_group.py took 0.046 seconds
[2023-11-22T19:01:24.034+0000] {processor.py:157} INFO - Started process (PID=2820) to work on /home/airflow/.local/lib/python3.8/site-packages/airflow/example_dags/example_task_group.py
[2023-11-22T19:01:24.034+0000] {processor.py:829} INFO - Processing file /home/airflow/.local/lib/python3.8/site-packages/airflow/example_dags/example_task_group.py for tasks to queue
[2023-11-22T19:01:24.035+0000] {logging_mixin.py:151} INFO - [2023-11-22T19:01:24.035+0000] {dagbag.py:536} INFO - Filling up the DagBag from /home/airflow/.local/lib/python3.8/site-packages/airflow/example_dags/example_task_group.py
[2023-11-22T19:01:24.039+0000] {processor.py:839} INFO - DAG(s) dict_keys(['example_task_group']) retrieved from /home/airflow/.local/lib/python3.8/site-packages/airflow/example_dags/example_task_group.py
[2023-11-22T19:01:24.049+0000] {logging_mixin.py:151} INFO - [2023-11-22T19:01:24.049+0000] {dag.py:2941} INFO - Sync 1 DAGs
[2023-11-22T19:01:24.059+0000] {logging_mixin.py:151} INFO - [2023-11-22T19:01:24.059+0000] {dag.py:3722} INFO - Setting next_dagrun for example_task_group to 2023-11-21T19:01:24.058967+00:00, run_after=2023-11-22T19:01:24.058967+00:00
[2023-11-22T19:01:24.066+0000] {processor.py:179} INFO - Processing /home/airflow/.local/lib/python3.8/site-packages/airflow/example_dags/example_task_group.py took 0.034 seconds
[2023-11-22T19:01:54.653+0000] {processor.py:157} INFO - Started process (PID=2878) to work on /home/airflow/.local/lib/python3.8/site-packages/airflow/example_dags/example_task_group.py
[2023-11-22T19:01:54.653+0000] {processor.py:829} INFO - Processing file /home/airflow/.local/lib/python3.8/site-packages/airflow/example_dags/example_task_group.py for tasks to queue
[2023-11-22T19:01:54.654+0000] {logging_mixin.py:151} INFO - [2023-11-22T19:01:54.654+0000] {dagbag.py:536} INFO - Filling up the DagBag from /home/airflow/.local/lib/python3.8/site-packages/airflow/example_dags/example_task_group.py
[2023-11-22T19:01:54.658+0000] {processor.py:839} INFO - DAG(s) dict_keys(['example_task_group']) retrieved from /home/airflow/.local/lib/python3.8/site-packages/airflow/example_dags/example_task_group.py
[2023-11-22T19:01:54.669+0000] {logging_mixin.py:151} INFO - [2023-11-22T19:01:54.669+0000] {dag.py:2941} INFO - Sync 1 DAGs
[2023-11-22T19:01:54.679+0000] {logging_mixin.py:151} INFO - [2023-11-22T19:01:54.679+0000] {dag.py:3722} INFO - Setting next_dagrun for example_task_group to 2023-11-21T19:01:54.679459+00:00, run_after=2023-11-22T19:01:54.679459+00:00
[2023-11-22T19:01:54.687+0000] {processor.py:179} INFO - Processing /home/airflow/.local/lib/python3.8/site-packages/airflow/example_dags/example_task_group.py took 0.036 seconds
[2023-11-22T19:02:25.330+0000] {processor.py:157} INFO - Started process (PID=2935) to work on /home/airflow/.local/lib/python3.8/site-packages/airflow/example_dags/example_task_group.py
[2023-11-22T19:02:25.330+0000] {processor.py:829} INFO - Processing file /home/airflow/.local/lib/python3.8/site-packages/airflow/example_dags/example_task_group.py for tasks to queue
[2023-11-22T19:02:25.332+0000] {logging_mixin.py:151} INFO - [2023-11-22T19:02:25.331+0000] {dagbag.py:536} INFO - Filling up the DagBag from /home/airflow/.local/lib/python3.8/site-packages/airflow/example_dags/example_task_group.py
[2023-11-22T19:02:25.335+0000] {processor.py:839} INFO - DAG(s) dict_keys(['example_task_group']) retrieved from /home/airflow/.local/lib/python3.8/site-packages/airflow/example_dags/example_task_group.py
[2023-11-22T19:02:25.347+0000] {logging_mixin.py:151} INFO - [2023-11-22T19:02:25.346+0000] {dag.py:2941} INFO - Sync 1 DAGs
[2023-11-22T19:02:25.356+0000] {logging_mixin.py:151} INFO - [2023-11-22T19:02:25.356+0000] {dag.py:3722} INFO - Setting next_dagrun for example_task_group to 2023-11-21T19:02:25.356715+00:00, run_after=2023-11-22T19:02:25.356715+00:00
[2023-11-22T19:02:25.364+0000] {processor.py:179} INFO - Processing /home/airflow/.local/lib/python3.8/site-packages/airflow/example_dags/example_task_group.py took 0.036 seconds
[2023-11-22T19:02:55.983+0000] {processor.py:157} INFO - Started process (PID=2992) to work on /home/airflow/.local/lib/python3.8/site-packages/airflow/example_dags/example_task_group.py
[2023-11-22T19:02:55.984+0000] {processor.py:829} INFO - Processing file /home/airflow/.local/lib/python3.8/site-packages/airflow/example_dags/example_task_group.py for tasks to queue
[2023-11-22T19:02:55.985+0000] {logging_mixin.py:151} INFO - [2023-11-22T19:02:55.985+0000] {dagbag.py:536} INFO - Filling up the DagBag from /home/airflow/.local/lib/python3.8/site-packages/airflow/example_dags/example_task_group.py
[2023-11-22T19:02:55.989+0000] {processor.py:839} INFO - DAG(s) dict_keys(['example_task_group']) retrieved from /home/airflow/.local/lib/python3.8/site-packages/airflow/example_dags/example_task_group.py
[2023-11-22T19:02:56.000+0000] {logging_mixin.py:151} INFO - [2023-11-22T19:02:56.000+0000] {dag.py:2941} INFO - Sync 1 DAGs
[2023-11-22T19:02:56.009+0000] {logging_mixin.py:151} INFO - [2023-11-22T19:02:56.009+0000] {dag.py:3722} INFO - Setting next_dagrun for example_task_group to 2023-11-21T19:02:56.009718+00:00, run_after=2023-11-22T19:02:56.009718+00:00
[2023-11-22T19:02:56.017+0000] {processor.py:179} INFO - Processing /home/airflow/.local/lib/python3.8/site-packages/airflow/example_dags/example_task_group.py took 0.035 seconds
[2023-11-22T19:03:26.644+0000] {processor.py:157} INFO - Started process (PID=3048) to work on /home/airflow/.local/lib/python3.8/site-packages/airflow/example_dags/example_task_group.py
[2023-11-22T19:03:26.645+0000] {processor.py:829} INFO - Processing file /home/airflow/.local/lib/python3.8/site-packages/airflow/example_dags/example_task_group.py for tasks to queue
[2023-11-22T19:03:26.646+0000] {logging_mixin.py:151} INFO - [2023-11-22T19:03:26.646+0000] {dagbag.py:536} INFO - Filling up the DagBag from /home/airflow/.local/lib/python3.8/site-packages/airflow/example_dags/example_task_group.py
[2023-11-22T19:03:26.650+0000] {processor.py:839} INFO - DAG(s) dict_keys(['example_task_group']) retrieved from /home/airflow/.local/lib/python3.8/site-packages/airflow/example_dags/example_task_group.py
[2023-11-22T19:03:26.660+0000] {logging_mixin.py:151} INFO - [2023-11-22T19:03:26.660+0000] {dag.py:2941} INFO - Sync 1 DAGs
[2023-11-22T19:03:26.670+0000] {logging_mixin.py:151} INFO - [2023-11-22T19:03:26.670+0000] {dag.py:3722} INFO - Setting next_dagrun for example_task_group to 2023-11-21T19:03:26.670141+00:00, run_after=2023-11-22T19:03:26.670141+00:00
[2023-11-22T19:03:26.677+0000] {processor.py:179} INFO - Processing /home/airflow/.local/lib/python3.8/site-packages/airflow/example_dags/example_task_group.py took 0.035 seconds
[2023-11-22T19:03:57.381+0000] {processor.py:157} INFO - Started process (PID=3105) to work on /home/airflow/.local/lib/python3.8/site-packages/airflow/example_dags/example_task_group.py
[2023-11-22T19:03:57.382+0000] {processor.py:829} INFO - Processing file /home/airflow/.local/lib/python3.8/site-packages/airflow/example_dags/example_task_group.py for tasks to queue
[2023-11-22T19:03:57.383+0000] {logging_mixin.py:151} INFO - [2023-11-22T19:03:57.383+0000] {dagbag.py:536} INFO - Filling up the DagBag from /home/airflow/.local/lib/python3.8/site-packages/airflow/example_dags/example_task_group.py
[2023-11-22T19:03:57.388+0000] {processor.py:839} INFO - DAG(s) dict_keys(['example_task_group']) retrieved from /home/airflow/.local/lib/python3.8/site-packages/airflow/example_dags/example_task_group.py
[2023-11-22T19:03:57.403+0000] {logging_mixin.py:151} INFO - [2023-11-22T19:03:57.403+0000] {dag.py:2941} INFO - Sync 1 DAGs
[2023-11-22T19:03:57.415+0000] {logging_mixin.py:151} INFO - [2023-11-22T19:03:57.415+0000] {dag.py:3722} INFO - Setting next_dagrun for example_task_group to 2023-11-21T19:03:57.415066+00:00, run_after=2023-11-22T19:03:57.415066+00:00
[2023-11-22T19:03:57.423+0000] {processor.py:179} INFO - Processing /home/airflow/.local/lib/python3.8/site-packages/airflow/example_dags/example_task_group.py took 0.044 seconds
[2023-11-22T19:04:27.984+0000] {processor.py:157} INFO - Started process (PID=3162) to work on /home/airflow/.local/lib/python3.8/site-packages/airflow/example_dags/example_task_group.py
[2023-11-22T19:04:27.985+0000] {processor.py:829} INFO - Processing file /home/airflow/.local/lib/python3.8/site-packages/airflow/example_dags/example_task_group.py for tasks to queue
[2023-11-22T19:04:27.986+0000] {logging_mixin.py:151} INFO - [2023-11-22T19:04:27.986+0000] {dagbag.py:536} INFO - Filling up the DagBag from /home/airflow/.local/lib/python3.8/site-packages/airflow/example_dags/example_task_group.py
[2023-11-22T19:04:27.989+0000] {processor.py:839} INFO - DAG(s) dict_keys(['example_task_group']) retrieved from /home/airflow/.local/lib/python3.8/site-packages/airflow/example_dags/example_task_group.py
[2023-11-22T19:04:28.000+0000] {logging_mixin.py:151} INFO - [2023-11-22T19:04:28.000+0000] {dag.py:2941} INFO - Sync 1 DAGs
[2023-11-22T19:04:28.009+0000] {logging_mixin.py:151} INFO - [2023-11-22T19:04:28.009+0000] {dag.py:3722} INFO - Setting next_dagrun for example_task_group to 2023-11-21T19:04:28.009671+00:00, run_after=2023-11-22T19:04:28.009671+00:00
[2023-11-22T19:04:28.017+0000] {processor.py:179} INFO - Processing /home/airflow/.local/lib/python3.8/site-packages/airflow/example_dags/example_task_group.py took 0.035 seconds
[2023-11-22T19:04:58.622+0000] {processor.py:157} INFO - Started process (PID=3219) to work on /home/airflow/.local/lib/python3.8/site-packages/airflow/example_dags/example_task_group.py
[2023-11-22T19:04:58.623+0000] {processor.py:829} INFO - Processing file /home/airflow/.local/lib/python3.8/site-packages/airflow/example_dags/example_task_group.py for tasks to queue
[2023-11-22T19:04:58.624+0000] {logging_mixin.py:151} INFO - [2023-11-22T19:04:58.624+0000] {dagbag.py:536} INFO - Filling up the DagBag from /home/airflow/.local/lib/python3.8/site-packages/airflow/example_dags/example_task_group.py
[2023-11-22T19:04:58.627+0000] {processor.py:839} INFO - DAG(s) dict_keys(['example_task_group']) retrieved from /home/airflow/.local/lib/python3.8/site-packages/airflow/example_dags/example_task_group.py
[2023-11-22T19:04:58.638+0000] {logging_mixin.py:151} INFO - [2023-11-22T19:04:58.638+0000] {dag.py:2941} INFO - Sync 1 DAGs
[2023-11-22T19:04:58.647+0000] {logging_mixin.py:151} INFO - [2023-11-22T19:04:58.647+0000] {dag.py:3722} INFO - Setting next_dagrun for example_task_group to 2023-11-21T19:04:58.647589+00:00, run_after=2023-11-22T19:04:58.647589+00:00
[2023-11-22T19:04:58.654+0000] {processor.py:179} INFO - Processing /home/airflow/.local/lib/python3.8/site-packages/airflow/example_dags/example_task_group.py took 0.034 seconds
[2023-11-22T19:05:29.242+0000] {processor.py:157} INFO - Started process (PID=3277) to work on /home/airflow/.local/lib/python3.8/site-packages/airflow/example_dags/example_task_group.py
[2023-11-22T19:05:29.243+0000] {processor.py:829} INFO - Processing file /home/airflow/.local/lib/python3.8/site-packages/airflow/example_dags/example_task_group.py for tasks to queue
[2023-11-22T19:05:29.244+0000] {logging_mixin.py:151} INFO - [2023-11-22T19:05:29.244+0000] {dagbag.py:536} INFO - Filling up the DagBag from /home/airflow/.local/lib/python3.8/site-packages/airflow/example_dags/example_task_group.py
[2023-11-22T19:05:29.248+0000] {processor.py:839} INFO - DAG(s) dict_keys(['example_task_group']) retrieved from /home/airflow/.local/lib/python3.8/site-packages/airflow/example_dags/example_task_group.py
[2023-11-22T19:05:29.258+0000] {logging_mixin.py:151} INFO - [2023-11-22T19:05:29.258+0000] {dag.py:2941} INFO - Sync 1 DAGs
[2023-11-22T19:05:29.290+0000] {logging_mixin.py:151} INFO - [2023-11-22T19:05:29.290+0000] {dag.py:3722} INFO - Setting next_dagrun for example_task_group to 2023-11-21T19:05:29.290748+00:00, run_after=2023-11-22T19:05:29.290748+00:00
[2023-11-22T19:05:29.298+0000] {processor.py:179} INFO - Processing /home/airflow/.local/lib/python3.8/site-packages/airflow/example_dags/example_task_group.py took 0.058 seconds
[2023-11-22T19:05:59.912+0000] {processor.py:157} INFO - Started process (PID=3334) to work on /home/airflow/.local/lib/python3.8/site-packages/airflow/example_dags/example_task_group.py
[2023-11-22T19:05:59.912+0000] {processor.py:829} INFO - Processing file /home/airflow/.local/lib/python3.8/site-packages/airflow/example_dags/example_task_group.py for tasks to queue
[2023-11-22T19:05:59.914+0000] {logging_mixin.py:151} INFO - [2023-11-22T19:05:59.913+0000] {dagbag.py:536} INFO - Filling up the DagBag from /home/airflow/.local/lib/python3.8/site-packages/airflow/example_dags/example_task_group.py
[2023-11-22T19:05:59.917+0000] {processor.py:839} INFO - DAG(s) dict_keys(['example_task_group']) retrieved from /home/airflow/.local/lib/python3.8/site-packages/airflow/example_dags/example_task_group.py
[2023-11-22T19:05:59.929+0000] {logging_mixin.py:151} INFO - [2023-11-22T19:05:59.928+0000] {dag.py:2941} INFO - Sync 1 DAGs
[2023-11-22T19:05:59.939+0000] {logging_mixin.py:151} INFO - [2023-11-22T19:05:59.939+0000] {dag.py:3722} INFO - Setting next_dagrun for example_task_group to 2023-11-21T19:05:59.939059+00:00, run_after=2023-11-22T19:05:59.939059+00:00
[2023-11-22T19:05:59.947+0000] {processor.py:179} INFO - Processing /home/airflow/.local/lib/python3.8/site-packages/airflow/example_dags/example_task_group.py took 0.037 seconds
[2023-11-22T19:06:30.485+0000] {processor.py:157} INFO - Started process (PID=3391) to work on /home/airflow/.local/lib/python3.8/site-packages/airflow/example_dags/example_task_group.py
[2023-11-22T19:06:30.486+0000] {processor.py:829} INFO - Processing file /home/airflow/.local/lib/python3.8/site-packages/airflow/example_dags/example_task_group.py for tasks to queue
[2023-11-22T19:06:30.487+0000] {logging_mixin.py:151} INFO - [2023-11-22T19:06:30.487+0000] {dagbag.py:536} INFO - Filling up the DagBag from /home/airflow/.local/lib/python3.8/site-packages/airflow/example_dags/example_task_group.py
[2023-11-22T19:06:30.491+0000] {processor.py:839} INFO - DAG(s) dict_keys(['example_task_group']) retrieved from /home/airflow/.local/lib/python3.8/site-packages/airflow/example_dags/example_task_group.py
[2023-11-22T19:06:30.502+0000] {logging_mixin.py:151} INFO - [2023-11-22T19:06:30.502+0000] {dag.py:2941} INFO - Sync 1 DAGs
[2023-11-22T19:06:30.512+0000] {logging_mixin.py:151} INFO - [2023-11-22T19:06:30.512+0000] {dag.py:3722} INFO - Setting next_dagrun for example_task_group to 2023-11-21T19:06:30.512178+00:00, run_after=2023-11-22T19:06:30.512178+00:00
[2023-11-22T19:06:30.520+0000] {processor.py:179} INFO - Processing /home/airflow/.local/lib/python3.8/site-packages/airflow/example_dags/example_task_group.py took 0.037 seconds
[2023-11-22T19:07:00.997+0000] {processor.py:157} INFO - Started process (PID=3448) to work on /home/airflow/.local/lib/python3.8/site-packages/airflow/example_dags/example_task_group.py
[2023-11-22T19:07:00.997+0000] {processor.py:829} INFO - Processing file /home/airflow/.local/lib/python3.8/site-packages/airflow/example_dags/example_task_group.py for tasks to queue
[2023-11-22T19:07:00.999+0000] {logging_mixin.py:151} INFO - [2023-11-22T19:07:00.998+0000] {dagbag.py:536} INFO - Filling up the DagBag from /home/airflow/.local/lib/python3.8/site-packages/airflow/example_dags/example_task_group.py
[2023-11-22T19:07:01.003+0000] {processor.py:839} INFO - DAG(s) dict_keys(['example_task_group']) retrieved from /home/airflow/.local/lib/python3.8/site-packages/airflow/example_dags/example_task_group.py
[2023-11-22T19:07:01.013+0000] {logging_mixin.py:151} INFO - [2023-11-22T19:07:01.013+0000] {dag.py:2941} INFO - Sync 1 DAGs
[2023-11-22T19:07:01.023+0000] {logging_mixin.py:151} INFO - [2023-11-22T19:07:01.023+0000] {dag.py:3722} INFO - Setting next_dagrun for example_task_group to 2023-11-21T19:07:01.023279+00:00, run_after=2023-11-22T19:07:01.023279+00:00
[2023-11-22T19:07:01.031+0000] {processor.py:179} INFO - Processing /home/airflow/.local/lib/python3.8/site-packages/airflow/example_dags/example_task_group.py took 0.036 seconds
[2023-11-22T19:07:31.499+0000] {processor.py:157} INFO - Started process (PID=3505) to work on /home/airflow/.local/lib/python3.8/site-packages/airflow/example_dags/example_task_group.py
[2023-11-22T19:07:31.499+0000] {processor.py:829} INFO - Processing file /home/airflow/.local/lib/python3.8/site-packages/airflow/example_dags/example_task_group.py for tasks to queue
[2023-11-22T19:07:31.500+0000] {logging_mixin.py:151} INFO - [2023-11-22T19:07:31.500+0000] {dagbag.py:536} INFO - Filling up the DagBag from /home/airflow/.local/lib/python3.8/site-packages/airflow/example_dags/example_task_group.py
[2023-11-22T19:07:31.504+0000] {processor.py:839} INFO - DAG(s) dict_keys(['example_task_group']) retrieved from /home/airflow/.local/lib/python3.8/site-packages/airflow/example_dags/example_task_group.py
[2023-11-22T19:07:31.514+0000] {logging_mixin.py:151} INFO - [2023-11-22T19:07:31.514+0000] {dag.py:2941} INFO - Sync 1 DAGs
[2023-11-22T19:07:31.524+0000] {logging_mixin.py:151} INFO - [2023-11-22T19:07:31.524+0000] {dag.py:3722} INFO - Setting next_dagrun for example_task_group to 2023-11-21T19:07:31.524036+00:00, run_after=2023-11-22T19:07:31.524036+00:00
[2023-11-22T19:07:31.531+0000] {processor.py:179} INFO - Processing /home/airflow/.local/lib/python3.8/site-packages/airflow/example_dags/example_task_group.py took 0.034 seconds
[2023-11-22T19:08:02.092+0000] {processor.py:157} INFO - Started process (PID=3562) to work on /home/airflow/.local/lib/python3.8/site-packages/airflow/example_dags/example_task_group.py
[2023-11-22T19:08:02.093+0000] {processor.py:829} INFO - Processing file /home/airflow/.local/lib/python3.8/site-packages/airflow/example_dags/example_task_group.py for tasks to queue
[2023-11-22T19:08:02.094+0000] {logging_mixin.py:151} INFO - [2023-11-22T19:08:02.094+0000] {dagbag.py:536} INFO - Filling up the DagBag from /home/airflow/.local/lib/python3.8/site-packages/airflow/example_dags/example_task_group.py
[2023-11-22T19:08:02.097+0000] {processor.py:839} INFO - DAG(s) dict_keys(['example_task_group']) retrieved from /home/airflow/.local/lib/python3.8/site-packages/airflow/example_dags/example_task_group.py
[2023-11-22T19:08:02.107+0000] {logging_mixin.py:151} INFO - [2023-11-22T19:08:02.107+0000] {dag.py:2941} INFO - Sync 1 DAGs
[2023-11-22T19:08:02.116+0000] {logging_mixin.py:151} INFO - [2023-11-22T19:08:02.116+0000] {dag.py:3722} INFO - Setting next_dagrun for example_task_group to 2023-11-21T19:08:02.116136+00:00, run_after=2023-11-22T19:08:02.116136+00:00
[2023-11-22T19:08:02.123+0000] {processor.py:179} INFO - Processing /home/airflow/.local/lib/python3.8/site-packages/airflow/example_dags/example_task_group.py took 0.032 seconds
[2023-11-22T19:08:32.688+0000] {processor.py:157} INFO - Started process (PID=3619) to work on /home/airflow/.local/lib/python3.8/site-packages/airflow/example_dags/example_task_group.py
[2023-11-22T19:08:32.689+0000] {processor.py:829} INFO - Processing file /home/airflow/.local/lib/python3.8/site-packages/airflow/example_dags/example_task_group.py for tasks to queue
[2023-11-22T19:08:32.690+0000] {logging_mixin.py:151} INFO - [2023-11-22T19:08:32.690+0000] {dagbag.py:536} INFO - Filling up the DagBag from /home/airflow/.local/lib/python3.8/site-packages/airflow/example_dags/example_task_group.py
[2023-11-22T19:08:32.693+0000] {processor.py:839} INFO - DAG(s) dict_keys(['example_task_group']) retrieved from /home/airflow/.local/lib/python3.8/site-packages/airflow/example_dags/example_task_group.py
[2023-11-22T19:08:32.703+0000] {logging_mixin.py:151} INFO - [2023-11-22T19:08:32.702+0000] {dag.py:2941} INFO - Sync 1 DAGs
[2023-11-22T19:08:32.711+0000] {logging_mixin.py:151} INFO - [2023-11-22T19:08:32.711+0000] {dag.py:3722} INFO - Setting next_dagrun for example_task_group to 2023-11-21T19:08:32.711507+00:00, run_after=2023-11-22T19:08:32.711507+00:00
[2023-11-22T19:08:32.718+0000] {processor.py:179} INFO - Processing /home/airflow/.local/lib/python3.8/site-packages/airflow/example_dags/example_task_group.py took 0.032 seconds
[2023-11-22T19:09:03.264+0000] {processor.py:157} INFO - Started process (PID=3676) to work on /home/airflow/.local/lib/python3.8/site-packages/airflow/example_dags/example_task_group.py
[2023-11-22T19:09:03.264+0000] {processor.py:829} INFO - Processing file /home/airflow/.local/lib/python3.8/site-packages/airflow/example_dags/example_task_group.py for tasks to queue
[2023-11-22T19:09:03.265+0000] {logging_mixin.py:151} INFO - [2023-11-22T19:09:03.265+0000] {dagbag.py:536} INFO - Filling up the DagBag from /home/airflow/.local/lib/python3.8/site-packages/airflow/example_dags/example_task_group.py
[2023-11-22T19:09:03.269+0000] {processor.py:839} INFO - DAG(s) dict_keys(['example_task_group']) retrieved from /home/airflow/.local/lib/python3.8/site-packages/airflow/example_dags/example_task_group.py
[2023-11-22T19:09:03.278+0000] {logging_mixin.py:151} INFO - [2023-11-22T19:09:03.278+0000] {dag.py:2941} INFO - Sync 1 DAGs
[2023-11-22T19:09:03.289+0000] {logging_mixin.py:151} INFO - [2023-11-22T19:09:03.289+0000] {dag.py:3722} INFO - Setting next_dagrun for example_task_group to 2023-11-21T19:09:03.289573+00:00, run_after=2023-11-22T19:09:03.289573+00:00
[2023-11-22T19:09:03.296+0000] {processor.py:179} INFO - Processing /home/airflow/.local/lib/python3.8/site-packages/airflow/example_dags/example_task_group.py took 0.035 seconds
[2023-11-22T19:09:33.932+0000] {processor.py:157} INFO - Started process (PID=3733) to work on /home/airflow/.local/lib/python3.8/site-packages/airflow/example_dags/example_task_group.py
[2023-11-22T19:09:33.932+0000] {processor.py:829} INFO - Processing file /home/airflow/.local/lib/python3.8/site-packages/airflow/example_dags/example_task_group.py for tasks to queue
[2023-11-22T19:09:33.933+0000] {logging_mixin.py:151} INFO - [2023-11-22T19:09:33.933+0000] {dagbag.py:536} INFO - Filling up the DagBag from /home/airflow/.local/lib/python3.8/site-packages/airflow/example_dags/example_task_group.py
[2023-11-22T19:09:33.937+0000] {processor.py:839} INFO - DAG(s) dict_keys(['example_task_group']) retrieved from /home/airflow/.local/lib/python3.8/site-packages/airflow/example_dags/example_task_group.py
[2023-11-22T19:09:33.946+0000] {logging_mixin.py:151} INFO - [2023-11-22T19:09:33.946+0000] {dag.py:2941} INFO - Sync 1 DAGs
[2023-11-22T19:09:33.955+0000] {logging_mixin.py:151} INFO - [2023-11-22T19:09:33.955+0000] {dag.py:3722} INFO - Setting next_dagrun for example_task_group to 2023-11-21T19:09:33.955207+00:00, run_after=2023-11-22T19:09:33.955207+00:00
[2023-11-22T19:09:33.962+0000] {processor.py:179} INFO - Processing /home/airflow/.local/lib/python3.8/site-packages/airflow/example_dags/example_task_group.py took 0.032 seconds
[2023-11-22T19:10:04.538+0000] {processor.py:157} INFO - Started process (PID=3790) to work on /home/airflow/.local/lib/python3.8/site-packages/airflow/example_dags/example_task_group.py
[2023-11-22T19:10:04.539+0000] {processor.py:829} INFO - Processing file /home/airflow/.local/lib/python3.8/site-packages/airflow/example_dags/example_task_group.py for tasks to queue
[2023-11-22T19:10:04.540+0000] {logging_mixin.py:151} INFO - [2023-11-22T19:10:04.540+0000] {dagbag.py:536} INFO - Filling up the DagBag from /home/airflow/.local/lib/python3.8/site-packages/airflow/example_dags/example_task_group.py
[2023-11-22T19:10:04.543+0000] {processor.py:839} INFO - DAG(s) dict_keys(['example_task_group']) retrieved from /home/airflow/.local/lib/python3.8/site-packages/airflow/example_dags/example_task_group.py
[2023-11-22T19:10:04.553+0000] {logging_mixin.py:151} INFO - [2023-11-22T19:10:04.553+0000] {dag.py:2941} INFO - Sync 1 DAGs
[2023-11-22T19:10:04.563+0000] {logging_mixin.py:151} INFO - [2023-11-22T19:10:04.562+0000] {dag.py:3722} INFO - Setting next_dagrun for example_task_group to 2023-11-21T19:10:04.562833+00:00, run_after=2023-11-22T19:10:04.562833+00:00
[2023-11-22T19:10:04.569+0000] {processor.py:179} INFO - Processing /home/airflow/.local/lib/python3.8/site-packages/airflow/example_dags/example_task_group.py took 0.033 seconds
[2023-11-22T19:10:35.105+0000] {processor.py:157} INFO - Started process (PID=3847) to work on /home/airflow/.local/lib/python3.8/site-packages/airflow/example_dags/example_task_group.py
[2023-11-22T19:10:35.105+0000] {processor.py:829} INFO - Processing file /home/airflow/.local/lib/python3.8/site-packages/airflow/example_dags/example_task_group.py for tasks to queue
[2023-11-22T19:10:35.107+0000] {logging_mixin.py:151} INFO - [2023-11-22T19:10:35.106+0000] {dagbag.py:536} INFO - Filling up the DagBag from /home/airflow/.local/lib/python3.8/site-packages/airflow/example_dags/example_task_group.py
[2023-11-22T19:10:35.110+0000] {processor.py:839} INFO - DAG(s) dict_keys(['example_task_group']) retrieved from /home/airflow/.local/lib/python3.8/site-packages/airflow/example_dags/example_task_group.py
[2023-11-22T19:10:35.120+0000] {logging_mixin.py:151} INFO - [2023-11-22T19:10:35.120+0000] {dag.py:2941} INFO - Sync 1 DAGs
[2023-11-22T19:10:35.130+0000] {logging_mixin.py:151} INFO - [2023-11-22T19:10:35.130+0000] {dag.py:3722} INFO - Setting next_dagrun for example_task_group to 2023-11-21T19:10:35.130343+00:00, run_after=2023-11-22T19:10:35.130343+00:00
[2023-11-22T19:10:35.138+0000] {processor.py:179} INFO - Processing /home/airflow/.local/lib/python3.8/site-packages/airflow/example_dags/example_task_group.py took 0.035 seconds
[2023-11-22T19:11:05.675+0000] {processor.py:157} INFO - Started process (PID=3904) to work on /home/airflow/.local/lib/python3.8/site-packages/airflow/example_dags/example_task_group.py
[2023-11-22T19:11:05.675+0000] {processor.py:829} INFO - Processing file /home/airflow/.local/lib/python3.8/site-packages/airflow/example_dags/example_task_group.py for tasks to queue
[2023-11-22T19:11:05.676+0000] {logging_mixin.py:151} INFO - [2023-11-22T19:11:05.676+0000] {dagbag.py:536} INFO - Filling up the DagBag from /home/airflow/.local/lib/python3.8/site-packages/airflow/example_dags/example_task_group.py
[2023-11-22T19:11:05.680+0000] {processor.py:839} INFO - DAG(s) dict_keys(['example_task_group']) retrieved from /home/airflow/.local/lib/python3.8/site-packages/airflow/example_dags/example_task_group.py
[2023-11-22T19:11:05.689+0000] {logging_mixin.py:151} INFO - [2023-11-22T19:11:05.689+0000] {dag.py:2941} INFO - Sync 1 DAGs
[2023-11-22T19:11:05.698+0000] {logging_mixin.py:151} INFO - [2023-11-22T19:11:05.698+0000] {dag.py:3722} INFO - Setting next_dagrun for example_task_group to 2023-11-21T19:11:05.698620+00:00, run_after=2023-11-22T19:11:05.698620+00:00
[2023-11-22T19:11:05.705+0000] {processor.py:179} INFO - Processing /home/airflow/.local/lib/python3.8/site-packages/airflow/example_dags/example_task_group.py took 0.032 seconds
[2023-11-22T19:11:36.284+0000] {processor.py:157} INFO - Started process (PID=3961) to work on /home/airflow/.local/lib/python3.8/site-packages/airflow/example_dags/example_task_group.py
[2023-11-22T19:11:36.285+0000] {processor.py:829} INFO - Processing file /home/airflow/.local/lib/python3.8/site-packages/airflow/example_dags/example_task_group.py for tasks to queue
[2023-11-22T19:11:36.286+0000] {logging_mixin.py:151} INFO - [2023-11-22T19:11:36.286+0000] {dagbag.py:536} INFO - Filling up the DagBag from /home/airflow/.local/lib/python3.8/site-packages/airflow/example_dags/example_task_group.py
[2023-11-22T19:11:36.290+0000] {processor.py:839} INFO - DAG(s) dict_keys(['example_task_group']) retrieved from /home/airflow/.local/lib/python3.8/site-packages/airflow/example_dags/example_task_group.py
[2023-11-22T19:11:36.301+0000] {logging_mixin.py:151} INFO - [2023-11-22T19:11:36.301+0000] {dag.py:2941} INFO - Sync 1 DAGs
[2023-11-22T19:11:36.310+0000] {logging_mixin.py:151} INFO - [2023-11-22T19:11:36.310+0000] {dag.py:3722} INFO - Setting next_dagrun for example_task_group to 2023-11-21T19:11:36.310473+00:00, run_after=2023-11-22T19:11:36.310473+00:00
[2023-11-22T19:11:36.318+0000] {processor.py:179} INFO - Processing /home/airflow/.local/lib/python3.8/site-packages/airflow/example_dags/example_task_group.py took 0.036 seconds
[2023-11-22T19:12:07.082+0000] {processor.py:157} INFO - Started process (PID=4018) to work on /home/airflow/.local/lib/python3.8/site-packages/airflow/example_dags/example_task_group.py
[2023-11-22T19:12:07.083+0000] {processor.py:829} INFO - Processing file /home/airflow/.local/lib/python3.8/site-packages/airflow/example_dags/example_task_group.py for tasks to queue
[2023-11-22T19:12:07.084+0000] {logging_mixin.py:151} INFO - [2023-11-22T19:12:07.084+0000] {dagbag.py:536} INFO - Filling up the DagBag from /home/airflow/.local/lib/python3.8/site-packages/airflow/example_dags/example_task_group.py
[2023-11-22T19:12:07.087+0000] {processor.py:839} INFO - DAG(s) dict_keys(['example_task_group']) retrieved from /home/airflow/.local/lib/python3.8/site-packages/airflow/example_dags/example_task_group.py
[2023-11-22T19:12:07.097+0000] {logging_mixin.py:151} INFO - [2023-11-22T19:12:07.097+0000] {dag.py:2941} INFO - Sync 1 DAGs
[2023-11-22T19:12:07.106+0000] {logging_mixin.py:151} INFO - [2023-11-22T19:12:07.106+0000] {dag.py:3722} INFO - Setting next_dagrun for example_task_group to 2023-11-21T19:12:07.106305+00:00, run_after=2023-11-22T19:12:07.106305+00:00
[2023-11-22T19:12:07.113+0000] {processor.py:179} INFO - Processing /home/airflow/.local/lib/python3.8/site-packages/airflow/example_dags/example_task_group.py took 0.032 seconds
[2023-11-22T19:12:37.848+0000] {processor.py:157} INFO - Started process (PID=4074) to work on /home/airflow/.local/lib/python3.8/site-packages/airflow/example_dags/example_task_group.py
[2023-11-22T19:12:37.849+0000] {processor.py:829} INFO - Processing file /home/airflow/.local/lib/python3.8/site-packages/airflow/example_dags/example_task_group.py for tasks to queue
[2023-11-22T19:12:37.850+0000] {logging_mixin.py:151} INFO - [2023-11-22T19:12:37.850+0000] {dagbag.py:536} INFO - Filling up the DagBag from /home/airflow/.local/lib/python3.8/site-packages/airflow/example_dags/example_task_group.py
[2023-11-22T19:12:37.853+0000] {processor.py:839} INFO - DAG(s) dict_keys(['example_task_group']) retrieved from /home/airflow/.local/lib/python3.8/site-packages/airflow/example_dags/example_task_group.py
[2023-11-22T19:12:37.863+0000] {logging_mixin.py:151} INFO - [2023-11-22T19:12:37.863+0000] {dag.py:2941} INFO - Sync 1 DAGs
[2023-11-22T19:12:37.872+0000] {logging_mixin.py:151} INFO - [2023-11-22T19:12:37.872+0000] {dag.py:3722} INFO - Setting next_dagrun for example_task_group to 2023-11-21T19:12:37.872699+00:00, run_after=2023-11-22T19:12:37.872699+00:00
[2023-11-22T19:12:37.879+0000] {processor.py:179} INFO - Processing /home/airflow/.local/lib/python3.8/site-packages/airflow/example_dags/example_task_group.py took 0.033 seconds
[2023-11-22T19:13:08.515+0000] {processor.py:157} INFO - Started process (PID=4131) to work on /home/airflow/.local/lib/python3.8/site-packages/airflow/example_dags/example_task_group.py
[2023-11-22T19:13:08.515+0000] {processor.py:829} INFO - Processing file /home/airflow/.local/lib/python3.8/site-packages/airflow/example_dags/example_task_group.py for tasks to queue
[2023-11-22T19:13:08.516+0000] {logging_mixin.py:151} INFO - [2023-11-22T19:13:08.516+0000] {dagbag.py:536} INFO - Filling up the DagBag from /home/airflow/.local/lib/python3.8/site-packages/airflow/example_dags/example_task_group.py
[2023-11-22T19:13:08.520+0000] {processor.py:839} INFO - DAG(s) dict_keys(['example_task_group']) retrieved from /home/airflow/.local/lib/python3.8/site-packages/airflow/example_dags/example_task_group.py
[2023-11-22T19:13:08.529+0000] {logging_mixin.py:151} INFO - [2023-11-22T19:13:08.529+0000] {dag.py:2941} INFO - Sync 1 DAGs
[2023-11-22T19:13:08.539+0000] {logging_mixin.py:151} INFO - [2023-11-22T19:13:08.539+0000] {dag.py:3722} INFO - Setting next_dagrun for example_task_group to 2023-11-21T19:13:08.539310+00:00, run_after=2023-11-22T19:13:08.539310+00:00
[2023-11-22T19:13:08.546+0000] {processor.py:179} INFO - Processing /home/airflow/.local/lib/python3.8/site-packages/airflow/example_dags/example_task_group.py took 0.033 seconds
[2023-11-22T19:13:39.124+0000] {processor.py:157} INFO - Started process (PID=4188) to work on /home/airflow/.local/lib/python3.8/site-packages/airflow/example_dags/example_task_group.py
[2023-11-22T19:13:39.124+0000] {processor.py:829} INFO - Processing file /home/airflow/.local/lib/python3.8/site-packages/airflow/example_dags/example_task_group.py for tasks to queue
[2023-11-22T19:13:39.125+0000] {logging_mixin.py:151} INFO - [2023-11-22T19:13:39.125+0000] {dagbag.py:536} INFO - Filling up the DagBag from /home/airflow/.local/lib/python3.8/site-packages/airflow/example_dags/example_task_group.py
[2023-11-22T19:13:39.129+0000] {processor.py:839} INFO - DAG(s) dict_keys(['example_task_group']) retrieved from /home/airflow/.local/lib/python3.8/site-packages/airflow/example_dags/example_task_group.py
[2023-11-22T19:13:39.139+0000] {logging_mixin.py:151} INFO - [2023-11-22T19:13:39.139+0000] {dag.py:2941} INFO - Sync 1 DAGs
[2023-11-22T19:13:39.148+0000] {logging_mixin.py:151} INFO - [2023-11-22T19:13:39.148+0000] {dag.py:3722} INFO - Setting next_dagrun for example_task_group to 2023-11-21T19:13:39.148232+00:00, run_after=2023-11-22T19:13:39.148232+00:00
[2023-11-22T19:13:39.156+0000] {processor.py:179} INFO - Processing /home/airflow/.local/lib/python3.8/site-packages/airflow/example_dags/example_task_group.py took 0.034 seconds
