[2023-11-22T18:36:48.937+0000] {processor.py:157} INFO - Started process (PID=65) to work on /home/airflow/.local/lib/python3.8/site-packages/airflow/example_dags/example_sensors.py
[2023-11-22T18:36:48.939+0000] {processor.py:829} INFO - Processing file /home/airflow/.local/lib/python3.8/site-packages/airflow/example_dags/example_sensors.py for tasks to queue
[2023-11-22T18:36:48.943+0000] {logging_mixin.py:151} INFO - [2023-11-22T18:36:48.943+0000] {dagbag.py:536} INFO - Filling up the DagBag from /home/airflow/.local/lib/python3.8/site-packages/airflow/example_dags/example_sensors.py
[2023-11-22T18:36:48.968+0000] {processor.py:839} INFO - DAG(s) dict_keys(['example_sensors']) retrieved from /home/airflow/.local/lib/python3.8/site-packages/airflow/example_dags/example_sensors.py
[2023-11-22T18:36:49.006+0000] {logging_mixin.py:151} INFO - [2023-11-22T18:36:49.005+0000] {dag.py:2941} INFO - Sync 1 DAGs
[2023-11-22T18:36:49.037+0000] {logging_mixin.py:151} INFO - [2023-11-22T18:36:49.036+0000] {dag.py:3722} INFO - Setting next_dagrun for example_sensors to None, run_after=None
[2023-11-22T18:36:49.069+0000] {processor.py:179} INFO - Processing /home/airflow/.local/lib/python3.8/site-packages/airflow/example_dags/example_sensors.py took 0.137 seconds
[2023-11-22T18:37:19.182+0000] {processor.py:157} INFO - Started process (PID=122) to work on /home/airflow/.local/lib/python3.8/site-packages/airflow/example_dags/example_sensors.py
[2023-11-22T18:37:19.183+0000] {processor.py:829} INFO - Processing file /home/airflow/.local/lib/python3.8/site-packages/airflow/example_dags/example_sensors.py for tasks to queue
[2023-11-22T18:37:19.184+0000] {logging_mixin.py:151} INFO - [2023-11-22T18:37:19.184+0000] {dagbag.py:536} INFO - Filling up the DagBag from /home/airflow/.local/lib/python3.8/site-packages/airflow/example_dags/example_sensors.py
[2023-11-22T18:37:19.188+0000] {processor.py:839} INFO - DAG(s) dict_keys(['example_sensors']) retrieved from /home/airflow/.local/lib/python3.8/site-packages/airflow/example_dags/example_sensors.py
[2023-11-22T18:37:19.200+0000] {logging_mixin.py:151} INFO - [2023-11-22T18:37:19.200+0000] {dag.py:2941} INFO - Sync 1 DAGs
[2023-11-22T18:37:19.206+0000] {logging_mixin.py:151} INFO - [2023-11-22T18:37:19.206+0000] {dag.py:3722} INFO - Setting next_dagrun for example_sensors to None, run_after=None
[2023-11-22T18:37:19.213+0000] {processor.py:179} INFO - Processing /home/airflow/.local/lib/python3.8/site-packages/airflow/example_dags/example_sensors.py took 0.032 seconds
[2023-11-22T18:37:50.120+0000] {processor.py:157} INFO - Started process (PID=179) to work on /home/airflow/.local/lib/python3.8/site-packages/airflow/example_dags/example_sensors.py
[2023-11-22T18:37:50.120+0000] {processor.py:829} INFO - Processing file /home/airflow/.local/lib/python3.8/site-packages/airflow/example_dags/example_sensors.py for tasks to queue
[2023-11-22T18:37:50.121+0000] {logging_mixin.py:151} INFO - [2023-11-22T18:37:50.121+0000] {dagbag.py:536} INFO - Filling up the DagBag from /home/airflow/.local/lib/python3.8/site-packages/airflow/example_dags/example_sensors.py
[2023-11-22T18:37:50.126+0000] {processor.py:839} INFO - DAG(s) dict_keys(['example_sensors']) retrieved from /home/airflow/.local/lib/python3.8/site-packages/airflow/example_dags/example_sensors.py
[2023-11-22T18:37:50.136+0000] {logging_mixin.py:151} INFO - [2023-11-22T18:37:50.136+0000] {dag.py:2941} INFO - Sync 1 DAGs
[2023-11-22T18:37:50.142+0000] {logging_mixin.py:151} INFO - [2023-11-22T18:37:50.142+0000] {dag.py:3722} INFO - Setting next_dagrun for example_sensors to None, run_after=None
[2023-11-22T18:37:50.149+0000] {processor.py:179} INFO - Processing /home/airflow/.local/lib/python3.8/site-packages/airflow/example_dags/example_sensors.py took 0.030 seconds
[2023-11-22T18:38:20.907+0000] {processor.py:157} INFO - Started process (PID=236) to work on /home/airflow/.local/lib/python3.8/site-packages/airflow/example_dags/example_sensors.py
[2023-11-22T18:38:20.907+0000] {processor.py:829} INFO - Processing file /home/airflow/.local/lib/python3.8/site-packages/airflow/example_dags/example_sensors.py for tasks to queue
[2023-11-22T18:38:20.908+0000] {logging_mixin.py:151} INFO - [2023-11-22T18:38:20.908+0000] {dagbag.py:536} INFO - Filling up the DagBag from /home/airflow/.local/lib/python3.8/site-packages/airflow/example_dags/example_sensors.py
[2023-11-22T18:38:20.913+0000] {processor.py:839} INFO - DAG(s) dict_keys(['example_sensors']) retrieved from /home/airflow/.local/lib/python3.8/site-packages/airflow/example_dags/example_sensors.py
[2023-11-22T18:38:20.923+0000] {logging_mixin.py:151} INFO - [2023-11-22T18:38:20.923+0000] {dag.py:2941} INFO - Sync 1 DAGs
[2023-11-22T18:38:20.930+0000] {logging_mixin.py:151} INFO - [2023-11-22T18:38:20.930+0000] {dag.py:3722} INFO - Setting next_dagrun for example_sensors to None, run_after=None
[2023-11-22T18:38:20.938+0000] {processor.py:179} INFO - Processing /home/airflow/.local/lib/python3.8/site-packages/airflow/example_dags/example_sensors.py took 0.033 seconds
[2023-11-22T18:38:51.700+0000] {processor.py:157} INFO - Started process (PID=293) to work on /home/airflow/.local/lib/python3.8/site-packages/airflow/example_dags/example_sensors.py
[2023-11-22T18:38:51.700+0000] {processor.py:829} INFO - Processing file /home/airflow/.local/lib/python3.8/site-packages/airflow/example_dags/example_sensors.py for tasks to queue
[2023-11-22T18:38:51.701+0000] {logging_mixin.py:151} INFO - [2023-11-22T18:38:51.701+0000] {dagbag.py:536} INFO - Filling up the DagBag from /home/airflow/.local/lib/python3.8/site-packages/airflow/example_dags/example_sensors.py
[2023-11-22T18:38:51.705+0000] {processor.py:839} INFO - DAG(s) dict_keys(['example_sensors']) retrieved from /home/airflow/.local/lib/python3.8/site-packages/airflow/example_dags/example_sensors.py
[2023-11-22T18:38:51.716+0000] {logging_mixin.py:151} INFO - [2023-11-22T18:38:51.716+0000] {dag.py:2941} INFO - Sync 1 DAGs
[2023-11-22T18:38:51.722+0000] {logging_mixin.py:151} INFO - [2023-11-22T18:38:51.722+0000] {dag.py:3722} INFO - Setting next_dagrun for example_sensors to None, run_after=None
[2023-11-22T18:38:51.729+0000] {processor.py:179} INFO - Processing /home/airflow/.local/lib/python3.8/site-packages/airflow/example_dags/example_sensors.py took 0.031 seconds
[2023-11-22T18:39:22.422+0000] {processor.py:157} INFO - Started process (PID=350) to work on /home/airflow/.local/lib/python3.8/site-packages/airflow/example_dags/example_sensors.py
[2023-11-22T18:39:22.422+0000] {processor.py:829} INFO - Processing file /home/airflow/.local/lib/python3.8/site-packages/airflow/example_dags/example_sensors.py for tasks to queue
[2023-11-22T18:39:22.423+0000] {logging_mixin.py:151} INFO - [2023-11-22T18:39:22.423+0000] {dagbag.py:536} INFO - Filling up the DagBag from /home/airflow/.local/lib/python3.8/site-packages/airflow/example_dags/example_sensors.py
[2023-11-22T18:39:22.427+0000] {processor.py:839} INFO - DAG(s) dict_keys(['example_sensors']) retrieved from /home/airflow/.local/lib/python3.8/site-packages/airflow/example_dags/example_sensors.py
[2023-11-22T18:39:22.438+0000] {logging_mixin.py:151} INFO - [2023-11-22T18:39:22.438+0000] {dag.py:2941} INFO - Sync 1 DAGs
[2023-11-22T18:39:22.443+0000] {logging_mixin.py:151} INFO - [2023-11-22T18:39:22.443+0000] {dag.py:3722} INFO - Setting next_dagrun for example_sensors to None, run_after=None
[2023-11-22T18:39:22.450+0000] {processor.py:179} INFO - Processing /home/airflow/.local/lib/python3.8/site-packages/airflow/example_dags/example_sensors.py took 0.029 seconds
[2023-11-22T18:39:53.193+0000] {processor.py:157} INFO - Started process (PID=408) to work on /home/airflow/.local/lib/python3.8/site-packages/airflow/example_dags/example_sensors.py
[2023-11-22T18:39:53.194+0000] {processor.py:829} INFO - Processing file /home/airflow/.local/lib/python3.8/site-packages/airflow/example_dags/example_sensors.py for tasks to queue
[2023-11-22T18:39:53.195+0000] {logging_mixin.py:151} INFO - [2023-11-22T18:39:53.195+0000] {dagbag.py:536} INFO - Filling up the DagBag from /home/airflow/.local/lib/python3.8/site-packages/airflow/example_dags/example_sensors.py
[2023-11-22T18:39:53.199+0000] {processor.py:839} INFO - DAG(s) dict_keys(['example_sensors']) retrieved from /home/airflow/.local/lib/python3.8/site-packages/airflow/example_dags/example_sensors.py
[2023-11-22T18:39:53.213+0000] {logging_mixin.py:151} INFO - [2023-11-22T18:39:53.213+0000] {dag.py:2941} INFO - Sync 1 DAGs
[2023-11-22T18:39:53.219+0000] {logging_mixin.py:151} INFO - [2023-11-22T18:39:53.218+0000] {dag.py:3722} INFO - Setting next_dagrun for example_sensors to None, run_after=None
[2023-11-22T18:39:53.226+0000] {processor.py:179} INFO - Processing /home/airflow/.local/lib/python3.8/site-packages/airflow/example_dags/example_sensors.py took 0.035 seconds
[2023-11-22T18:40:23.898+0000] {processor.py:157} INFO - Started process (PID=465) to work on /home/airflow/.local/lib/python3.8/site-packages/airflow/example_dags/example_sensors.py
[2023-11-22T18:40:23.898+0000] {processor.py:829} INFO - Processing file /home/airflow/.local/lib/python3.8/site-packages/airflow/example_dags/example_sensors.py for tasks to queue
[2023-11-22T18:40:23.899+0000] {logging_mixin.py:151} INFO - [2023-11-22T18:40:23.899+0000] {dagbag.py:536} INFO - Filling up the DagBag from /home/airflow/.local/lib/python3.8/site-packages/airflow/example_dags/example_sensors.py
[2023-11-22T18:40:23.903+0000] {processor.py:839} INFO - DAG(s) dict_keys(['example_sensors']) retrieved from /home/airflow/.local/lib/python3.8/site-packages/airflow/example_dags/example_sensors.py
[2023-11-22T18:40:23.915+0000] {logging_mixin.py:151} INFO - [2023-11-22T18:40:23.915+0000] {dag.py:2941} INFO - Sync 1 DAGs
[2023-11-22T18:40:23.920+0000] {logging_mixin.py:151} INFO - [2023-11-22T18:40:23.920+0000] {dag.py:3722} INFO - Setting next_dagrun for example_sensors to None, run_after=None
[2023-11-22T18:40:23.927+0000] {processor.py:179} INFO - Processing /home/airflow/.local/lib/python3.8/site-packages/airflow/example_dags/example_sensors.py took 0.031 seconds
[2023-11-22T18:40:54.687+0000] {processor.py:157} INFO - Started process (PID=522) to work on /home/airflow/.local/lib/python3.8/site-packages/airflow/example_dags/example_sensors.py
[2023-11-22T18:40:54.687+0000] {processor.py:829} INFO - Processing file /home/airflow/.local/lib/python3.8/site-packages/airflow/example_dags/example_sensors.py for tasks to queue
[2023-11-22T18:40:54.689+0000] {logging_mixin.py:151} INFO - [2023-11-22T18:40:54.688+0000] {dagbag.py:536} INFO - Filling up the DagBag from /home/airflow/.local/lib/python3.8/site-packages/airflow/example_dags/example_sensors.py
[2023-11-22T18:40:54.693+0000] {processor.py:839} INFO - DAG(s) dict_keys(['example_sensors']) retrieved from /home/airflow/.local/lib/python3.8/site-packages/airflow/example_dags/example_sensors.py
[2023-11-22T18:40:54.704+0000] {logging_mixin.py:151} INFO - [2023-11-22T18:40:54.704+0000] {dag.py:2941} INFO - Sync 1 DAGs
[2023-11-22T18:40:54.709+0000] {logging_mixin.py:151} INFO - [2023-11-22T18:40:54.709+0000] {dag.py:3722} INFO - Setting next_dagrun for example_sensors to None, run_after=None
[2023-11-22T18:40:54.716+0000] {processor.py:179} INFO - Processing /home/airflow/.local/lib/python3.8/site-packages/airflow/example_dags/example_sensors.py took 0.031 seconds
[2023-11-22T18:41:25.555+0000] {processor.py:157} INFO - Started process (PID=579) to work on /home/airflow/.local/lib/python3.8/site-packages/airflow/example_dags/example_sensors.py
[2023-11-22T18:41:25.555+0000] {processor.py:829} INFO - Processing file /home/airflow/.local/lib/python3.8/site-packages/airflow/example_dags/example_sensors.py for tasks to queue
[2023-11-22T18:41:25.557+0000] {logging_mixin.py:151} INFO - [2023-11-22T18:41:25.556+0000] {dagbag.py:536} INFO - Filling up the DagBag from /home/airflow/.local/lib/python3.8/site-packages/airflow/example_dags/example_sensors.py
[2023-11-22T18:41:25.561+0000] {processor.py:839} INFO - DAG(s) dict_keys(['example_sensors']) retrieved from /home/airflow/.local/lib/python3.8/site-packages/airflow/example_dags/example_sensors.py
[2023-11-22T18:41:25.572+0000] {logging_mixin.py:151} INFO - [2023-11-22T18:41:25.572+0000] {dag.py:2941} INFO - Sync 1 DAGs
[2023-11-22T18:41:25.578+0000] {logging_mixin.py:151} INFO - [2023-11-22T18:41:25.578+0000] {dag.py:3722} INFO - Setting next_dagrun for example_sensors to None, run_after=None
[2023-11-22T18:41:25.585+0000] {processor.py:179} INFO - Processing /home/airflow/.local/lib/python3.8/site-packages/airflow/example_dags/example_sensors.py took 0.032 seconds
[2023-11-22T18:41:56.417+0000] {processor.py:157} INFO - Started process (PID=636) to work on /home/airflow/.local/lib/python3.8/site-packages/airflow/example_dags/example_sensors.py
[2023-11-22T18:41:56.417+0000] {processor.py:829} INFO - Processing file /home/airflow/.local/lib/python3.8/site-packages/airflow/example_dags/example_sensors.py for tasks to queue
[2023-11-22T18:41:56.419+0000] {logging_mixin.py:151} INFO - [2023-11-22T18:41:56.418+0000] {dagbag.py:536} INFO - Filling up the DagBag from /home/airflow/.local/lib/python3.8/site-packages/airflow/example_dags/example_sensors.py
[2023-11-22T18:41:56.422+0000] {processor.py:839} INFO - DAG(s) dict_keys(['example_sensors']) retrieved from /home/airflow/.local/lib/python3.8/site-packages/airflow/example_dags/example_sensors.py
[2023-11-22T18:41:56.433+0000] {logging_mixin.py:151} INFO - [2023-11-22T18:41:56.433+0000] {dag.py:2941} INFO - Sync 1 DAGs
[2023-11-22T18:41:56.438+0000] {logging_mixin.py:151} INFO - [2023-11-22T18:41:56.438+0000] {dag.py:3722} INFO - Setting next_dagrun for example_sensors to None, run_after=None
[2023-11-22T18:41:56.445+0000] {processor.py:179} INFO - Processing /home/airflow/.local/lib/python3.8/site-packages/airflow/example_dags/example_sensors.py took 0.030 seconds
[2023-11-22T18:42:27.092+0000] {processor.py:157} INFO - Started process (PID=693) to work on /home/airflow/.local/lib/python3.8/site-packages/airflow/example_dags/example_sensors.py
[2023-11-22T18:42:27.093+0000] {processor.py:829} INFO - Processing file /home/airflow/.local/lib/python3.8/site-packages/airflow/example_dags/example_sensors.py for tasks to queue
[2023-11-22T18:42:27.094+0000] {logging_mixin.py:151} INFO - [2023-11-22T18:42:27.093+0000] {dagbag.py:536} INFO - Filling up the DagBag from /home/airflow/.local/lib/python3.8/site-packages/airflow/example_dags/example_sensors.py
[2023-11-22T18:42:27.098+0000] {processor.py:839} INFO - DAG(s) dict_keys(['example_sensors']) retrieved from /home/airflow/.local/lib/python3.8/site-packages/airflow/example_dags/example_sensors.py
[2023-11-22T18:42:27.108+0000] {logging_mixin.py:151} INFO - [2023-11-22T18:42:27.108+0000] {dag.py:2941} INFO - Sync 1 DAGs
[2023-11-22T18:42:27.113+0000] {logging_mixin.py:151} INFO - [2023-11-22T18:42:27.113+0000] {dag.py:3722} INFO - Setting next_dagrun for example_sensors to None, run_after=None
[2023-11-22T18:42:27.120+0000] {processor.py:179} INFO - Processing /home/airflow/.local/lib/python3.8/site-packages/airflow/example_dags/example_sensors.py took 0.030 seconds
[2023-11-22T18:42:57.913+0000] {processor.py:157} INFO - Started process (PID=750) to work on /home/airflow/.local/lib/python3.8/site-packages/airflow/example_dags/example_sensors.py
[2023-11-22T18:42:57.914+0000] {processor.py:829} INFO - Processing file /home/airflow/.local/lib/python3.8/site-packages/airflow/example_dags/example_sensors.py for tasks to queue
[2023-11-22T18:42:57.915+0000] {logging_mixin.py:151} INFO - [2023-11-22T18:42:57.914+0000] {dagbag.py:536} INFO - Filling up the DagBag from /home/airflow/.local/lib/python3.8/site-packages/airflow/example_dags/example_sensors.py
[2023-11-22T18:42:57.918+0000] {processor.py:839} INFO - DAG(s) dict_keys(['example_sensors']) retrieved from /home/airflow/.local/lib/python3.8/site-packages/airflow/example_dags/example_sensors.py
[2023-11-22T18:42:57.929+0000] {logging_mixin.py:151} INFO - [2023-11-22T18:42:57.929+0000] {dag.py:2941} INFO - Sync 1 DAGs
[2023-11-22T18:42:57.934+0000] {logging_mixin.py:151} INFO - [2023-11-22T18:42:57.934+0000] {dag.py:3722} INFO - Setting next_dagrun for example_sensors to None, run_after=None
[2023-11-22T18:42:57.941+0000] {processor.py:179} INFO - Processing /home/airflow/.local/lib/python3.8/site-packages/airflow/example_dags/example_sensors.py took 0.029 seconds
[2023-11-22T18:43:28.648+0000] {processor.py:157} INFO - Started process (PID=807) to work on /home/airflow/.local/lib/python3.8/site-packages/airflow/example_dags/example_sensors.py
[2023-11-22T18:43:28.648+0000] {processor.py:829} INFO - Processing file /home/airflow/.local/lib/python3.8/site-packages/airflow/example_dags/example_sensors.py for tasks to queue
[2023-11-22T18:43:28.649+0000] {logging_mixin.py:151} INFO - [2023-11-22T18:43:28.649+0000] {dagbag.py:536} INFO - Filling up the DagBag from /home/airflow/.local/lib/python3.8/site-packages/airflow/example_dags/example_sensors.py
[2023-11-22T18:43:28.653+0000] {processor.py:839} INFO - DAG(s) dict_keys(['example_sensors']) retrieved from /home/airflow/.local/lib/python3.8/site-packages/airflow/example_dags/example_sensors.py
[2023-11-22T18:43:28.664+0000] {logging_mixin.py:151} INFO - [2023-11-22T18:43:28.664+0000] {dag.py:2941} INFO - Sync 1 DAGs
[2023-11-22T18:43:28.669+0000] {logging_mixin.py:151} INFO - [2023-11-22T18:43:28.669+0000] {dag.py:3722} INFO - Setting next_dagrun for example_sensors to None, run_after=None
[2023-11-22T18:43:28.675+0000] {processor.py:179} INFO - Processing /home/airflow/.local/lib/python3.8/site-packages/airflow/example_dags/example_sensors.py took 0.029 seconds
[2023-11-22T18:43:59.542+0000] {processor.py:157} INFO - Started process (PID=864) to work on /home/airflow/.local/lib/python3.8/site-packages/airflow/example_dags/example_sensors.py
[2023-11-22T18:43:59.543+0000] {processor.py:829} INFO - Processing file /home/airflow/.local/lib/python3.8/site-packages/airflow/example_dags/example_sensors.py for tasks to queue
[2023-11-22T18:43:59.544+0000] {logging_mixin.py:151} INFO - [2023-11-22T18:43:59.544+0000] {dagbag.py:536} INFO - Filling up the DagBag from /home/airflow/.local/lib/python3.8/site-packages/airflow/example_dags/example_sensors.py
[2023-11-22T18:43:59.548+0000] {processor.py:839} INFO - DAG(s) dict_keys(['example_sensors']) retrieved from /home/airflow/.local/lib/python3.8/site-packages/airflow/example_dags/example_sensors.py
[2023-11-22T18:43:59.560+0000] {logging_mixin.py:151} INFO - [2023-11-22T18:43:59.560+0000] {dag.py:2941} INFO - Sync 1 DAGs
[2023-11-22T18:43:59.565+0000] {logging_mixin.py:151} INFO - [2023-11-22T18:43:59.565+0000] {dag.py:3722} INFO - Setting next_dagrun for example_sensors to None, run_after=None
[2023-11-22T18:43:59.572+0000] {processor.py:179} INFO - Processing /home/airflow/.local/lib/python3.8/site-packages/airflow/example_dags/example_sensors.py took 0.032 seconds
[2023-11-22T18:44:29.878+0000] {processor.py:157} INFO - Started process (PID=921) to work on /home/airflow/.local/lib/python3.8/site-packages/airflow/example_dags/example_sensors.py
[2023-11-22T18:44:29.878+0000] {processor.py:829} INFO - Processing file /home/airflow/.local/lib/python3.8/site-packages/airflow/example_dags/example_sensors.py for tasks to queue
[2023-11-22T18:44:29.880+0000] {logging_mixin.py:151} INFO - [2023-11-22T18:44:29.879+0000] {dagbag.py:536} INFO - Filling up the DagBag from /home/airflow/.local/lib/python3.8/site-packages/airflow/example_dags/example_sensors.py
[2023-11-22T18:44:29.884+0000] {processor.py:839} INFO - DAG(s) dict_keys(['example_sensors']) retrieved from /home/airflow/.local/lib/python3.8/site-packages/airflow/example_dags/example_sensors.py
[2023-11-22T18:44:29.896+0000] {logging_mixin.py:151} INFO - [2023-11-22T18:44:29.896+0000] {dag.py:2941} INFO - Sync 1 DAGs
[2023-11-22T18:44:29.990+0000] {logging_mixin.py:151} INFO - [2023-11-22T18:44:29.990+0000] {dag.py:3722} INFO - Setting next_dagrun for example_sensors to None, run_after=None
[2023-11-22T18:44:29.997+0000] {processor.py:179} INFO - Processing /home/airflow/.local/lib/python3.8/site-packages/airflow/example_dags/example_sensors.py took 0.121 seconds
[2023-11-22T18:45:00.097+0000] {processor.py:157} INFO - Started process (PID=978) to work on /home/airflow/.local/lib/python3.8/site-packages/airflow/example_dags/example_sensors.py
[2023-11-22T18:45:00.098+0000] {processor.py:829} INFO - Processing file /home/airflow/.local/lib/python3.8/site-packages/airflow/example_dags/example_sensors.py for tasks to queue
[2023-11-22T18:45:00.099+0000] {logging_mixin.py:151} INFO - [2023-11-22T18:45:00.099+0000] {dagbag.py:536} INFO - Filling up the DagBag from /home/airflow/.local/lib/python3.8/site-packages/airflow/example_dags/example_sensors.py
[2023-11-22T18:45:00.103+0000] {processor.py:839} INFO - DAG(s) dict_keys(['example_sensors']) retrieved from /home/airflow/.local/lib/python3.8/site-packages/airflow/example_dags/example_sensors.py
[2023-11-22T18:45:00.114+0000] {logging_mixin.py:151} INFO - [2023-11-22T18:45:00.114+0000] {dag.py:2941} INFO - Sync 1 DAGs
[2023-11-22T18:45:00.120+0000] {logging_mixin.py:151} INFO - [2023-11-22T18:45:00.120+0000] {dag.py:3722} INFO - Setting next_dagrun for example_sensors to None, run_after=None
[2023-11-22T18:45:00.128+0000] {processor.py:179} INFO - Processing /home/airflow/.local/lib/python3.8/site-packages/airflow/example_dags/example_sensors.py took 0.032 seconds
[2023-11-22T18:45:30.385+0000] {processor.py:157} INFO - Started process (PID=1035) to work on /home/airflow/.local/lib/python3.8/site-packages/airflow/example_dags/example_sensors.py
[2023-11-22T18:45:30.386+0000] {processor.py:829} INFO - Processing file /home/airflow/.local/lib/python3.8/site-packages/airflow/example_dags/example_sensors.py for tasks to queue
[2023-11-22T18:45:30.388+0000] {logging_mixin.py:151} INFO - [2023-11-22T18:45:30.387+0000] {dagbag.py:536} INFO - Filling up the DagBag from /home/airflow/.local/lib/python3.8/site-packages/airflow/example_dags/example_sensors.py
[2023-11-22T18:45:30.392+0000] {processor.py:839} INFO - DAG(s) dict_keys(['example_sensors']) retrieved from /home/airflow/.local/lib/python3.8/site-packages/airflow/example_dags/example_sensors.py
[2023-11-22T18:45:30.405+0000] {logging_mixin.py:151} INFO - [2023-11-22T18:45:30.405+0000] {dag.py:2941} INFO - Sync 1 DAGs
[2023-11-22T18:45:30.412+0000] {logging_mixin.py:151} INFO - [2023-11-22T18:45:30.411+0000] {dag.py:3722} INFO - Setting next_dagrun for example_sensors to None, run_after=None
[2023-11-22T18:45:30.421+0000] {processor.py:179} INFO - Processing /home/airflow/.local/lib/python3.8/site-packages/airflow/example_dags/example_sensors.py took 0.038 seconds
[2023-11-22T18:46:01.366+0000] {processor.py:157} INFO - Started process (PID=1092) to work on /home/airflow/.local/lib/python3.8/site-packages/airflow/example_dags/example_sensors.py
[2023-11-22T18:46:01.367+0000] {processor.py:829} INFO - Processing file /home/airflow/.local/lib/python3.8/site-packages/airflow/example_dags/example_sensors.py for tasks to queue
[2023-11-22T18:46:01.368+0000] {logging_mixin.py:151} INFO - [2023-11-22T18:46:01.368+0000] {dagbag.py:536} INFO - Filling up the DagBag from /home/airflow/.local/lib/python3.8/site-packages/airflow/example_dags/example_sensors.py
[2023-11-22T18:46:01.372+0000] {processor.py:839} INFO - DAG(s) dict_keys(['example_sensors']) retrieved from /home/airflow/.local/lib/python3.8/site-packages/airflow/example_dags/example_sensors.py
[2023-11-22T18:46:01.386+0000] {logging_mixin.py:151} INFO - [2023-11-22T18:46:01.386+0000] {dag.py:2941} INFO - Sync 1 DAGs
[2023-11-22T18:46:01.391+0000] {logging_mixin.py:151} INFO - [2023-11-22T18:46:01.391+0000] {dag.py:3722} INFO - Setting next_dagrun for example_sensors to None, run_after=None
[2023-11-22T18:46:01.400+0000] {processor.py:179} INFO - Processing /home/airflow/.local/lib/python3.8/site-packages/airflow/example_dags/example_sensors.py took 0.035 seconds
[2023-11-22T18:46:32.733+0000] {processor.py:157} INFO - Started process (PID=1149) to work on /home/airflow/.local/lib/python3.8/site-packages/airflow/example_dags/example_sensors.py
[2023-11-22T18:46:32.734+0000] {processor.py:829} INFO - Processing file /home/airflow/.local/lib/python3.8/site-packages/airflow/example_dags/example_sensors.py for tasks to queue
[2023-11-22T18:46:32.735+0000] {logging_mixin.py:151} INFO - [2023-11-22T18:46:32.735+0000] {dagbag.py:536} INFO - Filling up the DagBag from /home/airflow/.local/lib/python3.8/site-packages/airflow/example_dags/example_sensors.py
[2023-11-22T18:46:32.740+0000] {processor.py:839} INFO - DAG(s) dict_keys(['example_sensors']) retrieved from /home/airflow/.local/lib/python3.8/site-packages/airflow/example_dags/example_sensors.py
[2023-11-22T18:46:32.848+0000] {logging_mixin.py:151} INFO - [2023-11-22T18:46:32.848+0000] {dag.py:2941} INFO - Sync 1 DAGs
[2023-11-22T18:46:32.856+0000] {logging_mixin.py:151} INFO - [2023-11-22T18:46:32.856+0000] {dag.py:3722} INFO - Setting next_dagrun for example_sensors to None, run_after=None
[2023-11-22T18:46:32.864+0000] {processor.py:179} INFO - Processing /home/airflow/.local/lib/python3.8/site-packages/airflow/example_dags/example_sensors.py took 0.132 seconds
[2023-11-22T18:47:03.059+0000] {processor.py:157} INFO - Started process (PID=1206) to work on /home/airflow/.local/lib/python3.8/site-packages/airflow/example_dags/example_sensors.py
[2023-11-22T18:47:03.060+0000] {processor.py:829} INFO - Processing file /home/airflow/.local/lib/python3.8/site-packages/airflow/example_dags/example_sensors.py for tasks to queue
[2023-11-22T18:47:03.061+0000] {logging_mixin.py:151} INFO - [2023-11-22T18:47:03.061+0000] {dagbag.py:536} INFO - Filling up the DagBag from /home/airflow/.local/lib/python3.8/site-packages/airflow/example_dags/example_sensors.py
[2023-11-22T18:47:03.066+0000] {processor.py:839} INFO - DAG(s) dict_keys(['example_sensors']) retrieved from /home/airflow/.local/lib/python3.8/site-packages/airflow/example_dags/example_sensors.py
[2023-11-22T18:47:03.078+0000] {logging_mixin.py:151} INFO - [2023-11-22T18:47:03.078+0000] {dag.py:2941} INFO - Sync 1 DAGs
[2023-11-22T18:47:03.172+0000] {logging_mixin.py:151} INFO - [2023-11-22T18:47:03.172+0000] {dag.py:3722} INFO - Setting next_dagrun for example_sensors to None, run_after=None
[2023-11-22T18:47:03.179+0000] {processor.py:179} INFO - Processing /home/airflow/.local/lib/python3.8/site-packages/airflow/example_dags/example_sensors.py took 0.122 seconds
[2023-11-22T18:47:33.488+0000] {processor.py:157} INFO - Started process (PID=1263) to work on /home/airflow/.local/lib/python3.8/site-packages/airflow/example_dags/example_sensors.py
[2023-11-22T18:47:33.489+0000] {processor.py:829} INFO - Processing file /home/airflow/.local/lib/python3.8/site-packages/airflow/example_dags/example_sensors.py for tasks to queue
[2023-11-22T18:47:33.490+0000] {logging_mixin.py:151} INFO - [2023-11-22T18:47:33.490+0000] {dagbag.py:536} INFO - Filling up the DagBag from /home/airflow/.local/lib/python3.8/site-packages/airflow/example_dags/example_sensors.py
[2023-11-22T18:47:33.495+0000] {processor.py:839} INFO - DAG(s) dict_keys(['example_sensors']) retrieved from /home/airflow/.local/lib/python3.8/site-packages/airflow/example_dags/example_sensors.py
[2023-11-22T18:47:33.507+0000] {logging_mixin.py:151} INFO - [2023-11-22T18:47:33.507+0000] {dag.py:2941} INFO - Sync 1 DAGs
[2023-11-22T18:47:33.512+0000] {logging_mixin.py:151} INFO - [2023-11-22T18:47:33.512+0000] {dag.py:3722} INFO - Setting next_dagrun for example_sensors to None, run_after=None
[2023-11-22T18:47:33.520+0000] {processor.py:179} INFO - Processing /home/airflow/.local/lib/python3.8/site-packages/airflow/example_dags/example_sensors.py took 0.034 seconds
[2023-11-22T18:48:04.022+0000] {processor.py:157} INFO - Started process (PID=1320) to work on /home/airflow/.local/lib/python3.8/site-packages/airflow/example_dags/example_sensors.py
[2023-11-22T18:48:04.022+0000] {processor.py:829} INFO - Processing file /home/airflow/.local/lib/python3.8/site-packages/airflow/example_dags/example_sensors.py for tasks to queue
[2023-11-22T18:48:04.024+0000] {logging_mixin.py:151} INFO - [2023-11-22T18:48:04.024+0000] {dagbag.py:536} INFO - Filling up the DagBag from /home/airflow/.local/lib/python3.8/site-packages/airflow/example_dags/example_sensors.py
[2023-11-22T18:48:04.028+0000] {processor.py:839} INFO - DAG(s) dict_keys(['example_sensors']) retrieved from /home/airflow/.local/lib/python3.8/site-packages/airflow/example_dags/example_sensors.py
[2023-11-22T18:48:04.040+0000] {logging_mixin.py:151} INFO - [2023-11-22T18:48:04.040+0000] {dag.py:2941} INFO - Sync 1 DAGs
[2023-11-22T18:48:04.047+0000] {logging_mixin.py:151} INFO - [2023-11-22T18:48:04.047+0000] {dag.py:3722} INFO - Setting next_dagrun for example_sensors to None, run_after=None
[2023-11-22T18:48:04.061+0000] {processor.py:179} INFO - Processing /home/airflow/.local/lib/python3.8/site-packages/airflow/example_dags/example_sensors.py took 0.041 seconds
[2023-11-22T18:48:34.753+0000] {processor.py:157} INFO - Started process (PID=1377) to work on /home/airflow/.local/lib/python3.8/site-packages/airflow/example_dags/example_sensors.py
[2023-11-22T18:48:34.754+0000] {processor.py:829} INFO - Processing file /home/airflow/.local/lib/python3.8/site-packages/airflow/example_dags/example_sensors.py for tasks to queue
[2023-11-22T18:48:34.755+0000] {logging_mixin.py:151} INFO - [2023-11-22T18:48:34.755+0000] {dagbag.py:536} INFO - Filling up the DagBag from /home/airflow/.local/lib/python3.8/site-packages/airflow/example_dags/example_sensors.py
[2023-11-22T18:48:34.760+0000] {processor.py:839} INFO - DAG(s) dict_keys(['example_sensors']) retrieved from /home/airflow/.local/lib/python3.8/site-packages/airflow/example_dags/example_sensors.py
[2023-11-22T18:48:34.771+0000] {logging_mixin.py:151} INFO - [2023-11-22T18:48:34.771+0000] {dag.py:2941} INFO - Sync 1 DAGs
[2023-11-22T18:48:34.778+0000] {logging_mixin.py:151} INFO - [2023-11-22T18:48:34.777+0000] {dag.py:3722} INFO - Setting next_dagrun for example_sensors to None, run_after=None
[2023-11-22T18:48:34.785+0000] {processor.py:179} INFO - Processing /home/airflow/.local/lib/python3.8/site-packages/airflow/example_dags/example_sensors.py took 0.034 seconds
[2023-11-22T18:49:05.517+0000] {processor.py:157} INFO - Started process (PID=1434) to work on /home/airflow/.local/lib/python3.8/site-packages/airflow/example_dags/example_sensors.py
[2023-11-22T18:49:05.518+0000] {processor.py:829} INFO - Processing file /home/airflow/.local/lib/python3.8/site-packages/airflow/example_dags/example_sensors.py for tasks to queue
[2023-11-22T18:49:05.519+0000] {logging_mixin.py:151} INFO - [2023-11-22T18:49:05.519+0000] {dagbag.py:536} INFO - Filling up the DagBag from /home/airflow/.local/lib/python3.8/site-packages/airflow/example_dags/example_sensors.py
[2023-11-22T18:49:05.523+0000] {processor.py:839} INFO - DAG(s) dict_keys(['example_sensors']) retrieved from /home/airflow/.local/lib/python3.8/site-packages/airflow/example_dags/example_sensors.py
[2023-11-22T18:49:05.534+0000] {logging_mixin.py:151} INFO - [2023-11-22T18:49:05.534+0000] {dag.py:2941} INFO - Sync 1 DAGs
[2023-11-22T18:49:05.539+0000] {logging_mixin.py:151} INFO - [2023-11-22T18:49:05.539+0000] {dag.py:3722} INFO - Setting next_dagrun for example_sensors to None, run_after=None
[2023-11-22T18:49:05.546+0000] {processor.py:179} INFO - Processing /home/airflow/.local/lib/python3.8/site-packages/airflow/example_dags/example_sensors.py took 0.030 seconds
[2023-11-22T18:49:36.068+0000] {processor.py:157} INFO - Started process (PID=1491) to work on /home/airflow/.local/lib/python3.8/site-packages/airflow/example_dags/example_sensors.py
[2023-11-22T18:49:36.069+0000] {processor.py:829} INFO - Processing file /home/airflow/.local/lib/python3.8/site-packages/airflow/example_dags/example_sensors.py for tasks to queue
[2023-11-22T18:49:36.070+0000] {logging_mixin.py:151} INFO - [2023-11-22T18:49:36.070+0000] {dagbag.py:536} INFO - Filling up the DagBag from /home/airflow/.local/lib/python3.8/site-packages/airflow/example_dags/example_sensors.py
[2023-11-22T18:49:36.074+0000] {processor.py:839} INFO - DAG(s) dict_keys(['example_sensors']) retrieved from /home/airflow/.local/lib/python3.8/site-packages/airflow/example_dags/example_sensors.py
[2023-11-22T18:49:36.086+0000] {logging_mixin.py:151} INFO - [2023-11-22T18:49:36.086+0000] {dag.py:2941} INFO - Sync 1 DAGs
[2023-11-22T18:49:36.092+0000] {logging_mixin.py:151} INFO - [2023-11-22T18:49:36.092+0000] {dag.py:3722} INFO - Setting next_dagrun for example_sensors to None, run_after=None
[2023-11-22T18:49:36.100+0000] {processor.py:179} INFO - Processing /home/airflow/.local/lib/python3.8/site-packages/airflow/example_dags/example_sensors.py took 0.033 seconds
[2023-11-22T18:50:06.655+0000] {processor.py:157} INFO - Started process (PID=1548) to work on /home/airflow/.local/lib/python3.8/site-packages/airflow/example_dags/example_sensors.py
[2023-11-22T18:50:06.656+0000] {processor.py:829} INFO - Processing file /home/airflow/.local/lib/python3.8/site-packages/airflow/example_dags/example_sensors.py for tasks to queue
[2023-11-22T18:50:06.657+0000] {logging_mixin.py:151} INFO - [2023-11-22T18:50:06.657+0000] {dagbag.py:536} INFO - Filling up the DagBag from /home/airflow/.local/lib/python3.8/site-packages/airflow/example_dags/example_sensors.py
[2023-11-22T18:50:06.661+0000] {processor.py:839} INFO - DAG(s) dict_keys(['example_sensors']) retrieved from /home/airflow/.local/lib/python3.8/site-packages/airflow/example_dags/example_sensors.py
[2023-11-22T18:50:06.673+0000] {logging_mixin.py:151} INFO - [2023-11-22T18:50:06.673+0000] {dag.py:2941} INFO - Sync 1 DAGs
[2023-11-22T18:50:06.679+0000] {logging_mixin.py:151} INFO - [2023-11-22T18:50:06.679+0000] {dag.py:3722} INFO - Setting next_dagrun for example_sensors to None, run_after=None
[2023-11-22T18:50:06.687+0000] {processor.py:179} INFO - Processing /home/airflow/.local/lib/python3.8/site-packages/airflow/example_dags/example_sensors.py took 0.034 seconds
[2023-11-22T18:50:37.165+0000] {processor.py:157} INFO - Started process (PID=1605) to work on /home/airflow/.local/lib/python3.8/site-packages/airflow/example_dags/example_sensors.py
[2023-11-22T18:50:37.166+0000] {processor.py:829} INFO - Processing file /home/airflow/.local/lib/python3.8/site-packages/airflow/example_dags/example_sensors.py for tasks to queue
[2023-11-22T18:50:37.167+0000] {logging_mixin.py:151} INFO - [2023-11-22T18:50:37.167+0000] {dagbag.py:536} INFO - Filling up the DagBag from /home/airflow/.local/lib/python3.8/site-packages/airflow/example_dags/example_sensors.py
[2023-11-22T18:50:37.171+0000] {processor.py:839} INFO - DAG(s) dict_keys(['example_sensors']) retrieved from /home/airflow/.local/lib/python3.8/site-packages/airflow/example_dags/example_sensors.py
[2023-11-22T18:50:37.183+0000] {logging_mixin.py:151} INFO - [2023-11-22T18:50:37.183+0000] {dag.py:2941} INFO - Sync 1 DAGs
[2023-11-22T18:50:37.189+0000] {logging_mixin.py:151} INFO - [2023-11-22T18:50:37.189+0000] {dag.py:3722} INFO - Setting next_dagrun for example_sensors to None, run_after=None
[2023-11-22T18:50:37.196+0000] {processor.py:179} INFO - Processing /home/airflow/.local/lib/python3.8/site-packages/airflow/example_dags/example_sensors.py took 0.033 seconds
[2023-11-22T18:51:07.883+0000] {processor.py:157} INFO - Started process (PID=1662) to work on /home/airflow/.local/lib/python3.8/site-packages/airflow/example_dags/example_sensors.py
[2023-11-22T18:51:07.883+0000] {processor.py:829} INFO - Processing file /home/airflow/.local/lib/python3.8/site-packages/airflow/example_dags/example_sensors.py for tasks to queue
[2023-11-22T18:51:07.885+0000] {logging_mixin.py:151} INFO - [2023-11-22T18:51:07.884+0000] {dagbag.py:536} INFO - Filling up the DagBag from /home/airflow/.local/lib/python3.8/site-packages/airflow/example_dags/example_sensors.py
[2023-11-22T18:51:07.889+0000] {processor.py:839} INFO - DAG(s) dict_keys(['example_sensors']) retrieved from /home/airflow/.local/lib/python3.8/site-packages/airflow/example_dags/example_sensors.py
[2023-11-22T18:51:07.900+0000] {logging_mixin.py:151} INFO - [2023-11-22T18:51:07.900+0000] {dag.py:2941} INFO - Sync 1 DAGs
[2023-11-22T18:51:07.906+0000] {logging_mixin.py:151} INFO - [2023-11-22T18:51:07.906+0000] {dag.py:3722} INFO - Setting next_dagrun for example_sensors to None, run_after=None
[2023-11-22T18:51:07.913+0000] {processor.py:179} INFO - Processing /home/airflow/.local/lib/python3.8/site-packages/airflow/example_dags/example_sensors.py took 0.032 seconds
[2023-11-22T18:51:38.590+0000] {processor.py:157} INFO - Started process (PID=1719) to work on /home/airflow/.local/lib/python3.8/site-packages/airflow/example_dags/example_sensors.py
[2023-11-22T18:51:38.591+0000] {processor.py:829} INFO - Processing file /home/airflow/.local/lib/python3.8/site-packages/airflow/example_dags/example_sensors.py for tasks to queue
[2023-11-22T18:51:38.592+0000] {logging_mixin.py:151} INFO - [2023-11-22T18:51:38.592+0000] {dagbag.py:536} INFO - Filling up the DagBag from /home/airflow/.local/lib/python3.8/site-packages/airflow/example_dags/example_sensors.py
[2023-11-22T18:51:38.597+0000] {processor.py:839} INFO - DAG(s) dict_keys(['example_sensors']) retrieved from /home/airflow/.local/lib/python3.8/site-packages/airflow/example_dags/example_sensors.py
[2023-11-22T18:51:38.610+0000] {logging_mixin.py:151} INFO - [2023-11-22T18:51:38.609+0000] {dag.py:2941} INFO - Sync 1 DAGs
[2023-11-22T18:51:38.615+0000] {logging_mixin.py:151} INFO - [2023-11-22T18:51:38.615+0000] {dag.py:3722} INFO - Setting next_dagrun for example_sensors to None, run_after=None
[2023-11-22T18:51:38.622+0000] {processor.py:179} INFO - Processing /home/airflow/.local/lib/python3.8/site-packages/airflow/example_dags/example_sensors.py took 0.034 seconds
[2023-11-22T18:52:09.237+0000] {processor.py:157} INFO - Started process (PID=1776) to work on /home/airflow/.local/lib/python3.8/site-packages/airflow/example_dags/example_sensors.py
[2023-11-22T18:52:09.238+0000] {processor.py:829} INFO - Processing file /home/airflow/.local/lib/python3.8/site-packages/airflow/example_dags/example_sensors.py for tasks to queue
[2023-11-22T18:52:09.239+0000] {logging_mixin.py:151} INFO - [2023-11-22T18:52:09.239+0000] {dagbag.py:536} INFO - Filling up the DagBag from /home/airflow/.local/lib/python3.8/site-packages/airflow/example_dags/example_sensors.py
[2023-11-22T18:52:09.244+0000] {processor.py:839} INFO - DAG(s) dict_keys(['example_sensors']) retrieved from /home/airflow/.local/lib/python3.8/site-packages/airflow/example_dags/example_sensors.py
[2023-11-22T18:52:09.256+0000] {logging_mixin.py:151} INFO - [2023-11-22T18:52:09.255+0000] {dag.py:2941} INFO - Sync 1 DAGs
[2023-11-22T18:52:09.261+0000] {logging_mixin.py:151} INFO - [2023-11-22T18:52:09.261+0000] {dag.py:3722} INFO - Setting next_dagrun for example_sensors to None, run_after=None
[2023-11-22T18:52:09.269+0000] {processor.py:179} INFO - Processing /home/airflow/.local/lib/python3.8/site-packages/airflow/example_dags/example_sensors.py took 0.033 seconds
[2023-11-22T18:52:39.925+0000] {processor.py:157} INFO - Started process (PID=1833) to work on /home/airflow/.local/lib/python3.8/site-packages/airflow/example_dags/example_sensors.py
[2023-11-22T18:52:39.926+0000] {processor.py:829} INFO - Processing file /home/airflow/.local/lib/python3.8/site-packages/airflow/example_dags/example_sensors.py for tasks to queue
[2023-11-22T18:52:39.927+0000] {logging_mixin.py:151} INFO - [2023-11-22T18:52:39.927+0000] {dagbag.py:536} INFO - Filling up the DagBag from /home/airflow/.local/lib/python3.8/site-packages/airflow/example_dags/example_sensors.py
[2023-11-22T18:52:39.931+0000] {processor.py:839} INFO - DAG(s) dict_keys(['example_sensors']) retrieved from /home/airflow/.local/lib/python3.8/site-packages/airflow/example_dags/example_sensors.py
[2023-11-22T18:52:39.943+0000] {logging_mixin.py:151} INFO - [2023-11-22T18:52:39.943+0000] {dag.py:2941} INFO - Sync 1 DAGs
[2023-11-22T18:52:39.949+0000] {logging_mixin.py:151} INFO - [2023-11-22T18:52:39.949+0000] {dag.py:3722} INFO - Setting next_dagrun for example_sensors to None, run_after=None
[2023-11-22T18:52:39.956+0000] {processor.py:179} INFO - Processing /home/airflow/.local/lib/python3.8/site-packages/airflow/example_dags/example_sensors.py took 0.033 seconds
[2023-11-22T18:53:10.460+0000] {processor.py:157} INFO - Started process (PID=1889) to work on /home/airflow/.local/lib/python3.8/site-packages/airflow/example_dags/example_sensors.py
[2023-11-22T18:53:10.460+0000] {processor.py:829} INFO - Processing file /home/airflow/.local/lib/python3.8/site-packages/airflow/example_dags/example_sensors.py for tasks to queue
[2023-11-22T18:53:10.461+0000] {logging_mixin.py:151} INFO - [2023-11-22T18:53:10.461+0000] {dagbag.py:536} INFO - Filling up the DagBag from /home/airflow/.local/lib/python3.8/site-packages/airflow/example_dags/example_sensors.py
[2023-11-22T18:53:10.466+0000] {processor.py:839} INFO - DAG(s) dict_keys(['example_sensors']) retrieved from /home/airflow/.local/lib/python3.8/site-packages/airflow/example_dags/example_sensors.py
[2023-11-22T18:53:10.477+0000] {logging_mixin.py:151} INFO - [2023-11-22T18:53:10.477+0000] {dag.py:2941} INFO - Sync 1 DAGs
[2023-11-22T18:53:10.483+0000] {logging_mixin.py:151} INFO - [2023-11-22T18:53:10.483+0000] {dag.py:3722} INFO - Setting next_dagrun for example_sensors to None, run_after=None
[2023-11-22T18:53:10.490+0000] {processor.py:179} INFO - Processing /home/airflow/.local/lib/python3.8/site-packages/airflow/example_dags/example_sensors.py took 0.032 seconds
[2023-11-22T18:53:41.055+0000] {processor.py:157} INFO - Started process (PID=1945) to work on /home/airflow/.local/lib/python3.8/site-packages/airflow/example_dags/example_sensors.py
[2023-11-22T18:53:41.055+0000] {processor.py:829} INFO - Processing file /home/airflow/.local/lib/python3.8/site-packages/airflow/example_dags/example_sensors.py for tasks to queue
[2023-11-22T18:53:41.056+0000] {logging_mixin.py:151} INFO - [2023-11-22T18:53:41.056+0000] {dagbag.py:536} INFO - Filling up the DagBag from /home/airflow/.local/lib/python3.8/site-packages/airflow/example_dags/example_sensors.py
[2023-11-22T18:53:41.061+0000] {processor.py:839} INFO - DAG(s) dict_keys(['example_sensors']) retrieved from /home/airflow/.local/lib/python3.8/site-packages/airflow/example_dags/example_sensors.py
[2023-11-22T18:53:41.073+0000] {logging_mixin.py:151} INFO - [2023-11-22T18:53:41.073+0000] {dag.py:2941} INFO - Sync 1 DAGs
[2023-11-22T18:53:41.079+0000] {logging_mixin.py:151} INFO - [2023-11-22T18:53:41.079+0000] {dag.py:3722} INFO - Setting next_dagrun for example_sensors to None, run_after=None
[2023-11-22T18:53:41.086+0000] {processor.py:179} INFO - Processing /home/airflow/.local/lib/python3.8/site-packages/airflow/example_dags/example_sensors.py took 0.034 seconds
[2023-11-22T18:54:11.778+0000] {processor.py:157} INFO - Started process (PID=2002) to work on /home/airflow/.local/lib/python3.8/site-packages/airflow/example_dags/example_sensors.py
[2023-11-22T18:54:11.778+0000] {processor.py:829} INFO - Processing file /home/airflow/.local/lib/python3.8/site-packages/airflow/example_dags/example_sensors.py for tasks to queue
[2023-11-22T18:54:11.779+0000] {logging_mixin.py:151} INFO - [2023-11-22T18:54:11.779+0000] {dagbag.py:536} INFO - Filling up the DagBag from /home/airflow/.local/lib/python3.8/site-packages/airflow/example_dags/example_sensors.py
[2023-11-22T18:54:11.784+0000] {processor.py:839} INFO - DAG(s) dict_keys(['example_sensors']) retrieved from /home/airflow/.local/lib/python3.8/site-packages/airflow/example_dags/example_sensors.py
[2023-11-22T18:54:11.797+0000] {logging_mixin.py:151} INFO - [2023-11-22T18:54:11.796+0000] {dag.py:2941} INFO - Sync 1 DAGs
[2023-11-22T18:54:11.802+0000] {logging_mixin.py:151} INFO - [2023-11-22T18:54:11.802+0000] {dag.py:3722} INFO - Setting next_dagrun for example_sensors to None, run_after=None
[2023-11-22T18:54:11.810+0000] {processor.py:179} INFO - Processing /home/airflow/.local/lib/python3.8/site-packages/airflow/example_dags/example_sensors.py took 0.034 seconds
[2023-11-22T18:54:42.549+0000] {processor.py:157} INFO - Started process (PID=2066) to work on /home/airflow/.local/lib/python3.8/site-packages/airflow/example_dags/example_sensors.py
[2023-11-22T18:54:42.550+0000] {processor.py:829} INFO - Processing file /home/airflow/.local/lib/python3.8/site-packages/airflow/example_dags/example_sensors.py for tasks to queue
[2023-11-22T18:54:42.551+0000] {logging_mixin.py:151} INFO - [2023-11-22T18:54:42.551+0000] {dagbag.py:536} INFO - Filling up the DagBag from /home/airflow/.local/lib/python3.8/site-packages/airflow/example_dags/example_sensors.py
[2023-11-22T18:54:42.556+0000] {processor.py:839} INFO - DAG(s) dict_keys(['example_sensors']) retrieved from /home/airflow/.local/lib/python3.8/site-packages/airflow/example_dags/example_sensors.py
[2023-11-22T18:54:42.568+0000] {logging_mixin.py:151} INFO - [2023-11-22T18:54:42.568+0000] {dag.py:2941} INFO - Sync 1 DAGs
[2023-11-22T18:54:42.573+0000] {logging_mixin.py:151} INFO - [2023-11-22T18:54:42.573+0000] {dag.py:3722} INFO - Setting next_dagrun for example_sensors to None, run_after=None
[2023-11-22T18:54:42.581+0000] {processor.py:179} INFO - Processing /home/airflow/.local/lib/python3.8/site-packages/airflow/example_dags/example_sensors.py took 0.033 seconds
[2023-11-22T18:55:13.280+0000] {processor.py:157} INFO - Started process (PID=2123) to work on /home/airflow/.local/lib/python3.8/site-packages/airflow/example_dags/example_sensors.py
[2023-11-22T18:55:13.280+0000] {processor.py:829} INFO - Processing file /home/airflow/.local/lib/python3.8/site-packages/airflow/example_dags/example_sensors.py for tasks to queue
[2023-11-22T18:55:13.281+0000] {logging_mixin.py:151} INFO - [2023-11-22T18:55:13.281+0000] {dagbag.py:536} INFO - Filling up the DagBag from /home/airflow/.local/lib/python3.8/site-packages/airflow/example_dags/example_sensors.py
[2023-11-22T18:55:13.286+0000] {processor.py:839} INFO - DAG(s) dict_keys(['example_sensors']) retrieved from /home/airflow/.local/lib/python3.8/site-packages/airflow/example_dags/example_sensors.py
[2023-11-22T18:55:13.297+0000] {logging_mixin.py:151} INFO - [2023-11-22T18:55:13.297+0000] {dag.py:2941} INFO - Sync 1 DAGs
[2023-11-22T18:55:13.302+0000] {logging_mixin.py:151} INFO - [2023-11-22T18:55:13.302+0000] {dag.py:3722} INFO - Setting next_dagrun for example_sensors to None, run_after=None
[2023-11-22T18:55:13.309+0000] {processor.py:179} INFO - Processing /home/airflow/.local/lib/python3.8/site-packages/airflow/example_dags/example_sensors.py took 0.031 seconds
[2023-11-22T18:55:44.158+0000] {processor.py:157} INFO - Started process (PID=2180) to work on /home/airflow/.local/lib/python3.8/site-packages/airflow/example_dags/example_sensors.py
[2023-11-22T18:55:44.159+0000] {processor.py:829} INFO - Processing file /home/airflow/.local/lib/python3.8/site-packages/airflow/example_dags/example_sensors.py for tasks to queue
[2023-11-22T18:55:44.160+0000] {logging_mixin.py:151} INFO - [2023-11-22T18:55:44.160+0000] {dagbag.py:536} INFO - Filling up the DagBag from /home/airflow/.local/lib/python3.8/site-packages/airflow/example_dags/example_sensors.py
[2023-11-22T18:55:44.164+0000] {processor.py:839} INFO - DAG(s) dict_keys(['example_sensors']) retrieved from /home/airflow/.local/lib/python3.8/site-packages/airflow/example_dags/example_sensors.py
[2023-11-22T18:55:44.177+0000] {logging_mixin.py:151} INFO - [2023-11-22T18:55:44.176+0000] {dag.py:2941} INFO - Sync 1 DAGs
[2023-11-22T18:55:44.182+0000] {logging_mixin.py:151} INFO - [2023-11-22T18:55:44.182+0000] {dag.py:3722} INFO - Setting next_dagrun for example_sensors to None, run_after=None
[2023-11-22T18:55:44.189+0000] {processor.py:179} INFO - Processing /home/airflow/.local/lib/python3.8/site-packages/airflow/example_dags/example_sensors.py took 0.033 seconds
[2023-11-22T18:56:14.866+0000] {processor.py:157} INFO - Started process (PID=2237) to work on /home/airflow/.local/lib/python3.8/site-packages/airflow/example_dags/example_sensors.py
[2023-11-22T18:56:14.867+0000] {processor.py:829} INFO - Processing file /home/airflow/.local/lib/python3.8/site-packages/airflow/example_dags/example_sensors.py for tasks to queue
[2023-11-22T18:56:14.868+0000] {logging_mixin.py:151} INFO - [2023-11-22T18:56:14.868+0000] {dagbag.py:536} INFO - Filling up the DagBag from /home/airflow/.local/lib/python3.8/site-packages/airflow/example_dags/example_sensors.py
[2023-11-22T18:56:14.872+0000] {processor.py:839} INFO - DAG(s) dict_keys(['example_sensors']) retrieved from /home/airflow/.local/lib/python3.8/site-packages/airflow/example_dags/example_sensors.py
[2023-11-22T18:56:14.884+0000] {logging_mixin.py:151} INFO - [2023-11-22T18:56:14.884+0000] {dag.py:2941} INFO - Sync 1 DAGs
[2023-11-22T18:56:14.890+0000] {logging_mixin.py:151} INFO - [2023-11-22T18:56:14.890+0000] {dag.py:3722} INFO - Setting next_dagrun for example_sensors to None, run_after=None
[2023-11-22T18:56:14.897+0000] {processor.py:179} INFO - Processing /home/airflow/.local/lib/python3.8/site-packages/airflow/example_dags/example_sensors.py took 0.033 seconds
[2023-11-22T18:56:45.608+0000] {processor.py:157} INFO - Started process (PID=2294) to work on /home/airflow/.local/lib/python3.8/site-packages/airflow/example_dags/example_sensors.py
[2023-11-22T18:56:45.608+0000] {processor.py:829} INFO - Processing file /home/airflow/.local/lib/python3.8/site-packages/airflow/example_dags/example_sensors.py for tasks to queue
[2023-11-22T18:56:45.610+0000] {logging_mixin.py:151} INFO - [2023-11-22T18:56:45.609+0000] {dagbag.py:536} INFO - Filling up the DagBag from /home/airflow/.local/lib/python3.8/site-packages/airflow/example_dags/example_sensors.py
[2023-11-22T18:56:45.614+0000] {processor.py:839} INFO - DAG(s) dict_keys(['example_sensors']) retrieved from /home/airflow/.local/lib/python3.8/site-packages/airflow/example_dags/example_sensors.py
[2023-11-22T18:56:45.625+0000] {logging_mixin.py:151} INFO - [2023-11-22T18:56:45.625+0000] {dag.py:2941} INFO - Sync 1 DAGs
[2023-11-22T18:56:45.631+0000] {logging_mixin.py:151} INFO - [2023-11-22T18:56:45.631+0000] {dag.py:3722} INFO - Setting next_dagrun for example_sensors to None, run_after=None
[2023-11-22T18:56:45.638+0000] {processor.py:179} INFO - Processing /home/airflow/.local/lib/python3.8/site-packages/airflow/example_dags/example_sensors.py took 0.032 seconds
[2023-11-22T18:57:16.356+0000] {processor.py:157} INFO - Started process (PID=2351) to work on /home/airflow/.local/lib/python3.8/site-packages/airflow/example_dags/example_sensors.py
[2023-11-22T18:57:16.357+0000] {processor.py:829} INFO - Processing file /home/airflow/.local/lib/python3.8/site-packages/airflow/example_dags/example_sensors.py for tasks to queue
[2023-11-22T18:57:16.358+0000] {logging_mixin.py:151} INFO - [2023-11-22T18:57:16.358+0000] {dagbag.py:536} INFO - Filling up the DagBag from /home/airflow/.local/lib/python3.8/site-packages/airflow/example_dags/example_sensors.py
[2023-11-22T18:57:16.362+0000] {processor.py:839} INFO - DAG(s) dict_keys(['example_sensors']) retrieved from /home/airflow/.local/lib/python3.8/site-packages/airflow/example_dags/example_sensors.py
[2023-11-22T18:57:16.373+0000] {logging_mixin.py:151} INFO - [2023-11-22T18:57:16.373+0000] {dag.py:2941} INFO - Sync 1 DAGs
[2023-11-22T18:57:16.378+0000] {logging_mixin.py:151} INFO - [2023-11-22T18:57:16.378+0000] {dag.py:3722} INFO - Setting next_dagrun for example_sensors to None, run_after=None
[2023-11-22T18:57:16.385+0000] {processor.py:179} INFO - Processing /home/airflow/.local/lib/python3.8/site-packages/airflow/example_dags/example_sensors.py took 0.030 seconds
[2023-11-22T18:57:47.151+0000] {processor.py:157} INFO - Started process (PID=2408) to work on /home/airflow/.local/lib/python3.8/site-packages/airflow/example_dags/example_sensors.py
[2023-11-22T18:57:47.152+0000] {processor.py:829} INFO - Processing file /home/airflow/.local/lib/python3.8/site-packages/airflow/example_dags/example_sensors.py for tasks to queue
[2023-11-22T18:57:47.153+0000] {logging_mixin.py:151} INFO - [2023-11-22T18:57:47.153+0000] {dagbag.py:536} INFO - Filling up the DagBag from /home/airflow/.local/lib/python3.8/site-packages/airflow/example_dags/example_sensors.py
[2023-11-22T18:57:47.158+0000] {processor.py:839} INFO - DAG(s) dict_keys(['example_sensors']) retrieved from /home/airflow/.local/lib/python3.8/site-packages/airflow/example_dags/example_sensors.py
[2023-11-22T18:57:47.170+0000] {logging_mixin.py:151} INFO - [2023-11-22T18:57:47.170+0000] {dag.py:2941} INFO - Sync 1 DAGs
[2023-11-22T18:57:47.175+0000] {logging_mixin.py:151} INFO - [2023-11-22T18:57:47.175+0000] {dag.py:3722} INFO - Setting next_dagrun for example_sensors to None, run_after=None
[2023-11-22T18:57:47.183+0000] {processor.py:179} INFO - Processing /home/airflow/.local/lib/python3.8/site-packages/airflow/example_dags/example_sensors.py took 0.033 seconds
[2023-11-22T18:58:17.665+0000] {processor.py:157} INFO - Started process (PID=2465) to work on /home/airflow/.local/lib/python3.8/site-packages/airflow/example_dags/example_sensors.py
[2023-11-22T18:58:17.665+0000] {processor.py:829} INFO - Processing file /home/airflow/.local/lib/python3.8/site-packages/airflow/example_dags/example_sensors.py for tasks to queue
[2023-11-22T18:58:17.667+0000] {logging_mixin.py:151} INFO - [2023-11-22T18:58:17.666+0000] {dagbag.py:536} INFO - Filling up the DagBag from /home/airflow/.local/lib/python3.8/site-packages/airflow/example_dags/example_sensors.py
[2023-11-22T18:58:17.671+0000] {processor.py:839} INFO - DAG(s) dict_keys(['example_sensors']) retrieved from /home/airflow/.local/lib/python3.8/site-packages/airflow/example_dags/example_sensors.py
[2023-11-22T18:58:17.685+0000] {logging_mixin.py:151} INFO - [2023-11-22T18:58:17.685+0000] {dag.py:2941} INFO - Sync 1 DAGs
[2023-11-22T18:58:17.691+0000] {logging_mixin.py:151} INFO - [2023-11-22T18:58:17.691+0000] {dag.py:3722} INFO - Setting next_dagrun for example_sensors to None, run_after=None
[2023-11-22T18:58:17.700+0000] {processor.py:179} INFO - Processing /home/airflow/.local/lib/python3.8/site-packages/airflow/example_dags/example_sensors.py took 0.037 seconds
[2023-11-22T18:58:48.317+0000] {processor.py:157} INFO - Started process (PID=2522) to work on /home/airflow/.local/lib/python3.8/site-packages/airflow/example_dags/example_sensors.py
[2023-11-22T18:58:48.317+0000] {processor.py:829} INFO - Processing file /home/airflow/.local/lib/python3.8/site-packages/airflow/example_dags/example_sensors.py for tasks to queue
[2023-11-22T18:58:48.319+0000] {logging_mixin.py:151} INFO - [2023-11-22T18:58:48.318+0000] {dagbag.py:536} INFO - Filling up the DagBag from /home/airflow/.local/lib/python3.8/site-packages/airflow/example_dags/example_sensors.py
[2023-11-22T18:58:48.323+0000] {processor.py:839} INFO - DAG(s) dict_keys(['example_sensors']) retrieved from /home/airflow/.local/lib/python3.8/site-packages/airflow/example_dags/example_sensors.py
[2023-11-22T18:58:48.335+0000] {logging_mixin.py:151} INFO - [2023-11-22T18:58:48.335+0000] {dag.py:2941} INFO - Sync 1 DAGs
[2023-11-22T18:58:48.341+0000] {logging_mixin.py:151} INFO - [2023-11-22T18:58:48.341+0000] {dag.py:3722} INFO - Setting next_dagrun for example_sensors to None, run_after=None
[2023-11-22T18:58:48.348+0000] {processor.py:179} INFO - Processing /home/airflow/.local/lib/python3.8/site-packages/airflow/example_dags/example_sensors.py took 0.033 seconds
[2023-11-22T18:59:18.972+0000] {processor.py:157} INFO - Started process (PID=2579) to work on /home/airflow/.local/lib/python3.8/site-packages/airflow/example_dags/example_sensors.py
[2023-11-22T18:59:18.972+0000] {processor.py:829} INFO - Processing file /home/airflow/.local/lib/python3.8/site-packages/airflow/example_dags/example_sensors.py for tasks to queue
[2023-11-22T18:59:18.973+0000] {logging_mixin.py:151} INFO - [2023-11-22T18:59:18.973+0000] {dagbag.py:536} INFO - Filling up the DagBag from /home/airflow/.local/lib/python3.8/site-packages/airflow/example_dags/example_sensors.py
[2023-11-22T18:59:18.979+0000] {processor.py:839} INFO - DAG(s) dict_keys(['example_sensors']) retrieved from /home/airflow/.local/lib/python3.8/site-packages/airflow/example_dags/example_sensors.py
[2023-11-22T18:59:18.991+0000] {logging_mixin.py:151} INFO - [2023-11-22T18:59:18.991+0000] {dag.py:2941} INFO - Sync 1 DAGs
[2023-11-22T18:59:18.997+0000] {logging_mixin.py:151} INFO - [2023-11-22T18:59:18.997+0000] {dag.py:3722} INFO - Setting next_dagrun for example_sensors to None, run_after=None
[2023-11-22T18:59:19.004+0000] {processor.py:179} INFO - Processing /home/airflow/.local/lib/python3.8/site-packages/airflow/example_dags/example_sensors.py took 0.035 seconds
[2023-11-22T18:59:49.725+0000] {processor.py:157} INFO - Started process (PID=2636) to work on /home/airflow/.local/lib/python3.8/site-packages/airflow/example_dags/example_sensors.py
[2023-11-22T18:59:49.725+0000] {processor.py:829} INFO - Processing file /home/airflow/.local/lib/python3.8/site-packages/airflow/example_dags/example_sensors.py for tasks to queue
[2023-11-22T18:59:49.727+0000] {logging_mixin.py:151} INFO - [2023-11-22T18:59:49.727+0000] {dagbag.py:536} INFO - Filling up the DagBag from /home/airflow/.local/lib/python3.8/site-packages/airflow/example_dags/example_sensors.py
[2023-11-22T18:59:49.731+0000] {processor.py:839} INFO - DAG(s) dict_keys(['example_sensors']) retrieved from /home/airflow/.local/lib/python3.8/site-packages/airflow/example_dags/example_sensors.py
[2023-11-22T18:59:49.744+0000] {logging_mixin.py:151} INFO - [2023-11-22T18:59:49.744+0000] {dag.py:2941} INFO - Sync 1 DAGs
[2023-11-22T18:59:49.750+0000] {logging_mixin.py:151} INFO - [2023-11-22T18:59:49.750+0000] {dag.py:3722} INFO - Setting next_dagrun for example_sensors to None, run_after=None
[2023-11-22T18:59:49.758+0000] {processor.py:179} INFO - Processing /home/airflow/.local/lib/python3.8/site-packages/airflow/example_dags/example_sensors.py took 0.036 seconds
[2023-11-22T19:00:20.458+0000] {processor.py:157} INFO - Started process (PID=2693) to work on /home/airflow/.local/lib/python3.8/site-packages/airflow/example_dags/example_sensors.py
[2023-11-22T19:00:20.459+0000] {processor.py:829} INFO - Processing file /home/airflow/.local/lib/python3.8/site-packages/airflow/example_dags/example_sensors.py for tasks to queue
[2023-11-22T19:00:20.460+0000] {logging_mixin.py:151} INFO - [2023-11-22T19:00:20.460+0000] {dagbag.py:536} INFO - Filling up the DagBag from /home/airflow/.local/lib/python3.8/site-packages/airflow/example_dags/example_sensors.py
[2023-11-22T19:00:20.465+0000] {processor.py:839} INFO - DAG(s) dict_keys(['example_sensors']) retrieved from /home/airflow/.local/lib/python3.8/site-packages/airflow/example_dags/example_sensors.py
[2023-11-22T19:00:20.478+0000] {logging_mixin.py:151} INFO - [2023-11-22T19:00:20.477+0000] {dag.py:2941} INFO - Sync 1 DAGs
[2023-11-22T19:00:20.484+0000] {logging_mixin.py:151} INFO - [2023-11-22T19:00:20.484+0000] {dag.py:3722} INFO - Setting next_dagrun for example_sensors to None, run_after=None
[2023-11-22T19:00:20.493+0000] {processor.py:179} INFO - Processing /home/airflow/.local/lib/python3.8/site-packages/airflow/example_dags/example_sensors.py took 0.037 seconds
[2023-11-22T19:00:51.092+0000] {processor.py:157} INFO - Started process (PID=2750) to work on /home/airflow/.local/lib/python3.8/site-packages/airflow/example_dags/example_sensors.py
[2023-11-22T19:00:51.093+0000] {processor.py:829} INFO - Processing file /home/airflow/.local/lib/python3.8/site-packages/airflow/example_dags/example_sensors.py for tasks to queue
[2023-11-22T19:00:51.094+0000] {logging_mixin.py:151} INFO - [2023-11-22T19:00:51.094+0000] {dagbag.py:536} INFO - Filling up the DagBag from /home/airflow/.local/lib/python3.8/site-packages/airflow/example_dags/example_sensors.py
[2023-11-22T19:00:51.099+0000] {processor.py:839} INFO - DAG(s) dict_keys(['example_sensors']) retrieved from /home/airflow/.local/lib/python3.8/site-packages/airflow/example_dags/example_sensors.py
[2023-11-22T19:00:51.112+0000] {logging_mixin.py:151} INFO - [2023-11-22T19:00:51.112+0000] {dag.py:2941} INFO - Sync 1 DAGs
[2023-11-22T19:00:51.118+0000] {logging_mixin.py:151} INFO - [2023-11-22T19:00:51.118+0000] {dag.py:3722} INFO - Setting next_dagrun for example_sensors to None, run_after=None
[2023-11-22T19:00:51.127+0000] {processor.py:179} INFO - Processing /home/airflow/.local/lib/python3.8/site-packages/airflow/example_dags/example_sensors.py took 0.037 seconds
[2023-11-22T19:01:21.692+0000] {processor.py:157} INFO - Started process (PID=2807) to work on /home/airflow/.local/lib/python3.8/site-packages/airflow/example_dags/example_sensors.py
[2023-11-22T19:01:21.693+0000] {processor.py:829} INFO - Processing file /home/airflow/.local/lib/python3.8/site-packages/airflow/example_dags/example_sensors.py for tasks to queue
[2023-11-22T19:01:21.694+0000] {logging_mixin.py:151} INFO - [2023-11-22T19:01:21.694+0000] {dagbag.py:536} INFO - Filling up the DagBag from /home/airflow/.local/lib/python3.8/site-packages/airflow/example_dags/example_sensors.py
[2023-11-22T19:01:21.699+0000] {processor.py:839} INFO - DAG(s) dict_keys(['example_sensors']) retrieved from /home/airflow/.local/lib/python3.8/site-packages/airflow/example_dags/example_sensors.py
[2023-11-22T19:01:21.711+0000] {logging_mixin.py:151} INFO - [2023-11-22T19:01:21.711+0000] {dag.py:2941} INFO - Sync 1 DAGs
[2023-11-22T19:01:21.717+0000] {logging_mixin.py:151} INFO - [2023-11-22T19:01:21.716+0000] {dag.py:3722} INFO - Setting next_dagrun for example_sensors to None, run_after=None
[2023-11-22T19:01:21.724+0000] {processor.py:179} INFO - Processing /home/airflow/.local/lib/python3.8/site-packages/airflow/example_dags/example_sensors.py took 0.034 seconds
[2023-11-22T19:01:52.290+0000] {processor.py:157} INFO - Started process (PID=2865) to work on /home/airflow/.local/lib/python3.8/site-packages/airflow/example_dags/example_sensors.py
[2023-11-22T19:01:52.291+0000] {processor.py:829} INFO - Processing file /home/airflow/.local/lib/python3.8/site-packages/airflow/example_dags/example_sensors.py for tasks to queue
[2023-11-22T19:01:52.292+0000] {logging_mixin.py:151} INFO - [2023-11-22T19:01:52.292+0000] {dagbag.py:536} INFO - Filling up the DagBag from /home/airflow/.local/lib/python3.8/site-packages/airflow/example_dags/example_sensors.py
[2023-11-22T19:01:52.298+0000] {processor.py:839} INFO - DAG(s) dict_keys(['example_sensors']) retrieved from /home/airflow/.local/lib/python3.8/site-packages/airflow/example_dags/example_sensors.py
[2023-11-22T19:01:52.311+0000] {logging_mixin.py:151} INFO - [2023-11-22T19:01:52.310+0000] {dag.py:2941} INFO - Sync 1 DAGs
[2023-11-22T19:01:52.317+0000] {logging_mixin.py:151} INFO - [2023-11-22T19:01:52.317+0000] {dag.py:3722} INFO - Setting next_dagrun for example_sensors to None, run_after=None
[2023-11-22T19:01:52.326+0000] {processor.py:179} INFO - Processing /home/airflow/.local/lib/python3.8/site-packages/airflow/example_dags/example_sensors.py took 0.037 seconds
[2023-11-22T19:02:22.954+0000] {processor.py:157} INFO - Started process (PID=2922) to work on /home/airflow/.local/lib/python3.8/site-packages/airflow/example_dags/example_sensors.py
[2023-11-22T19:02:22.954+0000] {processor.py:829} INFO - Processing file /home/airflow/.local/lib/python3.8/site-packages/airflow/example_dags/example_sensors.py for tasks to queue
[2023-11-22T19:02:22.956+0000] {logging_mixin.py:151} INFO - [2023-11-22T19:02:22.955+0000] {dagbag.py:536} INFO - Filling up the DagBag from /home/airflow/.local/lib/python3.8/site-packages/airflow/example_dags/example_sensors.py
[2023-11-22T19:02:22.960+0000] {processor.py:839} INFO - DAG(s) dict_keys(['example_sensors']) retrieved from /home/airflow/.local/lib/python3.8/site-packages/airflow/example_dags/example_sensors.py
[2023-11-22T19:02:22.972+0000] {logging_mixin.py:151} INFO - [2023-11-22T19:02:22.972+0000] {dag.py:2941} INFO - Sync 1 DAGs
[2023-11-22T19:02:22.977+0000] {logging_mixin.py:151} INFO - [2023-11-22T19:02:22.977+0000] {dag.py:3722} INFO - Setting next_dagrun for example_sensors to None, run_after=None
[2023-11-22T19:02:22.986+0000] {processor.py:179} INFO - Processing /home/airflow/.local/lib/python3.8/site-packages/airflow/example_dags/example_sensors.py took 0.033 seconds
[2023-11-22T19:02:53.629+0000] {processor.py:157} INFO - Started process (PID=2979) to work on /home/airflow/.local/lib/python3.8/site-packages/airflow/example_dags/example_sensors.py
[2023-11-22T19:02:53.629+0000] {processor.py:829} INFO - Processing file /home/airflow/.local/lib/python3.8/site-packages/airflow/example_dags/example_sensors.py for tasks to queue
[2023-11-22T19:02:53.631+0000] {logging_mixin.py:151} INFO - [2023-11-22T19:02:53.630+0000] {dagbag.py:536} INFO - Filling up the DagBag from /home/airflow/.local/lib/python3.8/site-packages/airflow/example_dags/example_sensors.py
[2023-11-22T19:02:53.635+0000] {processor.py:839} INFO - DAG(s) dict_keys(['example_sensors']) retrieved from /home/airflow/.local/lib/python3.8/site-packages/airflow/example_dags/example_sensors.py
[2023-11-22T19:02:53.647+0000] {logging_mixin.py:151} INFO - [2023-11-22T19:02:53.647+0000] {dag.py:2941} INFO - Sync 1 DAGs
[2023-11-22T19:02:53.653+0000] {logging_mixin.py:151} INFO - [2023-11-22T19:02:53.653+0000] {dag.py:3722} INFO - Setting next_dagrun for example_sensors to None, run_after=None
[2023-11-22T19:02:53.660+0000] {processor.py:179} INFO - Processing /home/airflow/.local/lib/python3.8/site-packages/airflow/example_dags/example_sensors.py took 0.033 seconds
[2023-11-22T19:03:24.289+0000] {processor.py:157} INFO - Started process (PID=3035) to work on /home/airflow/.local/lib/python3.8/site-packages/airflow/example_dags/example_sensors.py
[2023-11-22T19:03:24.290+0000] {processor.py:829} INFO - Processing file /home/airflow/.local/lib/python3.8/site-packages/airflow/example_dags/example_sensors.py for tasks to queue
[2023-11-22T19:03:24.291+0000] {logging_mixin.py:151} INFO - [2023-11-22T19:03:24.291+0000] {dagbag.py:536} INFO - Filling up the DagBag from /home/airflow/.local/lib/python3.8/site-packages/airflow/example_dags/example_sensors.py
[2023-11-22T19:03:24.296+0000] {processor.py:839} INFO - DAG(s) dict_keys(['example_sensors']) retrieved from /home/airflow/.local/lib/python3.8/site-packages/airflow/example_dags/example_sensors.py
[2023-11-22T19:03:24.308+0000] {logging_mixin.py:151} INFO - [2023-11-22T19:03:24.308+0000] {dag.py:2941} INFO - Sync 1 DAGs
[2023-11-22T19:03:24.313+0000] {logging_mixin.py:151} INFO - [2023-11-22T19:03:24.313+0000] {dag.py:3722} INFO - Setting next_dagrun for example_sensors to None, run_after=None
[2023-11-22T19:03:24.321+0000] {processor.py:179} INFO - Processing /home/airflow/.local/lib/python3.8/site-packages/airflow/example_dags/example_sensors.py took 0.034 seconds
[2023-11-22T19:03:54.976+0000] {processor.py:157} INFO - Started process (PID=3092) to work on /home/airflow/.local/lib/python3.8/site-packages/airflow/example_dags/example_sensors.py
[2023-11-22T19:03:54.977+0000] {processor.py:829} INFO - Processing file /home/airflow/.local/lib/python3.8/site-packages/airflow/example_dags/example_sensors.py for tasks to queue
[2023-11-22T19:03:54.978+0000] {logging_mixin.py:151} INFO - [2023-11-22T19:03:54.978+0000] {dagbag.py:536} INFO - Filling up the DagBag from /home/airflow/.local/lib/python3.8/site-packages/airflow/example_dags/example_sensors.py
[2023-11-22T19:03:54.983+0000] {processor.py:839} INFO - DAG(s) dict_keys(['example_sensors']) retrieved from /home/airflow/.local/lib/python3.8/site-packages/airflow/example_dags/example_sensors.py
[2023-11-22T19:03:54.995+0000] {logging_mixin.py:151} INFO - [2023-11-22T19:03:54.995+0000] {dag.py:2941} INFO - Sync 1 DAGs
[2023-11-22T19:03:55.001+0000] {logging_mixin.py:151} INFO - [2023-11-22T19:03:55.001+0000] {dag.py:3722} INFO - Setting next_dagrun for example_sensors to None, run_after=None
[2023-11-22T19:03:55.009+0000] {processor.py:179} INFO - Processing /home/airflow/.local/lib/python3.8/site-packages/airflow/example_dags/example_sensors.py took 0.035 seconds
[2023-11-22T19:04:25.633+0000] {processor.py:157} INFO - Started process (PID=3149) to work on /home/airflow/.local/lib/python3.8/site-packages/airflow/example_dags/example_sensors.py
[2023-11-22T19:04:25.634+0000] {processor.py:829} INFO - Processing file /home/airflow/.local/lib/python3.8/site-packages/airflow/example_dags/example_sensors.py for tasks to queue
[2023-11-22T19:04:25.635+0000] {logging_mixin.py:151} INFO - [2023-11-22T19:04:25.635+0000] {dagbag.py:536} INFO - Filling up the DagBag from /home/airflow/.local/lib/python3.8/site-packages/airflow/example_dags/example_sensors.py
[2023-11-22T19:04:25.639+0000] {processor.py:839} INFO - DAG(s) dict_keys(['example_sensors']) retrieved from /home/airflow/.local/lib/python3.8/site-packages/airflow/example_dags/example_sensors.py
[2023-11-22T19:04:25.651+0000] {logging_mixin.py:151} INFO - [2023-11-22T19:04:25.651+0000] {dag.py:2941} INFO - Sync 1 DAGs
[2023-11-22T19:04:25.656+0000] {logging_mixin.py:151} INFO - [2023-11-22T19:04:25.656+0000] {dag.py:3722} INFO - Setting next_dagrun for example_sensors to None, run_after=None
[2023-11-22T19:04:25.663+0000] {processor.py:179} INFO - Processing /home/airflow/.local/lib/python3.8/site-packages/airflow/example_dags/example_sensors.py took 0.032 seconds
[2023-11-22T19:04:56.283+0000] {processor.py:157} INFO - Started process (PID=3206) to work on /home/airflow/.local/lib/python3.8/site-packages/airflow/example_dags/example_sensors.py
[2023-11-22T19:04:56.283+0000] {processor.py:829} INFO - Processing file /home/airflow/.local/lib/python3.8/site-packages/airflow/example_dags/example_sensors.py for tasks to queue
[2023-11-22T19:04:56.284+0000] {logging_mixin.py:151} INFO - [2023-11-22T19:04:56.284+0000] {dagbag.py:536} INFO - Filling up the DagBag from /home/airflow/.local/lib/python3.8/site-packages/airflow/example_dags/example_sensors.py
[2023-11-22T19:04:56.289+0000] {processor.py:839} INFO - DAG(s) dict_keys(['example_sensors']) retrieved from /home/airflow/.local/lib/python3.8/site-packages/airflow/example_dags/example_sensors.py
[2023-11-22T19:04:56.301+0000] {logging_mixin.py:151} INFO - [2023-11-22T19:04:56.301+0000] {dag.py:2941} INFO - Sync 1 DAGs
[2023-11-22T19:04:56.307+0000] {logging_mixin.py:151} INFO - [2023-11-22T19:04:56.307+0000] {dag.py:3722} INFO - Setting next_dagrun for example_sensors to None, run_after=None
[2023-11-22T19:04:56.314+0000] {processor.py:179} INFO - Processing /home/airflow/.local/lib/python3.8/site-packages/airflow/example_dags/example_sensors.py took 0.033 seconds
[2023-11-22T19:05:26.868+0000] {processor.py:157} INFO - Started process (PID=3264) to work on /home/airflow/.local/lib/python3.8/site-packages/airflow/example_dags/example_sensors.py
[2023-11-22T19:05:26.868+0000] {processor.py:829} INFO - Processing file /home/airflow/.local/lib/python3.8/site-packages/airflow/example_dags/example_sensors.py for tasks to queue
[2023-11-22T19:05:26.870+0000] {logging_mixin.py:151} INFO - [2023-11-22T19:05:26.870+0000] {dagbag.py:536} INFO - Filling up the DagBag from /home/airflow/.local/lib/python3.8/site-packages/airflow/example_dags/example_sensors.py
[2023-11-22T19:05:26.874+0000] {processor.py:839} INFO - DAG(s) dict_keys(['example_sensors']) retrieved from /home/airflow/.local/lib/python3.8/site-packages/airflow/example_dags/example_sensors.py
[2023-11-22T19:05:26.886+0000] {logging_mixin.py:151} INFO - [2023-11-22T19:05:26.886+0000] {dag.py:2941} INFO - Sync 1 DAGs
[2023-11-22T19:05:26.891+0000] {logging_mixin.py:151} INFO - [2023-11-22T19:05:26.891+0000] {dag.py:3722} INFO - Setting next_dagrun for example_sensors to None, run_after=None
[2023-11-22T19:05:26.899+0000] {processor.py:179} INFO - Processing /home/airflow/.local/lib/python3.8/site-packages/airflow/example_dags/example_sensors.py took 0.033 seconds
[2023-11-22T19:05:57.603+0000] {processor.py:157} INFO - Started process (PID=3321) to work on /home/airflow/.local/lib/python3.8/site-packages/airflow/example_dags/example_sensors.py
[2023-11-22T19:05:57.603+0000] {processor.py:829} INFO - Processing file /home/airflow/.local/lib/python3.8/site-packages/airflow/example_dags/example_sensors.py for tasks to queue
[2023-11-22T19:05:57.605+0000] {logging_mixin.py:151} INFO - [2023-11-22T19:05:57.605+0000] {dagbag.py:536} INFO - Filling up the DagBag from /home/airflow/.local/lib/python3.8/site-packages/airflow/example_dags/example_sensors.py
[2023-11-22T19:05:57.610+0000] {processor.py:839} INFO - DAG(s) dict_keys(['example_sensors']) retrieved from /home/airflow/.local/lib/python3.8/site-packages/airflow/example_dags/example_sensors.py
[2023-11-22T19:05:57.627+0000] {logging_mixin.py:151} INFO - [2023-11-22T19:05:57.626+0000] {dag.py:2941} INFO - Sync 1 DAGs
[2023-11-22T19:05:57.634+0000] {logging_mixin.py:151} INFO - [2023-11-22T19:05:57.634+0000] {dag.py:3722} INFO - Setting next_dagrun for example_sensors to None, run_after=None
[2023-11-22T19:05:57.643+0000] {processor.py:179} INFO - Processing /home/airflow/.local/lib/python3.8/site-packages/airflow/example_dags/example_sensors.py took 0.042 seconds
[2023-11-22T19:06:28.144+0000] {processor.py:157} INFO - Started process (PID=3378) to work on /home/airflow/.local/lib/python3.8/site-packages/airflow/example_dags/example_sensors.py
[2023-11-22T19:06:28.144+0000] {processor.py:829} INFO - Processing file /home/airflow/.local/lib/python3.8/site-packages/airflow/example_dags/example_sensors.py for tasks to queue
[2023-11-22T19:06:28.146+0000] {logging_mixin.py:151} INFO - [2023-11-22T19:06:28.145+0000] {dagbag.py:536} INFO - Filling up the DagBag from /home/airflow/.local/lib/python3.8/site-packages/airflow/example_dags/example_sensors.py
[2023-11-22T19:06:28.150+0000] {processor.py:839} INFO - DAG(s) dict_keys(['example_sensors']) retrieved from /home/airflow/.local/lib/python3.8/site-packages/airflow/example_dags/example_sensors.py
[2023-11-22T19:06:28.161+0000] {logging_mixin.py:151} INFO - [2023-11-22T19:06:28.161+0000] {dag.py:2941} INFO - Sync 1 DAGs
[2023-11-22T19:06:28.167+0000] {logging_mixin.py:151} INFO - [2023-11-22T19:06:28.166+0000] {dag.py:3722} INFO - Setting next_dagrun for example_sensors to None, run_after=None
[2023-11-22T19:06:28.174+0000] {processor.py:179} INFO - Processing /home/airflow/.local/lib/python3.8/site-packages/airflow/example_dags/example_sensors.py took 0.032 seconds
[2023-11-22T19:06:58.682+0000] {processor.py:157} INFO - Started process (PID=3435) to work on /home/airflow/.local/lib/python3.8/site-packages/airflow/example_dags/example_sensors.py
[2023-11-22T19:06:58.682+0000] {processor.py:829} INFO - Processing file /home/airflow/.local/lib/python3.8/site-packages/airflow/example_dags/example_sensors.py for tasks to queue
[2023-11-22T19:06:58.683+0000] {logging_mixin.py:151} INFO - [2023-11-22T19:06:58.683+0000] {dagbag.py:536} INFO - Filling up the DagBag from /home/airflow/.local/lib/python3.8/site-packages/airflow/example_dags/example_sensors.py
[2023-11-22T19:06:58.688+0000] {processor.py:839} INFO - DAG(s) dict_keys(['example_sensors']) retrieved from /home/airflow/.local/lib/python3.8/site-packages/airflow/example_dags/example_sensors.py
[2023-11-22T19:06:58.705+0000] {logging_mixin.py:151} INFO - [2023-11-22T19:06:58.705+0000] {dag.py:2941} INFO - Sync 1 DAGs
[2023-11-22T19:06:58.711+0000] {logging_mixin.py:151} INFO - [2023-11-22T19:06:58.711+0000] {dag.py:3722} INFO - Setting next_dagrun for example_sensors to None, run_after=None
[2023-11-22T19:06:58.720+0000] {processor.py:179} INFO - Processing /home/airflow/.local/lib/python3.8/site-packages/airflow/example_dags/example_sensors.py took 0.040 seconds
[2023-11-22T19:07:29.191+0000] {processor.py:157} INFO - Started process (PID=3492) to work on /home/airflow/.local/lib/python3.8/site-packages/airflow/example_dags/example_sensors.py
[2023-11-22T19:07:29.192+0000] {processor.py:829} INFO - Processing file /home/airflow/.local/lib/python3.8/site-packages/airflow/example_dags/example_sensors.py for tasks to queue
[2023-11-22T19:07:29.193+0000] {logging_mixin.py:151} INFO - [2023-11-22T19:07:29.193+0000] {dagbag.py:536} INFO - Filling up the DagBag from /home/airflow/.local/lib/python3.8/site-packages/airflow/example_dags/example_sensors.py
[2023-11-22T19:07:29.198+0000] {processor.py:839} INFO - DAG(s) dict_keys(['example_sensors']) retrieved from /home/airflow/.local/lib/python3.8/site-packages/airflow/example_dags/example_sensors.py
[2023-11-22T19:07:29.211+0000] {logging_mixin.py:151} INFO - [2023-11-22T19:07:29.211+0000] {dag.py:2941} INFO - Sync 1 DAGs
[2023-11-22T19:07:29.220+0000] {logging_mixin.py:151} INFO - [2023-11-22T19:07:29.220+0000] {dag.py:3722} INFO - Setting next_dagrun for example_sensors to None, run_after=None
[2023-11-22T19:07:29.228+0000] {processor.py:179} INFO - Processing /home/airflow/.local/lib/python3.8/site-packages/airflow/example_dags/example_sensors.py took 0.039 seconds
[2023-11-22T19:07:59.772+0000] {processor.py:157} INFO - Started process (PID=3549) to work on /home/airflow/.local/lib/python3.8/site-packages/airflow/example_dags/example_sensors.py
[2023-11-22T19:07:59.773+0000] {processor.py:829} INFO - Processing file /home/airflow/.local/lib/python3.8/site-packages/airflow/example_dags/example_sensors.py for tasks to queue
[2023-11-22T19:07:59.774+0000] {logging_mixin.py:151} INFO - [2023-11-22T19:07:59.774+0000] {dagbag.py:536} INFO - Filling up the DagBag from /home/airflow/.local/lib/python3.8/site-packages/airflow/example_dags/example_sensors.py
[2023-11-22T19:07:59.778+0000] {processor.py:839} INFO - DAG(s) dict_keys(['example_sensors']) retrieved from /home/airflow/.local/lib/python3.8/site-packages/airflow/example_dags/example_sensors.py
[2023-11-22T19:07:59.789+0000] {logging_mixin.py:151} INFO - [2023-11-22T19:07:59.789+0000] {dag.py:2941} INFO - Sync 1 DAGs
[2023-11-22T19:07:59.795+0000] {logging_mixin.py:151} INFO - [2023-11-22T19:07:59.795+0000] {dag.py:3722} INFO - Setting next_dagrun for example_sensors to None, run_after=None
[2023-11-22T19:07:59.802+0000] {processor.py:179} INFO - Processing /home/airflow/.local/lib/python3.8/site-packages/airflow/example_dags/example_sensors.py took 0.031 seconds
[2023-11-22T19:08:30.329+0000] {processor.py:157} INFO - Started process (PID=3606) to work on /home/airflow/.local/lib/python3.8/site-packages/airflow/example_dags/example_sensors.py
[2023-11-22T19:08:30.330+0000] {processor.py:829} INFO - Processing file /home/airflow/.local/lib/python3.8/site-packages/airflow/example_dags/example_sensors.py for tasks to queue
[2023-11-22T19:08:30.331+0000] {logging_mixin.py:151} INFO - [2023-11-22T19:08:30.331+0000] {dagbag.py:536} INFO - Filling up the DagBag from /home/airflow/.local/lib/python3.8/site-packages/airflow/example_dags/example_sensors.py
[2023-11-22T19:08:30.335+0000] {processor.py:839} INFO - DAG(s) dict_keys(['example_sensors']) retrieved from /home/airflow/.local/lib/python3.8/site-packages/airflow/example_dags/example_sensors.py
[2023-11-22T19:08:30.346+0000] {logging_mixin.py:151} INFO - [2023-11-22T19:08:30.346+0000] {dag.py:2941} INFO - Sync 1 DAGs
[2023-11-22T19:08:30.352+0000] {logging_mixin.py:151} INFO - [2023-11-22T19:08:30.352+0000] {dag.py:3722} INFO - Setting next_dagrun for example_sensors to None, run_after=None
[2023-11-22T19:08:30.359+0000] {processor.py:179} INFO - Processing /home/airflow/.local/lib/python3.8/site-packages/airflow/example_dags/example_sensors.py took 0.032 seconds
[2023-11-22T19:09:00.944+0000] {processor.py:157} INFO - Started process (PID=3663) to work on /home/airflow/.local/lib/python3.8/site-packages/airflow/example_dags/example_sensors.py
[2023-11-22T19:09:00.945+0000] {processor.py:829} INFO - Processing file /home/airflow/.local/lib/python3.8/site-packages/airflow/example_dags/example_sensors.py for tasks to queue
[2023-11-22T19:09:00.946+0000] {logging_mixin.py:151} INFO - [2023-11-22T19:09:00.946+0000] {dagbag.py:536} INFO - Filling up the DagBag from /home/airflow/.local/lib/python3.8/site-packages/airflow/example_dags/example_sensors.py
[2023-11-22T19:09:00.950+0000] {processor.py:839} INFO - DAG(s) dict_keys(['example_sensors']) retrieved from /home/airflow/.local/lib/python3.8/site-packages/airflow/example_dags/example_sensors.py
[2023-11-22T19:09:00.962+0000] {logging_mixin.py:151} INFO - [2023-11-22T19:09:00.962+0000] {dag.py:2941} INFO - Sync 1 DAGs
[2023-11-22T19:09:00.967+0000] {logging_mixin.py:151} INFO - [2023-11-22T19:09:00.967+0000] {dag.py:3722} INFO - Setting next_dagrun for example_sensors to None, run_after=None
[2023-11-22T19:09:00.974+0000] {processor.py:179} INFO - Processing /home/airflow/.local/lib/python3.8/site-packages/airflow/example_dags/example_sensors.py took 0.032 seconds
[2023-11-22T19:09:31.546+0000] {processor.py:157} INFO - Started process (PID=3720) to work on /home/airflow/.local/lib/python3.8/site-packages/airflow/example_dags/example_sensors.py
[2023-11-22T19:09:31.547+0000] {processor.py:829} INFO - Processing file /home/airflow/.local/lib/python3.8/site-packages/airflow/example_dags/example_sensors.py for tasks to queue
[2023-11-22T19:09:31.548+0000] {logging_mixin.py:151} INFO - [2023-11-22T19:09:31.548+0000] {dagbag.py:536} INFO - Filling up the DagBag from /home/airflow/.local/lib/python3.8/site-packages/airflow/example_dags/example_sensors.py
[2023-11-22T19:09:31.552+0000] {processor.py:839} INFO - DAG(s) dict_keys(['example_sensors']) retrieved from /home/airflow/.local/lib/python3.8/site-packages/airflow/example_dags/example_sensors.py
[2023-11-22T19:09:31.564+0000] {logging_mixin.py:151} INFO - [2023-11-22T19:09:31.564+0000] {dag.py:2941} INFO - Sync 1 DAGs
[2023-11-22T19:09:31.569+0000] {logging_mixin.py:151} INFO - [2023-11-22T19:09:31.569+0000] {dag.py:3722} INFO - Setting next_dagrun for example_sensors to None, run_after=None
[2023-11-22T19:09:31.577+0000] {processor.py:179} INFO - Processing /home/airflow/.local/lib/python3.8/site-packages/airflow/example_dags/example_sensors.py took 0.032 seconds
[2023-11-22T19:10:02.200+0000] {processor.py:157} INFO - Started process (PID=3777) to work on /home/airflow/.local/lib/python3.8/site-packages/airflow/example_dags/example_sensors.py
[2023-11-22T19:10:02.200+0000] {processor.py:829} INFO - Processing file /home/airflow/.local/lib/python3.8/site-packages/airflow/example_dags/example_sensors.py for tasks to queue
[2023-11-22T19:10:02.202+0000] {logging_mixin.py:151} INFO - [2023-11-22T19:10:02.201+0000] {dagbag.py:536} INFO - Filling up the DagBag from /home/airflow/.local/lib/python3.8/site-packages/airflow/example_dags/example_sensors.py
[2023-11-22T19:10:02.206+0000] {processor.py:839} INFO - DAG(s) dict_keys(['example_sensors']) retrieved from /home/airflow/.local/lib/python3.8/site-packages/airflow/example_dags/example_sensors.py
[2023-11-22T19:10:02.217+0000] {logging_mixin.py:151} INFO - [2023-11-22T19:10:02.217+0000] {dag.py:2941} INFO - Sync 1 DAGs
[2023-11-22T19:10:02.223+0000] {logging_mixin.py:151} INFO - [2023-11-22T19:10:02.223+0000] {dag.py:3722} INFO - Setting next_dagrun for example_sensors to None, run_after=None
[2023-11-22T19:10:02.230+0000] {processor.py:179} INFO - Processing /home/airflow/.local/lib/python3.8/site-packages/airflow/example_dags/example_sensors.py took 0.032 seconds
[2023-11-22T19:10:32.757+0000] {processor.py:157} INFO - Started process (PID=3834) to work on /home/airflow/.local/lib/python3.8/site-packages/airflow/example_dags/example_sensors.py
[2023-11-22T19:10:32.757+0000] {processor.py:829} INFO - Processing file /home/airflow/.local/lib/python3.8/site-packages/airflow/example_dags/example_sensors.py for tasks to queue
[2023-11-22T19:10:32.759+0000] {logging_mixin.py:151} INFO - [2023-11-22T19:10:32.758+0000] {dagbag.py:536} INFO - Filling up the DagBag from /home/airflow/.local/lib/python3.8/site-packages/airflow/example_dags/example_sensors.py
[2023-11-22T19:10:32.763+0000] {processor.py:839} INFO - DAG(s) dict_keys(['example_sensors']) retrieved from /home/airflow/.local/lib/python3.8/site-packages/airflow/example_dags/example_sensors.py
[2023-11-22T19:10:32.775+0000] {logging_mixin.py:151} INFO - [2023-11-22T19:10:32.775+0000] {dag.py:2941} INFO - Sync 1 DAGs
[2023-11-22T19:10:32.780+0000] {logging_mixin.py:151} INFO - [2023-11-22T19:10:32.780+0000] {dag.py:3722} INFO - Setting next_dagrun for example_sensors to None, run_after=None
[2023-11-22T19:10:32.788+0000] {processor.py:179} INFO - Processing /home/airflow/.local/lib/python3.8/site-packages/airflow/example_dags/example_sensors.py took 0.032 seconds
[2023-11-22T19:11:03.358+0000] {processor.py:157} INFO - Started process (PID=3891) to work on /home/airflow/.local/lib/python3.8/site-packages/airflow/example_dags/example_sensors.py
[2023-11-22T19:11:03.359+0000] {processor.py:829} INFO - Processing file /home/airflow/.local/lib/python3.8/site-packages/airflow/example_dags/example_sensors.py for tasks to queue
[2023-11-22T19:11:03.360+0000] {logging_mixin.py:151} INFO - [2023-11-22T19:11:03.360+0000] {dagbag.py:536} INFO - Filling up the DagBag from /home/airflow/.local/lib/python3.8/site-packages/airflow/example_dags/example_sensors.py
[2023-11-22T19:11:03.365+0000] {processor.py:839} INFO - DAG(s) dict_keys(['example_sensors']) retrieved from /home/airflow/.local/lib/python3.8/site-packages/airflow/example_dags/example_sensors.py
[2023-11-22T19:11:03.377+0000] {logging_mixin.py:151} INFO - [2023-11-22T19:11:03.377+0000] {dag.py:2941} INFO - Sync 1 DAGs
[2023-11-22T19:11:03.383+0000] {logging_mixin.py:151} INFO - [2023-11-22T19:11:03.383+0000] {dag.py:3722} INFO - Setting next_dagrun for example_sensors to None, run_after=None
[2023-11-22T19:11:03.390+0000] {processor.py:179} INFO - Processing /home/airflow/.local/lib/python3.8/site-packages/airflow/example_dags/example_sensors.py took 0.033 seconds
[2023-11-22T19:11:33.869+0000] {processor.py:157} INFO - Started process (PID=3948) to work on /home/airflow/.local/lib/python3.8/site-packages/airflow/example_dags/example_sensors.py
[2023-11-22T19:11:33.869+0000] {processor.py:829} INFO - Processing file /home/airflow/.local/lib/python3.8/site-packages/airflow/example_dags/example_sensors.py for tasks to queue
[2023-11-22T19:11:33.870+0000] {logging_mixin.py:151} INFO - [2023-11-22T19:11:33.870+0000] {dagbag.py:536} INFO - Filling up the DagBag from /home/airflow/.local/lib/python3.8/site-packages/airflow/example_dags/example_sensors.py
[2023-11-22T19:11:33.875+0000] {processor.py:839} INFO - DAG(s) dict_keys(['example_sensors']) retrieved from /home/airflow/.local/lib/python3.8/site-packages/airflow/example_dags/example_sensors.py
[2023-11-22T19:11:33.887+0000] {logging_mixin.py:151} INFO - [2023-11-22T19:11:33.887+0000] {dag.py:2941} INFO - Sync 1 DAGs
[2023-11-22T19:11:33.893+0000] {logging_mixin.py:151} INFO - [2023-11-22T19:11:33.893+0000] {dag.py:3722} INFO - Setting next_dagrun for example_sensors to None, run_after=None
[2023-11-22T19:11:33.901+0000] {processor.py:179} INFO - Processing /home/airflow/.local/lib/python3.8/site-packages/airflow/example_dags/example_sensors.py took 0.035 seconds
[2023-11-22T19:12:04.695+0000] {processor.py:157} INFO - Started process (PID=4005) to work on /home/airflow/.local/lib/python3.8/site-packages/airflow/example_dags/example_sensors.py
[2023-11-22T19:12:04.696+0000] {processor.py:829} INFO - Processing file /home/airflow/.local/lib/python3.8/site-packages/airflow/example_dags/example_sensors.py for tasks to queue
[2023-11-22T19:12:04.697+0000] {logging_mixin.py:151} INFO - [2023-11-22T19:12:04.697+0000] {dagbag.py:536} INFO - Filling up the DagBag from /home/airflow/.local/lib/python3.8/site-packages/airflow/example_dags/example_sensors.py
[2023-11-22T19:12:04.702+0000] {processor.py:839} INFO - DAG(s) dict_keys(['example_sensors']) retrieved from /home/airflow/.local/lib/python3.8/site-packages/airflow/example_dags/example_sensors.py
[2023-11-22T19:12:04.714+0000] {logging_mixin.py:151} INFO - [2023-11-22T19:12:04.714+0000] {dag.py:2941} INFO - Sync 1 DAGs
[2023-11-22T19:12:04.721+0000] {logging_mixin.py:151} INFO - [2023-11-22T19:12:04.720+0000] {dag.py:3722} INFO - Setting next_dagrun for example_sensors to None, run_after=None
[2023-11-22T19:12:04.727+0000] {processor.py:179} INFO - Processing /home/airflow/.local/lib/python3.8/site-packages/airflow/example_dags/example_sensors.py took 0.034 seconds
[2023-11-22T19:12:35.430+0000] {processor.py:157} INFO - Started process (PID=4061) to work on /home/airflow/.local/lib/python3.8/site-packages/airflow/example_dags/example_sensors.py
[2023-11-22T19:12:35.431+0000] {processor.py:829} INFO - Processing file /home/airflow/.local/lib/python3.8/site-packages/airflow/example_dags/example_sensors.py for tasks to queue
[2023-11-22T19:12:35.432+0000] {logging_mixin.py:151} INFO - [2023-11-22T19:12:35.432+0000] {dagbag.py:536} INFO - Filling up the DagBag from /home/airflow/.local/lib/python3.8/site-packages/airflow/example_dags/example_sensors.py
[2023-11-22T19:12:35.437+0000] {processor.py:839} INFO - DAG(s) dict_keys(['example_sensors']) retrieved from /home/airflow/.local/lib/python3.8/site-packages/airflow/example_dags/example_sensors.py
[2023-11-22T19:12:35.449+0000] {logging_mixin.py:151} INFO - [2023-11-22T19:12:35.448+0000] {dag.py:2941} INFO - Sync 1 DAGs
[2023-11-22T19:12:35.455+0000] {logging_mixin.py:151} INFO - [2023-11-22T19:12:35.455+0000] {dag.py:3722} INFO - Setting next_dagrun for example_sensors to None, run_after=None
[2023-11-22T19:12:35.462+0000] {processor.py:179} INFO - Processing /home/airflow/.local/lib/python3.8/site-packages/airflow/example_dags/example_sensors.py took 0.034 seconds
[2023-11-22T19:13:06.163+0000] {processor.py:157} INFO - Started process (PID=4118) to work on /home/airflow/.local/lib/python3.8/site-packages/airflow/example_dags/example_sensors.py
[2023-11-22T19:13:06.164+0000] {processor.py:829} INFO - Processing file /home/airflow/.local/lib/python3.8/site-packages/airflow/example_dags/example_sensors.py for tasks to queue
[2023-11-22T19:13:06.165+0000] {logging_mixin.py:151} INFO - [2023-11-22T19:13:06.165+0000] {dagbag.py:536} INFO - Filling up the DagBag from /home/airflow/.local/lib/python3.8/site-packages/airflow/example_dags/example_sensors.py
[2023-11-22T19:13:06.169+0000] {processor.py:839} INFO - DAG(s) dict_keys(['example_sensors']) retrieved from /home/airflow/.local/lib/python3.8/site-packages/airflow/example_dags/example_sensors.py
[2023-11-22T19:13:06.180+0000] {logging_mixin.py:151} INFO - [2023-11-22T19:13:06.180+0000] {dag.py:2941} INFO - Sync 1 DAGs
[2023-11-22T19:13:06.185+0000] {logging_mixin.py:151} INFO - [2023-11-22T19:13:06.185+0000] {dag.py:3722} INFO - Setting next_dagrun for example_sensors to None, run_after=None
[2023-11-22T19:13:06.193+0000] {processor.py:179} INFO - Processing /home/airflow/.local/lib/python3.8/site-packages/airflow/example_dags/example_sensors.py took 0.031 seconds
[2023-11-22T19:13:36.762+0000] {processor.py:157} INFO - Started process (PID=4175) to work on /home/airflow/.local/lib/python3.8/site-packages/airflow/example_dags/example_sensors.py
[2023-11-22T19:13:36.763+0000] {processor.py:829} INFO - Processing file /home/airflow/.local/lib/python3.8/site-packages/airflow/example_dags/example_sensors.py for tasks to queue
[2023-11-22T19:13:36.764+0000] {logging_mixin.py:151} INFO - [2023-11-22T19:13:36.764+0000] {dagbag.py:536} INFO - Filling up the DagBag from /home/airflow/.local/lib/python3.8/site-packages/airflow/example_dags/example_sensors.py
[2023-11-22T19:13:36.768+0000] {processor.py:839} INFO - DAG(s) dict_keys(['example_sensors']) retrieved from /home/airflow/.local/lib/python3.8/site-packages/airflow/example_dags/example_sensors.py
[2023-11-22T19:13:36.779+0000] {logging_mixin.py:151} INFO - [2023-11-22T19:13:36.779+0000] {dag.py:2941} INFO - Sync 1 DAGs
[2023-11-22T19:13:36.784+0000] {logging_mixin.py:151} INFO - [2023-11-22T19:13:36.784+0000] {dag.py:3722} INFO - Setting next_dagrun for example_sensors to None, run_after=None
[2023-11-22T19:13:36.791+0000] {processor.py:179} INFO - Processing /home/airflow/.local/lib/python3.8/site-packages/airflow/example_dags/example_sensors.py took 0.030 seconds
