[2023-11-22T18:36:48.711+0000] {processor.py:157} INFO - Started process (PID=62) to work on /home/airflow/.local/lib/python3.8/site-packages/airflow/example_dags/example_bash_operator.py
[2023-11-22T18:36:48.713+0000] {processor.py:829} INFO - Processing file /home/airflow/.local/lib/python3.8/site-packages/airflow/example_dags/example_bash_operator.py for tasks to queue
[2023-11-22T18:36:48.715+0000] {logging_mixin.py:151} INFO - [2023-11-22T18:36:48.715+0000] {dagbag.py:536} INFO - Filling up the DagBag from /home/airflow/.local/lib/python3.8/site-packages/airflow/example_dags/example_bash_operator.py
[2023-11-22T18:36:48.733+0000] {processor.py:839} INFO - DAG(s) dict_keys(['example_bash_operator']) retrieved from /home/airflow/.local/lib/python3.8/site-packages/airflow/example_dags/example_bash_operator.py
[2023-11-22T18:36:48.753+0000] {logging_mixin.py:151} INFO - [2023-11-22T18:36:48.753+0000] {dag.py:2941} INFO - Sync 1 DAGs
[2023-11-22T18:36:48.794+0000] {logging_mixin.py:151} INFO - [2023-11-22T18:36:48.794+0000] {dag.py:3722} INFO - Setting next_dagrun for example_bash_operator to 2023-11-21T00:00:00+00:00, run_after=2023-11-22T00:00:00+00:00
[2023-11-22T18:36:48.813+0000] {processor.py:179} INFO - Processing /home/airflow/.local/lib/python3.8/site-packages/airflow/example_dags/example_bash_operator.py took 0.106 seconds
[2023-11-22T18:37:19.097+0000] {processor.py:157} INFO - Started process (PID=119) to work on /home/airflow/.local/lib/python3.8/site-packages/airflow/example_dags/example_bash_operator.py
[2023-11-22T18:37:19.098+0000] {processor.py:829} INFO - Processing file /home/airflow/.local/lib/python3.8/site-packages/airflow/example_dags/example_bash_operator.py for tasks to queue
[2023-11-22T18:37:19.099+0000] {logging_mixin.py:151} INFO - [2023-11-22T18:37:19.099+0000] {dagbag.py:536} INFO - Filling up the DagBag from /home/airflow/.local/lib/python3.8/site-packages/airflow/example_dags/example_bash_operator.py
[2023-11-22T18:37:19.104+0000] {processor.py:839} INFO - DAG(s) dict_keys(['example_bash_operator']) retrieved from /home/airflow/.local/lib/python3.8/site-packages/airflow/example_dags/example_bash_operator.py
[2023-11-22T18:37:19.117+0000] {logging_mixin.py:151} INFO - [2023-11-22T18:37:19.117+0000] {dag.py:2941} INFO - Sync 1 DAGs
[2023-11-22T18:37:19.126+0000] {logging_mixin.py:151} INFO - [2023-11-22T18:37:19.126+0000] {dag.py:3722} INFO - Setting next_dagrun for example_bash_operator to 2023-11-21T00:00:00+00:00, run_after=2023-11-22T00:00:00+00:00
[2023-11-22T18:37:19.133+0000] {processor.py:179} INFO - Processing /home/airflow/.local/lib/python3.8/site-packages/airflow/example_dags/example_bash_operator.py took 0.038 seconds
[2023-11-22T18:37:50.067+0000] {processor.py:157} INFO - Started process (PID=176) to work on /home/airflow/.local/lib/python3.8/site-packages/airflow/example_dags/example_bash_operator.py
[2023-11-22T18:37:50.068+0000] {processor.py:829} INFO - Processing file /home/airflow/.local/lib/python3.8/site-packages/airflow/example_dags/example_bash_operator.py for tasks to queue
[2023-11-22T18:37:50.069+0000] {logging_mixin.py:151} INFO - [2023-11-22T18:37:50.069+0000] {dagbag.py:536} INFO - Filling up the DagBag from /home/airflow/.local/lib/python3.8/site-packages/airflow/example_dags/example_bash_operator.py
[2023-11-22T18:37:50.075+0000] {processor.py:839} INFO - DAG(s) dict_keys(['example_bash_operator']) retrieved from /home/airflow/.local/lib/python3.8/site-packages/airflow/example_dags/example_bash_operator.py
[2023-11-22T18:37:50.088+0000] {logging_mixin.py:151} INFO - [2023-11-22T18:37:50.087+0000] {dag.py:2941} INFO - Sync 1 DAGs
[2023-11-22T18:37:50.097+0000] {logging_mixin.py:151} INFO - [2023-11-22T18:37:50.097+0000] {dag.py:3722} INFO - Setting next_dagrun for example_bash_operator to 2023-11-21T00:00:00+00:00, run_after=2023-11-22T00:00:00+00:00
[2023-11-22T18:37:50.104+0000] {processor.py:179} INFO - Processing /home/airflow/.local/lib/python3.8/site-packages/airflow/example_dags/example_bash_operator.py took 0.038 seconds
[2023-11-22T18:38:20.858+0000] {processor.py:157} INFO - Started process (PID=233) to work on /home/airflow/.local/lib/python3.8/site-packages/airflow/example_dags/example_bash_operator.py
[2023-11-22T18:38:20.858+0000] {processor.py:829} INFO - Processing file /home/airflow/.local/lib/python3.8/site-packages/airflow/example_dags/example_bash_operator.py for tasks to queue
[2023-11-22T18:38:20.860+0000] {logging_mixin.py:151} INFO - [2023-11-22T18:38:20.859+0000] {dagbag.py:536} INFO - Filling up the DagBag from /home/airflow/.local/lib/python3.8/site-packages/airflow/example_dags/example_bash_operator.py
[2023-11-22T18:38:20.865+0000] {processor.py:839} INFO - DAG(s) dict_keys(['example_bash_operator']) retrieved from /home/airflow/.local/lib/python3.8/site-packages/airflow/example_dags/example_bash_operator.py
[2023-11-22T18:38:20.878+0000] {logging_mixin.py:151} INFO - [2023-11-22T18:38:20.878+0000] {dag.py:2941} INFO - Sync 1 DAGs
[2023-11-22T18:38:20.888+0000] {logging_mixin.py:151} INFO - [2023-11-22T18:38:20.887+0000] {dag.py:3722} INFO - Setting next_dagrun for example_bash_operator to 2023-11-21T00:00:00+00:00, run_after=2023-11-22T00:00:00+00:00
[2023-11-22T18:38:20.895+0000] {processor.py:179} INFO - Processing /home/airflow/.local/lib/python3.8/site-packages/airflow/example_dags/example_bash_operator.py took 0.038 seconds
[2023-11-22T18:38:51.625+0000] {processor.py:157} INFO - Started process (PID=290) to work on /home/airflow/.local/lib/python3.8/site-packages/airflow/example_dags/example_bash_operator.py
[2023-11-22T18:38:51.625+0000] {processor.py:829} INFO - Processing file /home/airflow/.local/lib/python3.8/site-packages/airflow/example_dags/example_bash_operator.py for tasks to queue
[2023-11-22T18:38:51.626+0000] {logging_mixin.py:151} INFO - [2023-11-22T18:38:51.626+0000] {dagbag.py:536} INFO - Filling up the DagBag from /home/airflow/.local/lib/python3.8/site-packages/airflow/example_dags/example_bash_operator.py
[2023-11-22T18:38:51.632+0000] {processor.py:839} INFO - DAG(s) dict_keys(['example_bash_operator']) retrieved from /home/airflow/.local/lib/python3.8/site-packages/airflow/example_dags/example_bash_operator.py
[2023-11-22T18:38:51.644+0000] {logging_mixin.py:151} INFO - [2023-11-22T18:38:51.644+0000] {dag.py:2941} INFO - Sync 1 DAGs
[2023-11-22T18:38:51.654+0000] {logging_mixin.py:151} INFO - [2023-11-22T18:38:51.654+0000] {dag.py:3722} INFO - Setting next_dagrun for example_bash_operator to 2023-11-21T00:00:00+00:00, run_after=2023-11-22T00:00:00+00:00
[2023-11-22T18:38:51.661+0000] {processor.py:179} INFO - Processing /home/airflow/.local/lib/python3.8/site-packages/airflow/example_dags/example_bash_operator.py took 0.039 seconds
[2023-11-22T18:39:22.336+0000] {processor.py:157} INFO - Started process (PID=347) to work on /home/airflow/.local/lib/python3.8/site-packages/airflow/example_dags/example_bash_operator.py
[2023-11-22T18:39:22.337+0000] {processor.py:829} INFO - Processing file /home/airflow/.local/lib/python3.8/site-packages/airflow/example_dags/example_bash_operator.py for tasks to queue
[2023-11-22T18:39:22.338+0000] {logging_mixin.py:151} INFO - [2023-11-22T18:39:22.337+0000] {dagbag.py:536} INFO - Filling up the DagBag from /home/airflow/.local/lib/python3.8/site-packages/airflow/example_dags/example_bash_operator.py
[2023-11-22T18:39:22.343+0000] {processor.py:839} INFO - DAG(s) dict_keys(['example_bash_operator']) retrieved from /home/airflow/.local/lib/python3.8/site-packages/airflow/example_dags/example_bash_operator.py
[2023-11-22T18:39:22.355+0000] {logging_mixin.py:151} INFO - [2023-11-22T18:39:22.354+0000] {dag.py:2941} INFO - Sync 1 DAGs
[2023-11-22T18:39:22.364+0000] {logging_mixin.py:151} INFO - [2023-11-22T18:39:22.363+0000] {dag.py:3722} INFO - Setting next_dagrun for example_bash_operator to 2023-11-21T00:00:00+00:00, run_after=2023-11-22T00:00:00+00:00
[2023-11-22T18:39:22.370+0000] {processor.py:179} INFO - Processing /home/airflow/.local/lib/python3.8/site-packages/airflow/example_dags/example_bash_operator.py took 0.035 seconds
[2023-11-22T18:39:53.106+0000] {processor.py:157} INFO - Started process (PID=405) to work on /home/airflow/.local/lib/python3.8/site-packages/airflow/example_dags/example_bash_operator.py
[2023-11-22T18:39:53.106+0000] {processor.py:829} INFO - Processing file /home/airflow/.local/lib/python3.8/site-packages/airflow/example_dags/example_bash_operator.py for tasks to queue
[2023-11-22T18:39:53.107+0000] {logging_mixin.py:151} INFO - [2023-11-22T18:39:53.107+0000] {dagbag.py:536} INFO - Filling up the DagBag from /home/airflow/.local/lib/python3.8/site-packages/airflow/example_dags/example_bash_operator.py
[2023-11-22T18:39:53.112+0000] {processor.py:839} INFO - DAG(s) dict_keys(['example_bash_operator']) retrieved from /home/airflow/.local/lib/python3.8/site-packages/airflow/example_dags/example_bash_operator.py
[2023-11-22T18:39:53.124+0000] {logging_mixin.py:151} INFO - [2023-11-22T18:39:53.124+0000] {dag.py:2941} INFO - Sync 1 DAGs
[2023-11-22T18:39:53.133+0000] {logging_mixin.py:151} INFO - [2023-11-22T18:39:53.133+0000] {dag.py:3722} INFO - Setting next_dagrun for example_bash_operator to 2023-11-21T00:00:00+00:00, run_after=2023-11-22T00:00:00+00:00
[2023-11-22T18:39:53.140+0000] {processor.py:179} INFO - Processing /home/airflow/.local/lib/python3.8/site-packages/airflow/example_dags/example_bash_operator.py took 0.036 seconds
[2023-11-22T18:40:23.819+0000] {processor.py:157} INFO - Started process (PID=462) to work on /home/airflow/.local/lib/python3.8/site-packages/airflow/example_dags/example_bash_operator.py
[2023-11-22T18:40:23.819+0000] {processor.py:829} INFO - Processing file /home/airflow/.local/lib/python3.8/site-packages/airflow/example_dags/example_bash_operator.py for tasks to queue
[2023-11-22T18:40:23.820+0000] {logging_mixin.py:151} INFO - [2023-11-22T18:40:23.820+0000] {dagbag.py:536} INFO - Filling up the DagBag from /home/airflow/.local/lib/python3.8/site-packages/airflow/example_dags/example_bash_operator.py
[2023-11-22T18:40:23.826+0000] {processor.py:839} INFO - DAG(s) dict_keys(['example_bash_operator']) retrieved from /home/airflow/.local/lib/python3.8/site-packages/airflow/example_dags/example_bash_operator.py
[2023-11-22T18:40:23.838+0000] {logging_mixin.py:151} INFO - [2023-11-22T18:40:23.838+0000] {dag.py:2941} INFO - Sync 1 DAGs
[2023-11-22T18:40:23.848+0000] {logging_mixin.py:151} INFO - [2023-11-22T18:40:23.848+0000] {dag.py:3722} INFO - Setting next_dagrun for example_bash_operator to 2023-11-21T00:00:00+00:00, run_after=2023-11-22T00:00:00+00:00
[2023-11-22T18:40:23.854+0000] {processor.py:179} INFO - Processing /home/airflow/.local/lib/python3.8/site-packages/airflow/example_dags/example_bash_operator.py took 0.037 seconds
[2023-11-22T18:40:54.611+0000] {processor.py:157} INFO - Started process (PID=519) to work on /home/airflow/.local/lib/python3.8/site-packages/airflow/example_dags/example_bash_operator.py
[2023-11-22T18:40:54.612+0000] {processor.py:829} INFO - Processing file /home/airflow/.local/lib/python3.8/site-packages/airflow/example_dags/example_bash_operator.py for tasks to queue
[2023-11-22T18:40:54.613+0000] {logging_mixin.py:151} INFO - [2023-11-22T18:40:54.613+0000] {dagbag.py:536} INFO - Filling up the DagBag from /home/airflow/.local/lib/python3.8/site-packages/airflow/example_dags/example_bash_operator.py
[2023-11-22T18:40:54.618+0000] {processor.py:839} INFO - DAG(s) dict_keys(['example_bash_operator']) retrieved from /home/airflow/.local/lib/python3.8/site-packages/airflow/example_dags/example_bash_operator.py
[2023-11-22T18:40:54.630+0000] {logging_mixin.py:151} INFO - [2023-11-22T18:40:54.630+0000] {dag.py:2941} INFO - Sync 1 DAGs
[2023-11-22T18:40:54.640+0000] {logging_mixin.py:151} INFO - [2023-11-22T18:40:54.640+0000] {dag.py:3722} INFO - Setting next_dagrun for example_bash_operator to 2023-11-21T00:00:00+00:00, run_after=2023-11-22T00:00:00+00:00
[2023-11-22T18:40:54.647+0000] {processor.py:179} INFO - Processing /home/airflow/.local/lib/python3.8/site-packages/airflow/example_dags/example_bash_operator.py took 0.037 seconds
[2023-11-22T18:41:25.470+0000] {processor.py:157} INFO - Started process (PID=576) to work on /home/airflow/.local/lib/python3.8/site-packages/airflow/example_dags/example_bash_operator.py
[2023-11-22T18:41:25.470+0000] {processor.py:829} INFO - Processing file /home/airflow/.local/lib/python3.8/site-packages/airflow/example_dags/example_bash_operator.py for tasks to queue
[2023-11-22T18:41:25.471+0000] {logging_mixin.py:151} INFO - [2023-11-22T18:41:25.471+0000] {dagbag.py:536} INFO - Filling up the DagBag from /home/airflow/.local/lib/python3.8/site-packages/airflow/example_dags/example_bash_operator.py
[2023-11-22T18:41:25.477+0000] {processor.py:839} INFO - DAG(s) dict_keys(['example_bash_operator']) retrieved from /home/airflow/.local/lib/python3.8/site-packages/airflow/example_dags/example_bash_operator.py
[2023-11-22T18:41:25.490+0000] {logging_mixin.py:151} INFO - [2023-11-22T18:41:25.490+0000] {dag.py:2941} INFO - Sync 1 DAGs
[2023-11-22T18:41:25.499+0000] {logging_mixin.py:151} INFO - [2023-11-22T18:41:25.499+0000] {dag.py:3722} INFO - Setting next_dagrun for example_bash_operator to 2023-11-21T00:00:00+00:00, run_after=2023-11-22T00:00:00+00:00
[2023-11-22T18:41:25.506+0000] {processor.py:179} INFO - Processing /home/airflow/.local/lib/python3.8/site-packages/airflow/example_dags/example_bash_operator.py took 0.038 seconds
[2023-11-22T18:41:56.331+0000] {processor.py:157} INFO - Started process (PID=633) to work on /home/airflow/.local/lib/python3.8/site-packages/airflow/example_dags/example_bash_operator.py
[2023-11-22T18:41:56.331+0000] {processor.py:829} INFO - Processing file /home/airflow/.local/lib/python3.8/site-packages/airflow/example_dags/example_bash_operator.py for tasks to queue
[2023-11-22T18:41:56.332+0000] {logging_mixin.py:151} INFO - [2023-11-22T18:41:56.332+0000] {dagbag.py:536} INFO - Filling up the DagBag from /home/airflow/.local/lib/python3.8/site-packages/airflow/example_dags/example_bash_operator.py
[2023-11-22T18:41:56.337+0000] {processor.py:839} INFO - DAG(s) dict_keys(['example_bash_operator']) retrieved from /home/airflow/.local/lib/python3.8/site-packages/airflow/example_dags/example_bash_operator.py
[2023-11-22T18:41:56.349+0000] {logging_mixin.py:151} INFO - [2023-11-22T18:41:56.349+0000] {dag.py:2941} INFO - Sync 1 DAGs
[2023-11-22T18:41:56.358+0000] {logging_mixin.py:151} INFO - [2023-11-22T18:41:56.358+0000] {dag.py:3722} INFO - Setting next_dagrun for example_bash_operator to 2023-11-21T00:00:00+00:00, run_after=2023-11-22T00:00:00+00:00
[2023-11-22T18:41:56.365+0000] {processor.py:179} INFO - Processing /home/airflow/.local/lib/python3.8/site-packages/airflow/example_dags/example_bash_operator.py took 0.036 seconds
[2023-11-22T18:42:27.006+0000] {processor.py:157} INFO - Started process (PID=690) to work on /home/airflow/.local/lib/python3.8/site-packages/airflow/example_dags/example_bash_operator.py
[2023-11-22T18:42:27.006+0000] {processor.py:829} INFO - Processing file /home/airflow/.local/lib/python3.8/site-packages/airflow/example_dags/example_bash_operator.py for tasks to queue
[2023-11-22T18:42:27.007+0000] {logging_mixin.py:151} INFO - [2023-11-22T18:42:27.007+0000] {dagbag.py:536} INFO - Filling up the DagBag from /home/airflow/.local/lib/python3.8/site-packages/airflow/example_dags/example_bash_operator.py
[2023-11-22T18:42:27.013+0000] {processor.py:839} INFO - DAG(s) dict_keys(['example_bash_operator']) retrieved from /home/airflow/.local/lib/python3.8/site-packages/airflow/example_dags/example_bash_operator.py
[2023-11-22T18:42:27.025+0000] {logging_mixin.py:151} INFO - [2023-11-22T18:42:27.025+0000] {dag.py:2941} INFO - Sync 1 DAGs
[2023-11-22T18:42:27.034+0000] {logging_mixin.py:151} INFO - [2023-11-22T18:42:27.034+0000] {dag.py:3722} INFO - Setting next_dagrun for example_bash_operator to 2023-11-21T00:00:00+00:00, run_after=2023-11-22T00:00:00+00:00
[2023-11-22T18:42:27.040+0000] {processor.py:179} INFO - Processing /home/airflow/.local/lib/python3.8/site-packages/airflow/example_dags/example_bash_operator.py took 0.036 seconds
[2023-11-22T18:42:57.828+0000] {processor.py:157} INFO - Started process (PID=747) to work on /home/airflow/.local/lib/python3.8/site-packages/airflow/example_dags/example_bash_operator.py
[2023-11-22T18:42:57.828+0000] {processor.py:829} INFO - Processing file /home/airflow/.local/lib/python3.8/site-packages/airflow/example_dags/example_bash_operator.py for tasks to queue
[2023-11-22T18:42:57.829+0000] {logging_mixin.py:151} INFO - [2023-11-22T18:42:57.829+0000] {dagbag.py:536} INFO - Filling up the DagBag from /home/airflow/.local/lib/python3.8/site-packages/airflow/example_dags/example_bash_operator.py
[2023-11-22T18:42:57.835+0000] {processor.py:839} INFO - DAG(s) dict_keys(['example_bash_operator']) retrieved from /home/airflow/.local/lib/python3.8/site-packages/airflow/example_dags/example_bash_operator.py
[2023-11-22T18:42:57.846+0000] {logging_mixin.py:151} INFO - [2023-11-22T18:42:57.846+0000] {dag.py:2941} INFO - Sync 1 DAGs
[2023-11-22T18:42:57.855+0000] {logging_mixin.py:151} INFO - [2023-11-22T18:42:57.855+0000] {dag.py:3722} INFO - Setting next_dagrun for example_bash_operator to 2023-11-21T00:00:00+00:00, run_after=2023-11-22T00:00:00+00:00
[2023-11-22T18:42:57.862+0000] {processor.py:179} INFO - Processing /home/airflow/.local/lib/python3.8/site-packages/airflow/example_dags/example_bash_operator.py took 0.035 seconds
[2023-11-22T18:43:28.564+0000] {processor.py:157} INFO - Started process (PID=804) to work on /home/airflow/.local/lib/python3.8/site-packages/airflow/example_dags/example_bash_operator.py
[2023-11-22T18:43:28.564+0000] {processor.py:829} INFO - Processing file /home/airflow/.local/lib/python3.8/site-packages/airflow/example_dags/example_bash_operator.py for tasks to queue
[2023-11-22T18:43:28.565+0000] {logging_mixin.py:151} INFO - [2023-11-22T18:43:28.565+0000] {dagbag.py:536} INFO - Filling up the DagBag from /home/airflow/.local/lib/python3.8/site-packages/airflow/example_dags/example_bash_operator.py
[2023-11-22T18:43:28.571+0000] {processor.py:839} INFO - DAG(s) dict_keys(['example_bash_operator']) retrieved from /home/airflow/.local/lib/python3.8/site-packages/airflow/example_dags/example_bash_operator.py
[2023-11-22T18:43:28.584+0000] {logging_mixin.py:151} INFO - [2023-11-22T18:43:28.584+0000] {dag.py:2941} INFO - Sync 1 DAGs
[2023-11-22T18:43:28.593+0000] {logging_mixin.py:151} INFO - [2023-11-22T18:43:28.593+0000] {dag.py:3722} INFO - Setting next_dagrun for example_bash_operator to 2023-11-21T00:00:00+00:00, run_after=2023-11-22T00:00:00+00:00
[2023-11-22T18:43:28.600+0000] {processor.py:179} INFO - Processing /home/airflow/.local/lib/python3.8/site-packages/airflow/example_dags/example_bash_operator.py took 0.038 seconds
[2023-11-22T18:43:59.457+0000] {processor.py:157} INFO - Started process (PID=861) to work on /home/airflow/.local/lib/python3.8/site-packages/airflow/example_dags/example_bash_operator.py
[2023-11-22T18:43:59.457+0000] {processor.py:829} INFO - Processing file /home/airflow/.local/lib/python3.8/site-packages/airflow/example_dags/example_bash_operator.py for tasks to queue
[2023-11-22T18:43:59.458+0000] {logging_mixin.py:151} INFO - [2023-11-22T18:43:59.458+0000] {dagbag.py:536} INFO - Filling up the DagBag from /home/airflow/.local/lib/python3.8/site-packages/airflow/example_dags/example_bash_operator.py
[2023-11-22T18:43:59.464+0000] {processor.py:839} INFO - DAG(s) dict_keys(['example_bash_operator']) retrieved from /home/airflow/.local/lib/python3.8/site-packages/airflow/example_dags/example_bash_operator.py
[2023-11-22T18:43:59.476+0000] {logging_mixin.py:151} INFO - [2023-11-22T18:43:59.476+0000] {dag.py:2941} INFO - Sync 1 DAGs
[2023-11-22T18:43:59.486+0000] {logging_mixin.py:151} INFO - [2023-11-22T18:43:59.486+0000] {dag.py:3722} INFO - Setting next_dagrun for example_bash_operator to 2023-11-21T00:00:00+00:00, run_after=2023-11-22T00:00:00+00:00
[2023-11-22T18:43:59.493+0000] {processor.py:179} INFO - Processing /home/airflow/.local/lib/python3.8/site-packages/airflow/example_dags/example_bash_operator.py took 0.038 seconds
[2023-11-22T18:44:29.688+0000] {processor.py:157} INFO - Started process (PID=918) to work on /home/airflow/.local/lib/python3.8/site-packages/airflow/example_dags/example_bash_operator.py
[2023-11-22T18:44:29.688+0000] {processor.py:829} INFO - Processing file /home/airflow/.local/lib/python3.8/site-packages/airflow/example_dags/example_bash_operator.py for tasks to queue
[2023-11-22T18:44:29.689+0000] {logging_mixin.py:151} INFO - [2023-11-22T18:44:29.689+0000] {dagbag.py:536} INFO - Filling up the DagBag from /home/airflow/.local/lib/python3.8/site-packages/airflow/example_dags/example_bash_operator.py
[2023-11-22T18:44:29.695+0000] {processor.py:839} INFO - DAG(s) dict_keys(['example_bash_operator']) retrieved from /home/airflow/.local/lib/python3.8/site-packages/airflow/example_dags/example_bash_operator.py
[2023-11-22T18:44:29.710+0000] {logging_mixin.py:151} INFO - [2023-11-22T18:44:29.710+0000] {dag.py:2941} INFO - Sync 1 DAGs
[2023-11-22T18:44:29.809+0000] {logging_mixin.py:151} INFO - [2023-11-22T18:44:29.809+0000] {dag.py:3722} INFO - Setting next_dagrun for example_bash_operator to 2023-11-21T00:00:00+00:00, run_after=2023-11-22T00:00:00+00:00
[2023-11-22T18:44:29.816+0000] {processor.py:179} INFO - Processing /home/airflow/.local/lib/python3.8/site-packages/airflow/example_dags/example_bash_operator.py took 0.130 seconds
[2023-11-22T18:45:00.038+0000] {processor.py:157} INFO - Started process (PID=975) to work on /home/airflow/.local/lib/python3.8/site-packages/airflow/example_dags/example_bash_operator.py
[2023-11-22T18:45:00.039+0000] {processor.py:829} INFO - Processing file /home/airflow/.local/lib/python3.8/site-packages/airflow/example_dags/example_bash_operator.py for tasks to queue
[2023-11-22T18:45:00.040+0000] {logging_mixin.py:151} INFO - [2023-11-22T18:45:00.040+0000] {dagbag.py:536} INFO - Filling up the DagBag from /home/airflow/.local/lib/python3.8/site-packages/airflow/example_dags/example_bash_operator.py
[2023-11-22T18:45:00.046+0000] {processor.py:839} INFO - DAG(s) dict_keys(['example_bash_operator']) retrieved from /home/airflow/.local/lib/python3.8/site-packages/airflow/example_dags/example_bash_operator.py
[2023-11-22T18:45:00.060+0000] {logging_mixin.py:151} INFO - [2023-11-22T18:45:00.060+0000] {dag.py:2941} INFO - Sync 1 DAGs
[2023-11-22T18:45:00.070+0000] {logging_mixin.py:151} INFO - [2023-11-22T18:45:00.070+0000] {dag.py:3722} INFO - Setting next_dagrun for example_bash_operator to 2023-11-21T00:00:00+00:00, run_after=2023-11-22T00:00:00+00:00
[2023-11-22T18:45:00.078+0000] {processor.py:179} INFO - Processing /home/airflow/.local/lib/python3.8/site-packages/airflow/example_dags/example_bash_operator.py took 0.041 seconds
[2023-11-22T18:45:30.322+0000] {processor.py:157} INFO - Started process (PID=1032) to work on /home/airflow/.local/lib/python3.8/site-packages/airflow/example_dags/example_bash_operator.py
[2023-11-22T18:45:30.323+0000] {processor.py:829} INFO - Processing file /home/airflow/.local/lib/python3.8/site-packages/airflow/example_dags/example_bash_operator.py for tasks to queue
[2023-11-22T18:45:30.324+0000] {logging_mixin.py:151} INFO - [2023-11-22T18:45:30.324+0000] {dagbag.py:536} INFO - Filling up the DagBag from /home/airflow/.local/lib/python3.8/site-packages/airflow/example_dags/example_bash_operator.py
[2023-11-22T18:45:30.330+0000] {processor.py:839} INFO - DAG(s) dict_keys(['example_bash_operator']) retrieved from /home/airflow/.local/lib/python3.8/site-packages/airflow/example_dags/example_bash_operator.py
[2023-11-22T18:45:30.343+0000] {logging_mixin.py:151} INFO - [2023-11-22T18:45:30.343+0000] {dag.py:2941} INFO - Sync 1 DAGs
[2023-11-22T18:45:30.353+0000] {logging_mixin.py:151} INFO - [2023-11-22T18:45:30.353+0000] {dag.py:3722} INFO - Setting next_dagrun for example_bash_operator to 2023-11-21T00:00:00+00:00, run_after=2023-11-22T00:00:00+00:00
[2023-11-22T18:45:30.360+0000] {processor.py:179} INFO - Processing /home/airflow/.local/lib/python3.8/site-packages/airflow/example_dags/example_bash_operator.py took 0.039 seconds
[2023-11-22T18:46:01.273+0000] {processor.py:157} INFO - Started process (PID=1089) to work on /home/airflow/.local/lib/python3.8/site-packages/airflow/example_dags/example_bash_operator.py
[2023-11-22T18:46:01.274+0000] {processor.py:829} INFO - Processing file /home/airflow/.local/lib/python3.8/site-packages/airflow/example_dags/example_bash_operator.py for tasks to queue
[2023-11-22T18:46:01.275+0000] {logging_mixin.py:151} INFO - [2023-11-22T18:46:01.275+0000] {dagbag.py:536} INFO - Filling up the DagBag from /home/airflow/.local/lib/python3.8/site-packages/airflow/example_dags/example_bash_operator.py
[2023-11-22T18:46:01.280+0000] {processor.py:839} INFO - DAG(s) dict_keys(['example_bash_operator']) retrieved from /home/airflow/.local/lib/python3.8/site-packages/airflow/example_dags/example_bash_operator.py
[2023-11-22T18:46:01.293+0000] {logging_mixin.py:151} INFO - [2023-11-22T18:46:01.293+0000] {dag.py:2941} INFO - Sync 1 DAGs
[2023-11-22T18:46:01.302+0000] {logging_mixin.py:151} INFO - [2023-11-22T18:46:01.302+0000] {dag.py:3722} INFO - Setting next_dagrun for example_bash_operator to 2023-11-21T00:00:00+00:00, run_after=2023-11-22T00:00:00+00:00
[2023-11-22T18:46:01.309+0000] {processor.py:179} INFO - Processing /home/airflow/.local/lib/python3.8/site-packages/airflow/example_dags/example_bash_operator.py took 0.038 seconds
[2023-11-22T18:46:32.474+0000] {processor.py:157} INFO - Started process (PID=1146) to work on /home/airflow/.local/lib/python3.8/site-packages/airflow/example_dags/example_bash_operator.py
[2023-11-22T18:46:32.474+0000] {processor.py:829} INFO - Processing file /home/airflow/.local/lib/python3.8/site-packages/airflow/example_dags/example_bash_operator.py for tasks to queue
[2023-11-22T18:46:32.476+0000] {logging_mixin.py:151} INFO - [2023-11-22T18:46:32.475+0000] {dagbag.py:536} INFO - Filling up the DagBag from /home/airflow/.local/lib/python3.8/site-packages/airflow/example_dags/example_bash_operator.py
[2023-11-22T18:46:32.482+0000] {processor.py:839} INFO - DAG(s) dict_keys(['example_bash_operator']) retrieved from /home/airflow/.local/lib/python3.8/site-packages/airflow/example_dags/example_bash_operator.py
[2023-11-22T18:46:32.583+0000] {logging_mixin.py:151} INFO - [2023-11-22T18:46:32.583+0000] {dag.py:2941} INFO - Sync 1 DAGs
[2023-11-22T18:46:32.591+0000] {logging_mixin.py:151} INFO - [2023-11-22T18:46:32.591+0000] {dag.py:3722} INFO - Setting next_dagrun for example_bash_operator to 2023-11-21T00:00:00+00:00, run_after=2023-11-22T00:00:00+00:00
[2023-11-22T18:46:32.598+0000] {processor.py:179} INFO - Processing /home/airflow/.local/lib/python3.8/site-packages/airflow/example_dags/example_bash_operator.py took 0.126 seconds
[2023-11-22T18:47:02.801+0000] {processor.py:157} INFO - Started process (PID=1203) to work on /home/airflow/.local/lib/python3.8/site-packages/airflow/example_dags/example_bash_operator.py
[2023-11-22T18:47:02.802+0000] {processor.py:829} INFO - Processing file /home/airflow/.local/lib/python3.8/site-packages/airflow/example_dags/example_bash_operator.py for tasks to queue
[2023-11-22T18:47:02.803+0000] {logging_mixin.py:151} INFO - [2023-11-22T18:47:02.803+0000] {dagbag.py:536} INFO - Filling up the DagBag from /home/airflow/.local/lib/python3.8/site-packages/airflow/example_dags/example_bash_operator.py
[2023-11-22T18:47:02.809+0000] {processor.py:839} INFO - DAG(s) dict_keys(['example_bash_operator']) retrieved from /home/airflow/.local/lib/python3.8/site-packages/airflow/example_dags/example_bash_operator.py
[2023-11-22T18:47:02.823+0000] {logging_mixin.py:151} INFO - [2023-11-22T18:47:02.822+0000] {dag.py:2941} INFO - Sync 1 DAGs
[2023-11-22T18:47:02.921+0000] {logging_mixin.py:151} INFO - [2023-11-22T18:47:02.921+0000] {dag.py:3722} INFO - Setting next_dagrun for example_bash_operator to 2023-11-21T00:00:00+00:00, run_after=2023-11-22T00:00:00+00:00
[2023-11-22T18:47:02.928+0000] {processor.py:179} INFO - Processing /home/airflow/.local/lib/python3.8/site-packages/airflow/example_dags/example_bash_operator.py took 0.128 seconds
[2023-11-22T18:47:33.351+0000] {processor.py:157} INFO - Started process (PID=1260) to work on /home/airflow/.local/lib/python3.8/site-packages/airflow/example_dags/example_bash_operator.py
[2023-11-22T18:47:33.352+0000] {processor.py:829} INFO - Processing file /home/airflow/.local/lib/python3.8/site-packages/airflow/example_dags/example_bash_operator.py for tasks to queue
[2023-11-22T18:47:33.353+0000] {logging_mixin.py:151} INFO - [2023-11-22T18:47:33.353+0000] {dagbag.py:536} INFO - Filling up the DagBag from /home/airflow/.local/lib/python3.8/site-packages/airflow/example_dags/example_bash_operator.py
[2023-11-22T18:47:33.389+0000] {processor.py:839} INFO - DAG(s) dict_keys(['example_bash_operator']) retrieved from /home/airflow/.local/lib/python3.8/site-packages/airflow/example_dags/example_bash_operator.py
[2023-11-22T18:47:33.414+0000] {logging_mixin.py:151} INFO - [2023-11-22T18:47:33.414+0000] {dag.py:2941} INFO - Sync 1 DAGs
[2023-11-22T18:47:33.426+0000] {logging_mixin.py:151} INFO - [2023-11-22T18:47:33.426+0000] {dag.py:3722} INFO - Setting next_dagrun for example_bash_operator to 2023-11-21T00:00:00+00:00, run_after=2023-11-22T00:00:00+00:00
[2023-11-22T18:47:33.433+0000] {processor.py:179} INFO - Processing /home/airflow/.local/lib/python3.8/site-packages/airflow/example_dags/example_bash_operator.py took 0.084 seconds
[2023-11-22T18:48:03.936+0000] {processor.py:157} INFO - Started process (PID=1317) to work on /home/airflow/.local/lib/python3.8/site-packages/airflow/example_dags/example_bash_operator.py
[2023-11-22T18:48:03.937+0000] {processor.py:829} INFO - Processing file /home/airflow/.local/lib/python3.8/site-packages/airflow/example_dags/example_bash_operator.py for tasks to queue
[2023-11-22T18:48:03.938+0000] {logging_mixin.py:151} INFO - [2023-11-22T18:48:03.937+0000] {dagbag.py:536} INFO - Filling up the DagBag from /home/airflow/.local/lib/python3.8/site-packages/airflow/example_dags/example_bash_operator.py
[2023-11-22T18:48:03.944+0000] {processor.py:839} INFO - DAG(s) dict_keys(['example_bash_operator']) retrieved from /home/airflow/.local/lib/python3.8/site-packages/airflow/example_dags/example_bash_operator.py
[2023-11-22T18:48:03.956+0000] {logging_mixin.py:151} INFO - [2023-11-22T18:48:03.956+0000] {dag.py:2941} INFO - Sync 1 DAGs
[2023-11-22T18:48:03.966+0000] {logging_mixin.py:151} INFO - [2023-11-22T18:48:03.966+0000] {dag.py:3722} INFO - Setting next_dagrun for example_bash_operator to 2023-11-21T00:00:00+00:00, run_after=2023-11-22T00:00:00+00:00
[2023-11-22T18:48:03.975+0000] {processor.py:179} INFO - Processing /home/airflow/.local/lib/python3.8/site-packages/airflow/example_dags/example_bash_operator.py took 0.041 seconds
[2023-11-22T18:48:34.667+0000] {processor.py:157} INFO - Started process (PID=1374) to work on /home/airflow/.local/lib/python3.8/site-packages/airflow/example_dags/example_bash_operator.py
[2023-11-22T18:48:34.668+0000] {processor.py:829} INFO - Processing file /home/airflow/.local/lib/python3.8/site-packages/airflow/example_dags/example_bash_operator.py for tasks to queue
[2023-11-22T18:48:34.669+0000] {logging_mixin.py:151} INFO - [2023-11-22T18:48:34.669+0000] {dagbag.py:536} INFO - Filling up the DagBag from /home/airflow/.local/lib/python3.8/site-packages/airflow/example_dags/example_bash_operator.py
[2023-11-22T18:48:34.675+0000] {processor.py:839} INFO - DAG(s) dict_keys(['example_bash_operator']) retrieved from /home/airflow/.local/lib/python3.8/site-packages/airflow/example_dags/example_bash_operator.py
[2023-11-22T18:48:34.688+0000] {logging_mixin.py:151} INFO - [2023-11-22T18:48:34.688+0000] {dag.py:2941} INFO - Sync 1 DAGs
[2023-11-22T18:48:34.698+0000] {logging_mixin.py:151} INFO - [2023-11-22T18:48:34.698+0000] {dag.py:3722} INFO - Setting next_dagrun for example_bash_operator to 2023-11-21T00:00:00+00:00, run_after=2023-11-22T00:00:00+00:00
[2023-11-22T18:48:34.706+0000] {processor.py:179} INFO - Processing /home/airflow/.local/lib/python3.8/site-packages/airflow/example_dags/example_bash_operator.py took 0.040 seconds
[2023-11-22T18:49:05.427+0000] {processor.py:157} INFO - Started process (PID=1431) to work on /home/airflow/.local/lib/python3.8/site-packages/airflow/example_dags/example_bash_operator.py
[2023-11-22T18:49:05.427+0000] {processor.py:829} INFO - Processing file /home/airflow/.local/lib/python3.8/site-packages/airflow/example_dags/example_bash_operator.py for tasks to queue
[2023-11-22T18:49:05.429+0000] {logging_mixin.py:151} INFO - [2023-11-22T18:49:05.428+0000] {dagbag.py:536} INFO - Filling up the DagBag from /home/airflow/.local/lib/python3.8/site-packages/airflow/example_dags/example_bash_operator.py
[2023-11-22T18:49:05.434+0000] {processor.py:839} INFO - DAG(s) dict_keys(['example_bash_operator']) retrieved from /home/airflow/.local/lib/python3.8/site-packages/airflow/example_dags/example_bash_operator.py
[2023-11-22T18:49:05.447+0000] {logging_mixin.py:151} INFO - [2023-11-22T18:49:05.447+0000] {dag.py:2941} INFO - Sync 1 DAGs
[2023-11-22T18:49:05.456+0000] {logging_mixin.py:151} INFO - [2023-11-22T18:49:05.456+0000] {dag.py:3722} INFO - Setting next_dagrun for example_bash_operator to 2023-11-21T00:00:00+00:00, run_after=2023-11-22T00:00:00+00:00
[2023-11-22T18:49:05.463+0000] {processor.py:179} INFO - Processing /home/airflow/.local/lib/python3.8/site-packages/airflow/example_dags/example_bash_operator.py took 0.037 seconds
[2023-11-22T18:49:35.991+0000] {processor.py:157} INFO - Started process (PID=1488) to work on /home/airflow/.local/lib/python3.8/site-packages/airflow/example_dags/example_bash_operator.py
[2023-11-22T18:49:35.991+0000] {processor.py:829} INFO - Processing file /home/airflow/.local/lib/python3.8/site-packages/airflow/example_dags/example_bash_operator.py for tasks to queue
[2023-11-22T18:49:35.993+0000] {logging_mixin.py:151} INFO - [2023-11-22T18:49:35.992+0000] {dagbag.py:536} INFO - Filling up the DagBag from /home/airflow/.local/lib/python3.8/site-packages/airflow/example_dags/example_bash_operator.py
[2023-11-22T18:49:35.999+0000] {processor.py:839} INFO - DAG(s) dict_keys(['example_bash_operator']) retrieved from /home/airflow/.local/lib/python3.8/site-packages/airflow/example_dags/example_bash_operator.py
[2023-11-22T18:49:36.012+0000] {logging_mixin.py:151} INFO - [2023-11-22T18:49:36.012+0000] {dag.py:2941} INFO - Sync 1 DAGs
[2023-11-22T18:49:36.022+0000] {logging_mixin.py:151} INFO - [2023-11-22T18:49:36.022+0000] {dag.py:3722} INFO - Setting next_dagrun for example_bash_operator to 2023-11-21T00:00:00+00:00, run_after=2023-11-22T00:00:00+00:00
[2023-11-22T18:49:36.030+0000] {processor.py:179} INFO - Processing /home/airflow/.local/lib/python3.8/site-packages/airflow/example_dags/example_bash_operator.py took 0.041 seconds
[2023-11-22T18:50:06.571+0000] {processor.py:157} INFO - Started process (PID=1545) to work on /home/airflow/.local/lib/python3.8/site-packages/airflow/example_dags/example_bash_operator.py
[2023-11-22T18:50:06.571+0000] {processor.py:829} INFO - Processing file /home/airflow/.local/lib/python3.8/site-packages/airflow/example_dags/example_bash_operator.py for tasks to queue
[2023-11-22T18:50:06.572+0000] {logging_mixin.py:151} INFO - [2023-11-22T18:50:06.572+0000] {dagbag.py:536} INFO - Filling up the DagBag from /home/airflow/.local/lib/python3.8/site-packages/airflow/example_dags/example_bash_operator.py
[2023-11-22T18:50:06.578+0000] {processor.py:839} INFO - DAG(s) dict_keys(['example_bash_operator']) retrieved from /home/airflow/.local/lib/python3.8/site-packages/airflow/example_dags/example_bash_operator.py
[2023-11-22T18:50:06.591+0000] {logging_mixin.py:151} INFO - [2023-11-22T18:50:06.591+0000] {dag.py:2941} INFO - Sync 1 DAGs
[2023-11-22T18:50:06.604+0000] {logging_mixin.py:151} INFO - [2023-11-22T18:50:06.603+0000] {dag.py:3722} INFO - Setting next_dagrun for example_bash_operator to 2023-11-21T00:00:00+00:00, run_after=2023-11-22T00:00:00+00:00
[2023-11-22T18:50:06.612+0000] {processor.py:179} INFO - Processing /home/airflow/.local/lib/python3.8/site-packages/airflow/example_dags/example_bash_operator.py took 0.043 seconds
[2023-11-22T18:50:37.073+0000] {processor.py:157} INFO - Started process (PID=1602) to work on /home/airflow/.local/lib/python3.8/site-packages/airflow/example_dags/example_bash_operator.py
[2023-11-22T18:50:37.074+0000] {processor.py:829} INFO - Processing file /home/airflow/.local/lib/python3.8/site-packages/airflow/example_dags/example_bash_operator.py for tasks to queue
[2023-11-22T18:50:37.075+0000] {logging_mixin.py:151} INFO - [2023-11-22T18:50:37.075+0000] {dagbag.py:536} INFO - Filling up the DagBag from /home/airflow/.local/lib/python3.8/site-packages/airflow/example_dags/example_bash_operator.py
[2023-11-22T18:50:37.081+0000] {processor.py:839} INFO - DAG(s) dict_keys(['example_bash_operator']) retrieved from /home/airflow/.local/lib/python3.8/site-packages/airflow/example_dags/example_bash_operator.py
[2023-11-22T18:50:37.094+0000] {logging_mixin.py:151} INFO - [2023-11-22T18:50:37.094+0000] {dag.py:2941} INFO - Sync 1 DAGs
[2023-11-22T18:50:37.104+0000] {logging_mixin.py:151} INFO - [2023-11-22T18:50:37.104+0000] {dag.py:3722} INFO - Setting next_dagrun for example_bash_operator to 2023-11-21T00:00:00+00:00, run_after=2023-11-22T00:00:00+00:00
[2023-11-22T18:50:37.112+0000] {processor.py:179} INFO - Processing /home/airflow/.local/lib/python3.8/site-packages/airflow/example_dags/example_bash_operator.py took 0.040 seconds
[2023-11-22T18:51:07.800+0000] {processor.py:157} INFO - Started process (PID=1659) to work on /home/airflow/.local/lib/python3.8/site-packages/airflow/example_dags/example_bash_operator.py
[2023-11-22T18:51:07.801+0000] {processor.py:829} INFO - Processing file /home/airflow/.local/lib/python3.8/site-packages/airflow/example_dags/example_bash_operator.py for tasks to queue
[2023-11-22T18:51:07.802+0000] {logging_mixin.py:151} INFO - [2023-11-22T18:51:07.802+0000] {dagbag.py:536} INFO - Filling up the DagBag from /home/airflow/.local/lib/python3.8/site-packages/airflow/example_dags/example_bash_operator.py
[2023-11-22T18:51:07.808+0000] {processor.py:839} INFO - DAG(s) dict_keys(['example_bash_operator']) retrieved from /home/airflow/.local/lib/python3.8/site-packages/airflow/example_dags/example_bash_operator.py
[2023-11-22T18:51:07.820+0000] {logging_mixin.py:151} INFO - [2023-11-22T18:51:07.820+0000] {dag.py:2941} INFO - Sync 1 DAGs
[2023-11-22T18:51:07.830+0000] {logging_mixin.py:151} INFO - [2023-11-22T18:51:07.830+0000] {dag.py:3722} INFO - Setting next_dagrun for example_bash_operator to 2023-11-21T00:00:00+00:00, run_after=2023-11-22T00:00:00+00:00
[2023-11-22T18:51:07.838+0000] {processor.py:179} INFO - Processing /home/airflow/.local/lib/python3.8/site-packages/airflow/example_dags/example_bash_operator.py took 0.039 seconds
[2023-11-22T18:51:38.495+0000] {processor.py:157} INFO - Started process (PID=1716) to work on /home/airflow/.local/lib/python3.8/site-packages/airflow/example_dags/example_bash_operator.py
[2023-11-22T18:51:38.495+0000] {processor.py:829} INFO - Processing file /home/airflow/.local/lib/python3.8/site-packages/airflow/example_dags/example_bash_operator.py for tasks to queue
[2023-11-22T18:51:38.496+0000] {logging_mixin.py:151} INFO - [2023-11-22T18:51:38.496+0000] {dagbag.py:536} INFO - Filling up the DagBag from /home/airflow/.local/lib/python3.8/site-packages/airflow/example_dags/example_bash_operator.py
[2023-11-22T18:51:38.502+0000] {processor.py:839} INFO - DAG(s) dict_keys(['example_bash_operator']) retrieved from /home/airflow/.local/lib/python3.8/site-packages/airflow/example_dags/example_bash_operator.py
[2023-11-22T18:51:38.515+0000] {logging_mixin.py:151} INFO - [2023-11-22T18:51:38.515+0000] {dag.py:2941} INFO - Sync 1 DAGs
[2023-11-22T18:51:38.524+0000] {logging_mixin.py:151} INFO - [2023-11-22T18:51:38.524+0000] {dag.py:3722} INFO - Setting next_dagrun for example_bash_operator to 2023-11-21T00:00:00+00:00, run_after=2023-11-22T00:00:00+00:00
[2023-11-22T18:51:38.531+0000] {processor.py:179} INFO - Processing /home/airflow/.local/lib/python3.8/site-packages/airflow/example_dags/example_bash_operator.py took 0.038 seconds
[2023-11-22T18:52:09.152+0000] {processor.py:157} INFO - Started process (PID=1773) to work on /home/airflow/.local/lib/python3.8/site-packages/airflow/example_dags/example_bash_operator.py
[2023-11-22T18:52:09.152+0000] {processor.py:829} INFO - Processing file /home/airflow/.local/lib/python3.8/site-packages/airflow/example_dags/example_bash_operator.py for tasks to queue
[2023-11-22T18:52:09.153+0000] {logging_mixin.py:151} INFO - [2023-11-22T18:52:09.153+0000] {dagbag.py:536} INFO - Filling up the DagBag from /home/airflow/.local/lib/python3.8/site-packages/airflow/example_dags/example_bash_operator.py
[2023-11-22T18:52:09.160+0000] {processor.py:839} INFO - DAG(s) dict_keys(['example_bash_operator']) retrieved from /home/airflow/.local/lib/python3.8/site-packages/airflow/example_dags/example_bash_operator.py
[2023-11-22T18:52:09.172+0000] {logging_mixin.py:151} INFO - [2023-11-22T18:52:09.172+0000] {dag.py:2941} INFO - Sync 1 DAGs
[2023-11-22T18:52:09.183+0000] {logging_mixin.py:151} INFO - [2023-11-22T18:52:09.183+0000] {dag.py:3722} INFO - Setting next_dagrun for example_bash_operator to 2023-11-21T00:00:00+00:00, run_after=2023-11-22T00:00:00+00:00
[2023-11-22T18:52:09.190+0000] {processor.py:179} INFO - Processing /home/airflow/.local/lib/python3.8/site-packages/airflow/example_dags/example_bash_operator.py took 0.039 seconds
[2023-11-22T18:52:39.839+0000] {processor.py:157} INFO - Started process (PID=1830) to work on /home/airflow/.local/lib/python3.8/site-packages/airflow/example_dags/example_bash_operator.py
[2023-11-22T18:52:39.839+0000] {processor.py:829} INFO - Processing file /home/airflow/.local/lib/python3.8/site-packages/airflow/example_dags/example_bash_operator.py for tasks to queue
[2023-11-22T18:52:39.840+0000] {logging_mixin.py:151} INFO - [2023-11-22T18:52:39.840+0000] {dagbag.py:536} INFO - Filling up the DagBag from /home/airflow/.local/lib/python3.8/site-packages/airflow/example_dags/example_bash_operator.py
[2023-11-22T18:52:39.847+0000] {processor.py:839} INFO - DAG(s) dict_keys(['example_bash_operator']) retrieved from /home/airflow/.local/lib/python3.8/site-packages/airflow/example_dags/example_bash_operator.py
[2023-11-22T18:52:39.859+0000] {logging_mixin.py:151} INFO - [2023-11-22T18:52:39.859+0000] {dag.py:2941} INFO - Sync 1 DAGs
[2023-11-22T18:52:39.869+0000] {logging_mixin.py:151} INFO - [2023-11-22T18:52:39.869+0000] {dag.py:3722} INFO - Setting next_dagrun for example_bash_operator to 2023-11-21T00:00:00+00:00, run_after=2023-11-22T00:00:00+00:00
[2023-11-22T18:52:39.877+0000] {processor.py:179} INFO - Processing /home/airflow/.local/lib/python3.8/site-packages/airflow/example_dags/example_bash_operator.py took 0.040 seconds
[2023-11-22T18:53:10.377+0000] {processor.py:157} INFO - Started process (PID=1886) to work on /home/airflow/.local/lib/python3.8/site-packages/airflow/example_dags/example_bash_operator.py
[2023-11-22T18:53:10.378+0000] {processor.py:829} INFO - Processing file /home/airflow/.local/lib/python3.8/site-packages/airflow/example_dags/example_bash_operator.py for tasks to queue
[2023-11-22T18:53:10.379+0000] {logging_mixin.py:151} INFO - [2023-11-22T18:53:10.379+0000] {dagbag.py:536} INFO - Filling up the DagBag from /home/airflow/.local/lib/python3.8/site-packages/airflow/example_dags/example_bash_operator.py
[2023-11-22T18:53:10.385+0000] {processor.py:839} INFO - DAG(s) dict_keys(['example_bash_operator']) retrieved from /home/airflow/.local/lib/python3.8/site-packages/airflow/example_dags/example_bash_operator.py
[2023-11-22T18:53:10.397+0000] {logging_mixin.py:151} INFO - [2023-11-22T18:53:10.397+0000] {dag.py:2941} INFO - Sync 1 DAGs
[2023-11-22T18:53:10.407+0000] {logging_mixin.py:151} INFO - [2023-11-22T18:53:10.407+0000] {dag.py:3722} INFO - Setting next_dagrun for example_bash_operator to 2023-11-21T00:00:00+00:00, run_after=2023-11-22T00:00:00+00:00
[2023-11-22T18:53:10.414+0000] {processor.py:179} INFO - Processing /home/airflow/.local/lib/python3.8/site-packages/airflow/example_dags/example_bash_operator.py took 0.038 seconds
[2023-11-22T18:53:40.970+0000] {processor.py:157} INFO - Started process (PID=1942) to work on /home/airflow/.local/lib/python3.8/site-packages/airflow/example_dags/example_bash_operator.py
[2023-11-22T18:53:40.970+0000] {processor.py:829} INFO - Processing file /home/airflow/.local/lib/python3.8/site-packages/airflow/example_dags/example_bash_operator.py for tasks to queue
[2023-11-22T18:53:40.971+0000] {logging_mixin.py:151} INFO - [2023-11-22T18:53:40.971+0000] {dagbag.py:536} INFO - Filling up the DagBag from /home/airflow/.local/lib/python3.8/site-packages/airflow/example_dags/example_bash_operator.py
[2023-11-22T18:53:40.978+0000] {processor.py:839} INFO - DAG(s) dict_keys(['example_bash_operator']) retrieved from /home/airflow/.local/lib/python3.8/site-packages/airflow/example_dags/example_bash_operator.py
[2023-11-22T18:53:40.990+0000] {logging_mixin.py:151} INFO - [2023-11-22T18:53:40.990+0000] {dag.py:2941} INFO - Sync 1 DAGs
[2023-11-22T18:53:41.001+0000] {logging_mixin.py:151} INFO - [2023-11-22T18:53:41.000+0000] {dag.py:3722} INFO - Setting next_dagrun for example_bash_operator to 2023-11-21T00:00:00+00:00, run_after=2023-11-22T00:00:00+00:00
[2023-11-22T18:53:41.007+0000] {processor.py:179} INFO - Processing /home/airflow/.local/lib/python3.8/site-packages/airflow/example_dags/example_bash_operator.py took 0.039 seconds
[2023-11-22T18:54:11.683+0000] {processor.py:157} INFO - Started process (PID=1999) to work on /home/airflow/.local/lib/python3.8/site-packages/airflow/example_dags/example_bash_operator.py
[2023-11-22T18:54:11.684+0000] {processor.py:829} INFO - Processing file /home/airflow/.local/lib/python3.8/site-packages/airflow/example_dags/example_bash_operator.py for tasks to queue
[2023-11-22T18:54:11.685+0000] {logging_mixin.py:151} INFO - [2023-11-22T18:54:11.685+0000] {dagbag.py:536} INFO - Filling up the DagBag from /home/airflow/.local/lib/python3.8/site-packages/airflow/example_dags/example_bash_operator.py
[2023-11-22T18:54:11.691+0000] {processor.py:839} INFO - DAG(s) dict_keys(['example_bash_operator']) retrieved from /home/airflow/.local/lib/python3.8/site-packages/airflow/example_dags/example_bash_operator.py
[2023-11-22T18:54:11.703+0000] {logging_mixin.py:151} INFO - [2023-11-22T18:54:11.703+0000] {dag.py:2941} INFO - Sync 1 DAGs
[2023-11-22T18:54:11.713+0000] {logging_mixin.py:151} INFO - [2023-11-22T18:54:11.713+0000] {dag.py:3722} INFO - Setting next_dagrun for example_bash_operator to 2023-11-21T00:00:00+00:00, run_after=2023-11-22T00:00:00+00:00
[2023-11-22T18:54:11.719+0000] {processor.py:179} INFO - Processing /home/airflow/.local/lib/python3.8/site-packages/airflow/example_dags/example_bash_operator.py took 0.038 seconds
[2023-11-22T18:54:42.458+0000] {processor.py:157} INFO - Started process (PID=2063) to work on /home/airflow/.local/lib/python3.8/site-packages/airflow/example_dags/example_bash_operator.py
[2023-11-22T18:54:42.459+0000] {processor.py:829} INFO - Processing file /home/airflow/.local/lib/python3.8/site-packages/airflow/example_dags/example_bash_operator.py for tasks to queue
[2023-11-22T18:54:42.460+0000] {logging_mixin.py:151} INFO - [2023-11-22T18:54:42.460+0000] {dagbag.py:536} INFO - Filling up the DagBag from /home/airflow/.local/lib/python3.8/site-packages/airflow/example_dags/example_bash_operator.py
[2023-11-22T18:54:42.466+0000] {processor.py:839} INFO - DAG(s) dict_keys(['example_bash_operator']) retrieved from /home/airflow/.local/lib/python3.8/site-packages/airflow/example_dags/example_bash_operator.py
[2023-11-22T18:54:42.478+0000] {logging_mixin.py:151} INFO - [2023-11-22T18:54:42.478+0000] {dag.py:2941} INFO - Sync 1 DAGs
[2023-11-22T18:54:42.488+0000] {logging_mixin.py:151} INFO - [2023-11-22T18:54:42.488+0000] {dag.py:3722} INFO - Setting next_dagrun for example_bash_operator to 2023-11-21T00:00:00+00:00, run_after=2023-11-22T00:00:00+00:00
[2023-11-22T18:54:42.494+0000] {processor.py:179} INFO - Processing /home/airflow/.local/lib/python3.8/site-packages/airflow/example_dags/example_bash_operator.py took 0.037 seconds
[2023-11-22T18:55:13.187+0000] {processor.py:157} INFO - Started process (PID=2120) to work on /home/airflow/.local/lib/python3.8/site-packages/airflow/example_dags/example_bash_operator.py
[2023-11-22T18:55:13.188+0000] {processor.py:829} INFO - Processing file /home/airflow/.local/lib/python3.8/site-packages/airflow/example_dags/example_bash_operator.py for tasks to queue
[2023-11-22T18:55:13.189+0000] {logging_mixin.py:151} INFO - [2023-11-22T18:55:13.189+0000] {dagbag.py:536} INFO - Filling up the DagBag from /home/airflow/.local/lib/python3.8/site-packages/airflow/example_dags/example_bash_operator.py
[2023-11-22T18:55:13.195+0000] {processor.py:839} INFO - DAG(s) dict_keys(['example_bash_operator']) retrieved from /home/airflow/.local/lib/python3.8/site-packages/airflow/example_dags/example_bash_operator.py
[2023-11-22T18:55:13.207+0000] {logging_mixin.py:151} INFO - [2023-11-22T18:55:13.207+0000] {dag.py:2941} INFO - Sync 1 DAGs
[2023-11-22T18:55:13.217+0000] {logging_mixin.py:151} INFO - [2023-11-22T18:55:13.217+0000] {dag.py:3722} INFO - Setting next_dagrun for example_bash_operator to 2023-11-21T00:00:00+00:00, run_after=2023-11-22T00:00:00+00:00
[2023-11-22T18:55:13.224+0000] {processor.py:179} INFO - Processing /home/airflow/.local/lib/python3.8/site-packages/airflow/example_dags/example_bash_operator.py took 0.038 seconds
[2023-11-22T18:55:44.065+0000] {processor.py:157} INFO - Started process (PID=2177) to work on /home/airflow/.local/lib/python3.8/site-packages/airflow/example_dags/example_bash_operator.py
[2023-11-22T18:55:44.066+0000] {processor.py:829} INFO - Processing file /home/airflow/.local/lib/python3.8/site-packages/airflow/example_dags/example_bash_operator.py for tasks to queue
[2023-11-22T18:55:44.067+0000] {logging_mixin.py:151} INFO - [2023-11-22T18:55:44.067+0000] {dagbag.py:536} INFO - Filling up the DagBag from /home/airflow/.local/lib/python3.8/site-packages/airflow/example_dags/example_bash_operator.py
[2023-11-22T18:55:44.072+0000] {processor.py:839} INFO - DAG(s) dict_keys(['example_bash_operator']) retrieved from /home/airflow/.local/lib/python3.8/site-packages/airflow/example_dags/example_bash_operator.py
[2023-11-22T18:55:44.086+0000] {logging_mixin.py:151} INFO - [2023-11-22T18:55:44.085+0000] {dag.py:2941} INFO - Sync 1 DAGs
[2023-11-22T18:55:44.096+0000] {logging_mixin.py:151} INFO - [2023-11-22T18:55:44.096+0000] {dag.py:3722} INFO - Setting next_dagrun for example_bash_operator to 2023-11-21T00:00:00+00:00, run_after=2023-11-22T00:00:00+00:00
[2023-11-22T18:55:44.103+0000] {processor.py:179} INFO - Processing /home/airflow/.local/lib/python3.8/site-packages/airflow/example_dags/example_bash_operator.py took 0.040 seconds
[2023-11-22T18:56:14.780+0000] {processor.py:157} INFO - Started process (PID=2234) to work on /home/airflow/.local/lib/python3.8/site-packages/airflow/example_dags/example_bash_operator.py
[2023-11-22T18:56:14.780+0000] {processor.py:829} INFO - Processing file /home/airflow/.local/lib/python3.8/site-packages/airflow/example_dags/example_bash_operator.py for tasks to queue
[2023-11-22T18:56:14.781+0000] {logging_mixin.py:151} INFO - [2023-11-22T18:56:14.781+0000] {dagbag.py:536} INFO - Filling up the DagBag from /home/airflow/.local/lib/python3.8/site-packages/airflow/example_dags/example_bash_operator.py
[2023-11-22T18:56:14.787+0000] {processor.py:839} INFO - DAG(s) dict_keys(['example_bash_operator']) retrieved from /home/airflow/.local/lib/python3.8/site-packages/airflow/example_dags/example_bash_operator.py
[2023-11-22T18:56:14.800+0000] {logging_mixin.py:151} INFO - [2023-11-22T18:56:14.800+0000] {dag.py:2941} INFO - Sync 1 DAGs
[2023-11-22T18:56:14.811+0000] {logging_mixin.py:151} INFO - [2023-11-22T18:56:14.810+0000] {dag.py:3722} INFO - Setting next_dagrun for example_bash_operator to 2023-11-21T00:00:00+00:00, run_after=2023-11-22T00:00:00+00:00
[2023-11-22T18:56:14.818+0000] {processor.py:179} INFO - Processing /home/airflow/.local/lib/python3.8/site-packages/airflow/example_dags/example_bash_operator.py took 0.040 seconds
[2023-11-22T18:56:45.526+0000] {processor.py:157} INFO - Started process (PID=2291) to work on /home/airflow/.local/lib/python3.8/site-packages/airflow/example_dags/example_bash_operator.py
[2023-11-22T18:56:45.527+0000] {processor.py:829} INFO - Processing file /home/airflow/.local/lib/python3.8/site-packages/airflow/example_dags/example_bash_operator.py for tasks to queue
[2023-11-22T18:56:45.528+0000] {logging_mixin.py:151} INFO - [2023-11-22T18:56:45.528+0000] {dagbag.py:536} INFO - Filling up the DagBag from /home/airflow/.local/lib/python3.8/site-packages/airflow/example_dags/example_bash_operator.py
[2023-11-22T18:56:45.534+0000] {processor.py:839} INFO - DAG(s) dict_keys(['example_bash_operator']) retrieved from /home/airflow/.local/lib/python3.8/site-packages/airflow/example_dags/example_bash_operator.py
[2023-11-22T18:56:45.546+0000] {logging_mixin.py:151} INFO - [2023-11-22T18:56:45.546+0000] {dag.py:2941} INFO - Sync 1 DAGs
[2023-11-22T18:56:45.557+0000] {logging_mixin.py:151} INFO - [2023-11-22T18:56:45.557+0000] {dag.py:3722} INFO - Setting next_dagrun for example_bash_operator to 2023-11-21T00:00:00+00:00, run_after=2023-11-22T00:00:00+00:00
[2023-11-22T18:56:45.563+0000] {processor.py:179} INFO - Processing /home/airflow/.local/lib/python3.8/site-packages/airflow/example_dags/example_bash_operator.py took 0.039 seconds
[2023-11-22T18:57:16.265+0000] {processor.py:157} INFO - Started process (PID=2348) to work on /home/airflow/.local/lib/python3.8/site-packages/airflow/example_dags/example_bash_operator.py
[2023-11-22T18:57:16.265+0000] {processor.py:829} INFO - Processing file /home/airflow/.local/lib/python3.8/site-packages/airflow/example_dags/example_bash_operator.py for tasks to queue
[2023-11-22T18:57:16.266+0000] {logging_mixin.py:151} INFO - [2023-11-22T18:57:16.266+0000] {dagbag.py:536} INFO - Filling up the DagBag from /home/airflow/.local/lib/python3.8/site-packages/airflow/example_dags/example_bash_operator.py
[2023-11-22T18:57:16.272+0000] {processor.py:839} INFO - DAG(s) dict_keys(['example_bash_operator']) retrieved from /home/airflow/.local/lib/python3.8/site-packages/airflow/example_dags/example_bash_operator.py
[2023-11-22T18:57:16.285+0000] {logging_mixin.py:151} INFO - [2023-11-22T18:57:16.285+0000] {dag.py:2941} INFO - Sync 1 DAGs
[2023-11-22T18:57:16.294+0000] {logging_mixin.py:151} INFO - [2023-11-22T18:57:16.294+0000] {dag.py:3722} INFO - Setting next_dagrun for example_bash_operator to 2023-11-21T00:00:00+00:00, run_after=2023-11-22T00:00:00+00:00
[2023-11-22T18:57:16.301+0000] {processor.py:179} INFO - Processing /home/airflow/.local/lib/python3.8/site-packages/airflow/example_dags/example_bash_operator.py took 0.038 seconds
[2023-11-22T18:57:47.063+0000] {processor.py:157} INFO - Started process (PID=2405) to work on /home/airflow/.local/lib/python3.8/site-packages/airflow/example_dags/example_bash_operator.py
[2023-11-22T18:57:47.064+0000] {processor.py:829} INFO - Processing file /home/airflow/.local/lib/python3.8/site-packages/airflow/example_dags/example_bash_operator.py for tasks to queue
[2023-11-22T18:57:47.065+0000] {logging_mixin.py:151} INFO - [2023-11-22T18:57:47.065+0000] {dagbag.py:536} INFO - Filling up the DagBag from /home/airflow/.local/lib/python3.8/site-packages/airflow/example_dags/example_bash_operator.py
[2023-11-22T18:57:47.071+0000] {processor.py:839} INFO - DAG(s) dict_keys(['example_bash_operator']) retrieved from /home/airflow/.local/lib/python3.8/site-packages/airflow/example_dags/example_bash_operator.py
[2023-11-22T18:57:47.084+0000] {logging_mixin.py:151} INFO - [2023-11-22T18:57:47.084+0000] {dag.py:2941} INFO - Sync 1 DAGs
[2023-11-22T18:57:47.093+0000] {logging_mixin.py:151} INFO - [2023-11-22T18:57:47.093+0000] {dag.py:3722} INFO - Setting next_dagrun for example_bash_operator to 2023-11-21T00:00:00+00:00, run_after=2023-11-22T00:00:00+00:00
[2023-11-22T18:57:47.100+0000] {processor.py:179} INFO - Processing /home/airflow/.local/lib/python3.8/site-packages/airflow/example_dags/example_bash_operator.py took 0.039 seconds
[2023-11-22T18:58:17.586+0000] {processor.py:157} INFO - Started process (PID=2462) to work on /home/airflow/.local/lib/python3.8/site-packages/airflow/example_dags/example_bash_operator.py
[2023-11-22T18:58:17.587+0000] {processor.py:829} INFO - Processing file /home/airflow/.local/lib/python3.8/site-packages/airflow/example_dags/example_bash_operator.py for tasks to queue
[2023-11-22T18:58:17.588+0000] {logging_mixin.py:151} INFO - [2023-11-22T18:58:17.588+0000] {dagbag.py:536} INFO - Filling up the DagBag from /home/airflow/.local/lib/python3.8/site-packages/airflow/example_dags/example_bash_operator.py
[2023-11-22T18:58:17.594+0000] {processor.py:839} INFO - DAG(s) dict_keys(['example_bash_operator']) retrieved from /home/airflow/.local/lib/python3.8/site-packages/airflow/example_dags/example_bash_operator.py
[2023-11-22T18:58:17.607+0000] {logging_mixin.py:151} INFO - [2023-11-22T18:58:17.607+0000] {dag.py:2941} INFO - Sync 1 DAGs
[2023-11-22T18:58:17.617+0000] {logging_mixin.py:151} INFO - [2023-11-22T18:58:17.617+0000] {dag.py:3722} INFO - Setting next_dagrun for example_bash_operator to 2023-11-21T00:00:00+00:00, run_after=2023-11-22T00:00:00+00:00
[2023-11-22T18:58:17.625+0000] {processor.py:179} INFO - Processing /home/airflow/.local/lib/python3.8/site-packages/airflow/example_dags/example_bash_operator.py took 0.041 seconds
[2023-11-22T18:58:48.229+0000] {processor.py:157} INFO - Started process (PID=2519) to work on /home/airflow/.local/lib/python3.8/site-packages/airflow/example_dags/example_bash_operator.py
[2023-11-22T18:58:48.230+0000] {processor.py:829} INFO - Processing file /home/airflow/.local/lib/python3.8/site-packages/airflow/example_dags/example_bash_operator.py for tasks to queue
[2023-11-22T18:58:48.231+0000] {logging_mixin.py:151} INFO - [2023-11-22T18:58:48.231+0000] {dagbag.py:536} INFO - Filling up the DagBag from /home/airflow/.local/lib/python3.8/site-packages/airflow/example_dags/example_bash_operator.py
[2023-11-22T18:58:48.237+0000] {processor.py:839} INFO - DAG(s) dict_keys(['example_bash_operator']) retrieved from /home/airflow/.local/lib/python3.8/site-packages/airflow/example_dags/example_bash_operator.py
[2023-11-22T18:58:48.251+0000] {logging_mixin.py:151} INFO - [2023-11-22T18:58:48.251+0000] {dag.py:2941} INFO - Sync 1 DAGs
[2023-11-22T18:58:48.261+0000] {logging_mixin.py:151} INFO - [2023-11-22T18:58:48.261+0000] {dag.py:3722} INFO - Setting next_dagrun for example_bash_operator to 2023-11-21T00:00:00+00:00, run_after=2023-11-22T00:00:00+00:00
[2023-11-22T18:58:48.268+0000] {processor.py:179} INFO - Processing /home/airflow/.local/lib/python3.8/site-packages/airflow/example_dags/example_bash_operator.py took 0.040 seconds
[2023-11-22T18:59:18.885+0000] {processor.py:157} INFO - Started process (PID=2576) to work on /home/airflow/.local/lib/python3.8/site-packages/airflow/example_dags/example_bash_operator.py
[2023-11-22T18:59:18.886+0000] {processor.py:829} INFO - Processing file /home/airflow/.local/lib/python3.8/site-packages/airflow/example_dags/example_bash_operator.py for tasks to queue
[2023-11-22T18:59:18.887+0000] {logging_mixin.py:151} INFO - [2023-11-22T18:59:18.887+0000] {dagbag.py:536} INFO - Filling up the DagBag from /home/airflow/.local/lib/python3.8/site-packages/airflow/example_dags/example_bash_operator.py
[2023-11-22T18:59:18.893+0000] {processor.py:839} INFO - DAG(s) dict_keys(['example_bash_operator']) retrieved from /home/airflow/.local/lib/python3.8/site-packages/airflow/example_dags/example_bash_operator.py
[2023-11-22T18:59:18.906+0000] {logging_mixin.py:151} INFO - [2023-11-22T18:59:18.905+0000] {dag.py:2941} INFO - Sync 1 DAGs
[2023-11-22T18:59:18.916+0000] {logging_mixin.py:151} INFO - [2023-11-22T18:59:18.916+0000] {dag.py:3722} INFO - Setting next_dagrun for example_bash_operator to 2023-11-21T00:00:00+00:00, run_after=2023-11-22T00:00:00+00:00
[2023-11-22T18:59:18.923+0000] {processor.py:179} INFO - Processing /home/airflow/.local/lib/python3.8/site-packages/airflow/example_dags/example_bash_operator.py took 0.039 seconds
[2023-11-22T18:59:49.626+0000] {processor.py:157} INFO - Started process (PID=2633) to work on /home/airflow/.local/lib/python3.8/site-packages/airflow/example_dags/example_bash_operator.py
[2023-11-22T18:59:49.627+0000] {processor.py:829} INFO - Processing file /home/airflow/.local/lib/python3.8/site-packages/airflow/example_dags/example_bash_operator.py for tasks to queue
[2023-11-22T18:59:49.628+0000] {logging_mixin.py:151} INFO - [2023-11-22T18:59:49.628+0000] {dagbag.py:536} INFO - Filling up the DagBag from /home/airflow/.local/lib/python3.8/site-packages/airflow/example_dags/example_bash_operator.py
[2023-11-22T18:59:49.634+0000] {processor.py:839} INFO - DAG(s) dict_keys(['example_bash_operator']) retrieved from /home/airflow/.local/lib/python3.8/site-packages/airflow/example_dags/example_bash_operator.py
[2023-11-22T18:59:49.647+0000] {logging_mixin.py:151} INFO - [2023-11-22T18:59:49.647+0000] {dag.py:2941} INFO - Sync 1 DAGs
[2023-11-22T18:59:49.660+0000] {logging_mixin.py:151} INFO - [2023-11-22T18:59:49.660+0000] {dag.py:3722} INFO - Setting next_dagrun for example_bash_operator to 2023-11-21T00:00:00+00:00, run_after=2023-11-22T00:00:00+00:00
[2023-11-22T18:59:49.668+0000] {processor.py:179} INFO - Processing /home/airflow/.local/lib/python3.8/site-packages/airflow/example_dags/example_bash_operator.py took 0.043 seconds
[2023-11-22T19:00:20.356+0000] {processor.py:157} INFO - Started process (PID=2690) to work on /home/airflow/.local/lib/python3.8/site-packages/airflow/example_dags/example_bash_operator.py
[2023-11-22T19:00:20.357+0000] {processor.py:829} INFO - Processing file /home/airflow/.local/lib/python3.8/site-packages/airflow/example_dags/example_bash_operator.py for tasks to queue
[2023-11-22T19:00:20.358+0000] {logging_mixin.py:151} INFO - [2023-11-22T19:00:20.358+0000] {dagbag.py:536} INFO - Filling up the DagBag from /home/airflow/.local/lib/python3.8/site-packages/airflow/example_dags/example_bash_operator.py
[2023-11-22T19:00:20.364+0000] {processor.py:839} INFO - DAG(s) dict_keys(['example_bash_operator']) retrieved from /home/airflow/.local/lib/python3.8/site-packages/airflow/example_dags/example_bash_operator.py
[2023-11-22T19:00:20.378+0000] {logging_mixin.py:151} INFO - [2023-11-22T19:00:20.377+0000] {dag.py:2941} INFO - Sync 1 DAGs
[2023-11-22T19:00:20.389+0000] {logging_mixin.py:151} INFO - [2023-11-22T19:00:20.389+0000] {dag.py:3722} INFO - Setting next_dagrun for example_bash_operator to 2023-11-21T00:00:00+00:00, run_after=2023-11-22T00:00:00+00:00
[2023-11-22T19:00:20.399+0000] {processor.py:179} INFO - Processing /home/airflow/.local/lib/python3.8/site-packages/airflow/example_dags/example_bash_operator.py took 0.045 seconds
[2023-11-22T19:00:50.990+0000] {processor.py:157} INFO - Started process (PID=2747) to work on /home/airflow/.local/lib/python3.8/site-packages/airflow/example_dags/example_bash_operator.py
[2023-11-22T19:00:50.991+0000] {processor.py:829} INFO - Processing file /home/airflow/.local/lib/python3.8/site-packages/airflow/example_dags/example_bash_operator.py for tasks to queue
[2023-11-22T19:00:50.993+0000] {logging_mixin.py:151} INFO - [2023-11-22T19:00:50.992+0000] {dagbag.py:536} INFO - Filling up the DagBag from /home/airflow/.local/lib/python3.8/site-packages/airflow/example_dags/example_bash_operator.py
[2023-11-22T19:00:50.999+0000] {processor.py:839} INFO - DAG(s) dict_keys(['example_bash_operator']) retrieved from /home/airflow/.local/lib/python3.8/site-packages/airflow/example_dags/example_bash_operator.py
[2023-11-22T19:00:51.013+0000] {logging_mixin.py:151} INFO - [2023-11-22T19:00:51.012+0000] {dag.py:2941} INFO - Sync 1 DAGs
[2023-11-22T19:00:51.022+0000] {logging_mixin.py:151} INFO - [2023-11-22T19:00:51.022+0000] {dag.py:3722} INFO - Setting next_dagrun for example_bash_operator to 2023-11-21T00:00:00+00:00, run_after=2023-11-22T00:00:00+00:00
[2023-11-22T19:00:51.030+0000] {processor.py:179} INFO - Processing /home/airflow/.local/lib/python3.8/site-packages/airflow/example_dags/example_bash_operator.py took 0.041 seconds
[2023-11-22T19:01:21.606+0000] {processor.py:157} INFO - Started process (PID=2804) to work on /home/airflow/.local/lib/python3.8/site-packages/airflow/example_dags/example_bash_operator.py
[2023-11-22T19:01:21.606+0000] {processor.py:829} INFO - Processing file /home/airflow/.local/lib/python3.8/site-packages/airflow/example_dags/example_bash_operator.py for tasks to queue
[2023-11-22T19:01:21.607+0000] {logging_mixin.py:151} INFO - [2023-11-22T19:01:21.607+0000] {dagbag.py:536} INFO - Filling up the DagBag from /home/airflow/.local/lib/python3.8/site-packages/airflow/example_dags/example_bash_operator.py
[2023-11-22T19:01:21.614+0000] {processor.py:839} INFO - DAG(s) dict_keys(['example_bash_operator']) retrieved from /home/airflow/.local/lib/python3.8/site-packages/airflow/example_dags/example_bash_operator.py
[2023-11-22T19:01:21.627+0000] {logging_mixin.py:151} INFO - [2023-11-22T19:01:21.627+0000] {dag.py:2941} INFO - Sync 1 DAGs
[2023-11-22T19:01:21.637+0000] {logging_mixin.py:151} INFO - [2023-11-22T19:01:21.637+0000] {dag.py:3722} INFO - Setting next_dagrun for example_bash_operator to 2023-11-21T00:00:00+00:00, run_after=2023-11-22T00:00:00+00:00
[2023-11-22T19:01:21.644+0000] {processor.py:179} INFO - Processing /home/airflow/.local/lib/python3.8/site-packages/airflow/example_dags/example_bash_operator.py took 0.041 seconds
[2023-11-22T19:01:52.145+0000] {processor.py:157} INFO - Started process (PID=2862) to work on /home/airflow/.local/lib/python3.8/site-packages/airflow/example_dags/example_bash_operator.py
[2023-11-22T19:01:52.146+0000] {processor.py:829} INFO - Processing file /home/airflow/.local/lib/python3.8/site-packages/airflow/example_dags/example_bash_operator.py for tasks to queue
[2023-11-22T19:01:52.147+0000] {logging_mixin.py:151} INFO - [2023-11-22T19:01:52.147+0000] {dagbag.py:536} INFO - Filling up the DagBag from /home/airflow/.local/lib/python3.8/site-packages/airflow/example_dags/example_bash_operator.py
[2023-11-22T19:01:52.153+0000] {processor.py:839} INFO - DAG(s) dict_keys(['example_bash_operator']) retrieved from /home/airflow/.local/lib/python3.8/site-packages/airflow/example_dags/example_bash_operator.py
[2023-11-22T19:01:52.173+0000] {logging_mixin.py:151} INFO - [2023-11-22T19:01:52.173+0000] {dag.py:2941} INFO - Sync 1 DAGs
[2023-11-22T19:01:52.233+0000] {logging_mixin.py:151} INFO - [2023-11-22T19:01:52.232+0000] {dag.py:3722} INFO - Setting next_dagrun for example_bash_operator to 2023-11-21T00:00:00+00:00, run_after=2023-11-22T00:00:00+00:00
[2023-11-22T19:01:52.249+0000] {processor.py:179} INFO - Processing /home/airflow/.local/lib/python3.8/site-packages/airflow/example_dags/example_bash_operator.py took 0.106 seconds
[2023-11-22T19:02:22.875+0000] {processor.py:157} INFO - Started process (PID=2919) to work on /home/airflow/.local/lib/python3.8/site-packages/airflow/example_dags/example_bash_operator.py
[2023-11-22T19:02:22.875+0000] {processor.py:829} INFO - Processing file /home/airflow/.local/lib/python3.8/site-packages/airflow/example_dags/example_bash_operator.py for tasks to queue
[2023-11-22T19:02:22.876+0000] {logging_mixin.py:151} INFO - [2023-11-22T19:02:22.876+0000] {dagbag.py:536} INFO - Filling up the DagBag from /home/airflow/.local/lib/python3.8/site-packages/airflow/example_dags/example_bash_operator.py
[2023-11-22T19:02:22.882+0000] {processor.py:839} INFO - DAG(s) dict_keys(['example_bash_operator']) retrieved from /home/airflow/.local/lib/python3.8/site-packages/airflow/example_dags/example_bash_operator.py
[2023-11-22T19:02:22.895+0000] {logging_mixin.py:151} INFO - [2023-11-22T19:02:22.895+0000] {dag.py:2941} INFO - Sync 1 DAGs
[2023-11-22T19:02:22.906+0000] {logging_mixin.py:151} INFO - [2023-11-22T19:02:22.906+0000] {dag.py:3722} INFO - Setting next_dagrun for example_bash_operator to 2023-11-21T00:00:00+00:00, run_after=2023-11-22T00:00:00+00:00
[2023-11-22T19:02:22.913+0000] {processor.py:179} INFO - Processing /home/airflow/.local/lib/python3.8/site-packages/airflow/example_dags/example_bash_operator.py took 0.040 seconds
[2023-11-22T19:02:53.544+0000] {processor.py:157} INFO - Started process (PID=2976) to work on /home/airflow/.local/lib/python3.8/site-packages/airflow/example_dags/example_bash_operator.py
[2023-11-22T19:02:53.545+0000] {processor.py:829} INFO - Processing file /home/airflow/.local/lib/python3.8/site-packages/airflow/example_dags/example_bash_operator.py for tasks to queue
[2023-11-22T19:02:53.546+0000] {logging_mixin.py:151} INFO - [2023-11-22T19:02:53.546+0000] {dagbag.py:536} INFO - Filling up the DagBag from /home/airflow/.local/lib/python3.8/site-packages/airflow/example_dags/example_bash_operator.py
[2023-11-22T19:02:53.552+0000] {processor.py:839} INFO - DAG(s) dict_keys(['example_bash_operator']) retrieved from /home/airflow/.local/lib/python3.8/site-packages/airflow/example_dags/example_bash_operator.py
[2023-11-22T19:02:53.565+0000] {logging_mixin.py:151} INFO - [2023-11-22T19:02:53.564+0000] {dag.py:2941} INFO - Sync 1 DAGs
[2023-11-22T19:02:53.575+0000] {logging_mixin.py:151} INFO - [2023-11-22T19:02:53.575+0000] {dag.py:3722} INFO - Setting next_dagrun for example_bash_operator to 2023-11-21T00:00:00+00:00, run_after=2023-11-22T00:00:00+00:00
[2023-11-22T19:02:53.583+0000] {processor.py:179} INFO - Processing /home/airflow/.local/lib/python3.8/site-packages/airflow/example_dags/example_bash_operator.py took 0.040 seconds
[2023-11-22T19:03:24.209+0000] {processor.py:157} INFO - Started process (PID=3032) to work on /home/airflow/.local/lib/python3.8/site-packages/airflow/example_dags/example_bash_operator.py
[2023-11-22T19:03:24.210+0000] {processor.py:829} INFO - Processing file /home/airflow/.local/lib/python3.8/site-packages/airflow/example_dags/example_bash_operator.py for tasks to queue
[2023-11-22T19:03:24.211+0000] {logging_mixin.py:151} INFO - [2023-11-22T19:03:24.211+0000] {dagbag.py:536} INFO - Filling up the DagBag from /home/airflow/.local/lib/python3.8/site-packages/airflow/example_dags/example_bash_operator.py
[2023-11-22T19:03:24.217+0000] {processor.py:839} INFO - DAG(s) dict_keys(['example_bash_operator']) retrieved from /home/airflow/.local/lib/python3.8/site-packages/airflow/example_dags/example_bash_operator.py
[2023-11-22T19:03:24.230+0000] {logging_mixin.py:151} INFO - [2023-11-22T19:03:24.230+0000] {dag.py:2941} INFO - Sync 1 DAGs
[2023-11-22T19:03:24.240+0000] {logging_mixin.py:151} INFO - [2023-11-22T19:03:24.240+0000] {dag.py:3722} INFO - Setting next_dagrun for example_bash_operator to 2023-11-21T00:00:00+00:00, run_after=2023-11-22T00:00:00+00:00
[2023-11-22T19:03:24.249+0000] {processor.py:179} INFO - Processing /home/airflow/.local/lib/python3.8/site-packages/airflow/example_dags/example_bash_operator.py took 0.041 seconds
[2023-11-22T19:03:54.896+0000] {processor.py:157} INFO - Started process (PID=3089) to work on /home/airflow/.local/lib/python3.8/site-packages/airflow/example_dags/example_bash_operator.py
[2023-11-22T19:03:54.896+0000] {processor.py:829} INFO - Processing file /home/airflow/.local/lib/python3.8/site-packages/airflow/example_dags/example_bash_operator.py for tasks to queue
[2023-11-22T19:03:54.898+0000] {logging_mixin.py:151} INFO - [2023-11-22T19:03:54.897+0000] {dagbag.py:536} INFO - Filling up the DagBag from /home/airflow/.local/lib/python3.8/site-packages/airflow/example_dags/example_bash_operator.py
[2023-11-22T19:03:54.904+0000] {processor.py:839} INFO - DAG(s) dict_keys(['example_bash_operator']) retrieved from /home/airflow/.local/lib/python3.8/site-packages/airflow/example_dags/example_bash_operator.py
[2023-11-22T19:03:54.917+0000] {logging_mixin.py:151} INFO - [2023-11-22T19:03:54.917+0000] {dag.py:2941} INFO - Sync 1 DAGs
[2023-11-22T19:03:54.928+0000] {logging_mixin.py:151} INFO - [2023-11-22T19:03:54.927+0000] {dag.py:3722} INFO - Setting next_dagrun for example_bash_operator to 2023-11-21T00:00:00+00:00, run_after=2023-11-22T00:00:00+00:00
[2023-11-22T19:03:54.935+0000] {processor.py:179} INFO - Processing /home/airflow/.local/lib/python3.8/site-packages/airflow/example_dags/example_bash_operator.py took 0.041 seconds
[2023-11-22T19:04:25.549+0000] {processor.py:157} INFO - Started process (PID=3146) to work on /home/airflow/.local/lib/python3.8/site-packages/airflow/example_dags/example_bash_operator.py
[2023-11-22T19:04:25.550+0000] {processor.py:829} INFO - Processing file /home/airflow/.local/lib/python3.8/site-packages/airflow/example_dags/example_bash_operator.py for tasks to queue
[2023-11-22T19:04:25.551+0000] {logging_mixin.py:151} INFO - [2023-11-22T19:04:25.551+0000] {dagbag.py:536} INFO - Filling up the DagBag from /home/airflow/.local/lib/python3.8/site-packages/airflow/example_dags/example_bash_operator.py
[2023-11-22T19:04:25.557+0000] {processor.py:839} INFO - DAG(s) dict_keys(['example_bash_operator']) retrieved from /home/airflow/.local/lib/python3.8/site-packages/airflow/example_dags/example_bash_operator.py
[2023-11-22T19:04:25.570+0000] {logging_mixin.py:151} INFO - [2023-11-22T19:04:25.570+0000] {dag.py:2941} INFO - Sync 1 DAGs
[2023-11-22T19:04:25.580+0000] {logging_mixin.py:151} INFO - [2023-11-22T19:04:25.580+0000] {dag.py:3722} INFO - Setting next_dagrun for example_bash_operator to 2023-11-21T00:00:00+00:00, run_after=2023-11-22T00:00:00+00:00
[2023-11-22T19:04:25.588+0000] {processor.py:179} INFO - Processing /home/airflow/.local/lib/python3.8/site-packages/airflow/example_dags/example_bash_operator.py took 0.040 seconds
[2023-11-22T19:04:56.202+0000] {processor.py:157} INFO - Started process (PID=3203) to work on /home/airflow/.local/lib/python3.8/site-packages/airflow/example_dags/example_bash_operator.py
[2023-11-22T19:04:56.202+0000] {processor.py:829} INFO - Processing file /home/airflow/.local/lib/python3.8/site-packages/airflow/example_dags/example_bash_operator.py for tasks to queue
[2023-11-22T19:04:56.203+0000] {logging_mixin.py:151} INFO - [2023-11-22T19:04:56.203+0000] {dagbag.py:536} INFO - Filling up the DagBag from /home/airflow/.local/lib/python3.8/site-packages/airflow/example_dags/example_bash_operator.py
[2023-11-22T19:04:56.209+0000] {processor.py:839} INFO - DAG(s) dict_keys(['example_bash_operator']) retrieved from /home/airflow/.local/lib/python3.8/site-packages/airflow/example_dags/example_bash_operator.py
[2023-11-22T19:04:56.222+0000] {logging_mixin.py:151} INFO - [2023-11-22T19:04:56.222+0000] {dag.py:2941} INFO - Sync 1 DAGs
[2023-11-22T19:04:56.231+0000] {logging_mixin.py:151} INFO - [2023-11-22T19:04:56.231+0000] {dag.py:3722} INFO - Setting next_dagrun for example_bash_operator to 2023-11-21T00:00:00+00:00, run_after=2023-11-22T00:00:00+00:00
[2023-11-22T19:04:56.238+0000] {processor.py:179} INFO - Processing /home/airflow/.local/lib/python3.8/site-packages/airflow/example_dags/example_bash_operator.py took 0.038 seconds
[2023-11-22T19:05:26.788+0000] {processor.py:157} INFO - Started process (PID=3261) to work on /home/airflow/.local/lib/python3.8/site-packages/airflow/example_dags/example_bash_operator.py
[2023-11-22T19:05:26.788+0000] {processor.py:829} INFO - Processing file /home/airflow/.local/lib/python3.8/site-packages/airflow/example_dags/example_bash_operator.py for tasks to queue
[2023-11-22T19:05:26.789+0000] {logging_mixin.py:151} INFO - [2023-11-22T19:05:26.789+0000] {dagbag.py:536} INFO - Filling up the DagBag from /home/airflow/.local/lib/python3.8/site-packages/airflow/example_dags/example_bash_operator.py
[2023-11-22T19:05:26.795+0000] {processor.py:839} INFO - DAG(s) dict_keys(['example_bash_operator']) retrieved from /home/airflow/.local/lib/python3.8/site-packages/airflow/example_dags/example_bash_operator.py
[2023-11-22T19:05:26.808+0000] {logging_mixin.py:151} INFO - [2023-11-22T19:05:26.808+0000] {dag.py:2941} INFO - Sync 1 DAGs
[2023-11-22T19:05:26.818+0000] {logging_mixin.py:151} INFO - [2023-11-22T19:05:26.818+0000] {dag.py:3722} INFO - Setting next_dagrun for example_bash_operator to 2023-11-21T00:00:00+00:00, run_after=2023-11-22T00:00:00+00:00
[2023-11-22T19:05:26.826+0000] {processor.py:179} INFO - Processing /home/airflow/.local/lib/python3.8/site-packages/airflow/example_dags/example_bash_operator.py took 0.040 seconds
[2023-11-22T19:05:57.505+0000] {processor.py:157} INFO - Started process (PID=3318) to work on /home/airflow/.local/lib/python3.8/site-packages/airflow/example_dags/example_bash_operator.py
[2023-11-22T19:05:57.506+0000] {processor.py:829} INFO - Processing file /home/airflow/.local/lib/python3.8/site-packages/airflow/example_dags/example_bash_operator.py for tasks to queue
[2023-11-22T19:05:57.507+0000] {logging_mixin.py:151} INFO - [2023-11-22T19:05:57.507+0000] {dagbag.py:536} INFO - Filling up the DagBag from /home/airflow/.local/lib/python3.8/site-packages/airflow/example_dags/example_bash_operator.py
[2023-11-22T19:05:57.514+0000] {processor.py:839} INFO - DAG(s) dict_keys(['example_bash_operator']) retrieved from /home/airflow/.local/lib/python3.8/site-packages/airflow/example_dags/example_bash_operator.py
[2023-11-22T19:05:57.528+0000] {logging_mixin.py:151} INFO - [2023-11-22T19:05:57.528+0000] {dag.py:2941} INFO - Sync 1 DAGs
[2023-11-22T19:05:57.539+0000] {logging_mixin.py:151} INFO - [2023-11-22T19:05:57.539+0000] {dag.py:3722} INFO - Setting next_dagrun for example_bash_operator to 2023-11-21T00:00:00+00:00, run_after=2023-11-22T00:00:00+00:00
[2023-11-22T19:05:57.547+0000] {processor.py:179} INFO - Processing /home/airflow/.local/lib/python3.8/site-packages/airflow/example_dags/example_bash_operator.py took 0.043 seconds
[2023-11-22T19:06:28.046+0000] {processor.py:157} INFO - Started process (PID=3375) to work on /home/airflow/.local/lib/python3.8/site-packages/airflow/example_dags/example_bash_operator.py
[2023-11-22T19:06:28.047+0000] {processor.py:829} INFO - Processing file /home/airflow/.local/lib/python3.8/site-packages/airflow/example_dags/example_bash_operator.py for tasks to queue
[2023-11-22T19:06:28.048+0000] {logging_mixin.py:151} INFO - [2023-11-22T19:06:28.048+0000] {dagbag.py:536} INFO - Filling up the DagBag from /home/airflow/.local/lib/python3.8/site-packages/airflow/example_dags/example_bash_operator.py
[2023-11-22T19:06:28.054+0000] {processor.py:839} INFO - DAG(s) dict_keys(['example_bash_operator']) retrieved from /home/airflow/.local/lib/python3.8/site-packages/airflow/example_dags/example_bash_operator.py
[2023-11-22T19:06:28.066+0000] {logging_mixin.py:151} INFO - [2023-11-22T19:06:28.066+0000] {dag.py:2941} INFO - Sync 1 DAGs
[2023-11-22T19:06:28.075+0000] {logging_mixin.py:151} INFO - [2023-11-22T19:06:28.075+0000] {dag.py:3722} INFO - Setting next_dagrun for example_bash_operator to 2023-11-21T00:00:00+00:00, run_after=2023-11-22T00:00:00+00:00
[2023-11-22T19:06:28.095+0000] {processor.py:179} INFO - Processing /home/airflow/.local/lib/python3.8/site-packages/airflow/example_dags/example_bash_operator.py took 0.050 seconds
[2023-11-22T19:06:58.598+0000] {processor.py:157} INFO - Started process (PID=3432) to work on /home/airflow/.local/lib/python3.8/site-packages/airflow/example_dags/example_bash_operator.py
[2023-11-22T19:06:58.598+0000] {processor.py:829} INFO - Processing file /home/airflow/.local/lib/python3.8/site-packages/airflow/example_dags/example_bash_operator.py for tasks to queue
[2023-11-22T19:06:58.599+0000] {logging_mixin.py:151} INFO - [2023-11-22T19:06:58.599+0000] {dagbag.py:536} INFO - Filling up the DagBag from /home/airflow/.local/lib/python3.8/site-packages/airflow/example_dags/example_bash_operator.py
[2023-11-22T19:06:58.605+0000] {processor.py:839} INFO - DAG(s) dict_keys(['example_bash_operator']) retrieved from /home/airflow/.local/lib/python3.8/site-packages/airflow/example_dags/example_bash_operator.py
[2023-11-22T19:06:58.618+0000] {logging_mixin.py:151} INFO - [2023-11-22T19:06:58.618+0000] {dag.py:2941} INFO - Sync 1 DAGs
[2023-11-22T19:06:58.628+0000] {logging_mixin.py:151} INFO - [2023-11-22T19:06:58.628+0000] {dag.py:3722} INFO - Setting next_dagrun for example_bash_operator to 2023-11-21T00:00:00+00:00, run_after=2023-11-22T00:00:00+00:00
[2023-11-22T19:06:58.635+0000] {processor.py:179} INFO - Processing /home/airflow/.local/lib/python3.8/site-packages/airflow/example_dags/example_bash_operator.py took 0.039 seconds
[2023-11-22T19:07:29.085+0000] {processor.py:157} INFO - Started process (PID=3489) to work on /home/airflow/.local/lib/python3.8/site-packages/airflow/example_dags/example_bash_operator.py
[2023-11-22T19:07:29.085+0000] {processor.py:829} INFO - Processing file /home/airflow/.local/lib/python3.8/site-packages/airflow/example_dags/example_bash_operator.py for tasks to queue
[2023-11-22T19:07:29.086+0000] {logging_mixin.py:151} INFO - [2023-11-22T19:07:29.086+0000] {dagbag.py:536} INFO - Filling up the DagBag from /home/airflow/.local/lib/python3.8/site-packages/airflow/example_dags/example_bash_operator.py
[2023-11-22T19:07:29.094+0000] {processor.py:839} INFO - DAG(s) dict_keys(['example_bash_operator']) retrieved from /home/airflow/.local/lib/python3.8/site-packages/airflow/example_dags/example_bash_operator.py
[2023-11-22T19:07:29.110+0000] {logging_mixin.py:151} INFO - [2023-11-22T19:07:29.110+0000] {dag.py:2941} INFO - Sync 1 DAGs
[2023-11-22T19:07:29.123+0000] {logging_mixin.py:151} INFO - [2023-11-22T19:07:29.123+0000] {dag.py:3722} INFO - Setting next_dagrun for example_bash_operator to 2023-11-21T00:00:00+00:00, run_after=2023-11-22T00:00:00+00:00
[2023-11-22T19:07:29.131+0000] {processor.py:179} INFO - Processing /home/airflow/.local/lib/python3.8/site-packages/airflow/example_dags/example_bash_operator.py took 0.048 seconds
[2023-11-22T19:07:59.691+0000] {processor.py:157} INFO - Started process (PID=3546) to work on /home/airflow/.local/lib/python3.8/site-packages/airflow/example_dags/example_bash_operator.py
[2023-11-22T19:07:59.692+0000] {processor.py:829} INFO - Processing file /home/airflow/.local/lib/python3.8/site-packages/airflow/example_dags/example_bash_operator.py for tasks to queue
[2023-11-22T19:07:59.693+0000] {logging_mixin.py:151} INFO - [2023-11-22T19:07:59.692+0000] {dagbag.py:536} INFO - Filling up the DagBag from /home/airflow/.local/lib/python3.8/site-packages/airflow/example_dags/example_bash_operator.py
[2023-11-22T19:07:59.698+0000] {processor.py:839} INFO - DAG(s) dict_keys(['example_bash_operator']) retrieved from /home/airflow/.local/lib/python3.8/site-packages/airflow/example_dags/example_bash_operator.py
[2023-11-22T19:07:59.711+0000] {logging_mixin.py:151} INFO - [2023-11-22T19:07:59.711+0000] {dag.py:2941} INFO - Sync 1 DAGs
[2023-11-22T19:07:59.721+0000] {logging_mixin.py:151} INFO - [2023-11-22T19:07:59.720+0000] {dag.py:3722} INFO - Setting next_dagrun for example_bash_operator to 2023-11-21T00:00:00+00:00, run_after=2023-11-22T00:00:00+00:00
[2023-11-22T19:07:59.727+0000] {processor.py:179} INFO - Processing /home/airflow/.local/lib/python3.8/site-packages/airflow/example_dags/example_bash_operator.py took 0.038 seconds
[2023-11-22T19:08:30.248+0000] {processor.py:157} INFO - Started process (PID=3603) to work on /home/airflow/.local/lib/python3.8/site-packages/airflow/example_dags/example_bash_operator.py
[2023-11-22T19:08:30.249+0000] {processor.py:829} INFO - Processing file /home/airflow/.local/lib/python3.8/site-packages/airflow/example_dags/example_bash_operator.py for tasks to queue
[2023-11-22T19:08:30.250+0000] {logging_mixin.py:151} INFO - [2023-11-22T19:08:30.249+0000] {dagbag.py:536} INFO - Filling up the DagBag from /home/airflow/.local/lib/python3.8/site-packages/airflow/example_dags/example_bash_operator.py
[2023-11-22T19:08:30.256+0000] {processor.py:839} INFO - DAG(s) dict_keys(['example_bash_operator']) retrieved from /home/airflow/.local/lib/python3.8/site-packages/airflow/example_dags/example_bash_operator.py
[2023-11-22T19:08:30.268+0000] {logging_mixin.py:151} INFO - [2023-11-22T19:08:30.268+0000] {dag.py:2941} INFO - Sync 1 DAGs
[2023-11-22T19:08:30.278+0000] {logging_mixin.py:151} INFO - [2023-11-22T19:08:30.277+0000] {dag.py:3722} INFO - Setting next_dagrun for example_bash_operator to 2023-11-21T00:00:00+00:00, run_after=2023-11-22T00:00:00+00:00
[2023-11-22T19:08:30.284+0000] {processor.py:179} INFO - Processing /home/airflow/.local/lib/python3.8/site-packages/airflow/example_dags/example_bash_operator.py took 0.038 seconds
[2023-11-22T19:09:00.859+0000] {processor.py:157} INFO - Started process (PID=3660) to work on /home/airflow/.local/lib/python3.8/site-packages/airflow/example_dags/example_bash_operator.py
[2023-11-22T19:09:00.859+0000] {processor.py:829} INFO - Processing file /home/airflow/.local/lib/python3.8/site-packages/airflow/example_dags/example_bash_operator.py for tasks to queue
[2023-11-22T19:09:00.860+0000] {logging_mixin.py:151} INFO - [2023-11-22T19:09:00.860+0000] {dagbag.py:536} INFO - Filling up the DagBag from /home/airflow/.local/lib/python3.8/site-packages/airflow/example_dags/example_bash_operator.py
[2023-11-22T19:09:00.867+0000] {processor.py:839} INFO - DAG(s) dict_keys(['example_bash_operator']) retrieved from /home/airflow/.local/lib/python3.8/site-packages/airflow/example_dags/example_bash_operator.py
[2023-11-22T19:09:00.879+0000] {logging_mixin.py:151} INFO - [2023-11-22T19:09:00.879+0000] {dag.py:2941} INFO - Sync 1 DAGs
[2023-11-22T19:09:00.889+0000] {logging_mixin.py:151} INFO - [2023-11-22T19:09:00.889+0000] {dag.py:3722} INFO - Setting next_dagrun for example_bash_operator to 2023-11-21T00:00:00+00:00, run_after=2023-11-22T00:00:00+00:00
[2023-11-22T19:09:00.896+0000] {processor.py:179} INFO - Processing /home/airflow/.local/lib/python3.8/site-packages/airflow/example_dags/example_bash_operator.py took 0.039 seconds
[2023-11-22T19:09:31.459+0000] {processor.py:157} INFO - Started process (PID=3717) to work on /home/airflow/.local/lib/python3.8/site-packages/airflow/example_dags/example_bash_operator.py
[2023-11-22T19:09:31.460+0000] {processor.py:829} INFO - Processing file /home/airflow/.local/lib/python3.8/site-packages/airflow/example_dags/example_bash_operator.py for tasks to queue
[2023-11-22T19:09:31.461+0000] {logging_mixin.py:151} INFO - [2023-11-22T19:09:31.461+0000] {dagbag.py:536} INFO - Filling up the DagBag from /home/airflow/.local/lib/python3.8/site-packages/airflow/example_dags/example_bash_operator.py
[2023-11-22T19:09:31.467+0000] {processor.py:839} INFO - DAG(s) dict_keys(['example_bash_operator']) retrieved from /home/airflow/.local/lib/python3.8/site-packages/airflow/example_dags/example_bash_operator.py
[2023-11-22T19:09:31.479+0000] {logging_mixin.py:151} INFO - [2023-11-22T19:09:31.479+0000] {dag.py:2941} INFO - Sync 1 DAGs
[2023-11-22T19:09:31.489+0000] {logging_mixin.py:151} INFO - [2023-11-22T19:09:31.488+0000] {dag.py:3722} INFO - Setting next_dagrun for example_bash_operator to 2023-11-21T00:00:00+00:00, run_after=2023-11-22T00:00:00+00:00
[2023-11-22T19:09:31.496+0000] {processor.py:179} INFO - Processing /home/airflow/.local/lib/python3.8/site-packages/airflow/example_dags/example_bash_operator.py took 0.038 seconds
[2023-11-22T19:10:02.114+0000] {processor.py:157} INFO - Started process (PID=3774) to work on /home/airflow/.local/lib/python3.8/site-packages/airflow/example_dags/example_bash_operator.py
[2023-11-22T19:10:02.114+0000] {processor.py:829} INFO - Processing file /home/airflow/.local/lib/python3.8/site-packages/airflow/example_dags/example_bash_operator.py for tasks to queue
[2023-11-22T19:10:02.116+0000] {logging_mixin.py:151} INFO - [2023-11-22T19:10:02.115+0000] {dagbag.py:536} INFO - Filling up the DagBag from /home/airflow/.local/lib/python3.8/site-packages/airflow/example_dags/example_bash_operator.py
[2023-11-22T19:10:02.121+0000] {processor.py:839} INFO - DAG(s) dict_keys(['example_bash_operator']) retrieved from /home/airflow/.local/lib/python3.8/site-packages/airflow/example_dags/example_bash_operator.py
[2023-11-22T19:10:02.134+0000] {logging_mixin.py:151} INFO - [2023-11-22T19:10:02.134+0000] {dag.py:2941} INFO - Sync 1 DAGs
[2023-11-22T19:10:02.143+0000] {logging_mixin.py:151} INFO - [2023-11-22T19:10:02.143+0000] {dag.py:3722} INFO - Setting next_dagrun for example_bash_operator to 2023-11-21T00:00:00+00:00, run_after=2023-11-22T00:00:00+00:00
[2023-11-22T19:10:02.150+0000] {processor.py:179} INFO - Processing /home/airflow/.local/lib/python3.8/site-packages/airflow/example_dags/example_bash_operator.py took 0.038 seconds
[2023-11-22T19:10:32.668+0000] {processor.py:157} INFO - Started process (PID=3831) to work on /home/airflow/.local/lib/python3.8/site-packages/airflow/example_dags/example_bash_operator.py
[2023-11-22T19:10:32.668+0000] {processor.py:829} INFO - Processing file /home/airflow/.local/lib/python3.8/site-packages/airflow/example_dags/example_bash_operator.py for tasks to queue
[2023-11-22T19:10:32.669+0000] {logging_mixin.py:151} INFO - [2023-11-22T19:10:32.669+0000] {dagbag.py:536} INFO - Filling up the DagBag from /home/airflow/.local/lib/python3.8/site-packages/airflow/example_dags/example_bash_operator.py
[2023-11-22T19:10:32.675+0000] {processor.py:839} INFO - DAG(s) dict_keys(['example_bash_operator']) retrieved from /home/airflow/.local/lib/python3.8/site-packages/airflow/example_dags/example_bash_operator.py
[2023-11-22T19:10:32.687+0000] {logging_mixin.py:151} INFO - [2023-11-22T19:10:32.687+0000] {dag.py:2941} INFO - Sync 1 DAGs
[2023-11-22T19:10:32.696+0000] {logging_mixin.py:151} INFO - [2023-11-22T19:10:32.696+0000] {dag.py:3722} INFO - Setting next_dagrun for example_bash_operator to 2023-11-21T00:00:00+00:00, run_after=2023-11-22T00:00:00+00:00
[2023-11-22T19:10:32.703+0000] {processor.py:179} INFO - Processing /home/airflow/.local/lib/python3.8/site-packages/airflow/example_dags/example_bash_operator.py took 0.037 seconds
[2023-11-22T19:11:03.276+0000] {processor.py:157} INFO - Started process (PID=3888) to work on /home/airflow/.local/lib/python3.8/site-packages/airflow/example_dags/example_bash_operator.py
[2023-11-22T19:11:03.277+0000] {processor.py:829} INFO - Processing file /home/airflow/.local/lib/python3.8/site-packages/airflow/example_dags/example_bash_operator.py for tasks to queue
[2023-11-22T19:11:03.278+0000] {logging_mixin.py:151} INFO - [2023-11-22T19:11:03.278+0000] {dagbag.py:536} INFO - Filling up the DagBag from /home/airflow/.local/lib/python3.8/site-packages/airflow/example_dags/example_bash_operator.py
[2023-11-22T19:11:03.284+0000] {processor.py:839} INFO - DAG(s) dict_keys(['example_bash_operator']) retrieved from /home/airflow/.local/lib/python3.8/site-packages/airflow/example_dags/example_bash_operator.py
[2023-11-22T19:11:03.297+0000] {logging_mixin.py:151} INFO - [2023-11-22T19:11:03.296+0000] {dag.py:2941} INFO - Sync 1 DAGs
[2023-11-22T19:11:03.306+0000] {logging_mixin.py:151} INFO - [2023-11-22T19:11:03.306+0000] {dag.py:3722} INFO - Setting next_dagrun for example_bash_operator to 2023-11-21T00:00:00+00:00, run_after=2023-11-22T00:00:00+00:00
[2023-11-22T19:11:03.313+0000] {processor.py:179} INFO - Processing /home/airflow/.local/lib/python3.8/site-packages/airflow/example_dags/example_bash_operator.py took 0.039 seconds
[2023-11-22T19:11:33.787+0000] {processor.py:157} INFO - Started process (PID=3945) to work on /home/airflow/.local/lib/python3.8/site-packages/airflow/example_dags/example_bash_operator.py
[2023-11-22T19:11:33.787+0000] {processor.py:829} INFO - Processing file /home/airflow/.local/lib/python3.8/site-packages/airflow/example_dags/example_bash_operator.py for tasks to queue
[2023-11-22T19:11:33.788+0000] {logging_mixin.py:151} INFO - [2023-11-22T19:11:33.788+0000] {dagbag.py:536} INFO - Filling up the DagBag from /home/airflow/.local/lib/python3.8/site-packages/airflow/example_dags/example_bash_operator.py
[2023-11-22T19:11:33.794+0000] {processor.py:839} INFO - DAG(s) dict_keys(['example_bash_operator']) retrieved from /home/airflow/.local/lib/python3.8/site-packages/airflow/example_dags/example_bash_operator.py
[2023-11-22T19:11:33.806+0000] {logging_mixin.py:151} INFO - [2023-11-22T19:11:33.806+0000] {dag.py:2941} INFO - Sync 1 DAGs
[2023-11-22T19:11:33.816+0000] {logging_mixin.py:151} INFO - [2023-11-22T19:11:33.816+0000] {dag.py:3722} INFO - Setting next_dagrun for example_bash_operator to 2023-11-21T00:00:00+00:00, run_after=2023-11-22T00:00:00+00:00
[2023-11-22T19:11:33.823+0000] {processor.py:179} INFO - Processing /home/airflow/.local/lib/python3.8/site-packages/airflow/example_dags/example_bash_operator.py took 0.038 seconds
[2023-11-22T19:12:04.594+0000] {processor.py:157} INFO - Started process (PID=4002) to work on /home/airflow/.local/lib/python3.8/site-packages/airflow/example_dags/example_bash_operator.py
[2023-11-22T19:12:04.594+0000] {processor.py:829} INFO - Processing file /home/airflow/.local/lib/python3.8/site-packages/airflow/example_dags/example_bash_operator.py for tasks to queue
[2023-11-22T19:12:04.595+0000] {logging_mixin.py:151} INFO - [2023-11-22T19:12:04.595+0000] {dagbag.py:536} INFO - Filling up the DagBag from /home/airflow/.local/lib/python3.8/site-packages/airflow/example_dags/example_bash_operator.py
[2023-11-22T19:12:04.601+0000] {processor.py:839} INFO - DAG(s) dict_keys(['example_bash_operator']) retrieved from /home/airflow/.local/lib/python3.8/site-packages/airflow/example_dags/example_bash_operator.py
[2023-11-22T19:12:04.613+0000] {logging_mixin.py:151} INFO - [2023-11-22T19:12:04.613+0000] {dag.py:2941} INFO - Sync 1 DAGs
[2023-11-22T19:12:04.622+0000] {logging_mixin.py:151} INFO - [2023-11-22T19:12:04.622+0000] {dag.py:3722} INFO - Setting next_dagrun for example_bash_operator to 2023-11-21T00:00:00+00:00, run_after=2023-11-22T00:00:00+00:00
[2023-11-22T19:12:04.629+0000] {processor.py:179} INFO - Processing /home/airflow/.local/lib/python3.8/site-packages/airflow/example_dags/example_bash_operator.py took 0.037 seconds
[2023-11-22T19:12:35.345+0000] {processor.py:157} INFO - Started process (PID=4058) to work on /home/airflow/.local/lib/python3.8/site-packages/airflow/example_dags/example_bash_operator.py
[2023-11-22T19:12:35.345+0000] {processor.py:829} INFO - Processing file /home/airflow/.local/lib/python3.8/site-packages/airflow/example_dags/example_bash_operator.py for tasks to queue
[2023-11-22T19:12:35.347+0000] {logging_mixin.py:151} INFO - [2023-11-22T19:12:35.346+0000] {dagbag.py:536} INFO - Filling up the DagBag from /home/airflow/.local/lib/python3.8/site-packages/airflow/example_dags/example_bash_operator.py
[2023-11-22T19:12:35.353+0000] {processor.py:839} INFO - DAG(s) dict_keys(['example_bash_operator']) retrieved from /home/airflow/.local/lib/python3.8/site-packages/airflow/example_dags/example_bash_operator.py
[2023-11-22T19:12:35.366+0000] {logging_mixin.py:151} INFO - [2023-11-22T19:12:35.365+0000] {dag.py:2941} INFO - Sync 1 DAGs
[2023-11-22T19:12:35.376+0000] {logging_mixin.py:151} INFO - [2023-11-22T19:12:35.376+0000] {dag.py:3722} INFO - Setting next_dagrun for example_bash_operator to 2023-11-21T00:00:00+00:00, run_after=2023-11-22T00:00:00+00:00
[2023-11-22T19:12:35.383+0000] {processor.py:179} INFO - Processing /home/airflow/.local/lib/python3.8/site-packages/airflow/example_dags/example_bash_operator.py took 0.040 seconds
[2023-11-22T19:13:06.113+0000] {processor.py:157} INFO - Started process (PID=4115) to work on /home/airflow/.local/lib/python3.8/site-packages/airflow/example_dags/example_bash_operator.py
[2023-11-22T19:13:06.113+0000] {processor.py:829} INFO - Processing file /home/airflow/.local/lib/python3.8/site-packages/airflow/example_dags/example_bash_operator.py for tasks to queue
[2023-11-22T19:13:06.114+0000] {logging_mixin.py:151} INFO - [2023-11-22T19:13:06.114+0000] {dagbag.py:536} INFO - Filling up the DagBag from /home/airflow/.local/lib/python3.8/site-packages/airflow/example_dags/example_bash_operator.py
[2023-11-22T19:13:06.120+0000] {processor.py:839} INFO - DAG(s) dict_keys(['example_bash_operator']) retrieved from /home/airflow/.local/lib/python3.8/site-packages/airflow/example_dags/example_bash_operator.py
[2023-11-22T19:13:06.133+0000] {logging_mixin.py:151} INFO - [2023-11-22T19:13:06.133+0000] {dag.py:2941} INFO - Sync 1 DAGs
[2023-11-22T19:13:06.143+0000] {logging_mixin.py:151} INFO - [2023-11-22T19:13:06.143+0000] {dag.py:3722} INFO - Setting next_dagrun for example_bash_operator to 2023-11-21T00:00:00+00:00, run_after=2023-11-22T00:00:00+00:00
[2023-11-22T19:13:06.150+0000] {processor.py:179} INFO - Processing /home/airflow/.local/lib/python3.8/site-packages/airflow/example_dags/example_bash_operator.py took 0.039 seconds
[2023-11-22T19:13:36.674+0000] {processor.py:157} INFO - Started process (PID=4172) to work on /home/airflow/.local/lib/python3.8/site-packages/airflow/example_dags/example_bash_operator.py
[2023-11-22T19:13:36.674+0000] {processor.py:829} INFO - Processing file /home/airflow/.local/lib/python3.8/site-packages/airflow/example_dags/example_bash_operator.py for tasks to queue
[2023-11-22T19:13:36.675+0000] {logging_mixin.py:151} INFO - [2023-11-22T19:13:36.675+0000] {dagbag.py:536} INFO - Filling up the DagBag from /home/airflow/.local/lib/python3.8/site-packages/airflow/example_dags/example_bash_operator.py
[2023-11-22T19:13:36.681+0000] {processor.py:839} INFO - DAG(s) dict_keys(['example_bash_operator']) retrieved from /home/airflow/.local/lib/python3.8/site-packages/airflow/example_dags/example_bash_operator.py
[2023-11-22T19:13:36.693+0000] {logging_mixin.py:151} INFO - [2023-11-22T19:13:36.693+0000] {dag.py:2941} INFO - Sync 1 DAGs
[2023-11-22T19:13:36.702+0000] {logging_mixin.py:151} INFO - [2023-11-22T19:13:36.702+0000] {dag.py:3722} INFO - Setting next_dagrun for example_bash_operator to 2023-11-21T00:00:00+00:00, run_after=2023-11-22T00:00:00+00:00
[2023-11-22T19:13:36.708+0000] {processor.py:179} INFO - Processing /home/airflow/.local/lib/python3.8/site-packages/airflow/example_dags/example_bash_operator.py took 0.036 seconds
