[2023-11-22T18:36:47.878+0000] {processor.py:157} INFO - Started process (PID=51) to work on /home/airflow/.local/lib/python3.8/site-packages/airflow/example_dags/tutorial.py
[2023-11-22T18:36:47.879+0000] {processor.py:829} INFO - Processing file /home/airflow/.local/lib/python3.8/site-packages/airflow/example_dags/tutorial.py for tasks to queue
[2023-11-22T18:36:47.881+0000] {logging_mixin.py:151} INFO - [2023-11-22T18:36:47.880+0000] {dagbag.py:536} INFO - Filling up the DagBag from /home/airflow/.local/lib/python3.8/site-packages/airflow/example_dags/tutorial.py
[2023-11-22T18:36:47.885+0000] {processor.py:839} INFO - DAG(s) dict_keys(['tutorial']) retrieved from /home/airflow/.local/lib/python3.8/site-packages/airflow/example_dags/tutorial.py
[2023-11-22T18:36:47.893+0000] {logging_mixin.py:151} INFO - [2023-11-22T18:36:47.893+0000] {dag.py:2941} INFO - Sync 1 DAGs
[2023-11-22T18:36:47.909+0000] {logging_mixin.py:151} INFO - [2023-11-22T18:36:47.909+0000] {dag.py:3722} INFO - Setting next_dagrun for tutorial to 2023-11-21T18:36:47.909678+00:00, run_after=2023-11-22T18:36:47.909678+00:00
[2023-11-22T18:36:47.919+0000] {processor.py:179} INFO - Processing /home/airflow/.local/lib/python3.8/site-packages/airflow/example_dags/tutorial.py took 0.043 seconds
[2023-11-22T18:37:18.785+0000] {processor.py:157} INFO - Started process (PID=108) to work on /home/airflow/.local/lib/python3.8/site-packages/airflow/example_dags/tutorial.py
[2023-11-22T18:37:18.786+0000] {processor.py:829} INFO - Processing file /home/airflow/.local/lib/python3.8/site-packages/airflow/example_dags/tutorial.py for tasks to queue
[2023-11-22T18:37:18.787+0000] {logging_mixin.py:151} INFO - [2023-11-22T18:37:18.787+0000] {dagbag.py:536} INFO - Filling up the DagBag from /home/airflow/.local/lib/python3.8/site-packages/airflow/example_dags/tutorial.py
[2023-11-22T18:37:18.790+0000] {processor.py:839} INFO - DAG(s) dict_keys(['tutorial']) retrieved from /home/airflow/.local/lib/python3.8/site-packages/airflow/example_dags/tutorial.py
[2023-11-22T18:37:18.800+0000] {logging_mixin.py:151} INFO - [2023-11-22T18:37:18.799+0000] {dag.py:2941} INFO - Sync 1 DAGs
[2023-11-22T18:37:18.809+0000] {logging_mixin.py:151} INFO - [2023-11-22T18:37:18.809+0000] {dag.py:3722} INFO - Setting next_dagrun for tutorial to 2023-11-21T18:37:18.809277+00:00, run_after=2023-11-22T18:37:18.809277+00:00
[2023-11-22T18:37:18.816+0000] {processor.py:179} INFO - Processing /home/airflow/.local/lib/python3.8/site-packages/airflow/example_dags/tutorial.py took 0.032 seconds
[2023-11-22T18:37:49.801+0000] {processor.py:157} INFO - Started process (PID=165) to work on /home/airflow/.local/lib/python3.8/site-packages/airflow/example_dags/tutorial.py
[2023-11-22T18:37:49.801+0000] {processor.py:829} INFO - Processing file /home/airflow/.local/lib/python3.8/site-packages/airflow/example_dags/tutorial.py for tasks to queue
[2023-11-22T18:37:49.802+0000] {logging_mixin.py:151} INFO - [2023-11-22T18:37:49.802+0000] {dagbag.py:536} INFO - Filling up the DagBag from /home/airflow/.local/lib/python3.8/site-packages/airflow/example_dags/tutorial.py
[2023-11-22T18:37:49.806+0000] {processor.py:839} INFO - DAG(s) dict_keys(['tutorial']) retrieved from /home/airflow/.local/lib/python3.8/site-packages/airflow/example_dags/tutorial.py
[2023-11-22T18:37:49.817+0000] {logging_mixin.py:151} INFO - [2023-11-22T18:37:49.817+0000] {dag.py:2941} INFO - Sync 1 DAGs
[2023-11-22T18:37:49.829+0000] {logging_mixin.py:151} INFO - [2023-11-22T18:37:49.829+0000] {dag.py:3722} INFO - Setting next_dagrun for tutorial to 2023-11-21T18:37:49.829198+00:00, run_after=2023-11-22T18:37:49.829198+00:00
[2023-11-22T18:37:49.838+0000] {processor.py:179} INFO - Processing /home/airflow/.local/lib/python3.8/site-packages/airflow/example_dags/tutorial.py took 0.039 seconds
[2023-11-22T18:38:20.620+0000] {processor.py:157} INFO - Started process (PID=222) to work on /home/airflow/.local/lib/python3.8/site-packages/airflow/example_dags/tutorial.py
[2023-11-22T18:38:20.621+0000] {processor.py:829} INFO - Processing file /home/airflow/.local/lib/python3.8/site-packages/airflow/example_dags/tutorial.py for tasks to queue
[2023-11-22T18:38:20.622+0000] {logging_mixin.py:151} INFO - [2023-11-22T18:38:20.622+0000] {dagbag.py:536} INFO - Filling up the DagBag from /home/airflow/.local/lib/python3.8/site-packages/airflow/example_dags/tutorial.py
[2023-11-22T18:38:20.625+0000] {processor.py:839} INFO - DAG(s) dict_keys(['tutorial']) retrieved from /home/airflow/.local/lib/python3.8/site-packages/airflow/example_dags/tutorial.py
[2023-11-22T18:38:20.634+0000] {logging_mixin.py:151} INFO - [2023-11-22T18:38:20.634+0000] {dag.py:2941} INFO - Sync 1 DAGs
[2023-11-22T18:38:20.643+0000] {logging_mixin.py:151} INFO - [2023-11-22T18:38:20.643+0000] {dag.py:3722} INFO - Setting next_dagrun for tutorial to 2023-11-21T18:38:20.643337+00:00, run_after=2023-11-22T18:38:20.643337+00:00
[2023-11-22T18:38:20.651+0000] {processor.py:179} INFO - Processing /home/airflow/.local/lib/python3.8/site-packages/airflow/example_dags/tutorial.py took 0.032 seconds
[2023-11-22T18:38:51.377+0000] {processor.py:157} INFO - Started process (PID=279) to work on /home/airflow/.local/lib/python3.8/site-packages/airflow/example_dags/tutorial.py
[2023-11-22T18:38:51.377+0000] {processor.py:829} INFO - Processing file /home/airflow/.local/lib/python3.8/site-packages/airflow/example_dags/tutorial.py for tasks to queue
[2023-11-22T18:38:51.378+0000] {logging_mixin.py:151} INFO - [2023-11-22T18:38:51.378+0000] {dagbag.py:536} INFO - Filling up the DagBag from /home/airflow/.local/lib/python3.8/site-packages/airflow/example_dags/tutorial.py
[2023-11-22T18:38:51.381+0000] {processor.py:839} INFO - DAG(s) dict_keys(['tutorial']) retrieved from /home/airflow/.local/lib/python3.8/site-packages/airflow/example_dags/tutorial.py
[2023-11-22T18:38:51.390+0000] {logging_mixin.py:151} INFO - [2023-11-22T18:38:51.390+0000] {dag.py:2941} INFO - Sync 1 DAGs
[2023-11-22T18:38:51.399+0000] {logging_mixin.py:151} INFO - [2023-11-22T18:38:51.399+0000] {dag.py:3722} INFO - Setting next_dagrun for tutorial to 2023-11-21T18:38:51.399101+00:00, run_after=2023-11-22T18:38:51.399101+00:00
[2023-11-22T18:38:51.406+0000] {processor.py:179} INFO - Processing /home/airflow/.local/lib/python3.8/site-packages/airflow/example_dags/tutorial.py took 0.031 seconds
[2023-11-22T18:39:22.102+0000] {processor.py:157} INFO - Started process (PID=336) to work on /home/airflow/.local/lib/python3.8/site-packages/airflow/example_dags/tutorial.py
[2023-11-22T18:39:22.103+0000] {processor.py:829} INFO - Processing file /home/airflow/.local/lib/python3.8/site-packages/airflow/example_dags/tutorial.py for tasks to queue
[2023-11-22T18:39:22.104+0000] {logging_mixin.py:151} INFO - [2023-11-22T18:39:22.104+0000] {dagbag.py:536} INFO - Filling up the DagBag from /home/airflow/.local/lib/python3.8/site-packages/airflow/example_dags/tutorial.py
[2023-11-22T18:39:22.107+0000] {processor.py:839} INFO - DAG(s) dict_keys(['tutorial']) retrieved from /home/airflow/.local/lib/python3.8/site-packages/airflow/example_dags/tutorial.py
[2023-11-22T18:39:22.116+0000] {logging_mixin.py:151} INFO - [2023-11-22T18:39:22.116+0000] {dag.py:2941} INFO - Sync 1 DAGs
[2023-11-22T18:39:22.125+0000] {logging_mixin.py:151} INFO - [2023-11-22T18:39:22.125+0000] {dag.py:3722} INFO - Setting next_dagrun for tutorial to 2023-11-21T18:39:22.125579+00:00, run_after=2023-11-22T18:39:22.125579+00:00
[2023-11-22T18:39:22.132+0000] {processor.py:179} INFO - Processing /home/airflow/.local/lib/python3.8/site-packages/airflow/example_dags/tutorial.py took 0.031 seconds
[2023-11-22T18:39:52.871+0000] {processor.py:157} INFO - Started process (PID=394) to work on /home/airflow/.local/lib/python3.8/site-packages/airflow/example_dags/tutorial.py
[2023-11-22T18:39:52.871+0000] {processor.py:829} INFO - Processing file /home/airflow/.local/lib/python3.8/site-packages/airflow/example_dags/tutorial.py for tasks to queue
[2023-11-22T18:39:52.872+0000] {logging_mixin.py:151} INFO - [2023-11-22T18:39:52.872+0000] {dagbag.py:536} INFO - Filling up the DagBag from /home/airflow/.local/lib/python3.8/site-packages/airflow/example_dags/tutorial.py
[2023-11-22T18:39:52.875+0000] {processor.py:839} INFO - DAG(s) dict_keys(['tutorial']) retrieved from /home/airflow/.local/lib/python3.8/site-packages/airflow/example_dags/tutorial.py
[2023-11-22T18:39:52.885+0000] {logging_mixin.py:151} INFO - [2023-11-22T18:39:52.885+0000] {dag.py:2941} INFO - Sync 1 DAGs
[2023-11-22T18:39:52.894+0000] {logging_mixin.py:151} INFO - [2023-11-22T18:39:52.894+0000] {dag.py:3722} INFO - Setting next_dagrun for tutorial to 2023-11-21T18:39:52.894090+00:00, run_after=2023-11-22T18:39:52.894090+00:00
[2023-11-22T18:39:52.900+0000] {processor.py:179} INFO - Processing /home/airflow/.local/lib/python3.8/site-packages/airflow/example_dags/tutorial.py took 0.031 seconds
[2023-11-22T18:40:23.584+0000] {processor.py:157} INFO - Started process (PID=451) to work on /home/airflow/.local/lib/python3.8/site-packages/airflow/example_dags/tutorial.py
[2023-11-22T18:40:23.585+0000] {processor.py:829} INFO - Processing file /home/airflow/.local/lib/python3.8/site-packages/airflow/example_dags/tutorial.py for tasks to queue
[2023-11-22T18:40:23.586+0000] {logging_mixin.py:151} INFO - [2023-11-22T18:40:23.585+0000] {dagbag.py:536} INFO - Filling up the DagBag from /home/airflow/.local/lib/python3.8/site-packages/airflow/example_dags/tutorial.py
[2023-11-22T18:40:23.588+0000] {processor.py:839} INFO - DAG(s) dict_keys(['tutorial']) retrieved from /home/airflow/.local/lib/python3.8/site-packages/airflow/example_dags/tutorial.py
[2023-11-22T18:40:23.598+0000] {logging_mixin.py:151} INFO - [2023-11-22T18:40:23.598+0000] {dag.py:2941} INFO - Sync 1 DAGs
[2023-11-22T18:40:23.607+0000] {logging_mixin.py:151} INFO - [2023-11-22T18:40:23.607+0000] {dag.py:3722} INFO - Setting next_dagrun for tutorial to 2023-11-21T18:40:23.607291+00:00, run_after=2023-11-22T18:40:23.607291+00:00
[2023-11-22T18:40:23.614+0000] {processor.py:179} INFO - Processing /home/airflow/.local/lib/python3.8/site-packages/airflow/example_dags/tutorial.py took 0.031 seconds
[2023-11-22T18:40:54.373+0000] {processor.py:157} INFO - Started process (PID=508) to work on /home/airflow/.local/lib/python3.8/site-packages/airflow/example_dags/tutorial.py
[2023-11-22T18:40:54.373+0000] {processor.py:829} INFO - Processing file /home/airflow/.local/lib/python3.8/site-packages/airflow/example_dags/tutorial.py for tasks to queue
[2023-11-22T18:40:54.374+0000] {logging_mixin.py:151} INFO - [2023-11-22T18:40:54.374+0000] {dagbag.py:536} INFO - Filling up the DagBag from /home/airflow/.local/lib/python3.8/site-packages/airflow/example_dags/tutorial.py
[2023-11-22T18:40:54.377+0000] {processor.py:839} INFO - DAG(s) dict_keys(['tutorial']) retrieved from /home/airflow/.local/lib/python3.8/site-packages/airflow/example_dags/tutorial.py
[2023-11-22T18:40:54.386+0000] {logging_mixin.py:151} INFO - [2023-11-22T18:40:54.386+0000] {dag.py:2941} INFO - Sync 1 DAGs
[2023-11-22T18:40:54.396+0000] {logging_mixin.py:151} INFO - [2023-11-22T18:40:54.396+0000] {dag.py:3722} INFO - Setting next_dagrun for tutorial to 2023-11-21T18:40:54.395910+00:00, run_after=2023-11-22T18:40:54.395910+00:00
[2023-11-22T18:40:54.403+0000] {processor.py:179} INFO - Processing /home/airflow/.local/lib/python3.8/site-packages/airflow/example_dags/tutorial.py took 0.031 seconds
[2023-11-22T18:41:25.151+0000] {processor.py:157} INFO - Started process (PID=565) to work on /home/airflow/.local/lib/python3.8/site-packages/airflow/example_dags/tutorial.py
[2023-11-22T18:41:25.151+0000] {processor.py:829} INFO - Processing file /home/airflow/.local/lib/python3.8/site-packages/airflow/example_dags/tutorial.py for tasks to queue
[2023-11-22T18:41:25.152+0000] {logging_mixin.py:151} INFO - [2023-11-22T18:41:25.152+0000] {dagbag.py:536} INFO - Filling up the DagBag from /home/airflow/.local/lib/python3.8/site-packages/airflow/example_dags/tutorial.py
[2023-11-22T18:41:25.155+0000] {processor.py:839} INFO - DAG(s) dict_keys(['tutorial']) retrieved from /home/airflow/.local/lib/python3.8/site-packages/airflow/example_dags/tutorial.py
[2023-11-22T18:41:25.165+0000] {logging_mixin.py:151} INFO - [2023-11-22T18:41:25.164+0000] {dag.py:2941} INFO - Sync 1 DAGs
[2023-11-22T18:41:25.174+0000] {logging_mixin.py:151} INFO - [2023-11-22T18:41:25.174+0000] {dag.py:3722} INFO - Setting next_dagrun for tutorial to 2023-11-21T18:41:25.173943+00:00, run_after=2023-11-22T18:41:25.173943+00:00
[2023-11-22T18:41:25.181+0000] {processor.py:179} INFO - Processing /home/airflow/.local/lib/python3.8/site-packages/airflow/example_dags/tutorial.py took 0.032 seconds
[2023-11-22T18:41:56.046+0000] {processor.py:157} INFO - Started process (PID=622) to work on /home/airflow/.local/lib/python3.8/site-packages/airflow/example_dags/tutorial.py
[2023-11-22T18:41:56.046+0000] {processor.py:829} INFO - Processing file /home/airflow/.local/lib/python3.8/site-packages/airflow/example_dags/tutorial.py for tasks to queue
[2023-11-22T18:41:56.047+0000] {logging_mixin.py:151} INFO - [2023-11-22T18:41:56.047+0000] {dagbag.py:536} INFO - Filling up the DagBag from /home/airflow/.local/lib/python3.8/site-packages/airflow/example_dags/tutorial.py
[2023-11-22T18:41:56.050+0000] {processor.py:839} INFO - DAG(s) dict_keys(['tutorial']) retrieved from /home/airflow/.local/lib/python3.8/site-packages/airflow/example_dags/tutorial.py
[2023-11-22T18:41:56.060+0000] {logging_mixin.py:151} INFO - [2023-11-22T18:41:56.060+0000] {dag.py:2941} INFO - Sync 1 DAGs
[2023-11-22T18:41:56.069+0000] {logging_mixin.py:151} INFO - [2023-11-22T18:41:56.069+0000] {dag.py:3722} INFO - Setting next_dagrun for tutorial to 2023-11-21T18:41:56.069333+00:00, run_after=2023-11-22T18:41:56.069333+00:00
[2023-11-22T18:41:56.076+0000] {processor.py:179} INFO - Processing /home/airflow/.local/lib/python3.8/site-packages/airflow/example_dags/tutorial.py took 0.032 seconds
[2023-11-22T18:42:26.736+0000] {processor.py:157} INFO - Started process (PID=679) to work on /home/airflow/.local/lib/python3.8/site-packages/airflow/example_dags/tutorial.py
[2023-11-22T18:42:26.736+0000] {processor.py:829} INFO - Processing file /home/airflow/.local/lib/python3.8/site-packages/airflow/example_dags/tutorial.py for tasks to queue
[2023-11-22T18:42:26.737+0000] {logging_mixin.py:151} INFO - [2023-11-22T18:42:26.737+0000] {dagbag.py:536} INFO - Filling up the DagBag from /home/airflow/.local/lib/python3.8/site-packages/airflow/example_dags/tutorial.py
[2023-11-22T18:42:26.740+0000] {processor.py:839} INFO - DAG(s) dict_keys(['tutorial']) retrieved from /home/airflow/.local/lib/python3.8/site-packages/airflow/example_dags/tutorial.py
[2023-11-22T18:42:26.750+0000] {logging_mixin.py:151} INFO - [2023-11-22T18:42:26.750+0000] {dag.py:2941} INFO - Sync 1 DAGs
[2023-11-22T18:42:26.759+0000] {logging_mixin.py:151} INFO - [2023-11-22T18:42:26.759+0000] {dag.py:3722} INFO - Setting next_dagrun for tutorial to 2023-11-21T18:42:26.759338+00:00, run_after=2023-11-22T18:42:26.759338+00:00
[2023-11-22T18:42:26.766+0000] {processor.py:179} INFO - Processing /home/airflow/.local/lib/python3.8/site-packages/airflow/example_dags/tutorial.py took 0.032 seconds
[2023-11-22T18:42:57.593+0000] {processor.py:157} INFO - Started process (PID=736) to work on /home/airflow/.local/lib/python3.8/site-packages/airflow/example_dags/tutorial.py
[2023-11-22T18:42:57.594+0000] {processor.py:829} INFO - Processing file /home/airflow/.local/lib/python3.8/site-packages/airflow/example_dags/tutorial.py for tasks to queue
[2023-11-22T18:42:57.595+0000] {logging_mixin.py:151} INFO - [2023-11-22T18:42:57.595+0000] {dagbag.py:536} INFO - Filling up the DagBag from /home/airflow/.local/lib/python3.8/site-packages/airflow/example_dags/tutorial.py
[2023-11-22T18:42:57.598+0000] {processor.py:839} INFO - DAG(s) dict_keys(['tutorial']) retrieved from /home/airflow/.local/lib/python3.8/site-packages/airflow/example_dags/tutorial.py
[2023-11-22T18:42:57.607+0000] {logging_mixin.py:151} INFO - [2023-11-22T18:42:57.607+0000] {dag.py:2941} INFO - Sync 1 DAGs
[2023-11-22T18:42:57.616+0000] {logging_mixin.py:151} INFO - [2023-11-22T18:42:57.616+0000] {dag.py:3722} INFO - Setting next_dagrun for tutorial to 2023-11-21T18:42:57.616115+00:00, run_after=2023-11-22T18:42:57.616115+00:00
[2023-11-22T18:42:57.623+0000] {processor.py:179} INFO - Processing /home/airflow/.local/lib/python3.8/site-packages/airflow/example_dags/tutorial.py took 0.031 seconds
[2023-11-22T18:43:28.294+0000] {processor.py:157} INFO - Started process (PID=793) to work on /home/airflow/.local/lib/python3.8/site-packages/airflow/example_dags/tutorial.py
[2023-11-22T18:43:28.294+0000] {processor.py:829} INFO - Processing file /home/airflow/.local/lib/python3.8/site-packages/airflow/example_dags/tutorial.py for tasks to queue
[2023-11-22T18:43:28.295+0000] {logging_mixin.py:151} INFO - [2023-11-22T18:43:28.295+0000] {dagbag.py:536} INFO - Filling up the DagBag from /home/airflow/.local/lib/python3.8/site-packages/airflow/example_dags/tutorial.py
[2023-11-22T18:43:28.298+0000] {processor.py:839} INFO - DAG(s) dict_keys(['tutorial']) retrieved from /home/airflow/.local/lib/python3.8/site-packages/airflow/example_dags/tutorial.py
[2023-11-22T18:43:28.308+0000] {logging_mixin.py:151} INFO - [2023-11-22T18:43:28.308+0000] {dag.py:2941} INFO - Sync 1 DAGs
[2023-11-22T18:43:28.317+0000] {logging_mixin.py:151} INFO - [2023-11-22T18:43:28.317+0000] {dag.py:3722} INFO - Setting next_dagrun for tutorial to 2023-11-21T18:43:28.317104+00:00, run_after=2023-11-22T18:43:28.317104+00:00
[2023-11-22T18:43:28.324+0000] {processor.py:179} INFO - Processing /home/airflow/.local/lib/python3.8/site-packages/airflow/example_dags/tutorial.py took 0.032 seconds
[2023-11-22T18:43:58.779+0000] {processor.py:157} INFO - Started process (PID=850) to work on /home/airflow/.local/lib/python3.8/site-packages/airflow/example_dags/tutorial.py
[2023-11-22T18:43:58.780+0000] {processor.py:829} INFO - Processing file /home/airflow/.local/lib/python3.8/site-packages/airflow/example_dags/tutorial.py for tasks to queue
[2023-11-22T18:43:58.781+0000] {logging_mixin.py:151} INFO - [2023-11-22T18:43:58.781+0000] {dagbag.py:536} INFO - Filling up the DagBag from /home/airflow/.local/lib/python3.8/site-packages/airflow/example_dags/tutorial.py
[2023-11-22T18:43:58.785+0000] {processor.py:839} INFO - DAG(s) dict_keys(['tutorial']) retrieved from /home/airflow/.local/lib/python3.8/site-packages/airflow/example_dags/tutorial.py
[2023-11-22T18:43:58.797+0000] {logging_mixin.py:151} INFO - [2023-11-22T18:43:58.797+0000] {dag.py:2941} INFO - Sync 1 DAGs
[2023-11-22T18:43:58.894+0000] {logging_mixin.py:151} INFO - [2023-11-22T18:43:58.894+0000] {dag.py:3722} INFO - Setting next_dagrun for tutorial to 2023-11-21T18:43:58.894580+00:00, run_after=2023-11-22T18:43:58.894580+00:00
[2023-11-22T18:43:58.902+0000] {processor.py:179} INFO - Processing /home/airflow/.local/lib/python3.8/site-packages/airflow/example_dags/tutorial.py took 0.124 seconds
[2023-11-22T18:44:29.035+0000] {processor.py:157} INFO - Started process (PID=907) to work on /home/airflow/.local/lib/python3.8/site-packages/airflow/example_dags/tutorial.py
[2023-11-22T18:44:29.035+0000] {processor.py:829} INFO - Processing file /home/airflow/.local/lib/python3.8/site-packages/airflow/example_dags/tutorial.py for tasks to queue
[2023-11-22T18:44:29.036+0000] {logging_mixin.py:151} INFO - [2023-11-22T18:44:29.036+0000] {dagbag.py:536} INFO - Filling up the DagBag from /home/airflow/.local/lib/python3.8/site-packages/airflow/example_dags/tutorial.py
[2023-11-22T18:44:29.039+0000] {processor.py:839} INFO - DAG(s) dict_keys(['tutorial']) retrieved from /home/airflow/.local/lib/python3.8/site-packages/airflow/example_dags/tutorial.py
[2023-11-22T18:44:29.047+0000] {logging_mixin.py:151} INFO - [2023-11-22T18:44:29.047+0000] {dag.py:2941} INFO - Sync 1 DAGs
[2023-11-22T18:44:29.057+0000] {logging_mixin.py:151} INFO - [2023-11-22T18:44:29.057+0000] {dag.py:3722} INFO - Setting next_dagrun for tutorial to 2023-11-21T18:44:29.056921+00:00, run_after=2023-11-22T18:44:29.056921+00:00
[2023-11-22T18:44:29.153+0000] {processor.py:179} INFO - Processing /home/airflow/.local/lib/python3.8/site-packages/airflow/example_dags/tutorial.py took 0.120 seconds
[2023-11-22T18:44:59.727+0000] {processor.py:157} INFO - Started process (PID=964) to work on /home/airflow/.local/lib/python3.8/site-packages/airflow/example_dags/tutorial.py
[2023-11-22T18:44:59.727+0000] {processor.py:829} INFO - Processing file /home/airflow/.local/lib/python3.8/site-packages/airflow/example_dags/tutorial.py for tasks to queue
[2023-11-22T18:44:59.729+0000] {logging_mixin.py:151} INFO - [2023-11-22T18:44:59.728+0000] {dagbag.py:536} INFO - Filling up the DagBag from /home/airflow/.local/lib/python3.8/site-packages/airflow/example_dags/tutorial.py
[2023-11-22T18:44:59.732+0000] {processor.py:839} INFO - DAG(s) dict_keys(['tutorial']) retrieved from /home/airflow/.local/lib/python3.8/site-packages/airflow/example_dags/tutorial.py
[2023-11-22T18:44:59.741+0000] {logging_mixin.py:151} INFO - [2023-11-22T18:44:59.741+0000] {dag.py:2941} INFO - Sync 1 DAGs
[2023-11-22T18:44:59.751+0000] {logging_mixin.py:151} INFO - [2023-11-22T18:44:59.751+0000] {dag.py:3722} INFO - Setting next_dagrun for tutorial to 2023-11-21T18:44:59.750999+00:00, run_after=2023-11-22T18:44:59.750999+00:00
[2023-11-22T18:44:59.758+0000] {processor.py:179} INFO - Processing /home/airflow/.local/lib/python3.8/site-packages/airflow/example_dags/tutorial.py took 0.033 seconds
[2023-11-22T18:45:30.014+0000] {processor.py:157} INFO - Started process (PID=1021) to work on /home/airflow/.local/lib/python3.8/site-packages/airflow/example_dags/tutorial.py
[2023-11-22T18:45:30.015+0000] {processor.py:829} INFO - Processing file /home/airflow/.local/lib/python3.8/site-packages/airflow/example_dags/tutorial.py for tasks to queue
[2023-11-22T18:45:30.016+0000] {logging_mixin.py:151} INFO - [2023-11-22T18:45:30.016+0000] {dagbag.py:536} INFO - Filling up the DagBag from /home/airflow/.local/lib/python3.8/site-packages/airflow/example_dags/tutorial.py
[2023-11-22T18:45:30.020+0000] {processor.py:839} INFO - DAG(s) dict_keys(['tutorial']) retrieved from /home/airflow/.local/lib/python3.8/site-packages/airflow/example_dags/tutorial.py
[2023-11-22T18:45:30.031+0000] {logging_mixin.py:151} INFO - [2023-11-22T18:45:30.031+0000] {dag.py:2941} INFO - Sync 1 DAGs
[2023-11-22T18:45:30.043+0000] {logging_mixin.py:151} INFO - [2023-11-22T18:45:30.043+0000] {dag.py:3722} INFO - Setting next_dagrun for tutorial to 2023-11-21T18:45:30.043352+00:00, run_after=2023-11-22T18:45:30.043352+00:00
[2023-11-22T18:45:30.051+0000] {processor.py:179} INFO - Processing /home/airflow/.local/lib/python3.8/site-packages/airflow/example_dags/tutorial.py took 0.039 seconds
[2023-11-22T18:46:00.977+0000] {processor.py:157} INFO - Started process (PID=1078) to work on /home/airflow/.local/lib/python3.8/site-packages/airflow/example_dags/tutorial.py
[2023-11-22T18:46:00.977+0000] {processor.py:829} INFO - Processing file /home/airflow/.local/lib/python3.8/site-packages/airflow/example_dags/tutorial.py for tasks to queue
[2023-11-22T18:46:00.978+0000] {logging_mixin.py:151} INFO - [2023-11-22T18:46:00.978+0000] {dagbag.py:536} INFO - Filling up the DagBag from /home/airflow/.local/lib/python3.8/site-packages/airflow/example_dags/tutorial.py
[2023-11-22T18:46:00.981+0000] {processor.py:839} INFO - DAG(s) dict_keys(['tutorial']) retrieved from /home/airflow/.local/lib/python3.8/site-packages/airflow/example_dags/tutorial.py
[2023-11-22T18:46:00.992+0000] {logging_mixin.py:151} INFO - [2023-11-22T18:46:00.992+0000] {dag.py:2941} INFO - Sync 1 DAGs
[2023-11-22T18:46:01.002+0000] {logging_mixin.py:151} INFO - [2023-11-22T18:46:01.001+0000] {dag.py:3722} INFO - Setting next_dagrun for tutorial to 2023-11-21T18:46:01.001745+00:00, run_after=2023-11-22T18:46:01.001745+00:00
[2023-11-22T18:46:01.009+0000] {processor.py:179} INFO - Processing /home/airflow/.local/lib/python3.8/site-packages/airflow/example_dags/tutorial.py took 0.034 seconds
[2023-11-22T18:46:31.558+0000] {processor.py:157} INFO - Started process (PID=1135) to work on /home/airflow/.local/lib/python3.8/site-packages/airflow/example_dags/tutorial.py
[2023-11-22T18:46:31.559+0000] {processor.py:829} INFO - Processing file /home/airflow/.local/lib/python3.8/site-packages/airflow/example_dags/tutorial.py for tasks to queue
[2023-11-22T18:46:31.560+0000] {logging_mixin.py:151} INFO - [2023-11-22T18:46:31.560+0000] {dagbag.py:536} INFO - Filling up the DagBag from /home/airflow/.local/lib/python3.8/site-packages/airflow/example_dags/tutorial.py
[2023-11-22T18:46:31.563+0000] {processor.py:839} INFO - DAG(s) dict_keys(['tutorial']) retrieved from /home/airflow/.local/lib/python3.8/site-packages/airflow/example_dags/tutorial.py
[2023-11-22T18:46:31.574+0000] {logging_mixin.py:151} INFO - [2023-11-22T18:46:31.574+0000] {dag.py:2941} INFO - Sync 1 DAGs
[2023-11-22T18:46:31.676+0000] {logging_mixin.py:151} INFO - [2023-11-22T18:46:31.676+0000] {dag.py:3722} INFO - Setting next_dagrun for tutorial to 2023-11-21T18:46:31.676614+00:00, run_after=2023-11-22T18:46:31.676614+00:00
[2023-11-22T18:46:31.684+0000] {processor.py:179} INFO - Processing /home/airflow/.local/lib/python3.8/site-packages/airflow/example_dags/tutorial.py took 0.127 seconds
[2023-11-22T18:47:01.878+0000] {processor.py:157} INFO - Started process (PID=1192) to work on /home/airflow/.local/lib/python3.8/site-packages/airflow/example_dags/tutorial.py
[2023-11-22T18:47:01.878+0000] {processor.py:829} INFO - Processing file /home/airflow/.local/lib/python3.8/site-packages/airflow/example_dags/tutorial.py for tasks to queue
[2023-11-22T18:47:01.880+0000] {logging_mixin.py:151} INFO - [2023-11-22T18:47:01.879+0000] {dagbag.py:536} INFO - Filling up the DagBag from /home/airflow/.local/lib/python3.8/site-packages/airflow/example_dags/tutorial.py
[2023-11-22T18:47:01.883+0000] {processor.py:839} INFO - DAG(s) dict_keys(['tutorial']) retrieved from /home/airflow/.local/lib/python3.8/site-packages/airflow/example_dags/tutorial.py
[2023-11-22T18:47:01.892+0000] {logging_mixin.py:151} INFO - [2023-11-22T18:47:01.892+0000] {dag.py:2941} INFO - Sync 1 DAGs
[2023-11-22T18:47:01.992+0000] {logging_mixin.py:151} INFO - [2023-11-22T18:47:01.991+0000] {dag.py:3722} INFO - Setting next_dagrun for tutorial to 2023-11-21T18:47:01.991820+00:00, run_after=2023-11-22T18:47:01.991820+00:00
[2023-11-22T18:47:01.999+0000] {processor.py:179} INFO - Processing /home/airflow/.local/lib/python3.8/site-packages/airflow/example_dags/tutorial.py took 0.122 seconds
[2023-11-22T18:47:32.066+0000] {processor.py:157} INFO - Started process (PID=1249) to work on /home/airflow/.local/lib/python3.8/site-packages/airflow/example_dags/tutorial.py
[2023-11-22T18:47:32.067+0000] {processor.py:829} INFO - Processing file /home/airflow/.local/lib/python3.8/site-packages/airflow/example_dags/tutorial.py for tasks to queue
[2023-11-22T18:47:32.068+0000] {logging_mixin.py:151} INFO - [2023-11-22T18:47:32.068+0000] {dagbag.py:536} INFO - Filling up the DagBag from /home/airflow/.local/lib/python3.8/site-packages/airflow/example_dags/tutorial.py
[2023-11-22T18:47:32.071+0000] {processor.py:839} INFO - DAG(s) dict_keys(['tutorial']) retrieved from /home/airflow/.local/lib/python3.8/site-packages/airflow/example_dags/tutorial.py
[2023-11-22T18:47:32.081+0000] {logging_mixin.py:151} INFO - [2023-11-22T18:47:32.080+0000] {dag.py:2941} INFO - Sync 1 DAGs
[2023-11-22T18:47:32.089+0000] {logging_mixin.py:151} INFO - [2023-11-22T18:47:32.089+0000] {dag.py:3722} INFO - Setting next_dagrun for tutorial to 2023-11-21T18:47:32.089470+00:00, run_after=2023-11-22T18:47:32.089470+00:00
[2023-11-22T18:47:32.097+0000] {processor.py:179} INFO - Processing /home/airflow/.local/lib/python3.8/site-packages/airflow/example_dags/tutorial.py took 0.032 seconds
[2023-11-22T18:48:02.638+0000] {processor.py:157} INFO - Started process (PID=1306) to work on /home/airflow/.local/lib/python3.8/site-packages/airflow/example_dags/tutorial.py
[2023-11-22T18:48:02.639+0000] {processor.py:829} INFO - Processing file /home/airflow/.local/lib/python3.8/site-packages/airflow/example_dags/tutorial.py for tasks to queue
[2023-11-22T18:48:02.640+0000] {logging_mixin.py:151} INFO - [2023-11-22T18:48:02.640+0000] {dagbag.py:536} INFO - Filling up the DagBag from /home/airflow/.local/lib/python3.8/site-packages/airflow/example_dags/tutorial.py
[2023-11-22T18:48:02.643+0000] {processor.py:839} INFO - DAG(s) dict_keys(['tutorial']) retrieved from /home/airflow/.local/lib/python3.8/site-packages/airflow/example_dags/tutorial.py
[2023-11-22T18:48:02.653+0000] {logging_mixin.py:151} INFO - [2023-11-22T18:48:02.653+0000] {dag.py:2941} INFO - Sync 1 DAGs
[2023-11-22T18:48:02.662+0000] {logging_mixin.py:151} INFO - [2023-11-22T18:48:02.662+0000] {dag.py:3722} INFO - Setting next_dagrun for tutorial to 2023-11-21T18:48:02.661922+00:00, run_after=2023-11-22T18:48:02.661922+00:00
[2023-11-22T18:48:02.669+0000] {processor.py:179} INFO - Processing /home/airflow/.local/lib/python3.8/site-packages/airflow/example_dags/tutorial.py took 0.033 seconds
[2023-11-22T18:48:33.372+0000] {processor.py:157} INFO - Started process (PID=1363) to work on /home/airflow/.local/lib/python3.8/site-packages/airflow/example_dags/tutorial.py
[2023-11-22T18:48:33.373+0000] {processor.py:829} INFO - Processing file /home/airflow/.local/lib/python3.8/site-packages/airflow/example_dags/tutorial.py for tasks to queue
[2023-11-22T18:48:33.375+0000] {logging_mixin.py:151} INFO - [2023-11-22T18:48:33.375+0000] {dagbag.py:536} INFO - Filling up the DagBag from /home/airflow/.local/lib/python3.8/site-packages/airflow/example_dags/tutorial.py
[2023-11-22T18:48:33.386+0000] {processor.py:839} INFO - DAG(s) dict_keys(['tutorial']) retrieved from /home/airflow/.local/lib/python3.8/site-packages/airflow/example_dags/tutorial.py
[2023-11-22T18:48:33.399+0000] {logging_mixin.py:151} INFO - [2023-11-22T18:48:33.399+0000] {dag.py:2941} INFO - Sync 1 DAGs
[2023-11-22T18:48:33.410+0000] {logging_mixin.py:151} INFO - [2023-11-22T18:48:33.410+0000] {dag.py:3722} INFO - Setting next_dagrun for tutorial to 2023-11-21T18:48:33.409946+00:00, run_after=2023-11-22T18:48:33.409946+00:00
[2023-11-22T18:48:33.417+0000] {processor.py:179} INFO - Processing /home/airflow/.local/lib/python3.8/site-packages/airflow/example_dags/tutorial.py took 0.047 seconds
[2023-11-22T18:49:04.156+0000] {processor.py:157} INFO - Started process (PID=1420) to work on /home/airflow/.local/lib/python3.8/site-packages/airflow/example_dags/tutorial.py
[2023-11-22T18:49:04.157+0000] {processor.py:829} INFO - Processing file /home/airflow/.local/lib/python3.8/site-packages/airflow/example_dags/tutorial.py for tasks to queue
[2023-11-22T18:49:04.158+0000] {logging_mixin.py:151} INFO - [2023-11-22T18:49:04.158+0000] {dagbag.py:536} INFO - Filling up the DagBag from /home/airflow/.local/lib/python3.8/site-packages/airflow/example_dags/tutorial.py
[2023-11-22T18:49:04.161+0000] {processor.py:839} INFO - DAG(s) dict_keys(['tutorial']) retrieved from /home/airflow/.local/lib/python3.8/site-packages/airflow/example_dags/tutorial.py
[2023-11-22T18:49:04.173+0000] {logging_mixin.py:151} INFO - [2023-11-22T18:49:04.173+0000] {dag.py:2941} INFO - Sync 1 DAGs
[2023-11-22T18:49:04.183+0000] {logging_mixin.py:151} INFO - [2023-11-22T18:49:04.183+0000] {dag.py:3722} INFO - Setting next_dagrun for tutorial to 2023-11-21T18:49:04.183274+00:00, run_after=2023-11-22T18:49:04.183274+00:00
[2023-11-22T18:49:04.192+0000] {processor.py:179} INFO - Processing /home/airflow/.local/lib/python3.8/site-packages/airflow/example_dags/tutorial.py took 0.039 seconds
[2023-11-22T18:49:34.729+0000] {processor.py:157} INFO - Started process (PID=1477) to work on /home/airflow/.local/lib/python3.8/site-packages/airflow/example_dags/tutorial.py
[2023-11-22T18:49:34.730+0000] {processor.py:829} INFO - Processing file /home/airflow/.local/lib/python3.8/site-packages/airflow/example_dags/tutorial.py for tasks to queue
[2023-11-22T18:49:34.731+0000] {logging_mixin.py:151} INFO - [2023-11-22T18:49:34.731+0000] {dagbag.py:536} INFO - Filling up the DagBag from /home/airflow/.local/lib/python3.8/site-packages/airflow/example_dags/tutorial.py
[2023-11-22T18:49:34.734+0000] {processor.py:839} INFO - DAG(s) dict_keys(['tutorial']) retrieved from /home/airflow/.local/lib/python3.8/site-packages/airflow/example_dags/tutorial.py
[2023-11-22T18:49:34.744+0000] {logging_mixin.py:151} INFO - [2023-11-22T18:49:34.744+0000] {dag.py:2941} INFO - Sync 1 DAGs
[2023-11-22T18:49:34.754+0000] {logging_mixin.py:151} INFO - [2023-11-22T18:49:34.754+0000] {dag.py:3722} INFO - Setting next_dagrun for tutorial to 2023-11-21T18:49:34.754210+00:00, run_after=2023-11-22T18:49:34.754210+00:00
[2023-11-22T18:49:34.761+0000] {processor.py:179} INFO - Processing /home/airflow/.local/lib/python3.8/site-packages/airflow/example_dags/tutorial.py took 0.034 seconds
[2023-11-22T18:50:05.319+0000] {processor.py:157} INFO - Started process (PID=1534) to work on /home/airflow/.local/lib/python3.8/site-packages/airflow/example_dags/tutorial.py
[2023-11-22T18:50:05.320+0000] {processor.py:829} INFO - Processing file /home/airflow/.local/lib/python3.8/site-packages/airflow/example_dags/tutorial.py for tasks to queue
[2023-11-22T18:50:05.321+0000] {logging_mixin.py:151} INFO - [2023-11-22T18:50:05.321+0000] {dagbag.py:536} INFO - Filling up the DagBag from /home/airflow/.local/lib/python3.8/site-packages/airflow/example_dags/tutorial.py
[2023-11-22T18:50:05.324+0000] {processor.py:839} INFO - DAG(s) dict_keys(['tutorial']) retrieved from /home/airflow/.local/lib/python3.8/site-packages/airflow/example_dags/tutorial.py
[2023-11-22T18:50:05.333+0000] {logging_mixin.py:151} INFO - [2023-11-22T18:50:05.333+0000] {dag.py:2941} INFO - Sync 1 DAGs
[2023-11-22T18:50:05.342+0000] {logging_mixin.py:151} INFO - [2023-11-22T18:50:05.342+0000] {dag.py:3722} INFO - Setting next_dagrun for tutorial to 2023-11-21T18:50:05.342670+00:00, run_after=2023-11-22T18:50:05.342670+00:00
[2023-11-22T18:50:05.349+0000] {processor.py:179} INFO - Processing /home/airflow/.local/lib/python3.8/site-packages/airflow/example_dags/tutorial.py took 0.032 seconds
[2023-11-22T18:50:35.805+0000] {processor.py:157} INFO - Started process (PID=1591) to work on /home/airflow/.local/lib/python3.8/site-packages/airflow/example_dags/tutorial.py
[2023-11-22T18:50:35.805+0000] {processor.py:829} INFO - Processing file /home/airflow/.local/lib/python3.8/site-packages/airflow/example_dags/tutorial.py for tasks to queue
[2023-11-22T18:50:35.806+0000] {logging_mixin.py:151} INFO - [2023-11-22T18:50:35.806+0000] {dagbag.py:536} INFO - Filling up the DagBag from /home/airflow/.local/lib/python3.8/site-packages/airflow/example_dags/tutorial.py
[2023-11-22T18:50:35.809+0000] {processor.py:839} INFO - DAG(s) dict_keys(['tutorial']) retrieved from /home/airflow/.local/lib/python3.8/site-packages/airflow/example_dags/tutorial.py
[2023-11-22T18:50:35.819+0000] {logging_mixin.py:151} INFO - [2023-11-22T18:50:35.819+0000] {dag.py:2941} INFO - Sync 1 DAGs
[2023-11-22T18:50:35.828+0000] {logging_mixin.py:151} INFO - [2023-11-22T18:50:35.827+0000] {dag.py:3722} INFO - Setting next_dagrun for tutorial to 2023-11-21T18:50:35.827851+00:00, run_after=2023-11-22T18:50:35.827851+00:00
[2023-11-22T18:50:35.834+0000] {processor.py:179} INFO - Processing /home/airflow/.local/lib/python3.8/site-packages/airflow/example_dags/tutorial.py took 0.031 seconds
[2023-11-22T18:51:06.520+0000] {processor.py:157} INFO - Started process (PID=1648) to work on /home/airflow/.local/lib/python3.8/site-packages/airflow/example_dags/tutorial.py
[2023-11-22T18:51:06.521+0000] {processor.py:829} INFO - Processing file /home/airflow/.local/lib/python3.8/site-packages/airflow/example_dags/tutorial.py for tasks to queue
[2023-11-22T18:51:06.522+0000] {logging_mixin.py:151} INFO - [2023-11-22T18:51:06.522+0000] {dagbag.py:536} INFO - Filling up the DagBag from /home/airflow/.local/lib/python3.8/site-packages/airflow/example_dags/tutorial.py
[2023-11-22T18:51:06.526+0000] {processor.py:839} INFO - DAG(s) dict_keys(['tutorial']) retrieved from /home/airflow/.local/lib/python3.8/site-packages/airflow/example_dags/tutorial.py
[2023-11-22T18:51:06.535+0000] {logging_mixin.py:151} INFO - [2023-11-22T18:51:06.535+0000] {dag.py:2941} INFO - Sync 1 DAGs
[2023-11-22T18:51:06.545+0000] {logging_mixin.py:151} INFO - [2023-11-22T18:51:06.545+0000] {dag.py:3722} INFO - Setting next_dagrun for tutorial to 2023-11-21T18:51:06.545469+00:00, run_after=2023-11-22T18:51:06.545469+00:00
[2023-11-22T18:51:06.555+0000] {processor.py:179} INFO - Processing /home/airflow/.local/lib/python3.8/site-packages/airflow/example_dags/tutorial.py took 0.037 seconds
[2023-11-22T18:51:37.226+0000] {processor.py:157} INFO - Started process (PID=1705) to work on /home/airflow/.local/lib/python3.8/site-packages/airflow/example_dags/tutorial.py
[2023-11-22T18:51:37.227+0000] {processor.py:829} INFO - Processing file /home/airflow/.local/lib/python3.8/site-packages/airflow/example_dags/tutorial.py for tasks to queue
[2023-11-22T18:51:37.228+0000] {logging_mixin.py:151} INFO - [2023-11-22T18:51:37.227+0000] {dagbag.py:536} INFO - Filling up the DagBag from /home/airflow/.local/lib/python3.8/site-packages/airflow/example_dags/tutorial.py
[2023-11-22T18:51:37.230+0000] {processor.py:839} INFO - DAG(s) dict_keys(['tutorial']) retrieved from /home/airflow/.local/lib/python3.8/site-packages/airflow/example_dags/tutorial.py
[2023-11-22T18:51:37.240+0000] {logging_mixin.py:151} INFO - [2023-11-22T18:51:37.240+0000] {dag.py:2941} INFO - Sync 1 DAGs
[2023-11-22T18:51:37.249+0000] {logging_mixin.py:151} INFO - [2023-11-22T18:51:37.249+0000] {dag.py:3722} INFO - Setting next_dagrun for tutorial to 2023-11-21T18:51:37.249255+00:00, run_after=2023-11-22T18:51:37.249255+00:00
[2023-11-22T18:51:37.256+0000] {processor.py:179} INFO - Processing /home/airflow/.local/lib/python3.8/site-packages/airflow/example_dags/tutorial.py took 0.031 seconds
[2023-11-22T18:52:07.863+0000] {processor.py:157} INFO - Started process (PID=1762) to work on /home/airflow/.local/lib/python3.8/site-packages/airflow/example_dags/tutorial.py
[2023-11-22T18:52:07.864+0000] {processor.py:829} INFO - Processing file /home/airflow/.local/lib/python3.8/site-packages/airflow/example_dags/tutorial.py for tasks to queue
[2023-11-22T18:52:07.865+0000] {logging_mixin.py:151} INFO - [2023-11-22T18:52:07.865+0000] {dagbag.py:536} INFO - Filling up the DagBag from /home/airflow/.local/lib/python3.8/site-packages/airflow/example_dags/tutorial.py
[2023-11-22T18:52:07.868+0000] {processor.py:839} INFO - DAG(s) dict_keys(['tutorial']) retrieved from /home/airflow/.local/lib/python3.8/site-packages/airflow/example_dags/tutorial.py
[2023-11-22T18:52:07.878+0000] {logging_mixin.py:151} INFO - [2023-11-22T18:52:07.878+0000] {dag.py:2941} INFO - Sync 1 DAGs
[2023-11-22T18:52:07.887+0000] {logging_mixin.py:151} INFO - [2023-11-22T18:52:07.887+0000] {dag.py:3722} INFO - Setting next_dagrun for tutorial to 2023-11-21T18:52:07.887252+00:00, run_after=2023-11-22T18:52:07.887252+00:00
[2023-11-22T18:52:07.894+0000] {processor.py:179} INFO - Processing /home/airflow/.local/lib/python3.8/site-packages/airflow/example_dags/tutorial.py took 0.033 seconds
[2023-11-22T18:52:38.555+0000] {processor.py:157} INFO - Started process (PID=1819) to work on /home/airflow/.local/lib/python3.8/site-packages/airflow/example_dags/tutorial.py
[2023-11-22T18:52:38.556+0000] {processor.py:829} INFO - Processing file /home/airflow/.local/lib/python3.8/site-packages/airflow/example_dags/tutorial.py for tasks to queue
[2023-11-22T18:52:38.557+0000] {logging_mixin.py:151} INFO - [2023-11-22T18:52:38.557+0000] {dagbag.py:536} INFO - Filling up the DagBag from /home/airflow/.local/lib/python3.8/site-packages/airflow/example_dags/tutorial.py
[2023-11-22T18:52:38.561+0000] {processor.py:839} INFO - DAG(s) dict_keys(['tutorial']) retrieved from /home/airflow/.local/lib/python3.8/site-packages/airflow/example_dags/tutorial.py
[2023-11-22T18:52:38.569+0000] {logging_mixin.py:151} INFO - [2023-11-22T18:52:38.569+0000] {dag.py:2941} INFO - Sync 1 DAGs
[2023-11-22T18:52:38.579+0000] {logging_mixin.py:151} INFO - [2023-11-22T18:52:38.579+0000] {dag.py:3722} INFO - Setting next_dagrun for tutorial to 2023-11-21T18:52:38.579502+00:00, run_after=2023-11-22T18:52:38.579502+00:00
[2023-11-22T18:52:38.586+0000] {processor.py:179} INFO - Processing /home/airflow/.local/lib/python3.8/site-packages/airflow/example_dags/tutorial.py took 0.033 seconds
[2023-11-22T18:53:09.099+0000] {processor.py:157} INFO - Started process (PID=1875) to work on /home/airflow/.local/lib/python3.8/site-packages/airflow/example_dags/tutorial.py
[2023-11-22T18:53:09.099+0000] {processor.py:829} INFO - Processing file /home/airflow/.local/lib/python3.8/site-packages/airflow/example_dags/tutorial.py for tasks to queue
[2023-11-22T18:53:09.100+0000] {logging_mixin.py:151} INFO - [2023-11-22T18:53:09.100+0000] {dagbag.py:536} INFO - Filling up the DagBag from /home/airflow/.local/lib/python3.8/site-packages/airflow/example_dags/tutorial.py
[2023-11-22T18:53:09.103+0000] {processor.py:839} INFO - DAG(s) dict_keys(['tutorial']) retrieved from /home/airflow/.local/lib/python3.8/site-packages/airflow/example_dags/tutorial.py
[2023-11-22T18:53:09.112+0000] {logging_mixin.py:151} INFO - [2023-11-22T18:53:09.112+0000] {dag.py:2941} INFO - Sync 1 DAGs
[2023-11-22T18:53:09.122+0000] {logging_mixin.py:151} INFO - [2023-11-22T18:53:09.122+0000] {dag.py:3722} INFO - Setting next_dagrun for tutorial to 2023-11-21T18:53:09.122134+00:00, run_after=2023-11-22T18:53:09.122134+00:00
[2023-11-22T18:53:09.129+0000] {processor.py:179} INFO - Processing /home/airflow/.local/lib/python3.8/site-packages/airflow/example_dags/tutorial.py took 0.032 seconds
[2023-11-22T18:53:39.684+0000] {processor.py:157} INFO - Started process (PID=1931) to work on /home/airflow/.local/lib/python3.8/site-packages/airflow/example_dags/tutorial.py
[2023-11-22T18:53:39.685+0000] {processor.py:829} INFO - Processing file /home/airflow/.local/lib/python3.8/site-packages/airflow/example_dags/tutorial.py for tasks to queue
[2023-11-22T18:53:39.686+0000] {logging_mixin.py:151} INFO - [2023-11-22T18:53:39.686+0000] {dagbag.py:536} INFO - Filling up the DagBag from /home/airflow/.local/lib/python3.8/site-packages/airflow/example_dags/tutorial.py
[2023-11-22T18:53:39.690+0000] {processor.py:839} INFO - DAG(s) dict_keys(['tutorial']) retrieved from /home/airflow/.local/lib/python3.8/site-packages/airflow/example_dags/tutorial.py
[2023-11-22T18:53:39.700+0000] {logging_mixin.py:151} INFO - [2023-11-22T18:53:39.700+0000] {dag.py:2941} INFO - Sync 1 DAGs
[2023-11-22T18:53:39.709+0000] {logging_mixin.py:151} INFO - [2023-11-22T18:53:39.709+0000] {dag.py:3722} INFO - Setting next_dagrun for tutorial to 2023-11-21T18:53:39.709638+00:00, run_after=2023-11-22T18:53:39.709638+00:00
[2023-11-22T18:53:39.717+0000] {processor.py:179} INFO - Processing /home/airflow/.local/lib/python3.8/site-packages/airflow/example_dags/tutorial.py took 0.034 seconds
[2023-11-22T18:54:10.386+0000] {processor.py:157} INFO - Started process (PID=1988) to work on /home/airflow/.local/lib/python3.8/site-packages/airflow/example_dags/tutorial.py
[2023-11-22T18:54:10.386+0000] {processor.py:829} INFO - Processing file /home/airflow/.local/lib/python3.8/site-packages/airflow/example_dags/tutorial.py for tasks to queue
[2023-11-22T18:54:10.388+0000] {logging_mixin.py:151} INFO - [2023-11-22T18:54:10.388+0000] {dagbag.py:536} INFO - Filling up the DagBag from /home/airflow/.local/lib/python3.8/site-packages/airflow/example_dags/tutorial.py
[2023-11-22T18:54:10.391+0000] {processor.py:839} INFO - DAG(s) dict_keys(['tutorial']) retrieved from /home/airflow/.local/lib/python3.8/site-packages/airflow/example_dags/tutorial.py
[2023-11-22T18:54:10.403+0000] {logging_mixin.py:151} INFO - [2023-11-22T18:54:10.403+0000] {dag.py:2941} INFO - Sync 1 DAGs
[2023-11-22T18:54:10.413+0000] {logging_mixin.py:151} INFO - [2023-11-22T18:54:10.413+0000] {dag.py:3722} INFO - Setting next_dagrun for tutorial to 2023-11-21T18:54:10.413670+00:00, run_after=2023-11-22T18:54:10.413670+00:00
[2023-11-22T18:54:10.421+0000] {processor.py:179} INFO - Processing /home/airflow/.local/lib/python3.8/site-packages/airflow/example_dags/tutorial.py took 0.037 seconds
[2023-11-22T18:54:41.191+0000] {processor.py:157} INFO - Started process (PID=2045) to work on /home/airflow/.local/lib/python3.8/site-packages/airflow/example_dags/tutorial.py
[2023-11-22T18:54:41.192+0000] {processor.py:829} INFO - Processing file /home/airflow/.local/lib/python3.8/site-packages/airflow/example_dags/tutorial.py for tasks to queue
[2023-11-22T18:54:41.193+0000] {logging_mixin.py:151} INFO - [2023-11-22T18:54:41.193+0000] {dagbag.py:536} INFO - Filling up the DagBag from /home/airflow/.local/lib/python3.8/site-packages/airflow/example_dags/tutorial.py
[2023-11-22T18:54:41.196+0000] {processor.py:839} INFO - DAG(s) dict_keys(['tutorial']) retrieved from /home/airflow/.local/lib/python3.8/site-packages/airflow/example_dags/tutorial.py
[2023-11-22T18:54:41.206+0000] {logging_mixin.py:151} INFO - [2023-11-22T18:54:41.206+0000] {dag.py:2941} INFO - Sync 1 DAGs
[2023-11-22T18:54:41.216+0000] {logging_mixin.py:151} INFO - [2023-11-22T18:54:41.216+0000] {dag.py:3722} INFO - Setting next_dagrun for tutorial to 2023-11-21T18:54:41.216392+00:00, run_after=2023-11-22T18:54:41.216392+00:00
[2023-11-22T18:54:41.223+0000] {processor.py:179} INFO - Processing /home/airflow/.local/lib/python3.8/site-packages/airflow/example_dags/tutorial.py took 0.034 seconds
[2023-11-22T18:55:11.908+0000] {processor.py:157} INFO - Started process (PID=2102) to work on /home/airflow/.local/lib/python3.8/site-packages/airflow/example_dags/tutorial.py
[2023-11-22T18:55:11.909+0000] {processor.py:829} INFO - Processing file /home/airflow/.local/lib/python3.8/site-packages/airflow/example_dags/tutorial.py for tasks to queue
[2023-11-22T18:55:11.910+0000] {logging_mixin.py:151} INFO - [2023-11-22T18:55:11.910+0000] {dagbag.py:536} INFO - Filling up the DagBag from /home/airflow/.local/lib/python3.8/site-packages/airflow/example_dags/tutorial.py
[2023-11-22T18:55:11.914+0000] {processor.py:839} INFO - DAG(s) dict_keys(['tutorial']) retrieved from /home/airflow/.local/lib/python3.8/site-packages/airflow/example_dags/tutorial.py
[2023-11-22T18:55:11.925+0000] {logging_mixin.py:151} INFO - [2023-11-22T18:55:11.925+0000] {dag.py:2941} INFO - Sync 1 DAGs
[2023-11-22T18:55:11.935+0000] {logging_mixin.py:151} INFO - [2023-11-22T18:55:11.935+0000] {dag.py:3722} INFO - Setting next_dagrun for tutorial to 2023-11-21T18:55:11.934999+00:00, run_after=2023-11-22T18:55:11.934999+00:00
[2023-11-22T18:55:11.941+0000] {processor.py:179} INFO - Processing /home/airflow/.local/lib/python3.8/site-packages/airflow/example_dags/tutorial.py took 0.035 seconds
[2023-11-22T18:55:42.789+0000] {processor.py:157} INFO - Started process (PID=2166) to work on /home/airflow/.local/lib/python3.8/site-packages/airflow/example_dags/tutorial.py
[2023-11-22T18:55:42.790+0000] {processor.py:829} INFO - Processing file /home/airflow/.local/lib/python3.8/site-packages/airflow/example_dags/tutorial.py for tasks to queue
[2023-11-22T18:55:42.791+0000] {logging_mixin.py:151} INFO - [2023-11-22T18:55:42.791+0000] {dagbag.py:536} INFO - Filling up the DagBag from /home/airflow/.local/lib/python3.8/site-packages/airflow/example_dags/tutorial.py
[2023-11-22T18:55:42.794+0000] {processor.py:839} INFO - DAG(s) dict_keys(['tutorial']) retrieved from /home/airflow/.local/lib/python3.8/site-packages/airflow/example_dags/tutorial.py
[2023-11-22T18:55:42.805+0000] {logging_mixin.py:151} INFO - [2023-11-22T18:55:42.805+0000] {dag.py:2941} INFO - Sync 1 DAGs
[2023-11-22T18:55:42.816+0000] {logging_mixin.py:151} INFO - [2023-11-22T18:55:42.816+0000] {dag.py:3722} INFO - Setting next_dagrun for tutorial to 2023-11-21T18:55:42.816562+00:00, run_after=2023-11-22T18:55:42.816562+00:00
[2023-11-22T18:55:42.824+0000] {processor.py:179} INFO - Processing /home/airflow/.local/lib/python3.8/site-packages/airflow/example_dags/tutorial.py took 0.037 seconds
[2023-11-22T18:56:13.527+0000] {processor.py:157} INFO - Started process (PID=2223) to work on /home/airflow/.local/lib/python3.8/site-packages/airflow/example_dags/tutorial.py
[2023-11-22T18:56:13.527+0000] {processor.py:829} INFO - Processing file /home/airflow/.local/lib/python3.8/site-packages/airflow/example_dags/tutorial.py for tasks to queue
[2023-11-22T18:56:13.528+0000] {logging_mixin.py:151} INFO - [2023-11-22T18:56:13.528+0000] {dagbag.py:536} INFO - Filling up the DagBag from /home/airflow/.local/lib/python3.8/site-packages/airflow/example_dags/tutorial.py
[2023-11-22T18:56:13.532+0000] {processor.py:839} INFO - DAG(s) dict_keys(['tutorial']) retrieved from /home/airflow/.local/lib/python3.8/site-packages/airflow/example_dags/tutorial.py
[2023-11-22T18:56:13.542+0000] {logging_mixin.py:151} INFO - [2023-11-22T18:56:13.542+0000] {dag.py:2941} INFO - Sync 1 DAGs
[2023-11-22T18:56:13.552+0000] {logging_mixin.py:151} INFO - [2023-11-22T18:56:13.552+0000] {dag.py:3722} INFO - Setting next_dagrun for tutorial to 2023-11-21T18:56:13.551827+00:00, run_after=2023-11-22T18:56:13.551827+00:00
[2023-11-22T18:56:13.559+0000] {processor.py:179} INFO - Processing /home/airflow/.local/lib/python3.8/site-packages/airflow/example_dags/tutorial.py took 0.034 seconds
[2023-11-22T18:56:44.268+0000] {processor.py:157} INFO - Started process (PID=2280) to work on /home/airflow/.local/lib/python3.8/site-packages/airflow/example_dags/tutorial.py
[2023-11-22T18:56:44.269+0000] {processor.py:829} INFO - Processing file /home/airflow/.local/lib/python3.8/site-packages/airflow/example_dags/tutorial.py for tasks to queue
[2023-11-22T18:56:44.270+0000] {logging_mixin.py:151} INFO - [2023-11-22T18:56:44.270+0000] {dagbag.py:536} INFO - Filling up the DagBag from /home/airflow/.local/lib/python3.8/site-packages/airflow/example_dags/tutorial.py
[2023-11-22T18:56:44.273+0000] {processor.py:839} INFO - DAG(s) dict_keys(['tutorial']) retrieved from /home/airflow/.local/lib/python3.8/site-packages/airflow/example_dags/tutorial.py
[2023-11-22T18:56:44.283+0000] {logging_mixin.py:151} INFO - [2023-11-22T18:56:44.283+0000] {dag.py:2941} INFO - Sync 1 DAGs
[2023-11-22T18:56:44.292+0000] {logging_mixin.py:151} INFO - [2023-11-22T18:56:44.292+0000] {dag.py:3722} INFO - Setting next_dagrun for tutorial to 2023-11-21T18:56:44.292574+00:00, run_after=2023-11-22T18:56:44.292574+00:00
[2023-11-22T18:56:44.299+0000] {processor.py:179} INFO - Processing /home/airflow/.local/lib/python3.8/site-packages/airflow/example_dags/tutorial.py took 0.032 seconds
[2023-11-22T18:57:15.026+0000] {processor.py:157} INFO - Started process (PID=2337) to work on /home/airflow/.local/lib/python3.8/site-packages/airflow/example_dags/tutorial.py
[2023-11-22T18:57:15.026+0000] {processor.py:829} INFO - Processing file /home/airflow/.local/lib/python3.8/site-packages/airflow/example_dags/tutorial.py for tasks to queue
[2023-11-22T18:57:15.028+0000] {logging_mixin.py:151} INFO - [2023-11-22T18:57:15.027+0000] {dagbag.py:536} INFO - Filling up the DagBag from /home/airflow/.local/lib/python3.8/site-packages/airflow/example_dags/tutorial.py
[2023-11-22T18:57:15.031+0000] {processor.py:839} INFO - DAG(s) dict_keys(['tutorial']) retrieved from /home/airflow/.local/lib/python3.8/site-packages/airflow/example_dags/tutorial.py
[2023-11-22T18:57:15.040+0000] {logging_mixin.py:151} INFO - [2023-11-22T18:57:15.040+0000] {dag.py:2941} INFO - Sync 1 DAGs
[2023-11-22T18:57:15.049+0000] {logging_mixin.py:151} INFO - [2023-11-22T18:57:15.049+0000] {dag.py:3722} INFO - Setting next_dagrun for tutorial to 2023-11-21T18:57:15.049320+00:00, run_after=2023-11-22T18:57:15.049320+00:00
[2023-11-22T18:57:15.056+0000] {processor.py:179} INFO - Processing /home/airflow/.local/lib/python3.8/site-packages/airflow/example_dags/tutorial.py took 0.032 seconds
[2023-11-22T18:57:45.762+0000] {processor.py:157} INFO - Started process (PID=2394) to work on /home/airflow/.local/lib/python3.8/site-packages/airflow/example_dags/tutorial.py
[2023-11-22T18:57:45.762+0000] {processor.py:829} INFO - Processing file /home/airflow/.local/lib/python3.8/site-packages/airflow/example_dags/tutorial.py for tasks to queue
[2023-11-22T18:57:45.763+0000] {logging_mixin.py:151} INFO - [2023-11-22T18:57:45.763+0000] {dagbag.py:536} INFO - Filling up the DagBag from /home/airflow/.local/lib/python3.8/site-packages/airflow/example_dags/tutorial.py
[2023-11-22T18:57:45.766+0000] {processor.py:839} INFO - DAG(s) dict_keys(['tutorial']) retrieved from /home/airflow/.local/lib/python3.8/site-packages/airflow/example_dags/tutorial.py
[2023-11-22T18:57:45.776+0000] {logging_mixin.py:151} INFO - [2023-11-22T18:57:45.776+0000] {dag.py:2941} INFO - Sync 1 DAGs
[2023-11-22T18:57:45.785+0000] {logging_mixin.py:151} INFO - [2023-11-22T18:57:45.785+0000] {dag.py:3722} INFO - Setting next_dagrun for tutorial to 2023-11-21T18:57:45.784942+00:00, run_after=2023-11-22T18:57:45.784942+00:00
[2023-11-22T18:57:45.791+0000] {processor.py:179} INFO - Processing /home/airflow/.local/lib/python3.8/site-packages/airflow/example_dags/tutorial.py took 0.031 seconds
[2023-11-22T18:58:16.345+0000] {processor.py:157} INFO - Started process (PID=2451) to work on /home/airflow/.local/lib/python3.8/site-packages/airflow/example_dags/tutorial.py
[2023-11-22T18:58:16.346+0000] {processor.py:829} INFO - Processing file /home/airflow/.local/lib/python3.8/site-packages/airflow/example_dags/tutorial.py for tasks to queue
[2023-11-22T18:58:16.347+0000] {logging_mixin.py:151} INFO - [2023-11-22T18:58:16.347+0000] {dagbag.py:536} INFO - Filling up the DagBag from /home/airflow/.local/lib/python3.8/site-packages/airflow/example_dags/tutorial.py
[2023-11-22T18:58:16.350+0000] {processor.py:839} INFO - DAG(s) dict_keys(['tutorial']) retrieved from /home/airflow/.local/lib/python3.8/site-packages/airflow/example_dags/tutorial.py
[2023-11-22T18:58:16.359+0000] {logging_mixin.py:151} INFO - [2023-11-22T18:58:16.359+0000] {dag.py:2941} INFO - Sync 1 DAGs
[2023-11-22T18:58:16.368+0000] {logging_mixin.py:151} INFO - [2023-11-22T18:58:16.368+0000] {dag.py:3722} INFO - Setting next_dagrun for tutorial to 2023-11-21T18:58:16.368528+00:00, run_after=2023-11-22T18:58:16.368528+00:00
[2023-11-22T18:58:16.375+0000] {processor.py:179} INFO - Processing /home/airflow/.local/lib/python3.8/site-packages/airflow/example_dags/tutorial.py took 0.032 seconds
[2023-11-22T18:58:46.986+0000] {processor.py:157} INFO - Started process (PID=2508) to work on /home/airflow/.local/lib/python3.8/site-packages/airflow/example_dags/tutorial.py
[2023-11-22T18:58:46.986+0000] {processor.py:829} INFO - Processing file /home/airflow/.local/lib/python3.8/site-packages/airflow/example_dags/tutorial.py for tasks to queue
[2023-11-22T18:58:46.988+0000] {logging_mixin.py:151} INFO - [2023-11-22T18:58:46.987+0000] {dagbag.py:536} INFO - Filling up the DagBag from /home/airflow/.local/lib/python3.8/site-packages/airflow/example_dags/tutorial.py
[2023-11-22T18:58:46.991+0000] {processor.py:839} INFO - DAG(s) dict_keys(['tutorial']) retrieved from /home/airflow/.local/lib/python3.8/site-packages/airflow/example_dags/tutorial.py
[2023-11-22T18:58:47.001+0000] {logging_mixin.py:151} INFO - [2023-11-22T18:58:47.001+0000] {dag.py:2941} INFO - Sync 1 DAGs
[2023-11-22T18:58:47.010+0000] {logging_mixin.py:151} INFO - [2023-11-22T18:58:47.010+0000] {dag.py:3722} INFO - Setting next_dagrun for tutorial to 2023-11-21T18:58:47.010788+00:00, run_after=2023-11-22T18:58:47.010788+00:00
[2023-11-22T18:58:47.018+0000] {processor.py:179} INFO - Processing /home/airflow/.local/lib/python3.8/site-packages/airflow/example_dags/tutorial.py took 0.034 seconds
[2023-11-22T18:59:17.598+0000] {processor.py:157} INFO - Started process (PID=2565) to work on /home/airflow/.local/lib/python3.8/site-packages/airflow/example_dags/tutorial.py
[2023-11-22T18:59:17.599+0000] {processor.py:829} INFO - Processing file /home/airflow/.local/lib/python3.8/site-packages/airflow/example_dags/tutorial.py for tasks to queue
[2023-11-22T18:59:17.600+0000] {logging_mixin.py:151} INFO - [2023-11-22T18:59:17.600+0000] {dagbag.py:536} INFO - Filling up the DagBag from /home/airflow/.local/lib/python3.8/site-packages/airflow/example_dags/tutorial.py
[2023-11-22T18:59:17.603+0000] {processor.py:839} INFO - DAG(s) dict_keys(['tutorial']) retrieved from /home/airflow/.local/lib/python3.8/site-packages/airflow/example_dags/tutorial.py
[2023-11-22T18:59:17.612+0000] {logging_mixin.py:151} INFO - [2023-11-22T18:59:17.612+0000] {dag.py:2941} INFO - Sync 1 DAGs
[2023-11-22T18:59:17.622+0000] {logging_mixin.py:151} INFO - [2023-11-22T18:59:17.622+0000] {dag.py:3722} INFO - Setting next_dagrun for tutorial to 2023-11-21T18:59:17.622168+00:00, run_after=2023-11-22T18:59:17.622168+00:00
[2023-11-22T18:59:17.629+0000] {processor.py:179} INFO - Processing /home/airflow/.local/lib/python3.8/site-packages/airflow/example_dags/tutorial.py took 0.032 seconds
[2023-11-22T18:59:48.323+0000] {processor.py:157} INFO - Started process (PID=2622) to work on /home/airflow/.local/lib/python3.8/site-packages/airflow/example_dags/tutorial.py
[2023-11-22T18:59:48.324+0000] {processor.py:829} INFO - Processing file /home/airflow/.local/lib/python3.8/site-packages/airflow/example_dags/tutorial.py for tasks to queue
[2023-11-22T18:59:48.325+0000] {logging_mixin.py:151} INFO - [2023-11-22T18:59:48.325+0000] {dagbag.py:536} INFO - Filling up the DagBag from /home/airflow/.local/lib/python3.8/site-packages/airflow/example_dags/tutorial.py
[2023-11-22T18:59:48.328+0000] {processor.py:839} INFO - DAG(s) dict_keys(['tutorial']) retrieved from /home/airflow/.local/lib/python3.8/site-packages/airflow/example_dags/tutorial.py
[2023-11-22T18:59:48.337+0000] {logging_mixin.py:151} INFO - [2023-11-22T18:59:48.337+0000] {dag.py:2941} INFO - Sync 1 DAGs
[2023-11-22T18:59:48.347+0000] {logging_mixin.py:151} INFO - [2023-11-22T18:59:48.347+0000] {dag.py:3722} INFO - Setting next_dagrun for tutorial to 2023-11-21T18:59:48.347252+00:00, run_after=2023-11-22T18:59:48.347252+00:00
[2023-11-22T18:59:48.354+0000] {processor.py:179} INFO - Processing /home/airflow/.local/lib/python3.8/site-packages/airflow/example_dags/tutorial.py took 0.033 seconds
[2023-11-22T19:00:19.078+0000] {processor.py:157} INFO - Started process (PID=2679) to work on /home/airflow/.local/lib/python3.8/site-packages/airflow/example_dags/tutorial.py
[2023-11-22T19:00:19.078+0000] {processor.py:829} INFO - Processing file /home/airflow/.local/lib/python3.8/site-packages/airflow/example_dags/tutorial.py for tasks to queue
[2023-11-22T19:00:19.079+0000] {logging_mixin.py:151} INFO - [2023-11-22T19:00:19.079+0000] {dagbag.py:536} INFO - Filling up the DagBag from /home/airflow/.local/lib/python3.8/site-packages/airflow/example_dags/tutorial.py
[2023-11-22T19:00:19.083+0000] {processor.py:839} INFO - DAG(s) dict_keys(['tutorial']) retrieved from /home/airflow/.local/lib/python3.8/site-packages/airflow/example_dags/tutorial.py
[2023-11-22T19:00:19.092+0000] {logging_mixin.py:151} INFO - [2023-11-22T19:00:19.092+0000] {dag.py:2941} INFO - Sync 1 DAGs
[2023-11-22T19:00:19.101+0000] {logging_mixin.py:151} INFO - [2023-11-22T19:00:19.101+0000] {dag.py:3722} INFO - Setting next_dagrun for tutorial to 2023-11-21T19:00:19.101668+00:00, run_after=2023-11-22T19:00:19.101668+00:00
[2023-11-22T19:00:19.110+0000] {processor.py:179} INFO - Processing /home/airflow/.local/lib/python3.8/site-packages/airflow/example_dags/tutorial.py took 0.034 seconds
[2023-11-22T19:00:49.661+0000] {processor.py:157} INFO - Started process (PID=2736) to work on /home/airflow/.local/lib/python3.8/site-packages/airflow/example_dags/tutorial.py
[2023-11-22T19:00:49.661+0000] {processor.py:829} INFO - Processing file /home/airflow/.local/lib/python3.8/site-packages/airflow/example_dags/tutorial.py for tasks to queue
[2023-11-22T19:00:49.663+0000] {logging_mixin.py:151} INFO - [2023-11-22T19:00:49.662+0000] {dagbag.py:536} INFO - Filling up the DagBag from /home/airflow/.local/lib/python3.8/site-packages/airflow/example_dags/tutorial.py
[2023-11-22T19:00:49.666+0000] {processor.py:839} INFO - DAG(s) dict_keys(['tutorial']) retrieved from /home/airflow/.local/lib/python3.8/site-packages/airflow/example_dags/tutorial.py
[2023-11-22T19:00:49.678+0000] {logging_mixin.py:151} INFO - [2023-11-22T19:00:49.678+0000] {dag.py:2941} INFO - Sync 1 DAGs
[2023-11-22T19:00:49.689+0000] {logging_mixin.py:151} INFO - [2023-11-22T19:00:49.689+0000] {dag.py:3722} INFO - Setting next_dagrun for tutorial to 2023-11-21T19:00:49.689625+00:00, run_after=2023-11-22T19:00:49.689625+00:00
[2023-11-22T19:00:49.698+0000] {processor.py:179} INFO - Processing /home/airflow/.local/lib/python3.8/site-packages/airflow/example_dags/tutorial.py took 0.039 seconds
[2023-11-22T19:01:20.337+0000] {processor.py:157} INFO - Started process (PID=2793) to work on /home/airflow/.local/lib/python3.8/site-packages/airflow/example_dags/tutorial.py
[2023-11-22T19:01:20.337+0000] {processor.py:829} INFO - Processing file /home/airflow/.local/lib/python3.8/site-packages/airflow/example_dags/tutorial.py for tasks to queue
[2023-11-22T19:01:20.339+0000] {logging_mixin.py:151} INFO - [2023-11-22T19:01:20.339+0000] {dagbag.py:536} INFO - Filling up the DagBag from /home/airflow/.local/lib/python3.8/site-packages/airflow/example_dags/tutorial.py
[2023-11-22T19:01:20.342+0000] {processor.py:839} INFO - DAG(s) dict_keys(['tutorial']) retrieved from /home/airflow/.local/lib/python3.8/site-packages/airflow/example_dags/tutorial.py
[2023-11-22T19:01:20.352+0000] {logging_mixin.py:151} INFO - [2023-11-22T19:01:20.352+0000] {dag.py:2941} INFO - Sync 1 DAGs
[2023-11-22T19:01:20.361+0000] {logging_mixin.py:151} INFO - [2023-11-22T19:01:20.361+0000] {dag.py:3722} INFO - Setting next_dagrun for tutorial to 2023-11-21T19:01:20.361613+00:00, run_after=2023-11-22T19:01:20.361613+00:00
[2023-11-22T19:01:20.368+0000] {processor.py:179} INFO - Processing /home/airflow/.local/lib/python3.8/site-packages/airflow/example_dags/tutorial.py took 0.034 seconds
[2023-11-22T19:01:50.861+0000] {processor.py:157} INFO - Started process (PID=2851) to work on /home/airflow/.local/lib/python3.8/site-packages/airflow/example_dags/tutorial.py
[2023-11-22T19:01:50.861+0000] {processor.py:829} INFO - Processing file /home/airflow/.local/lib/python3.8/site-packages/airflow/example_dags/tutorial.py for tasks to queue
[2023-11-22T19:01:50.862+0000] {logging_mixin.py:151} INFO - [2023-11-22T19:01:50.862+0000] {dagbag.py:536} INFO - Filling up the DagBag from /home/airflow/.local/lib/python3.8/site-packages/airflow/example_dags/tutorial.py
[2023-11-22T19:01:50.866+0000] {processor.py:839} INFO - DAG(s) dict_keys(['tutorial']) retrieved from /home/airflow/.local/lib/python3.8/site-packages/airflow/example_dags/tutorial.py
[2023-11-22T19:01:50.876+0000] {logging_mixin.py:151} INFO - [2023-11-22T19:01:50.875+0000] {dag.py:2941} INFO - Sync 1 DAGs
[2023-11-22T19:01:50.885+0000] {logging_mixin.py:151} INFO - [2023-11-22T19:01:50.885+0000] {dag.py:3722} INFO - Setting next_dagrun for tutorial to 2023-11-21T19:01:50.885466+00:00, run_after=2023-11-22T19:01:50.885466+00:00
[2023-11-22T19:01:50.892+0000] {processor.py:179} INFO - Processing /home/airflow/.local/lib/python3.8/site-packages/airflow/example_dags/tutorial.py took 0.034 seconds
[2023-11-22T19:02:21.612+0000] {processor.py:157} INFO - Started process (PID=2908) to work on /home/airflow/.local/lib/python3.8/site-packages/airflow/example_dags/tutorial.py
[2023-11-22T19:02:21.612+0000] {processor.py:829} INFO - Processing file /home/airflow/.local/lib/python3.8/site-packages/airflow/example_dags/tutorial.py for tasks to queue
[2023-11-22T19:02:21.613+0000] {logging_mixin.py:151} INFO - [2023-11-22T19:02:21.613+0000] {dagbag.py:536} INFO - Filling up the DagBag from /home/airflow/.local/lib/python3.8/site-packages/airflow/example_dags/tutorial.py
[2023-11-22T19:02:21.617+0000] {processor.py:839} INFO - DAG(s) dict_keys(['tutorial']) retrieved from /home/airflow/.local/lib/python3.8/site-packages/airflow/example_dags/tutorial.py
[2023-11-22T19:02:21.626+0000] {logging_mixin.py:151} INFO - [2023-11-22T19:02:21.626+0000] {dag.py:2941} INFO - Sync 1 DAGs
[2023-11-22T19:02:21.636+0000] {logging_mixin.py:151} INFO - [2023-11-22T19:02:21.636+0000] {dag.py:3722} INFO - Setting next_dagrun for tutorial to 2023-11-21T19:02:21.636242+00:00, run_after=2023-11-22T19:02:21.636242+00:00
[2023-11-22T19:02:21.643+0000] {processor.py:179} INFO - Processing /home/airflow/.local/lib/python3.8/site-packages/airflow/example_dags/tutorial.py took 0.033 seconds
[2023-11-22T19:02:52.281+0000] {processor.py:157} INFO - Started process (PID=2965) to work on /home/airflow/.local/lib/python3.8/site-packages/airflow/example_dags/tutorial.py
[2023-11-22T19:02:52.282+0000] {processor.py:829} INFO - Processing file /home/airflow/.local/lib/python3.8/site-packages/airflow/example_dags/tutorial.py for tasks to queue
[2023-11-22T19:02:52.283+0000] {logging_mixin.py:151} INFO - [2023-11-22T19:02:52.283+0000] {dagbag.py:536} INFO - Filling up the DagBag from /home/airflow/.local/lib/python3.8/site-packages/airflow/example_dags/tutorial.py
[2023-11-22T19:02:52.286+0000] {processor.py:839} INFO - DAG(s) dict_keys(['tutorial']) retrieved from /home/airflow/.local/lib/python3.8/site-packages/airflow/example_dags/tutorial.py
[2023-11-22T19:02:52.296+0000] {logging_mixin.py:151} INFO - [2023-11-22T19:02:52.296+0000] {dag.py:2941} INFO - Sync 1 DAGs
[2023-11-22T19:02:52.305+0000] {logging_mixin.py:151} INFO - [2023-11-22T19:02:52.305+0000] {dag.py:3722} INFO - Setting next_dagrun for tutorial to 2023-11-21T19:02:52.305800+00:00, run_after=2023-11-22T19:02:52.305800+00:00
[2023-11-22T19:02:52.313+0000] {processor.py:179} INFO - Processing /home/airflow/.local/lib/python3.8/site-packages/airflow/example_dags/tutorial.py took 0.033 seconds
[2023-11-22T19:03:22.961+0000] {processor.py:157} INFO - Started process (PID=3021) to work on /home/airflow/.local/lib/python3.8/site-packages/airflow/example_dags/tutorial.py
[2023-11-22T19:03:22.962+0000] {processor.py:829} INFO - Processing file /home/airflow/.local/lib/python3.8/site-packages/airflow/example_dags/tutorial.py for tasks to queue
[2023-11-22T19:03:22.963+0000] {logging_mixin.py:151} INFO - [2023-11-22T19:03:22.963+0000] {dagbag.py:536} INFO - Filling up the DagBag from /home/airflow/.local/lib/python3.8/site-packages/airflow/example_dags/tutorial.py
[2023-11-22T19:03:22.966+0000] {processor.py:839} INFO - DAG(s) dict_keys(['tutorial']) retrieved from /home/airflow/.local/lib/python3.8/site-packages/airflow/example_dags/tutorial.py
[2023-11-22T19:03:22.976+0000] {logging_mixin.py:151} INFO - [2023-11-22T19:03:22.976+0000] {dag.py:2941} INFO - Sync 1 DAGs
[2023-11-22T19:03:22.986+0000] {logging_mixin.py:151} INFO - [2023-11-22T19:03:22.986+0000] {dag.py:3722} INFO - Setting next_dagrun for tutorial to 2023-11-21T19:03:22.986163+00:00, run_after=2023-11-22T19:03:22.986163+00:00
[2023-11-22T19:03:22.993+0000] {processor.py:179} INFO - Processing /home/airflow/.local/lib/python3.8/site-packages/airflow/example_dags/tutorial.py took 0.034 seconds
[2023-11-22T19:03:53.637+0000] {processor.py:157} INFO - Started process (PID=3078) to work on /home/airflow/.local/lib/python3.8/site-packages/airflow/example_dags/tutorial.py
[2023-11-22T19:03:53.637+0000] {processor.py:829} INFO - Processing file /home/airflow/.local/lib/python3.8/site-packages/airflow/example_dags/tutorial.py for tasks to queue
[2023-11-22T19:03:53.639+0000] {logging_mixin.py:151} INFO - [2023-11-22T19:03:53.638+0000] {dagbag.py:536} INFO - Filling up the DagBag from /home/airflow/.local/lib/python3.8/site-packages/airflow/example_dags/tutorial.py
[2023-11-22T19:03:53.642+0000] {processor.py:839} INFO - DAG(s) dict_keys(['tutorial']) retrieved from /home/airflow/.local/lib/python3.8/site-packages/airflow/example_dags/tutorial.py
[2023-11-22T19:03:53.652+0000] {logging_mixin.py:151} INFO - [2023-11-22T19:03:53.652+0000] {dag.py:2941} INFO - Sync 1 DAGs
[2023-11-22T19:03:53.661+0000] {logging_mixin.py:151} INFO - [2023-11-22T19:03:53.661+0000] {dag.py:3722} INFO - Setting next_dagrun for tutorial to 2023-11-21T19:03:53.661668+00:00, run_after=2023-11-22T19:03:53.661668+00:00
[2023-11-22T19:03:53.669+0000] {processor.py:179} INFO - Processing /home/airflow/.local/lib/python3.8/site-packages/airflow/example_dags/tutorial.py took 0.034 seconds
[2023-11-22T19:04:24.294+0000] {processor.py:157} INFO - Started process (PID=3135) to work on /home/airflow/.local/lib/python3.8/site-packages/airflow/example_dags/tutorial.py
[2023-11-22T19:04:24.295+0000] {processor.py:829} INFO - Processing file /home/airflow/.local/lib/python3.8/site-packages/airflow/example_dags/tutorial.py for tasks to queue
[2023-11-22T19:04:24.296+0000] {logging_mixin.py:151} INFO - [2023-11-22T19:04:24.296+0000] {dagbag.py:536} INFO - Filling up the DagBag from /home/airflow/.local/lib/python3.8/site-packages/airflow/example_dags/tutorial.py
[2023-11-22T19:04:24.299+0000] {processor.py:839} INFO - DAG(s) dict_keys(['tutorial']) retrieved from /home/airflow/.local/lib/python3.8/site-packages/airflow/example_dags/tutorial.py
[2023-11-22T19:04:24.308+0000] {logging_mixin.py:151} INFO - [2023-11-22T19:04:24.308+0000] {dag.py:2941} INFO - Sync 1 DAGs
[2023-11-22T19:04:24.318+0000] {logging_mixin.py:151} INFO - [2023-11-22T19:04:24.318+0000] {dag.py:3722} INFO - Setting next_dagrun for tutorial to 2023-11-21T19:04:24.317996+00:00, run_after=2023-11-22T19:04:24.317996+00:00
[2023-11-22T19:04:24.325+0000] {processor.py:179} INFO - Processing /home/airflow/.local/lib/python3.8/site-packages/airflow/example_dags/tutorial.py took 0.033 seconds
[2023-11-22T19:04:54.939+0000] {processor.py:157} INFO - Started process (PID=3192) to work on /home/airflow/.local/lib/python3.8/site-packages/airflow/example_dags/tutorial.py
[2023-11-22T19:04:54.940+0000] {processor.py:829} INFO - Processing file /home/airflow/.local/lib/python3.8/site-packages/airflow/example_dags/tutorial.py for tasks to queue
[2023-11-22T19:04:54.941+0000] {logging_mixin.py:151} INFO - [2023-11-22T19:04:54.941+0000] {dagbag.py:536} INFO - Filling up the DagBag from /home/airflow/.local/lib/python3.8/site-packages/airflow/example_dags/tutorial.py
[2023-11-22T19:04:54.944+0000] {processor.py:839} INFO - DAG(s) dict_keys(['tutorial']) retrieved from /home/airflow/.local/lib/python3.8/site-packages/airflow/example_dags/tutorial.py
[2023-11-22T19:04:54.953+0000] {logging_mixin.py:151} INFO - [2023-11-22T19:04:54.953+0000] {dag.py:2941} INFO - Sync 1 DAGs
[2023-11-22T19:04:54.962+0000] {logging_mixin.py:151} INFO - [2023-11-22T19:04:54.962+0000] {dag.py:3722} INFO - Setting next_dagrun for tutorial to 2023-11-21T19:04:54.962778+00:00, run_after=2023-11-22T19:04:54.962778+00:00
[2023-11-22T19:04:54.970+0000] {processor.py:179} INFO - Processing /home/airflow/.local/lib/python3.8/site-packages/airflow/example_dags/tutorial.py took 0.032 seconds
[2023-11-22T19:05:25.529+0000] {processor.py:157} INFO - Started process (PID=3250) to work on /home/airflow/.local/lib/python3.8/site-packages/airflow/example_dags/tutorial.py
[2023-11-22T19:05:25.530+0000] {processor.py:829} INFO - Processing file /home/airflow/.local/lib/python3.8/site-packages/airflow/example_dags/tutorial.py for tasks to queue
[2023-11-22T19:05:25.531+0000] {logging_mixin.py:151} INFO - [2023-11-22T19:05:25.531+0000] {dagbag.py:536} INFO - Filling up the DagBag from /home/airflow/.local/lib/python3.8/site-packages/airflow/example_dags/tutorial.py
[2023-11-22T19:05:25.534+0000] {processor.py:839} INFO - DAG(s) dict_keys(['tutorial']) retrieved from /home/airflow/.local/lib/python3.8/site-packages/airflow/example_dags/tutorial.py
[2023-11-22T19:05:25.544+0000] {logging_mixin.py:151} INFO - [2023-11-22T19:05:25.544+0000] {dag.py:2941} INFO - Sync 1 DAGs
[2023-11-22T19:05:25.553+0000] {logging_mixin.py:151} INFO - [2023-11-22T19:05:25.553+0000] {dag.py:3722} INFO - Setting next_dagrun for tutorial to 2023-11-21T19:05:25.553651+00:00, run_after=2023-11-22T19:05:25.553651+00:00
[2023-11-22T19:05:25.561+0000] {processor.py:179} INFO - Processing /home/airflow/.local/lib/python3.8/site-packages/airflow/example_dags/tutorial.py took 0.033 seconds
[2023-11-22T19:05:56.192+0000] {processor.py:157} INFO - Started process (PID=3307) to work on /home/airflow/.local/lib/python3.8/site-packages/airflow/example_dags/tutorial.py
[2023-11-22T19:05:56.193+0000] {processor.py:829} INFO - Processing file /home/airflow/.local/lib/python3.8/site-packages/airflow/example_dags/tutorial.py for tasks to queue
[2023-11-22T19:05:56.194+0000] {logging_mixin.py:151} INFO - [2023-11-22T19:05:56.194+0000] {dagbag.py:536} INFO - Filling up the DagBag from /home/airflow/.local/lib/python3.8/site-packages/airflow/example_dags/tutorial.py
[2023-11-22T19:05:56.198+0000] {processor.py:839} INFO - DAG(s) dict_keys(['tutorial']) retrieved from /home/airflow/.local/lib/python3.8/site-packages/airflow/example_dags/tutorial.py
[2023-11-22T19:05:56.208+0000] {logging_mixin.py:151} INFO - [2023-11-22T19:05:56.208+0000] {dag.py:2941} INFO - Sync 1 DAGs
[2023-11-22T19:05:56.218+0000] {logging_mixin.py:151} INFO - [2023-11-22T19:05:56.218+0000] {dag.py:3722} INFO - Setting next_dagrun for tutorial to 2023-11-21T19:05:56.218339+00:00, run_after=2023-11-22T19:05:56.218339+00:00
[2023-11-22T19:05:56.225+0000] {processor.py:179} INFO - Processing /home/airflow/.local/lib/python3.8/site-packages/airflow/example_dags/tutorial.py took 0.035 seconds
[2023-11-22T19:06:26.787+0000] {processor.py:157} INFO - Started process (PID=3364) to work on /home/airflow/.local/lib/python3.8/site-packages/airflow/example_dags/tutorial.py
[2023-11-22T19:06:26.788+0000] {processor.py:829} INFO - Processing file /home/airflow/.local/lib/python3.8/site-packages/airflow/example_dags/tutorial.py for tasks to queue
[2023-11-22T19:06:26.789+0000] {logging_mixin.py:151} INFO - [2023-11-22T19:06:26.789+0000] {dagbag.py:536} INFO - Filling up the DagBag from /home/airflow/.local/lib/python3.8/site-packages/airflow/example_dags/tutorial.py
[2023-11-22T19:06:26.792+0000] {processor.py:839} INFO - DAG(s) dict_keys(['tutorial']) retrieved from /home/airflow/.local/lib/python3.8/site-packages/airflow/example_dags/tutorial.py
[2023-11-22T19:06:26.802+0000] {logging_mixin.py:151} INFO - [2023-11-22T19:06:26.802+0000] {dag.py:2941} INFO - Sync 1 DAGs
[2023-11-22T19:06:26.811+0000] {logging_mixin.py:151} INFO - [2023-11-22T19:06:26.811+0000] {dag.py:3722} INFO - Setting next_dagrun for tutorial to 2023-11-21T19:06:26.811487+00:00, run_after=2023-11-22T19:06:26.811487+00:00
[2023-11-22T19:06:26.819+0000] {processor.py:179} INFO - Processing /home/airflow/.local/lib/python3.8/site-packages/airflow/example_dags/tutorial.py took 0.033 seconds
[2023-11-22T19:06:57.337+0000] {processor.py:157} INFO - Started process (PID=3421) to work on /home/airflow/.local/lib/python3.8/site-packages/airflow/example_dags/tutorial.py
[2023-11-22T19:06:57.337+0000] {processor.py:829} INFO - Processing file /home/airflow/.local/lib/python3.8/site-packages/airflow/example_dags/tutorial.py for tasks to queue
[2023-11-22T19:06:57.339+0000] {logging_mixin.py:151} INFO - [2023-11-22T19:06:57.339+0000] {dagbag.py:536} INFO - Filling up the DagBag from /home/airflow/.local/lib/python3.8/site-packages/airflow/example_dags/tutorial.py
[2023-11-22T19:06:57.342+0000] {processor.py:839} INFO - DAG(s) dict_keys(['tutorial']) retrieved from /home/airflow/.local/lib/python3.8/site-packages/airflow/example_dags/tutorial.py
[2023-11-22T19:06:57.354+0000] {logging_mixin.py:151} INFO - [2023-11-22T19:06:57.354+0000] {dag.py:2941} INFO - Sync 1 DAGs
[2023-11-22T19:06:57.364+0000] {logging_mixin.py:151} INFO - [2023-11-22T19:06:57.364+0000] {dag.py:3722} INFO - Setting next_dagrun for tutorial to 2023-11-21T19:06:57.364682+00:00, run_after=2023-11-22T19:06:57.364682+00:00
[2023-11-22T19:06:57.373+0000] {processor.py:179} INFO - Processing /home/airflow/.local/lib/python3.8/site-packages/airflow/example_dags/tutorial.py took 0.038 seconds
[2023-11-22T19:07:27.799+0000] {processor.py:157} INFO - Started process (PID=3478) to work on /home/airflow/.local/lib/python3.8/site-packages/airflow/example_dags/tutorial.py
[2023-11-22T19:07:27.800+0000] {processor.py:829} INFO - Processing file /home/airflow/.local/lib/python3.8/site-packages/airflow/example_dags/tutorial.py for tasks to queue
[2023-11-22T19:07:27.801+0000] {logging_mixin.py:151} INFO - [2023-11-22T19:07:27.801+0000] {dagbag.py:536} INFO - Filling up the DagBag from /home/airflow/.local/lib/python3.8/site-packages/airflow/example_dags/tutorial.py
[2023-11-22T19:07:27.804+0000] {processor.py:839} INFO - DAG(s) dict_keys(['tutorial']) retrieved from /home/airflow/.local/lib/python3.8/site-packages/airflow/example_dags/tutorial.py
[2023-11-22T19:07:27.814+0000] {logging_mixin.py:151} INFO - [2023-11-22T19:07:27.814+0000] {dag.py:2941} INFO - Sync 1 DAGs
[2023-11-22T19:07:27.823+0000] {logging_mixin.py:151} INFO - [2023-11-22T19:07:27.823+0000] {dag.py:3722} INFO - Setting next_dagrun for tutorial to 2023-11-21T19:07:27.823141+00:00, run_after=2023-11-22T19:07:27.823141+00:00
[2023-11-22T19:07:27.830+0000] {processor.py:179} INFO - Processing /home/airflow/.local/lib/python3.8/site-packages/airflow/example_dags/tutorial.py took 0.032 seconds
[2023-11-22T19:07:58.419+0000] {processor.py:157} INFO - Started process (PID=3535) to work on /home/airflow/.local/lib/python3.8/site-packages/airflow/example_dags/tutorial.py
[2023-11-22T19:07:58.420+0000] {processor.py:829} INFO - Processing file /home/airflow/.local/lib/python3.8/site-packages/airflow/example_dags/tutorial.py for tasks to queue
[2023-11-22T19:07:58.421+0000] {logging_mixin.py:151} INFO - [2023-11-22T19:07:58.421+0000] {dagbag.py:536} INFO - Filling up the DagBag from /home/airflow/.local/lib/python3.8/site-packages/airflow/example_dags/tutorial.py
[2023-11-22T19:07:58.424+0000] {processor.py:839} INFO - DAG(s) dict_keys(['tutorial']) retrieved from /home/airflow/.local/lib/python3.8/site-packages/airflow/example_dags/tutorial.py
[2023-11-22T19:07:58.433+0000] {logging_mixin.py:151} INFO - [2023-11-22T19:07:58.433+0000] {dag.py:2941} INFO - Sync 1 DAGs
[2023-11-22T19:07:58.443+0000] {logging_mixin.py:151} INFO - [2023-11-22T19:07:58.443+0000] {dag.py:3722} INFO - Setting next_dagrun for tutorial to 2023-11-21T19:07:58.442937+00:00, run_after=2023-11-22T19:07:58.442937+00:00
[2023-11-22T19:07:58.449+0000] {processor.py:179} INFO - Processing /home/airflow/.local/lib/python3.8/site-packages/airflow/example_dags/tutorial.py took 0.032 seconds
[2023-11-22T19:08:28.969+0000] {processor.py:157} INFO - Started process (PID=3592) to work on /home/airflow/.local/lib/python3.8/site-packages/airflow/example_dags/tutorial.py
[2023-11-22T19:08:28.970+0000] {processor.py:829} INFO - Processing file /home/airflow/.local/lib/python3.8/site-packages/airflow/example_dags/tutorial.py for tasks to queue
[2023-11-22T19:08:28.971+0000] {logging_mixin.py:151} INFO - [2023-11-22T19:08:28.971+0000] {dagbag.py:536} INFO - Filling up the DagBag from /home/airflow/.local/lib/python3.8/site-packages/airflow/example_dags/tutorial.py
[2023-11-22T19:08:28.974+0000] {processor.py:839} INFO - DAG(s) dict_keys(['tutorial']) retrieved from /home/airflow/.local/lib/python3.8/site-packages/airflow/example_dags/tutorial.py
[2023-11-22T19:08:28.983+0000] {logging_mixin.py:151} INFO - [2023-11-22T19:08:28.983+0000] {dag.py:2941} INFO - Sync 1 DAGs
[2023-11-22T19:08:28.992+0000] {logging_mixin.py:151} INFO - [2023-11-22T19:08:28.992+0000] {dag.py:3722} INFO - Setting next_dagrun for tutorial to 2023-11-21T19:08:28.992774+00:00, run_after=2023-11-22T19:08:28.992774+00:00
[2023-11-22T19:08:28.999+0000] {processor.py:179} INFO - Processing /home/airflow/.local/lib/python3.8/site-packages/airflow/example_dags/tutorial.py took 0.031 seconds
[2023-11-22T19:08:59.581+0000] {processor.py:157} INFO - Started process (PID=3649) to work on /home/airflow/.local/lib/python3.8/site-packages/airflow/example_dags/tutorial.py
[2023-11-22T19:08:59.582+0000] {processor.py:829} INFO - Processing file /home/airflow/.local/lib/python3.8/site-packages/airflow/example_dags/tutorial.py for tasks to queue
[2023-11-22T19:08:59.583+0000] {logging_mixin.py:151} INFO - [2023-11-22T19:08:59.583+0000] {dagbag.py:536} INFO - Filling up the DagBag from /home/airflow/.local/lib/python3.8/site-packages/airflow/example_dags/tutorial.py
[2023-11-22T19:08:59.586+0000] {processor.py:839} INFO - DAG(s) dict_keys(['tutorial']) retrieved from /home/airflow/.local/lib/python3.8/site-packages/airflow/example_dags/tutorial.py
[2023-11-22T19:08:59.595+0000] {logging_mixin.py:151} INFO - [2023-11-22T19:08:59.595+0000] {dag.py:2941} INFO - Sync 1 DAGs
[2023-11-22T19:08:59.605+0000] {logging_mixin.py:151} INFO - [2023-11-22T19:08:59.605+0000] {dag.py:3722} INFO - Setting next_dagrun for tutorial to 2023-11-21T19:08:59.605224+00:00, run_after=2023-11-22T19:08:59.605224+00:00
[2023-11-22T19:08:59.612+0000] {processor.py:179} INFO - Processing /home/airflow/.local/lib/python3.8/site-packages/airflow/example_dags/tutorial.py took 0.033 seconds
[2023-11-22T19:09:30.155+0000] {processor.py:157} INFO - Started process (PID=3706) to work on /home/airflow/.local/lib/python3.8/site-packages/airflow/example_dags/tutorial.py
[2023-11-22T19:09:30.155+0000] {processor.py:829} INFO - Processing file /home/airflow/.local/lib/python3.8/site-packages/airflow/example_dags/tutorial.py for tasks to queue
[2023-11-22T19:09:30.156+0000] {logging_mixin.py:151} INFO - [2023-11-22T19:09:30.156+0000] {dagbag.py:536} INFO - Filling up the DagBag from /home/airflow/.local/lib/python3.8/site-packages/airflow/example_dags/tutorial.py
[2023-11-22T19:09:30.159+0000] {processor.py:839} INFO - DAG(s) dict_keys(['tutorial']) retrieved from /home/airflow/.local/lib/python3.8/site-packages/airflow/example_dags/tutorial.py
[2023-11-22T19:09:30.169+0000] {logging_mixin.py:151} INFO - [2023-11-22T19:09:30.168+0000] {dag.py:2941} INFO - Sync 1 DAGs
[2023-11-22T19:09:30.177+0000] {logging_mixin.py:151} INFO - [2023-11-22T19:09:30.177+0000] {dag.py:3722} INFO - Setting next_dagrun for tutorial to 2023-11-21T19:09:30.177265+00:00, run_after=2023-11-22T19:09:30.177265+00:00
[2023-11-22T19:09:30.183+0000] {processor.py:179} INFO - Processing /home/airflow/.local/lib/python3.8/site-packages/airflow/example_dags/tutorial.py took 0.030 seconds
[2023-11-22T19:10:00.809+0000] {processor.py:157} INFO - Started process (PID=3763) to work on /home/airflow/.local/lib/python3.8/site-packages/airflow/example_dags/tutorial.py
[2023-11-22T19:10:00.809+0000] {processor.py:829} INFO - Processing file /home/airflow/.local/lib/python3.8/site-packages/airflow/example_dags/tutorial.py for tasks to queue
[2023-11-22T19:10:00.810+0000] {logging_mixin.py:151} INFO - [2023-11-22T19:10:00.810+0000] {dagbag.py:536} INFO - Filling up the DagBag from /home/airflow/.local/lib/python3.8/site-packages/airflow/example_dags/tutorial.py
[2023-11-22T19:10:00.814+0000] {processor.py:839} INFO - DAG(s) dict_keys(['tutorial']) retrieved from /home/airflow/.local/lib/python3.8/site-packages/airflow/example_dags/tutorial.py
[2023-11-22T19:10:00.824+0000] {logging_mixin.py:151} INFO - [2023-11-22T19:10:00.824+0000] {dag.py:2941} INFO - Sync 1 DAGs
[2023-11-22T19:10:00.833+0000] {logging_mixin.py:151} INFO - [2023-11-22T19:10:00.833+0000] {dag.py:3722} INFO - Setting next_dagrun for tutorial to 2023-11-21T19:10:00.833365+00:00, run_after=2023-11-22T19:10:00.833365+00:00
[2023-11-22T19:10:00.840+0000] {processor.py:179} INFO - Processing /home/airflow/.local/lib/python3.8/site-packages/airflow/example_dags/tutorial.py took 0.034 seconds
[2023-11-22T19:10:31.396+0000] {processor.py:157} INFO - Started process (PID=3820) to work on /home/airflow/.local/lib/python3.8/site-packages/airflow/example_dags/tutorial.py
[2023-11-22T19:10:31.396+0000] {processor.py:829} INFO - Processing file /home/airflow/.local/lib/python3.8/site-packages/airflow/example_dags/tutorial.py for tasks to queue
[2023-11-22T19:10:31.397+0000] {logging_mixin.py:151} INFO - [2023-11-22T19:10:31.397+0000] {dagbag.py:536} INFO - Filling up the DagBag from /home/airflow/.local/lib/python3.8/site-packages/airflow/example_dags/tutorial.py
[2023-11-22T19:10:31.400+0000] {processor.py:839} INFO - DAG(s) dict_keys(['tutorial']) retrieved from /home/airflow/.local/lib/python3.8/site-packages/airflow/example_dags/tutorial.py
[2023-11-22T19:10:31.410+0000] {logging_mixin.py:151} INFO - [2023-11-22T19:10:31.409+0000] {dag.py:2941} INFO - Sync 1 DAGs
[2023-11-22T19:10:31.419+0000] {logging_mixin.py:151} INFO - [2023-11-22T19:10:31.419+0000] {dag.py:3722} INFO - Setting next_dagrun for tutorial to 2023-11-21T19:10:31.418954+00:00, run_after=2023-11-22T19:10:31.418954+00:00
[2023-11-22T19:10:31.425+0000] {processor.py:179} INFO - Processing /home/airflow/.local/lib/python3.8/site-packages/airflow/example_dags/tutorial.py took 0.031 seconds
[2023-11-22T19:11:01.988+0000] {processor.py:157} INFO - Started process (PID=3877) to work on /home/airflow/.local/lib/python3.8/site-packages/airflow/example_dags/tutorial.py
[2023-11-22T19:11:01.989+0000] {processor.py:829} INFO - Processing file /home/airflow/.local/lib/python3.8/site-packages/airflow/example_dags/tutorial.py for tasks to queue
[2023-11-22T19:11:01.990+0000] {logging_mixin.py:151} INFO - [2023-11-22T19:11:01.990+0000] {dagbag.py:536} INFO - Filling up the DagBag from /home/airflow/.local/lib/python3.8/site-packages/airflow/example_dags/tutorial.py
[2023-11-22T19:11:01.993+0000] {processor.py:839} INFO - DAG(s) dict_keys(['tutorial']) retrieved from /home/airflow/.local/lib/python3.8/site-packages/airflow/example_dags/tutorial.py
[2023-11-22T19:11:02.003+0000] {logging_mixin.py:151} INFO - [2023-11-22T19:11:02.003+0000] {dag.py:2941} INFO - Sync 1 DAGs
[2023-11-22T19:11:02.012+0000] {logging_mixin.py:151} INFO - [2023-11-22T19:11:02.012+0000] {dag.py:3722} INFO - Setting next_dagrun for tutorial to 2023-11-21T19:11:02.012319+00:00, run_after=2023-11-22T19:11:02.012319+00:00
[2023-11-22T19:11:02.018+0000] {processor.py:179} INFO - Processing /home/airflow/.local/lib/python3.8/site-packages/airflow/example_dags/tutorial.py took 0.032 seconds
[2023-11-22T19:11:32.520+0000] {processor.py:157} INFO - Started process (PID=3934) to work on /home/airflow/.local/lib/python3.8/site-packages/airflow/example_dags/tutorial.py
[2023-11-22T19:11:32.520+0000] {processor.py:829} INFO - Processing file /home/airflow/.local/lib/python3.8/site-packages/airflow/example_dags/tutorial.py for tasks to queue
[2023-11-22T19:11:32.521+0000] {logging_mixin.py:151} INFO - [2023-11-22T19:11:32.521+0000] {dagbag.py:536} INFO - Filling up the DagBag from /home/airflow/.local/lib/python3.8/site-packages/airflow/example_dags/tutorial.py
[2023-11-22T19:11:32.524+0000] {processor.py:839} INFO - DAG(s) dict_keys(['tutorial']) retrieved from /home/airflow/.local/lib/python3.8/site-packages/airflow/example_dags/tutorial.py
[2023-11-22T19:11:32.533+0000] {logging_mixin.py:151} INFO - [2023-11-22T19:11:32.533+0000] {dag.py:2941} INFO - Sync 1 DAGs
[2023-11-22T19:11:32.542+0000] {logging_mixin.py:151} INFO - [2023-11-22T19:11:32.542+0000] {dag.py:3722} INFO - Setting next_dagrun for tutorial to 2023-11-21T19:11:32.542289+00:00, run_after=2023-11-22T19:11:32.542289+00:00
[2023-11-22T19:11:32.549+0000] {processor.py:179} INFO - Processing /home/airflow/.local/lib/python3.8/site-packages/airflow/example_dags/tutorial.py took 0.030 seconds
[2023-11-22T19:12:03.310+0000] {processor.py:157} INFO - Started process (PID=3991) to work on /home/airflow/.local/lib/python3.8/site-packages/airflow/example_dags/tutorial.py
[2023-11-22T19:12:03.311+0000] {processor.py:829} INFO - Processing file /home/airflow/.local/lib/python3.8/site-packages/airflow/example_dags/tutorial.py for tasks to queue
[2023-11-22T19:12:03.312+0000] {logging_mixin.py:151} INFO - [2023-11-22T19:12:03.312+0000] {dagbag.py:536} INFO - Filling up the DagBag from /home/airflow/.local/lib/python3.8/site-packages/airflow/example_dags/tutorial.py
[2023-11-22T19:12:03.315+0000] {processor.py:839} INFO - DAG(s) dict_keys(['tutorial']) retrieved from /home/airflow/.local/lib/python3.8/site-packages/airflow/example_dags/tutorial.py
[2023-11-22T19:12:03.325+0000] {logging_mixin.py:151} INFO - [2023-11-22T19:12:03.325+0000] {dag.py:2941} INFO - Sync 1 DAGs
[2023-11-22T19:12:03.334+0000] {logging_mixin.py:151} INFO - [2023-11-22T19:12:03.334+0000] {dag.py:3722} INFO - Setting next_dagrun for tutorial to 2023-11-21T19:12:03.334402+00:00, run_after=2023-11-22T19:12:03.334402+00:00
[2023-11-22T19:12:03.341+0000] {processor.py:179} INFO - Processing /home/airflow/.local/lib/python3.8/site-packages/airflow/example_dags/tutorial.py took 0.032 seconds
[2023-11-22T19:12:34.105+0000] {processor.py:157} INFO - Started process (PID=4047) to work on /home/airflow/.local/lib/python3.8/site-packages/airflow/example_dags/tutorial.py
[2023-11-22T19:12:34.105+0000] {processor.py:829} INFO - Processing file /home/airflow/.local/lib/python3.8/site-packages/airflow/example_dags/tutorial.py for tasks to queue
[2023-11-22T19:12:34.106+0000] {logging_mixin.py:151} INFO - [2023-11-22T19:12:34.106+0000] {dagbag.py:536} INFO - Filling up the DagBag from /home/airflow/.local/lib/python3.8/site-packages/airflow/example_dags/tutorial.py
[2023-11-22T19:12:34.109+0000] {processor.py:839} INFO - DAG(s) dict_keys(['tutorial']) retrieved from /home/airflow/.local/lib/python3.8/site-packages/airflow/example_dags/tutorial.py
[2023-11-22T19:12:34.119+0000] {logging_mixin.py:151} INFO - [2023-11-22T19:12:34.119+0000] {dag.py:2941} INFO - Sync 1 DAGs
[2023-11-22T19:12:34.128+0000] {logging_mixin.py:151} INFO - [2023-11-22T19:12:34.128+0000] {dag.py:3722} INFO - Setting next_dagrun for tutorial to 2023-11-21T19:12:34.127914+00:00, run_after=2023-11-22T19:12:34.127914+00:00
[2023-11-22T19:12:34.135+0000] {processor.py:179} INFO - Processing /home/airflow/.local/lib/python3.8/site-packages/airflow/example_dags/tutorial.py took 0.031 seconds
[2023-11-22T19:13:04.808+0000] {processor.py:157} INFO - Started process (PID=4104) to work on /home/airflow/.local/lib/python3.8/site-packages/airflow/example_dags/tutorial.py
[2023-11-22T19:13:04.808+0000] {processor.py:829} INFO - Processing file /home/airflow/.local/lib/python3.8/site-packages/airflow/example_dags/tutorial.py for tasks to queue
[2023-11-22T19:13:04.809+0000] {logging_mixin.py:151} INFO - [2023-11-22T19:13:04.809+0000] {dagbag.py:536} INFO - Filling up the DagBag from /home/airflow/.local/lib/python3.8/site-packages/airflow/example_dags/tutorial.py
[2023-11-22T19:13:04.812+0000] {processor.py:839} INFO - DAG(s) dict_keys(['tutorial']) retrieved from /home/airflow/.local/lib/python3.8/site-packages/airflow/example_dags/tutorial.py
[2023-11-22T19:13:04.823+0000] {logging_mixin.py:151} INFO - [2023-11-22T19:13:04.823+0000] {dag.py:2941} INFO - Sync 1 DAGs
[2023-11-22T19:13:04.832+0000] {logging_mixin.py:151} INFO - [2023-11-22T19:13:04.832+0000] {dag.py:3722} INFO - Setting next_dagrun for tutorial to 2023-11-21T19:13:04.832341+00:00, run_after=2023-11-22T19:13:04.832341+00:00
[2023-11-22T19:13:04.839+0000] {processor.py:179} INFO - Processing /home/airflow/.local/lib/python3.8/site-packages/airflow/example_dags/tutorial.py took 0.034 seconds
[2023-11-22T19:13:35.398+0000] {processor.py:157} INFO - Started process (PID=4161) to work on /home/airflow/.local/lib/python3.8/site-packages/airflow/example_dags/tutorial.py
[2023-11-22T19:13:35.398+0000] {processor.py:829} INFO - Processing file /home/airflow/.local/lib/python3.8/site-packages/airflow/example_dags/tutorial.py for tasks to queue
[2023-11-22T19:13:35.399+0000] {logging_mixin.py:151} INFO - [2023-11-22T19:13:35.399+0000] {dagbag.py:536} INFO - Filling up the DagBag from /home/airflow/.local/lib/python3.8/site-packages/airflow/example_dags/tutorial.py
[2023-11-22T19:13:35.402+0000] {processor.py:839} INFO - DAG(s) dict_keys(['tutorial']) retrieved from /home/airflow/.local/lib/python3.8/site-packages/airflow/example_dags/tutorial.py
[2023-11-22T19:13:35.411+0000] {logging_mixin.py:151} INFO - [2023-11-22T19:13:35.411+0000] {dag.py:2941} INFO - Sync 1 DAGs
[2023-11-22T19:13:35.420+0000] {logging_mixin.py:151} INFO - [2023-11-22T19:13:35.420+0000] {dag.py:3722} INFO - Setting next_dagrun for tutorial to 2023-11-21T19:13:35.420328+00:00, run_after=2023-11-22T19:13:35.420328+00:00
[2023-11-22T19:13:35.427+0000] {processor.py:179} INFO - Processing /home/airflow/.local/lib/python3.8/site-packages/airflow/example_dags/tutorial.py took 0.031 seconds
