[2023-11-22T18:36:48.528+0000] {processor.py:157} INFO - Started process (PID=60) to work on /home/airflow/.local/lib/python3.8/site-packages/airflow/example_dags/tutorial_dag.py
[2023-11-22T18:36:48.530+0000] {processor.py:829} INFO - Processing file /home/airflow/.local/lib/python3.8/site-packages/airflow/example_dags/tutorial_dag.py for tasks to queue
[2023-11-22T18:36:48.533+0000] {logging_mixin.py:151} INFO - [2023-11-22T18:36:48.532+0000] {dagbag.py:536} INFO - Filling up the DagBag from /home/airflow/.local/lib/python3.8/site-packages/airflow/example_dags/tutorial_dag.py
[2023-11-22T18:36:48.541+0000] {processor.py:839} INFO - DAG(s) dict_keys(['tutorial_dag']) retrieved from /home/airflow/.local/lib/python3.8/site-packages/airflow/example_dags/tutorial_dag.py
[2023-11-22T18:36:48.555+0000] {logging_mixin.py:151} INFO - [2023-11-22T18:36:48.554+0000] {dag.py:2941} INFO - Sync 1 DAGs
[2023-11-22T18:36:48.574+0000] {logging_mixin.py:151} INFO - [2023-11-22T18:36:48.574+0000] {dag.py:3722} INFO - Setting next_dagrun for tutorial_dag to None, run_after=None
[2023-11-22T18:36:48.598+0000] {processor.py:179} INFO - Processing /home/airflow/.local/lib/python3.8/site-packages/airflow/example_dags/tutorial_dag.py took 0.074 seconds
[2023-11-22T18:37:19.026+0000] {processor.py:157} INFO - Started process (PID=117) to work on /home/airflow/.local/lib/python3.8/site-packages/airflow/example_dags/tutorial_dag.py
[2023-11-22T18:37:19.027+0000] {processor.py:829} INFO - Processing file /home/airflow/.local/lib/python3.8/site-packages/airflow/example_dags/tutorial_dag.py for tasks to queue
[2023-11-22T18:37:19.028+0000] {logging_mixin.py:151} INFO - [2023-11-22T18:37:19.028+0000] {dagbag.py:536} INFO - Filling up the DagBag from /home/airflow/.local/lib/python3.8/site-packages/airflow/example_dags/tutorial_dag.py
[2023-11-22T18:37:19.031+0000] {processor.py:839} INFO - DAG(s) dict_keys(['tutorial_dag']) retrieved from /home/airflow/.local/lib/python3.8/site-packages/airflow/example_dags/tutorial_dag.py
[2023-11-22T18:37:19.040+0000] {logging_mixin.py:151} INFO - [2023-11-22T18:37:19.040+0000] {dag.py:2941} INFO - Sync 1 DAGs
[2023-11-22T18:37:19.045+0000] {logging_mixin.py:151} INFO - [2023-11-22T18:37:19.045+0000] {dag.py:3722} INFO - Setting next_dagrun for tutorial_dag to None, run_after=None
[2023-11-22T18:37:19.053+0000] {processor.py:179} INFO - Processing /home/airflow/.local/lib/python3.8/site-packages/airflow/example_dags/tutorial_dag.py took 0.028 seconds
[2023-11-22T18:37:50.030+0000] {processor.py:157} INFO - Started process (PID=174) to work on /home/airflow/.local/lib/python3.8/site-packages/airflow/example_dags/tutorial_dag.py
[2023-11-22T18:37:50.031+0000] {processor.py:829} INFO - Processing file /home/airflow/.local/lib/python3.8/site-packages/airflow/example_dags/tutorial_dag.py for tasks to queue
[2023-11-22T18:37:50.032+0000] {logging_mixin.py:151} INFO - [2023-11-22T18:37:50.032+0000] {dagbag.py:536} INFO - Filling up the DagBag from /home/airflow/.local/lib/python3.8/site-packages/airflow/example_dags/tutorial_dag.py
[2023-11-22T18:37:50.035+0000] {processor.py:839} INFO - DAG(s) dict_keys(['tutorial_dag']) retrieved from /home/airflow/.local/lib/python3.8/site-packages/airflow/example_dags/tutorial_dag.py
[2023-11-22T18:37:50.045+0000] {logging_mixin.py:151} INFO - [2023-11-22T18:37:50.045+0000] {dag.py:2941} INFO - Sync 1 DAGs
[2023-11-22T18:37:50.051+0000] {logging_mixin.py:151} INFO - [2023-11-22T18:37:50.051+0000] {dag.py:3722} INFO - Setting next_dagrun for tutorial_dag to None, run_after=None
[2023-11-22T18:37:50.058+0000] {processor.py:179} INFO - Processing /home/airflow/.local/lib/python3.8/site-packages/airflow/example_dags/tutorial_dag.py took 0.030 seconds
[2023-11-22T18:38:20.822+0000] {processor.py:157} INFO - Started process (PID=231) to work on /home/airflow/.local/lib/python3.8/site-packages/airflow/example_dags/tutorial_dag.py
[2023-11-22T18:38:20.822+0000] {processor.py:829} INFO - Processing file /home/airflow/.local/lib/python3.8/site-packages/airflow/example_dags/tutorial_dag.py for tasks to queue
[2023-11-22T18:38:20.823+0000] {logging_mixin.py:151} INFO - [2023-11-22T18:38:20.823+0000] {dagbag.py:536} INFO - Filling up the DagBag from /home/airflow/.local/lib/python3.8/site-packages/airflow/example_dags/tutorial_dag.py
[2023-11-22T18:38:20.826+0000] {processor.py:839} INFO - DAG(s) dict_keys(['tutorial_dag']) retrieved from /home/airflow/.local/lib/python3.8/site-packages/airflow/example_dags/tutorial_dag.py
[2023-11-22T18:38:20.836+0000] {logging_mixin.py:151} INFO - [2023-11-22T18:38:20.836+0000] {dag.py:2941} INFO - Sync 1 DAGs
[2023-11-22T18:38:20.841+0000] {logging_mixin.py:151} INFO - [2023-11-22T18:38:20.841+0000] {dag.py:3722} INFO - Setting next_dagrun for tutorial_dag to None, run_after=None
[2023-11-22T18:38:20.848+0000] {processor.py:179} INFO - Processing /home/airflow/.local/lib/python3.8/site-packages/airflow/example_dags/tutorial_dag.py took 0.028 seconds
[2023-11-22T18:38:51.589+0000] {processor.py:157} INFO - Started process (PID=288) to work on /home/airflow/.local/lib/python3.8/site-packages/airflow/example_dags/tutorial_dag.py
[2023-11-22T18:38:51.590+0000] {processor.py:829} INFO - Processing file /home/airflow/.local/lib/python3.8/site-packages/airflow/example_dags/tutorial_dag.py for tasks to queue
[2023-11-22T18:38:51.591+0000] {logging_mixin.py:151} INFO - [2023-11-22T18:38:51.591+0000] {dagbag.py:536} INFO - Filling up the DagBag from /home/airflow/.local/lib/python3.8/site-packages/airflow/example_dags/tutorial_dag.py
[2023-11-22T18:38:51.594+0000] {processor.py:839} INFO - DAG(s) dict_keys(['tutorial_dag']) retrieved from /home/airflow/.local/lib/python3.8/site-packages/airflow/example_dags/tutorial_dag.py
[2023-11-22T18:38:51.603+0000] {logging_mixin.py:151} INFO - [2023-11-22T18:38:51.603+0000] {dag.py:2941} INFO - Sync 1 DAGs
[2023-11-22T18:38:51.608+0000] {logging_mixin.py:151} INFO - [2023-11-22T18:38:51.608+0000] {dag.py:3722} INFO - Setting next_dagrun for tutorial_dag to None, run_after=None
[2023-11-22T18:38:51.615+0000] {processor.py:179} INFO - Processing /home/airflow/.local/lib/python3.8/site-packages/airflow/example_dags/tutorial_dag.py took 0.027 seconds
[2023-11-22T18:39:22.301+0000] {processor.py:157} INFO - Started process (PID=345) to work on /home/airflow/.local/lib/python3.8/site-packages/airflow/example_dags/tutorial_dag.py
[2023-11-22T18:39:22.301+0000] {processor.py:829} INFO - Processing file /home/airflow/.local/lib/python3.8/site-packages/airflow/example_dags/tutorial_dag.py for tasks to queue
[2023-11-22T18:39:22.302+0000] {logging_mixin.py:151} INFO - [2023-11-22T18:39:22.302+0000] {dagbag.py:536} INFO - Filling up the DagBag from /home/airflow/.local/lib/python3.8/site-packages/airflow/example_dags/tutorial_dag.py
[2023-11-22T18:39:22.305+0000] {processor.py:839} INFO - DAG(s) dict_keys(['tutorial_dag']) retrieved from /home/airflow/.local/lib/python3.8/site-packages/airflow/example_dags/tutorial_dag.py
[2023-11-22T18:39:22.314+0000] {logging_mixin.py:151} INFO - [2023-11-22T18:39:22.314+0000] {dag.py:2941} INFO - Sync 1 DAGs
[2023-11-22T18:39:22.320+0000] {logging_mixin.py:151} INFO - [2023-11-22T18:39:22.320+0000] {dag.py:3722} INFO - Setting next_dagrun for tutorial_dag to None, run_after=None
[2023-11-22T18:39:22.327+0000] {processor.py:179} INFO - Processing /home/airflow/.local/lib/python3.8/site-packages/airflow/example_dags/tutorial_dag.py took 0.028 seconds
[2023-11-22T18:39:53.070+0000] {processor.py:157} INFO - Started process (PID=403) to work on /home/airflow/.local/lib/python3.8/site-packages/airflow/example_dags/tutorial_dag.py
[2023-11-22T18:39:53.070+0000] {processor.py:829} INFO - Processing file /home/airflow/.local/lib/python3.8/site-packages/airflow/example_dags/tutorial_dag.py for tasks to queue
[2023-11-22T18:39:53.072+0000] {logging_mixin.py:151} INFO - [2023-11-22T18:39:53.071+0000] {dagbag.py:536} INFO - Filling up the DagBag from /home/airflow/.local/lib/python3.8/site-packages/airflow/example_dags/tutorial_dag.py
[2023-11-22T18:39:53.074+0000] {processor.py:839} INFO - DAG(s) dict_keys(['tutorial_dag']) retrieved from /home/airflow/.local/lib/python3.8/site-packages/airflow/example_dags/tutorial_dag.py
[2023-11-22T18:39:53.084+0000] {logging_mixin.py:151} INFO - [2023-11-22T18:39:53.083+0000] {dag.py:2941} INFO - Sync 1 DAGs
[2023-11-22T18:39:53.089+0000] {logging_mixin.py:151} INFO - [2023-11-22T18:39:53.089+0000] {dag.py:3722} INFO - Setting next_dagrun for tutorial_dag to None, run_after=None
[2023-11-22T18:39:53.096+0000] {processor.py:179} INFO - Processing /home/airflow/.local/lib/python3.8/site-packages/airflow/example_dags/tutorial_dag.py took 0.028 seconds
[2023-11-22T18:40:23.783+0000] {processor.py:157} INFO - Started process (PID=460) to work on /home/airflow/.local/lib/python3.8/site-packages/airflow/example_dags/tutorial_dag.py
[2023-11-22T18:40:23.784+0000] {processor.py:829} INFO - Processing file /home/airflow/.local/lib/python3.8/site-packages/airflow/example_dags/tutorial_dag.py for tasks to queue
[2023-11-22T18:40:23.785+0000] {logging_mixin.py:151} INFO - [2023-11-22T18:40:23.784+0000] {dagbag.py:536} INFO - Filling up the DagBag from /home/airflow/.local/lib/python3.8/site-packages/airflow/example_dags/tutorial_dag.py
[2023-11-22T18:40:23.787+0000] {processor.py:839} INFO - DAG(s) dict_keys(['tutorial_dag']) retrieved from /home/airflow/.local/lib/python3.8/site-packages/airflow/example_dags/tutorial_dag.py
[2023-11-22T18:40:23.796+0000] {logging_mixin.py:151} INFO - [2023-11-22T18:40:23.796+0000] {dag.py:2941} INFO - Sync 1 DAGs
[2023-11-22T18:40:23.801+0000] {logging_mixin.py:151} INFO - [2023-11-22T18:40:23.801+0000] {dag.py:3722} INFO - Setting next_dagrun for tutorial_dag to None, run_after=None
[2023-11-22T18:40:23.808+0000] {processor.py:179} INFO - Processing /home/airflow/.local/lib/python3.8/site-packages/airflow/example_dags/tutorial_dag.py took 0.026 seconds
[2023-11-22T18:40:54.576+0000] {processor.py:157} INFO - Started process (PID=517) to work on /home/airflow/.local/lib/python3.8/site-packages/airflow/example_dags/tutorial_dag.py
[2023-11-22T18:40:54.577+0000] {processor.py:829} INFO - Processing file /home/airflow/.local/lib/python3.8/site-packages/airflow/example_dags/tutorial_dag.py for tasks to queue
[2023-11-22T18:40:54.578+0000] {logging_mixin.py:151} INFO - [2023-11-22T18:40:54.578+0000] {dagbag.py:536} INFO - Filling up the DagBag from /home/airflow/.local/lib/python3.8/site-packages/airflow/example_dags/tutorial_dag.py
[2023-11-22T18:40:54.580+0000] {processor.py:839} INFO - DAG(s) dict_keys(['tutorial_dag']) retrieved from /home/airflow/.local/lib/python3.8/site-packages/airflow/example_dags/tutorial_dag.py
[2023-11-22T18:40:54.589+0000] {logging_mixin.py:151} INFO - [2023-11-22T18:40:54.589+0000] {dag.py:2941} INFO - Sync 1 DAGs
[2023-11-22T18:40:54.595+0000] {logging_mixin.py:151} INFO - [2023-11-22T18:40:54.595+0000] {dag.py:3722} INFO - Setting next_dagrun for tutorial_dag to None, run_after=None
[2023-11-22T18:40:54.602+0000] {processor.py:179} INFO - Processing /home/airflow/.local/lib/python3.8/site-packages/airflow/example_dags/tutorial_dag.py took 0.027 seconds
[2023-11-22T18:41:25.405+0000] {processor.py:157} INFO - Started process (PID=574) to work on /home/airflow/.local/lib/python3.8/site-packages/airflow/example_dags/tutorial_dag.py
[2023-11-22T18:41:25.405+0000] {processor.py:829} INFO - Processing file /home/airflow/.local/lib/python3.8/site-packages/airflow/example_dags/tutorial_dag.py for tasks to queue
[2023-11-22T18:41:25.406+0000] {logging_mixin.py:151} INFO - [2023-11-22T18:41:25.406+0000] {dagbag.py:536} INFO - Filling up the DagBag from /home/airflow/.local/lib/python3.8/site-packages/airflow/example_dags/tutorial_dag.py
[2023-11-22T18:41:25.409+0000] {processor.py:839} INFO - DAG(s) dict_keys(['tutorial_dag']) retrieved from /home/airflow/.local/lib/python3.8/site-packages/airflow/example_dags/tutorial_dag.py
[2023-11-22T18:41:25.418+0000] {logging_mixin.py:151} INFO - [2023-11-22T18:41:25.418+0000] {dag.py:2941} INFO - Sync 1 DAGs
[2023-11-22T18:41:25.423+0000] {logging_mixin.py:151} INFO - [2023-11-22T18:41:25.423+0000] {dag.py:3722} INFO - Setting next_dagrun for tutorial_dag to None, run_after=None
[2023-11-22T18:41:25.430+0000] {processor.py:179} INFO - Processing /home/airflow/.local/lib/python3.8/site-packages/airflow/example_dags/tutorial_dag.py took 0.027 seconds
[2023-11-22T18:41:56.295+0000] {processor.py:157} INFO - Started process (PID=631) to work on /home/airflow/.local/lib/python3.8/site-packages/airflow/example_dags/tutorial_dag.py
[2023-11-22T18:41:56.295+0000] {processor.py:829} INFO - Processing file /home/airflow/.local/lib/python3.8/site-packages/airflow/example_dags/tutorial_dag.py for tasks to queue
[2023-11-22T18:41:56.296+0000] {logging_mixin.py:151} INFO - [2023-11-22T18:41:56.296+0000] {dagbag.py:536} INFO - Filling up the DagBag from /home/airflow/.local/lib/python3.8/site-packages/airflow/example_dags/tutorial_dag.py
[2023-11-22T18:41:56.299+0000] {processor.py:839} INFO - DAG(s) dict_keys(['tutorial_dag']) retrieved from /home/airflow/.local/lib/python3.8/site-packages/airflow/example_dags/tutorial_dag.py
[2023-11-22T18:41:56.309+0000] {logging_mixin.py:151} INFO - [2023-11-22T18:41:56.309+0000] {dag.py:2941} INFO - Sync 1 DAGs
[2023-11-22T18:41:56.314+0000] {logging_mixin.py:151} INFO - [2023-11-22T18:41:56.314+0000] {dag.py:3722} INFO - Setting next_dagrun for tutorial_dag to None, run_after=None
[2023-11-22T18:41:56.321+0000] {processor.py:179} INFO - Processing /home/airflow/.local/lib/python3.8/site-packages/airflow/example_dags/tutorial_dag.py took 0.028 seconds
[2023-11-22T18:42:26.937+0000] {processor.py:157} INFO - Started process (PID=688) to work on /home/airflow/.local/lib/python3.8/site-packages/airflow/example_dags/tutorial_dag.py
[2023-11-22T18:42:26.938+0000] {processor.py:829} INFO - Processing file /home/airflow/.local/lib/python3.8/site-packages/airflow/example_dags/tutorial_dag.py for tasks to queue
[2023-11-22T18:42:26.939+0000] {logging_mixin.py:151} INFO - [2023-11-22T18:42:26.939+0000] {dagbag.py:536} INFO - Filling up the DagBag from /home/airflow/.local/lib/python3.8/site-packages/airflow/example_dags/tutorial_dag.py
[2023-11-22T18:42:26.941+0000] {processor.py:839} INFO - DAG(s) dict_keys(['tutorial_dag']) retrieved from /home/airflow/.local/lib/python3.8/site-packages/airflow/example_dags/tutorial_dag.py
[2023-11-22T18:42:26.950+0000] {logging_mixin.py:151} INFO - [2023-11-22T18:42:26.950+0000] {dag.py:2941} INFO - Sync 1 DAGs
[2023-11-22T18:42:26.955+0000] {logging_mixin.py:151} INFO - [2023-11-22T18:42:26.955+0000] {dag.py:3722} INFO - Setting next_dagrun for tutorial_dag to None, run_after=None
[2023-11-22T18:42:26.963+0000] {processor.py:179} INFO - Processing /home/airflow/.local/lib/python3.8/site-packages/airflow/example_dags/tutorial_dag.py took 0.027 seconds
[2023-11-22T18:42:57.792+0000] {processor.py:157} INFO - Started process (PID=745) to work on /home/airflow/.local/lib/python3.8/site-packages/airflow/example_dags/tutorial_dag.py
[2023-11-22T18:42:57.792+0000] {processor.py:829} INFO - Processing file /home/airflow/.local/lib/python3.8/site-packages/airflow/example_dags/tutorial_dag.py for tasks to queue
[2023-11-22T18:42:57.794+0000] {logging_mixin.py:151} INFO - [2023-11-22T18:42:57.793+0000] {dagbag.py:536} INFO - Filling up the DagBag from /home/airflow/.local/lib/python3.8/site-packages/airflow/example_dags/tutorial_dag.py
[2023-11-22T18:42:57.796+0000] {processor.py:839} INFO - DAG(s) dict_keys(['tutorial_dag']) retrieved from /home/airflow/.local/lib/python3.8/site-packages/airflow/example_dags/tutorial_dag.py
[2023-11-22T18:42:57.806+0000] {logging_mixin.py:151} INFO - [2023-11-22T18:42:57.806+0000] {dag.py:2941} INFO - Sync 1 DAGs
[2023-11-22T18:42:57.811+0000] {logging_mixin.py:151} INFO - [2023-11-22T18:42:57.811+0000] {dag.py:3722} INFO - Setting next_dagrun for tutorial_dag to None, run_after=None
[2023-11-22T18:42:57.818+0000] {processor.py:179} INFO - Processing /home/airflow/.local/lib/python3.8/site-packages/airflow/example_dags/tutorial_dag.py took 0.028 seconds
[2023-11-22T18:43:28.494+0000] {processor.py:157} INFO - Started process (PID=802) to work on /home/airflow/.local/lib/python3.8/site-packages/airflow/example_dags/tutorial_dag.py
[2023-11-22T18:43:28.495+0000] {processor.py:829} INFO - Processing file /home/airflow/.local/lib/python3.8/site-packages/airflow/example_dags/tutorial_dag.py for tasks to queue
[2023-11-22T18:43:28.496+0000] {logging_mixin.py:151} INFO - [2023-11-22T18:43:28.496+0000] {dagbag.py:536} INFO - Filling up the DagBag from /home/airflow/.local/lib/python3.8/site-packages/airflow/example_dags/tutorial_dag.py
[2023-11-22T18:43:28.499+0000] {processor.py:839} INFO - DAG(s) dict_keys(['tutorial_dag']) retrieved from /home/airflow/.local/lib/python3.8/site-packages/airflow/example_dags/tutorial_dag.py
[2023-11-22T18:43:28.508+0000] {logging_mixin.py:151} INFO - [2023-11-22T18:43:28.508+0000] {dag.py:2941} INFO - Sync 1 DAGs
[2023-11-22T18:43:28.513+0000] {logging_mixin.py:151} INFO - [2023-11-22T18:43:28.513+0000] {dag.py:3722} INFO - Setting next_dagrun for tutorial_dag to None, run_after=None
[2023-11-22T18:43:28.520+0000] {processor.py:179} INFO - Processing /home/airflow/.local/lib/python3.8/site-packages/airflow/example_dags/tutorial_dag.py took 0.027 seconds
[2023-11-22T18:43:59.328+0000] {processor.py:157} INFO - Started process (PID=859) to work on /home/airflow/.local/lib/python3.8/site-packages/airflow/example_dags/tutorial_dag.py
[2023-11-22T18:43:59.328+0000] {processor.py:829} INFO - Processing file /home/airflow/.local/lib/python3.8/site-packages/airflow/example_dags/tutorial_dag.py for tasks to queue
[2023-11-22T18:43:59.329+0000] {logging_mixin.py:151} INFO - [2023-11-22T18:43:59.329+0000] {dagbag.py:536} INFO - Filling up the DagBag from /home/airflow/.local/lib/python3.8/site-packages/airflow/example_dags/tutorial_dag.py
[2023-11-22T18:43:59.332+0000] {processor.py:839} INFO - DAG(s) dict_keys(['tutorial_dag']) retrieved from /home/airflow/.local/lib/python3.8/site-packages/airflow/example_dags/tutorial_dag.py
[2023-11-22T18:43:59.343+0000] {logging_mixin.py:151} INFO - [2023-11-22T18:43:59.342+0000] {dag.py:2941} INFO - Sync 1 DAGs
[2023-11-22T18:43:59.348+0000] {logging_mixin.py:151} INFO - [2023-11-22T18:43:59.348+0000] {dag.py:3722} INFO - Setting next_dagrun for tutorial_dag to None, run_after=None
[2023-11-22T18:43:59.445+0000] {processor.py:179} INFO - Processing /home/airflow/.local/lib/python3.8/site-packages/airflow/example_dags/tutorial_dag.py took 0.119 seconds
[2023-11-22T18:44:29.612+0000] {processor.py:157} INFO - Started process (PID=916) to work on /home/airflow/.local/lib/python3.8/site-packages/airflow/example_dags/tutorial_dag.py
[2023-11-22T18:44:29.613+0000] {processor.py:829} INFO - Processing file /home/airflow/.local/lib/python3.8/site-packages/airflow/example_dags/tutorial_dag.py for tasks to queue
[2023-11-22T18:44:29.614+0000] {logging_mixin.py:151} INFO - [2023-11-22T18:44:29.614+0000] {dagbag.py:536} INFO - Filling up the DagBag from /home/airflow/.local/lib/python3.8/site-packages/airflow/example_dags/tutorial_dag.py
[2023-11-22T18:44:29.616+0000] {processor.py:839} INFO - DAG(s) dict_keys(['tutorial_dag']) retrieved from /home/airflow/.local/lib/python3.8/site-packages/airflow/example_dags/tutorial_dag.py
[2023-11-22T18:44:29.625+0000] {logging_mixin.py:151} INFO - [2023-11-22T18:44:29.625+0000] {dag.py:2941} INFO - Sync 1 DAGs
[2023-11-22T18:44:29.630+0000] {logging_mixin.py:151} INFO - [2023-11-22T18:44:29.630+0000] {dag.py:3722} INFO - Setting next_dagrun for tutorial_dag to None, run_after=None
[2023-11-22T18:44:29.638+0000] {processor.py:179} INFO - Processing /home/airflow/.local/lib/python3.8/site-packages/airflow/example_dags/tutorial_dag.py took 0.028 seconds
[2023-11-22T18:44:59.999+0000] {processor.py:157} INFO - Started process (PID=973) to work on /home/airflow/.local/lib/python3.8/site-packages/airflow/example_dags/tutorial_dag.py
[2023-11-22T18:44:59.999+0000] {processor.py:829} INFO - Processing file /home/airflow/.local/lib/python3.8/site-packages/airflow/example_dags/tutorial_dag.py for tasks to queue
[2023-11-22T18:45:00.000+0000] {logging_mixin.py:151} INFO - [2023-11-22T18:45:00.000+0000] {dagbag.py:536} INFO - Filling up the DagBag from /home/airflow/.local/lib/python3.8/site-packages/airflow/example_dags/tutorial_dag.py
[2023-11-22T18:45:00.003+0000] {processor.py:839} INFO - DAG(s) dict_keys(['tutorial_dag']) retrieved from /home/airflow/.local/lib/python3.8/site-packages/airflow/example_dags/tutorial_dag.py
[2023-11-22T18:45:00.013+0000] {logging_mixin.py:151} INFO - [2023-11-22T18:45:00.013+0000] {dag.py:2941} INFO - Sync 1 DAGs
[2023-11-22T18:45:00.019+0000] {logging_mixin.py:151} INFO - [2023-11-22T18:45:00.019+0000] {dag.py:3722} INFO - Setting next_dagrun for tutorial_dag to None, run_after=None
[2023-11-22T18:45:00.027+0000] {processor.py:179} INFO - Processing /home/airflow/.local/lib/python3.8/site-packages/airflow/example_dags/tutorial_dag.py took 0.030 seconds
[2023-11-22T18:45:30.284+0000] {processor.py:157} INFO - Started process (PID=1030) to work on /home/airflow/.local/lib/python3.8/site-packages/airflow/example_dags/tutorial_dag.py
[2023-11-22T18:45:30.284+0000] {processor.py:829} INFO - Processing file /home/airflow/.local/lib/python3.8/site-packages/airflow/example_dags/tutorial_dag.py for tasks to queue
[2023-11-22T18:45:30.285+0000] {logging_mixin.py:151} INFO - [2023-11-22T18:45:30.285+0000] {dagbag.py:536} INFO - Filling up the DagBag from /home/airflow/.local/lib/python3.8/site-packages/airflow/example_dags/tutorial_dag.py
[2023-11-22T18:45:30.288+0000] {processor.py:839} INFO - DAG(s) dict_keys(['tutorial_dag']) retrieved from /home/airflow/.local/lib/python3.8/site-packages/airflow/example_dags/tutorial_dag.py
[2023-11-22T18:45:30.298+0000] {logging_mixin.py:151} INFO - [2023-11-22T18:45:30.298+0000] {dag.py:2941} INFO - Sync 1 DAGs
[2023-11-22T18:45:30.304+0000] {logging_mixin.py:151} INFO - [2023-11-22T18:45:30.304+0000] {dag.py:3722} INFO - Setting next_dagrun for tutorial_dag to None, run_after=None
[2023-11-22T18:45:30.312+0000] {processor.py:179} INFO - Processing /home/airflow/.local/lib/python3.8/site-packages/airflow/example_dags/tutorial_dag.py took 0.030 seconds
[2023-11-22T18:46:01.233+0000] {processor.py:157} INFO - Started process (PID=1087) to work on /home/airflow/.local/lib/python3.8/site-packages/airflow/example_dags/tutorial_dag.py
[2023-11-22T18:46:01.234+0000] {processor.py:829} INFO - Processing file /home/airflow/.local/lib/python3.8/site-packages/airflow/example_dags/tutorial_dag.py for tasks to queue
[2023-11-22T18:46:01.235+0000] {logging_mixin.py:151} INFO - [2023-11-22T18:46:01.235+0000] {dagbag.py:536} INFO - Filling up the DagBag from /home/airflow/.local/lib/python3.8/site-packages/airflow/example_dags/tutorial_dag.py
[2023-11-22T18:46:01.238+0000] {processor.py:839} INFO - DAG(s) dict_keys(['tutorial_dag']) retrieved from /home/airflow/.local/lib/python3.8/site-packages/airflow/example_dags/tutorial_dag.py
[2023-11-22T18:46:01.249+0000] {logging_mixin.py:151} INFO - [2023-11-22T18:46:01.249+0000] {dag.py:2941} INFO - Sync 1 DAGs
[2023-11-22T18:46:01.255+0000] {logging_mixin.py:151} INFO - [2023-11-22T18:46:01.255+0000] {dag.py:3722} INFO - Setting next_dagrun for tutorial_dag to None, run_after=None
[2023-11-22T18:46:01.263+0000] {processor.py:179} INFO - Processing /home/airflow/.local/lib/python3.8/site-packages/airflow/example_dags/tutorial_dag.py took 0.032 seconds
[2023-11-22T18:46:32.342+0000] {processor.py:157} INFO - Started process (PID=1144) to work on /home/airflow/.local/lib/python3.8/site-packages/airflow/example_dags/tutorial_dag.py
[2023-11-22T18:46:32.343+0000] {processor.py:829} INFO - Processing file /home/airflow/.local/lib/python3.8/site-packages/airflow/example_dags/tutorial_dag.py for tasks to queue
[2023-11-22T18:46:32.344+0000] {logging_mixin.py:151} INFO - [2023-11-22T18:46:32.344+0000] {dagbag.py:536} INFO - Filling up the DagBag from /home/airflow/.local/lib/python3.8/site-packages/airflow/example_dags/tutorial_dag.py
[2023-11-22T18:46:32.347+0000] {processor.py:839} INFO - DAG(s) dict_keys(['tutorial_dag']) retrieved from /home/airflow/.local/lib/python3.8/site-packages/airflow/example_dags/tutorial_dag.py
[2023-11-22T18:46:32.358+0000] {logging_mixin.py:151} INFO - [2023-11-22T18:46:32.358+0000] {dag.py:2941} INFO - Sync 1 DAGs
[2023-11-22T18:46:32.453+0000] {logging_mixin.py:151} INFO - [2023-11-22T18:46:32.453+0000] {dag.py:3722} INFO - Setting next_dagrun for tutorial_dag to None, run_after=None
[2023-11-22T18:46:32.461+0000] {processor.py:179} INFO - Processing /home/airflow/.local/lib/python3.8/site-packages/airflow/example_dags/tutorial_dag.py took 0.120 seconds
[2023-11-22T18:47:02.561+0000] {processor.py:157} INFO - Started process (PID=1201) to work on /home/airflow/.local/lib/python3.8/site-packages/airflow/example_dags/tutorial_dag.py
[2023-11-22T18:47:02.562+0000] {processor.py:829} INFO - Processing file /home/airflow/.local/lib/python3.8/site-packages/airflow/example_dags/tutorial_dag.py for tasks to queue
[2023-11-22T18:47:02.563+0000] {logging_mixin.py:151} INFO - [2023-11-22T18:47:02.563+0000] {dagbag.py:536} INFO - Filling up the DagBag from /home/airflow/.local/lib/python3.8/site-packages/airflow/example_dags/tutorial_dag.py
[2023-11-22T18:47:02.566+0000] {processor.py:839} INFO - DAG(s) dict_keys(['tutorial_dag']) retrieved from /home/airflow/.local/lib/python3.8/site-packages/airflow/example_dags/tutorial_dag.py
[2023-11-22T18:47:02.576+0000] {logging_mixin.py:151} INFO - [2023-11-22T18:47:02.576+0000] {dag.py:2941} INFO - Sync 1 DAGs
[2023-11-22T18:47:02.582+0000] {logging_mixin.py:151} INFO - [2023-11-22T18:47:02.582+0000] {dag.py:3722} INFO - Setting next_dagrun for tutorial_dag to None, run_after=None
[2023-11-22T18:47:02.678+0000] {processor.py:179} INFO - Processing /home/airflow/.local/lib/python3.8/site-packages/airflow/example_dags/tutorial_dag.py took 0.118 seconds
[2023-11-22T18:47:33.300+0000] {processor.py:157} INFO - Started process (PID=1258) to work on /home/airflow/.local/lib/python3.8/site-packages/airflow/example_dags/tutorial_dag.py
[2023-11-22T18:47:33.300+0000] {processor.py:829} INFO - Processing file /home/airflow/.local/lib/python3.8/site-packages/airflow/example_dags/tutorial_dag.py for tasks to queue
[2023-11-22T18:47:33.302+0000] {logging_mixin.py:151} INFO - [2023-11-22T18:47:33.302+0000] {dagbag.py:536} INFO - Filling up the DagBag from /home/airflow/.local/lib/python3.8/site-packages/airflow/example_dags/tutorial_dag.py
[2023-11-22T18:47:33.306+0000] {processor.py:839} INFO - DAG(s) dict_keys(['tutorial_dag']) retrieved from /home/airflow/.local/lib/python3.8/site-packages/airflow/example_dags/tutorial_dag.py
[2023-11-22T18:47:33.317+0000] {logging_mixin.py:151} INFO - [2023-11-22T18:47:33.317+0000] {dag.py:2941} INFO - Sync 1 DAGs
[2023-11-22T18:47:33.327+0000] {logging_mixin.py:151} INFO - [2023-11-22T18:47:33.327+0000] {dag.py:3722} INFO - Setting next_dagrun for tutorial_dag to None, run_after=None
[2023-11-22T18:47:33.337+0000] {processor.py:179} INFO - Processing /home/airflow/.local/lib/python3.8/site-packages/airflow/example_dags/tutorial_dag.py took 0.040 seconds
[2023-11-22T18:48:03.898+0000] {processor.py:157} INFO - Started process (PID=1315) to work on /home/airflow/.local/lib/python3.8/site-packages/airflow/example_dags/tutorial_dag.py
[2023-11-22T18:48:03.899+0000] {processor.py:829} INFO - Processing file /home/airflow/.local/lib/python3.8/site-packages/airflow/example_dags/tutorial_dag.py for tasks to queue
[2023-11-22T18:48:03.900+0000] {logging_mixin.py:151} INFO - [2023-11-22T18:48:03.900+0000] {dagbag.py:536} INFO - Filling up the DagBag from /home/airflow/.local/lib/python3.8/site-packages/airflow/example_dags/tutorial_dag.py
[2023-11-22T18:48:03.903+0000] {processor.py:839} INFO - DAG(s) dict_keys(['tutorial_dag']) retrieved from /home/airflow/.local/lib/python3.8/site-packages/airflow/example_dags/tutorial_dag.py
[2023-11-22T18:48:03.912+0000] {logging_mixin.py:151} INFO - [2023-11-22T18:48:03.912+0000] {dag.py:2941} INFO - Sync 1 DAGs
[2023-11-22T18:48:03.917+0000] {logging_mixin.py:151} INFO - [2023-11-22T18:48:03.917+0000] {dag.py:3722} INFO - Setting next_dagrun for tutorial_dag to None, run_after=None
[2023-11-22T18:48:03.924+0000] {processor.py:179} INFO - Processing /home/airflow/.local/lib/python3.8/site-packages/airflow/example_dags/tutorial_dag.py took 0.027 seconds
[2023-11-22T18:48:34.627+0000] {processor.py:157} INFO - Started process (PID=1372) to work on /home/airflow/.local/lib/python3.8/site-packages/airflow/example_dags/tutorial_dag.py
[2023-11-22T18:48:34.628+0000] {processor.py:829} INFO - Processing file /home/airflow/.local/lib/python3.8/site-packages/airflow/example_dags/tutorial_dag.py for tasks to queue
[2023-11-22T18:48:34.629+0000] {logging_mixin.py:151} INFO - [2023-11-22T18:48:34.629+0000] {dagbag.py:536} INFO - Filling up the DagBag from /home/airflow/.local/lib/python3.8/site-packages/airflow/example_dags/tutorial_dag.py
[2023-11-22T18:48:34.632+0000] {processor.py:839} INFO - DAG(s) dict_keys(['tutorial_dag']) retrieved from /home/airflow/.local/lib/python3.8/site-packages/airflow/example_dags/tutorial_dag.py
[2023-11-22T18:48:34.642+0000] {logging_mixin.py:151} INFO - [2023-11-22T18:48:34.642+0000] {dag.py:2941} INFO - Sync 1 DAGs
[2023-11-22T18:48:34.647+0000] {logging_mixin.py:151} INFO - [2023-11-22T18:48:34.647+0000] {dag.py:3722} INFO - Setting next_dagrun for tutorial_dag to None, run_after=None
[2023-11-22T18:48:34.655+0000] {processor.py:179} INFO - Processing /home/airflow/.local/lib/python3.8/site-packages/airflow/example_dags/tutorial_dag.py took 0.029 seconds
[2023-11-22T18:49:05.389+0000] {processor.py:157} INFO - Started process (PID=1429) to work on /home/airflow/.local/lib/python3.8/site-packages/airflow/example_dags/tutorial_dag.py
[2023-11-22T18:49:05.389+0000] {processor.py:829} INFO - Processing file /home/airflow/.local/lib/python3.8/site-packages/airflow/example_dags/tutorial_dag.py for tasks to queue
[2023-11-22T18:49:05.390+0000] {logging_mixin.py:151} INFO - [2023-11-22T18:49:05.390+0000] {dagbag.py:536} INFO - Filling up the DagBag from /home/airflow/.local/lib/python3.8/site-packages/airflow/example_dags/tutorial_dag.py
[2023-11-22T18:49:05.393+0000] {processor.py:839} INFO - DAG(s) dict_keys(['tutorial_dag']) retrieved from /home/airflow/.local/lib/python3.8/site-packages/airflow/example_dags/tutorial_dag.py
[2023-11-22T18:49:05.403+0000] {logging_mixin.py:151} INFO - [2023-11-22T18:49:05.403+0000] {dag.py:2941} INFO - Sync 1 DAGs
[2023-11-22T18:49:05.409+0000] {logging_mixin.py:151} INFO - [2023-11-22T18:49:05.409+0000] {dag.py:3722} INFO - Setting next_dagrun for tutorial_dag to None, run_after=None
[2023-11-22T18:49:05.417+0000] {processor.py:179} INFO - Processing /home/airflow/.local/lib/python3.8/site-packages/airflow/example_dags/tutorial_dag.py took 0.030 seconds
[2023-11-22T18:49:35.948+0000] {processor.py:157} INFO - Started process (PID=1486) to work on /home/airflow/.local/lib/python3.8/site-packages/airflow/example_dags/tutorial_dag.py
[2023-11-22T18:49:35.948+0000] {processor.py:829} INFO - Processing file /home/airflow/.local/lib/python3.8/site-packages/airflow/example_dags/tutorial_dag.py for tasks to queue
[2023-11-22T18:49:35.949+0000] {logging_mixin.py:151} INFO - [2023-11-22T18:49:35.949+0000] {dagbag.py:536} INFO - Filling up the DagBag from /home/airflow/.local/lib/python3.8/site-packages/airflow/example_dags/tutorial_dag.py
[2023-11-22T18:49:35.952+0000] {processor.py:839} INFO - DAG(s) dict_keys(['tutorial_dag']) retrieved from /home/airflow/.local/lib/python3.8/site-packages/airflow/example_dags/tutorial_dag.py
[2023-11-22T18:49:35.964+0000] {logging_mixin.py:151} INFO - [2023-11-22T18:49:35.964+0000] {dag.py:2941} INFO - Sync 1 DAGs
[2023-11-22T18:49:35.970+0000] {logging_mixin.py:151} INFO - [2023-11-22T18:49:35.970+0000] {dag.py:3722} INFO - Setting next_dagrun for tutorial_dag to None, run_after=None
[2023-11-22T18:49:35.978+0000] {processor.py:179} INFO - Processing /home/airflow/.local/lib/python3.8/site-packages/airflow/example_dags/tutorial_dag.py took 0.032 seconds
[2023-11-22T18:50:06.531+0000] {processor.py:157} INFO - Started process (PID=1543) to work on /home/airflow/.local/lib/python3.8/site-packages/airflow/example_dags/tutorial_dag.py
[2023-11-22T18:50:06.532+0000] {processor.py:829} INFO - Processing file /home/airflow/.local/lib/python3.8/site-packages/airflow/example_dags/tutorial_dag.py for tasks to queue
[2023-11-22T18:50:06.533+0000] {logging_mixin.py:151} INFO - [2023-11-22T18:50:06.533+0000] {dagbag.py:536} INFO - Filling up the DagBag from /home/airflow/.local/lib/python3.8/site-packages/airflow/example_dags/tutorial_dag.py
[2023-11-22T18:50:06.536+0000] {processor.py:839} INFO - DAG(s) dict_keys(['tutorial_dag']) retrieved from /home/airflow/.local/lib/python3.8/site-packages/airflow/example_dags/tutorial_dag.py
[2023-11-22T18:50:06.546+0000] {logging_mixin.py:151} INFO - [2023-11-22T18:50:06.546+0000] {dag.py:2941} INFO - Sync 1 DAGs
[2023-11-22T18:50:06.552+0000] {logging_mixin.py:151} INFO - [2023-11-22T18:50:06.552+0000] {dag.py:3722} INFO - Setting next_dagrun for tutorial_dag to None, run_after=None
[2023-11-22T18:50:06.559+0000] {processor.py:179} INFO - Processing /home/airflow/.local/lib/python3.8/site-packages/airflow/example_dags/tutorial_dag.py took 0.030 seconds
[2023-11-22T18:50:37.035+0000] {processor.py:157} INFO - Started process (PID=1600) to work on /home/airflow/.local/lib/python3.8/site-packages/airflow/example_dags/tutorial_dag.py
[2023-11-22T18:50:37.035+0000] {processor.py:829} INFO - Processing file /home/airflow/.local/lib/python3.8/site-packages/airflow/example_dags/tutorial_dag.py for tasks to queue
[2023-11-22T18:50:37.036+0000] {logging_mixin.py:151} INFO - [2023-11-22T18:50:37.036+0000] {dagbag.py:536} INFO - Filling up the DagBag from /home/airflow/.local/lib/python3.8/site-packages/airflow/example_dags/tutorial_dag.py
[2023-11-22T18:50:37.039+0000] {processor.py:839} INFO - DAG(s) dict_keys(['tutorial_dag']) retrieved from /home/airflow/.local/lib/python3.8/site-packages/airflow/example_dags/tutorial_dag.py
[2023-11-22T18:50:37.049+0000] {logging_mixin.py:151} INFO - [2023-11-22T18:50:37.049+0000] {dag.py:2941} INFO - Sync 1 DAGs
[2023-11-22T18:50:37.055+0000] {logging_mixin.py:151} INFO - [2023-11-22T18:50:37.054+0000] {dag.py:3722} INFO - Setting next_dagrun for tutorial_dag to None, run_after=None
[2023-11-22T18:50:37.062+0000] {processor.py:179} INFO - Processing /home/airflow/.local/lib/python3.8/site-packages/airflow/example_dags/tutorial_dag.py took 0.029 seconds
[2023-11-22T18:51:07.763+0000] {processor.py:157} INFO - Started process (PID=1657) to work on /home/airflow/.local/lib/python3.8/site-packages/airflow/example_dags/tutorial_dag.py
[2023-11-22T18:51:07.763+0000] {processor.py:829} INFO - Processing file /home/airflow/.local/lib/python3.8/site-packages/airflow/example_dags/tutorial_dag.py for tasks to queue
[2023-11-22T18:51:07.764+0000] {logging_mixin.py:151} INFO - [2023-11-22T18:51:07.764+0000] {dagbag.py:536} INFO - Filling up the DagBag from /home/airflow/.local/lib/python3.8/site-packages/airflow/example_dags/tutorial_dag.py
[2023-11-22T18:51:07.767+0000] {processor.py:839} INFO - DAG(s) dict_keys(['tutorial_dag']) retrieved from /home/airflow/.local/lib/python3.8/site-packages/airflow/example_dags/tutorial_dag.py
[2023-11-22T18:51:07.776+0000] {logging_mixin.py:151} INFO - [2023-11-22T18:51:07.776+0000] {dag.py:2941} INFO - Sync 1 DAGs
[2023-11-22T18:51:07.781+0000] {logging_mixin.py:151} INFO - [2023-11-22T18:51:07.781+0000] {dag.py:3722} INFO - Setting next_dagrun for tutorial_dag to None, run_after=None
[2023-11-22T18:51:07.788+0000] {processor.py:179} INFO - Processing /home/airflow/.local/lib/python3.8/site-packages/airflow/example_dags/tutorial_dag.py took 0.027 seconds
[2023-11-22T18:51:38.456+0000] {processor.py:157} INFO - Started process (PID=1714) to work on /home/airflow/.local/lib/python3.8/site-packages/airflow/example_dags/tutorial_dag.py
[2023-11-22T18:51:38.457+0000] {processor.py:829} INFO - Processing file /home/airflow/.local/lib/python3.8/site-packages/airflow/example_dags/tutorial_dag.py for tasks to queue
[2023-11-22T18:51:38.458+0000] {logging_mixin.py:151} INFO - [2023-11-22T18:51:38.458+0000] {dagbag.py:536} INFO - Filling up the DagBag from /home/airflow/.local/lib/python3.8/site-packages/airflow/example_dags/tutorial_dag.py
[2023-11-22T18:51:38.461+0000] {processor.py:839} INFO - DAG(s) dict_keys(['tutorial_dag']) retrieved from /home/airflow/.local/lib/python3.8/site-packages/airflow/example_dags/tutorial_dag.py
[2023-11-22T18:51:38.471+0000] {logging_mixin.py:151} INFO - [2023-11-22T18:51:38.471+0000] {dag.py:2941} INFO - Sync 1 DAGs
[2023-11-22T18:51:38.477+0000] {logging_mixin.py:151} INFO - [2023-11-22T18:51:38.477+0000] {dag.py:3722} INFO - Setting next_dagrun for tutorial_dag to None, run_after=None
[2023-11-22T18:51:38.484+0000] {processor.py:179} INFO - Processing /home/airflow/.local/lib/python3.8/site-packages/airflow/example_dags/tutorial_dag.py took 0.030 seconds
[2023-11-22T18:52:09.113+0000] {processor.py:157} INFO - Started process (PID=1771) to work on /home/airflow/.local/lib/python3.8/site-packages/airflow/example_dags/tutorial_dag.py
[2023-11-22T18:52:09.114+0000] {processor.py:829} INFO - Processing file /home/airflow/.local/lib/python3.8/site-packages/airflow/example_dags/tutorial_dag.py for tasks to queue
[2023-11-22T18:52:09.115+0000] {logging_mixin.py:151} INFO - [2023-11-22T18:52:09.115+0000] {dagbag.py:536} INFO - Filling up the DagBag from /home/airflow/.local/lib/python3.8/site-packages/airflow/example_dags/tutorial_dag.py
[2023-11-22T18:52:09.118+0000] {processor.py:839} INFO - DAG(s) dict_keys(['tutorial_dag']) retrieved from /home/airflow/.local/lib/python3.8/site-packages/airflow/example_dags/tutorial_dag.py
[2023-11-22T18:52:09.127+0000] {logging_mixin.py:151} INFO - [2023-11-22T18:52:09.127+0000] {dag.py:2941} INFO - Sync 1 DAGs
[2023-11-22T18:52:09.132+0000] {logging_mixin.py:151} INFO - [2023-11-22T18:52:09.132+0000] {dag.py:3722} INFO - Setting next_dagrun for tutorial_dag to None, run_after=None
[2023-11-22T18:52:09.139+0000] {processor.py:179} INFO - Processing /home/airflow/.local/lib/python3.8/site-packages/airflow/example_dags/tutorial_dag.py took 0.028 seconds
[2023-11-22T18:52:39.800+0000] {processor.py:157} INFO - Started process (PID=1828) to work on /home/airflow/.local/lib/python3.8/site-packages/airflow/example_dags/tutorial_dag.py
[2023-11-22T18:52:39.800+0000] {processor.py:829} INFO - Processing file /home/airflow/.local/lib/python3.8/site-packages/airflow/example_dags/tutorial_dag.py for tasks to queue
[2023-11-22T18:52:39.801+0000] {logging_mixin.py:151} INFO - [2023-11-22T18:52:39.801+0000] {dagbag.py:536} INFO - Filling up the DagBag from /home/airflow/.local/lib/python3.8/site-packages/airflow/example_dags/tutorial_dag.py
[2023-11-22T18:52:39.804+0000] {processor.py:839} INFO - DAG(s) dict_keys(['tutorial_dag']) retrieved from /home/airflow/.local/lib/python3.8/site-packages/airflow/example_dags/tutorial_dag.py
[2023-11-22T18:52:39.814+0000] {logging_mixin.py:151} INFO - [2023-11-22T18:52:39.814+0000] {dag.py:2941} INFO - Sync 1 DAGs
[2023-11-22T18:52:39.819+0000] {logging_mixin.py:151} INFO - [2023-11-22T18:52:39.819+0000] {dag.py:3722} INFO - Setting next_dagrun for tutorial_dag to None, run_after=None
[2023-11-22T18:52:39.827+0000] {processor.py:179} INFO - Processing /home/airflow/.local/lib/python3.8/site-packages/airflow/example_dags/tutorial_dag.py took 0.028 seconds
[2023-11-22T18:53:10.339+0000] {processor.py:157} INFO - Started process (PID=1884) to work on /home/airflow/.local/lib/python3.8/site-packages/airflow/example_dags/tutorial_dag.py
[2023-11-22T18:53:10.340+0000] {processor.py:829} INFO - Processing file /home/airflow/.local/lib/python3.8/site-packages/airflow/example_dags/tutorial_dag.py for tasks to queue
[2023-11-22T18:53:10.341+0000] {logging_mixin.py:151} INFO - [2023-11-22T18:53:10.341+0000] {dagbag.py:536} INFO - Filling up the DagBag from /home/airflow/.local/lib/python3.8/site-packages/airflow/example_dags/tutorial_dag.py
[2023-11-22T18:53:10.344+0000] {processor.py:839} INFO - DAG(s) dict_keys(['tutorial_dag']) retrieved from /home/airflow/.local/lib/python3.8/site-packages/airflow/example_dags/tutorial_dag.py
[2023-11-22T18:53:10.353+0000] {logging_mixin.py:151} INFO - [2023-11-22T18:53:10.353+0000] {dag.py:2941} INFO - Sync 1 DAGs
[2023-11-22T18:53:10.358+0000] {logging_mixin.py:151} INFO - [2023-11-22T18:53:10.358+0000] {dag.py:3722} INFO - Setting next_dagrun for tutorial_dag to None, run_after=None
[2023-11-22T18:53:10.365+0000] {processor.py:179} INFO - Processing /home/airflow/.local/lib/python3.8/site-packages/airflow/example_dags/tutorial_dag.py took 0.028 seconds
[2023-11-22T18:53:40.930+0000] {processor.py:157} INFO - Started process (PID=1940) to work on /home/airflow/.local/lib/python3.8/site-packages/airflow/example_dags/tutorial_dag.py
[2023-11-22T18:53:40.931+0000] {processor.py:829} INFO - Processing file /home/airflow/.local/lib/python3.8/site-packages/airflow/example_dags/tutorial_dag.py for tasks to queue
[2023-11-22T18:53:40.932+0000] {logging_mixin.py:151} INFO - [2023-11-22T18:53:40.932+0000] {dagbag.py:536} INFO - Filling up the DagBag from /home/airflow/.local/lib/python3.8/site-packages/airflow/example_dags/tutorial_dag.py
[2023-11-22T18:53:40.935+0000] {processor.py:839} INFO - DAG(s) dict_keys(['tutorial_dag']) retrieved from /home/airflow/.local/lib/python3.8/site-packages/airflow/example_dags/tutorial_dag.py
[2023-11-22T18:53:40.945+0000] {logging_mixin.py:151} INFO - [2023-11-22T18:53:40.945+0000] {dag.py:2941} INFO - Sync 1 DAGs
[2023-11-22T18:53:40.951+0000] {logging_mixin.py:151} INFO - [2023-11-22T18:53:40.951+0000] {dag.py:3722} INFO - Setting next_dagrun for tutorial_dag to None, run_after=None
[2023-11-22T18:53:40.958+0000] {processor.py:179} INFO - Processing /home/airflow/.local/lib/python3.8/site-packages/airflow/example_dags/tutorial_dag.py took 0.030 seconds
[2023-11-22T18:54:11.643+0000] {processor.py:157} INFO - Started process (PID=1997) to work on /home/airflow/.local/lib/python3.8/site-packages/airflow/example_dags/tutorial_dag.py
[2023-11-22T18:54:11.644+0000] {processor.py:829} INFO - Processing file /home/airflow/.local/lib/python3.8/site-packages/airflow/example_dags/tutorial_dag.py for tasks to queue
[2023-11-22T18:54:11.645+0000] {logging_mixin.py:151} INFO - [2023-11-22T18:54:11.645+0000] {dagbag.py:536} INFO - Filling up the DagBag from /home/airflow/.local/lib/python3.8/site-packages/airflow/example_dags/tutorial_dag.py
[2023-11-22T18:54:11.648+0000] {processor.py:839} INFO - DAG(s) dict_keys(['tutorial_dag']) retrieved from /home/airflow/.local/lib/python3.8/site-packages/airflow/example_dags/tutorial_dag.py
[2023-11-22T18:54:11.659+0000] {logging_mixin.py:151} INFO - [2023-11-22T18:54:11.659+0000] {dag.py:2941} INFO - Sync 1 DAGs
[2023-11-22T18:54:11.665+0000] {logging_mixin.py:151} INFO - [2023-11-22T18:54:11.665+0000] {dag.py:3722} INFO - Setting next_dagrun for tutorial_dag to None, run_after=None
[2023-11-22T18:54:11.672+0000] {processor.py:179} INFO - Processing /home/airflow/.local/lib/python3.8/site-packages/airflow/example_dags/tutorial_dag.py took 0.030 seconds
[2023-11-22T18:54:42.420+0000] {processor.py:157} INFO - Started process (PID=2061) to work on /home/airflow/.local/lib/python3.8/site-packages/airflow/example_dags/tutorial_dag.py
[2023-11-22T18:54:42.420+0000] {processor.py:829} INFO - Processing file /home/airflow/.local/lib/python3.8/site-packages/airflow/example_dags/tutorial_dag.py for tasks to queue
[2023-11-22T18:54:42.421+0000] {logging_mixin.py:151} INFO - [2023-11-22T18:54:42.421+0000] {dagbag.py:536} INFO - Filling up the DagBag from /home/airflow/.local/lib/python3.8/site-packages/airflow/example_dags/tutorial_dag.py
[2023-11-22T18:54:42.424+0000] {processor.py:839} INFO - DAG(s) dict_keys(['tutorial_dag']) retrieved from /home/airflow/.local/lib/python3.8/site-packages/airflow/example_dags/tutorial_dag.py
[2023-11-22T18:54:42.434+0000] {logging_mixin.py:151} INFO - [2023-11-22T18:54:42.434+0000] {dag.py:2941} INFO - Sync 1 DAGs
[2023-11-22T18:54:42.440+0000] {logging_mixin.py:151} INFO - [2023-11-22T18:54:42.440+0000] {dag.py:3722} INFO - Setting next_dagrun for tutorial_dag to None, run_after=None
[2023-11-22T18:54:42.447+0000] {processor.py:179} INFO - Processing /home/airflow/.local/lib/python3.8/site-packages/airflow/example_dags/tutorial_dag.py took 0.029 seconds
[2023-11-22T18:55:13.149+0000] {processor.py:157} INFO - Started process (PID=2118) to work on /home/airflow/.local/lib/python3.8/site-packages/airflow/example_dags/tutorial_dag.py
[2023-11-22T18:55:13.150+0000] {processor.py:829} INFO - Processing file /home/airflow/.local/lib/python3.8/site-packages/airflow/example_dags/tutorial_dag.py for tasks to queue
[2023-11-22T18:55:13.151+0000] {logging_mixin.py:151} INFO - [2023-11-22T18:55:13.151+0000] {dagbag.py:536} INFO - Filling up the DagBag from /home/airflow/.local/lib/python3.8/site-packages/airflow/example_dags/tutorial_dag.py
[2023-11-22T18:55:13.154+0000] {processor.py:839} INFO - DAG(s) dict_keys(['tutorial_dag']) retrieved from /home/airflow/.local/lib/python3.8/site-packages/airflow/example_dags/tutorial_dag.py
[2023-11-22T18:55:13.164+0000] {logging_mixin.py:151} INFO - [2023-11-22T18:55:13.164+0000] {dag.py:2941} INFO - Sync 1 DAGs
[2023-11-22T18:55:13.169+0000] {logging_mixin.py:151} INFO - [2023-11-22T18:55:13.169+0000] {dag.py:3722} INFO - Setting next_dagrun for tutorial_dag to None, run_after=None
[2023-11-22T18:55:13.177+0000] {processor.py:179} INFO - Processing /home/airflow/.local/lib/python3.8/site-packages/airflow/example_dags/tutorial_dag.py took 0.029 seconds
[2023-11-22T18:55:44.027+0000] {processor.py:157} INFO - Started process (PID=2175) to work on /home/airflow/.local/lib/python3.8/site-packages/airflow/example_dags/tutorial_dag.py
[2023-11-22T18:55:44.027+0000] {processor.py:829} INFO - Processing file /home/airflow/.local/lib/python3.8/site-packages/airflow/example_dags/tutorial_dag.py for tasks to queue
[2023-11-22T18:55:44.028+0000] {logging_mixin.py:151} INFO - [2023-11-22T18:55:44.028+0000] {dagbag.py:536} INFO - Filling up the DagBag from /home/airflow/.local/lib/python3.8/site-packages/airflow/example_dags/tutorial_dag.py
[2023-11-22T18:55:44.031+0000] {processor.py:839} INFO - DAG(s) dict_keys(['tutorial_dag']) retrieved from /home/airflow/.local/lib/python3.8/site-packages/airflow/example_dags/tutorial_dag.py
[2023-11-22T18:55:44.041+0000] {logging_mixin.py:151} INFO - [2023-11-22T18:55:44.041+0000] {dag.py:2941} INFO - Sync 1 DAGs
[2023-11-22T18:55:44.047+0000] {logging_mixin.py:151} INFO - [2023-11-22T18:55:44.047+0000] {dag.py:3722} INFO - Setting next_dagrun for tutorial_dag to None, run_after=None
[2023-11-22T18:55:44.054+0000] {processor.py:179} INFO - Processing /home/airflow/.local/lib/python3.8/site-packages/airflow/example_dags/tutorial_dag.py took 0.029 seconds
[2023-11-22T18:56:14.740+0000] {processor.py:157} INFO - Started process (PID=2232) to work on /home/airflow/.local/lib/python3.8/site-packages/airflow/example_dags/tutorial_dag.py
[2023-11-22T18:56:14.741+0000] {processor.py:829} INFO - Processing file /home/airflow/.local/lib/python3.8/site-packages/airflow/example_dags/tutorial_dag.py for tasks to queue
[2023-11-22T18:56:14.742+0000] {logging_mixin.py:151} INFO - [2023-11-22T18:56:14.742+0000] {dagbag.py:536} INFO - Filling up the DagBag from /home/airflow/.local/lib/python3.8/site-packages/airflow/example_dags/tutorial_dag.py
[2023-11-22T18:56:14.745+0000] {processor.py:839} INFO - DAG(s) dict_keys(['tutorial_dag']) retrieved from /home/airflow/.local/lib/python3.8/site-packages/airflow/example_dags/tutorial_dag.py
[2023-11-22T18:56:14.754+0000] {logging_mixin.py:151} INFO - [2023-11-22T18:56:14.754+0000] {dag.py:2941} INFO - Sync 1 DAGs
[2023-11-22T18:56:14.760+0000] {logging_mixin.py:151} INFO - [2023-11-22T18:56:14.760+0000] {dag.py:3722} INFO - Setting next_dagrun for tutorial_dag to None, run_after=None
[2023-11-22T18:56:14.767+0000] {processor.py:179} INFO - Processing /home/airflow/.local/lib/python3.8/site-packages/airflow/example_dags/tutorial_dag.py took 0.028 seconds
[2023-11-22T18:56:45.489+0000] {processor.py:157} INFO - Started process (PID=2289) to work on /home/airflow/.local/lib/python3.8/site-packages/airflow/example_dags/tutorial_dag.py
[2023-11-22T18:56:45.490+0000] {processor.py:829} INFO - Processing file /home/airflow/.local/lib/python3.8/site-packages/airflow/example_dags/tutorial_dag.py for tasks to queue
[2023-11-22T18:56:45.491+0000] {logging_mixin.py:151} INFO - [2023-11-22T18:56:45.490+0000] {dagbag.py:536} INFO - Filling up the DagBag from /home/airflow/.local/lib/python3.8/site-packages/airflow/example_dags/tutorial_dag.py
[2023-11-22T18:56:45.493+0000] {processor.py:839} INFO - DAG(s) dict_keys(['tutorial_dag']) retrieved from /home/airflow/.local/lib/python3.8/site-packages/airflow/example_dags/tutorial_dag.py
[2023-11-22T18:56:45.503+0000] {logging_mixin.py:151} INFO - [2023-11-22T18:56:45.502+0000] {dag.py:2941} INFO - Sync 1 DAGs
[2023-11-22T18:56:45.508+0000] {logging_mixin.py:151} INFO - [2023-11-22T18:56:45.508+0000] {dag.py:3722} INFO - Setting next_dagrun for tutorial_dag to None, run_after=None
[2023-11-22T18:56:45.514+0000] {processor.py:179} INFO - Processing /home/airflow/.local/lib/python3.8/site-packages/airflow/example_dags/tutorial_dag.py took 0.027 seconds
[2023-11-22T18:57:16.222+0000] {processor.py:157} INFO - Started process (PID=2346) to work on /home/airflow/.local/lib/python3.8/site-packages/airflow/example_dags/tutorial_dag.py
[2023-11-22T18:57:16.222+0000] {processor.py:829} INFO - Processing file /home/airflow/.local/lib/python3.8/site-packages/airflow/example_dags/tutorial_dag.py for tasks to queue
[2023-11-22T18:57:16.223+0000] {logging_mixin.py:151} INFO - [2023-11-22T18:57:16.223+0000] {dagbag.py:536} INFO - Filling up the DagBag from /home/airflow/.local/lib/python3.8/site-packages/airflow/example_dags/tutorial_dag.py
[2023-11-22T18:57:16.226+0000] {processor.py:839} INFO - DAG(s) dict_keys(['tutorial_dag']) retrieved from /home/airflow/.local/lib/python3.8/site-packages/airflow/example_dags/tutorial_dag.py
[2023-11-22T18:57:16.237+0000] {logging_mixin.py:151} INFO - [2023-11-22T18:57:16.237+0000] {dag.py:2941} INFO - Sync 1 DAGs
[2023-11-22T18:57:16.245+0000] {logging_mixin.py:151} INFO - [2023-11-22T18:57:16.245+0000] {dag.py:3722} INFO - Setting next_dagrun for tutorial_dag to None, run_after=None
[2023-11-22T18:57:16.254+0000] {processor.py:179} INFO - Processing /home/airflow/.local/lib/python3.8/site-packages/airflow/example_dags/tutorial_dag.py took 0.034 seconds
[2023-11-22T18:57:46.990+0000] {processor.py:157} INFO - Started process (PID=2403) to work on /home/airflow/.local/lib/python3.8/site-packages/airflow/example_dags/tutorial_dag.py
[2023-11-22T18:57:46.991+0000] {processor.py:829} INFO - Processing file /home/airflow/.local/lib/python3.8/site-packages/airflow/example_dags/tutorial_dag.py for tasks to queue
[2023-11-22T18:57:46.992+0000] {logging_mixin.py:151} INFO - [2023-11-22T18:57:46.992+0000] {dagbag.py:536} INFO - Filling up the DagBag from /home/airflow/.local/lib/python3.8/site-packages/airflow/example_dags/tutorial_dag.py
[2023-11-22T18:57:46.995+0000] {processor.py:839} INFO - DAG(s) dict_keys(['tutorial_dag']) retrieved from /home/airflow/.local/lib/python3.8/site-packages/airflow/example_dags/tutorial_dag.py
[2023-11-22T18:57:47.004+0000] {logging_mixin.py:151} INFO - [2023-11-22T18:57:47.004+0000] {dag.py:2941} INFO - Sync 1 DAGs
[2023-11-22T18:57:47.009+0000] {logging_mixin.py:151} INFO - [2023-11-22T18:57:47.009+0000] {dag.py:3722} INFO - Setting next_dagrun for tutorial_dag to None, run_after=None
[2023-11-22T18:57:47.017+0000] {processor.py:179} INFO - Processing /home/airflow/.local/lib/python3.8/site-packages/airflow/example_dags/tutorial_dag.py took 0.028 seconds
[2023-11-22T18:58:17.545+0000] {processor.py:157} INFO - Started process (PID=2460) to work on /home/airflow/.local/lib/python3.8/site-packages/airflow/example_dags/tutorial_dag.py
[2023-11-22T18:58:17.546+0000] {processor.py:829} INFO - Processing file /home/airflow/.local/lib/python3.8/site-packages/airflow/example_dags/tutorial_dag.py for tasks to queue
[2023-11-22T18:58:17.547+0000] {logging_mixin.py:151} INFO - [2023-11-22T18:58:17.547+0000] {dagbag.py:536} INFO - Filling up the DagBag from /home/airflow/.local/lib/python3.8/site-packages/airflow/example_dags/tutorial_dag.py
[2023-11-22T18:58:17.550+0000] {processor.py:839} INFO - DAG(s) dict_keys(['tutorial_dag']) retrieved from /home/airflow/.local/lib/python3.8/site-packages/airflow/example_dags/tutorial_dag.py
[2023-11-22T18:58:17.560+0000] {logging_mixin.py:151} INFO - [2023-11-22T18:58:17.560+0000] {dag.py:2941} INFO - Sync 1 DAGs
[2023-11-22T18:58:17.566+0000] {logging_mixin.py:151} INFO - [2023-11-22T18:58:17.566+0000] {dag.py:3722} INFO - Setting next_dagrun for tutorial_dag to None, run_after=None
[2023-11-22T18:58:17.574+0000] {processor.py:179} INFO - Processing /home/airflow/.local/lib/python3.8/site-packages/airflow/example_dags/tutorial_dag.py took 0.030 seconds
[2023-11-22T18:58:48.190+0000] {processor.py:157} INFO - Started process (PID=2517) to work on /home/airflow/.local/lib/python3.8/site-packages/airflow/example_dags/tutorial_dag.py
[2023-11-22T18:58:48.191+0000] {processor.py:829} INFO - Processing file /home/airflow/.local/lib/python3.8/site-packages/airflow/example_dags/tutorial_dag.py for tasks to queue
[2023-11-22T18:58:48.192+0000] {logging_mixin.py:151} INFO - [2023-11-22T18:58:48.192+0000] {dagbag.py:536} INFO - Filling up the DagBag from /home/airflow/.local/lib/python3.8/site-packages/airflow/example_dags/tutorial_dag.py
[2023-11-22T18:58:48.195+0000] {processor.py:839} INFO - DAG(s) dict_keys(['tutorial_dag']) retrieved from /home/airflow/.local/lib/python3.8/site-packages/airflow/example_dags/tutorial_dag.py
[2023-11-22T18:58:48.205+0000] {logging_mixin.py:151} INFO - [2023-11-22T18:58:48.205+0000] {dag.py:2941} INFO - Sync 1 DAGs
[2023-11-22T18:58:48.210+0000] {logging_mixin.py:151} INFO - [2023-11-22T18:58:48.210+0000] {dag.py:3722} INFO - Setting next_dagrun for tutorial_dag to None, run_after=None
[2023-11-22T18:58:48.217+0000] {processor.py:179} INFO - Processing /home/airflow/.local/lib/python3.8/site-packages/airflow/example_dags/tutorial_dag.py took 0.029 seconds
[2023-11-22T18:59:18.846+0000] {processor.py:157} INFO - Started process (PID=2574) to work on /home/airflow/.local/lib/python3.8/site-packages/airflow/example_dags/tutorial_dag.py
[2023-11-22T18:59:18.846+0000] {processor.py:829} INFO - Processing file /home/airflow/.local/lib/python3.8/site-packages/airflow/example_dags/tutorial_dag.py for tasks to queue
[2023-11-22T18:59:18.847+0000] {logging_mixin.py:151} INFO - [2023-11-22T18:59:18.847+0000] {dagbag.py:536} INFO - Filling up the DagBag from /home/airflow/.local/lib/python3.8/site-packages/airflow/example_dags/tutorial_dag.py
[2023-11-22T18:59:18.850+0000] {processor.py:839} INFO - DAG(s) dict_keys(['tutorial_dag']) retrieved from /home/airflow/.local/lib/python3.8/site-packages/airflow/example_dags/tutorial_dag.py
[2023-11-22T18:59:18.860+0000] {logging_mixin.py:151} INFO - [2023-11-22T18:59:18.860+0000] {dag.py:2941} INFO - Sync 1 DAGs
[2023-11-22T18:59:18.866+0000] {logging_mixin.py:151} INFO - [2023-11-22T18:59:18.865+0000] {dag.py:3722} INFO - Setting next_dagrun for tutorial_dag to None, run_after=None
[2023-11-22T18:59:18.873+0000] {processor.py:179} INFO - Processing /home/airflow/.local/lib/python3.8/site-packages/airflow/example_dags/tutorial_dag.py took 0.029 seconds
[2023-11-22T18:59:49.586+0000] {processor.py:157} INFO - Started process (PID=2631) to work on /home/airflow/.local/lib/python3.8/site-packages/airflow/example_dags/tutorial_dag.py
[2023-11-22T18:59:49.587+0000] {processor.py:829} INFO - Processing file /home/airflow/.local/lib/python3.8/site-packages/airflow/example_dags/tutorial_dag.py for tasks to queue
[2023-11-22T18:59:49.588+0000] {logging_mixin.py:151} INFO - [2023-11-22T18:59:49.588+0000] {dagbag.py:536} INFO - Filling up the DagBag from /home/airflow/.local/lib/python3.8/site-packages/airflow/example_dags/tutorial_dag.py
[2023-11-22T18:59:49.591+0000] {processor.py:839} INFO - DAG(s) dict_keys(['tutorial_dag']) retrieved from /home/airflow/.local/lib/python3.8/site-packages/airflow/example_dags/tutorial_dag.py
[2023-11-22T18:59:49.601+0000] {logging_mixin.py:151} INFO - [2023-11-22T18:59:49.601+0000] {dag.py:2941} INFO - Sync 1 DAGs
[2023-11-22T18:59:49.607+0000] {logging_mixin.py:151} INFO - [2023-11-22T18:59:49.607+0000] {dag.py:3722} INFO - Setting next_dagrun for tutorial_dag to None, run_after=None
[2023-11-22T18:59:49.615+0000] {processor.py:179} INFO - Processing /home/airflow/.local/lib/python3.8/site-packages/airflow/example_dags/tutorial_dag.py took 0.031 seconds
[2023-11-22T19:00:20.319+0000] {processor.py:157} INFO - Started process (PID=2688) to work on /home/airflow/.local/lib/python3.8/site-packages/airflow/example_dags/tutorial_dag.py
[2023-11-22T19:00:20.319+0000] {processor.py:829} INFO - Processing file /home/airflow/.local/lib/python3.8/site-packages/airflow/example_dags/tutorial_dag.py for tasks to queue
[2023-11-22T19:00:20.320+0000] {logging_mixin.py:151} INFO - [2023-11-22T19:00:20.320+0000] {dagbag.py:536} INFO - Filling up the DagBag from /home/airflow/.local/lib/python3.8/site-packages/airflow/example_dags/tutorial_dag.py
[2023-11-22T19:00:20.323+0000] {processor.py:839} INFO - DAG(s) dict_keys(['tutorial_dag']) retrieved from /home/airflow/.local/lib/python3.8/site-packages/airflow/example_dags/tutorial_dag.py
[2023-11-22T19:00:20.332+0000] {logging_mixin.py:151} INFO - [2023-11-22T19:00:20.332+0000] {dag.py:2941} INFO - Sync 1 DAGs
[2023-11-22T19:00:20.337+0000] {logging_mixin.py:151} INFO - [2023-11-22T19:00:20.337+0000] {dag.py:3722} INFO - Setting next_dagrun for tutorial_dag to None, run_after=None
[2023-11-22T19:00:20.344+0000] {processor.py:179} INFO - Processing /home/airflow/.local/lib/python3.8/site-packages/airflow/example_dags/tutorial_dag.py took 0.027 seconds
[2023-11-22T19:00:50.911+0000] {processor.py:157} INFO - Started process (PID=2745) to work on /home/airflow/.local/lib/python3.8/site-packages/airflow/example_dags/tutorial_dag.py
[2023-11-22T19:00:50.912+0000] {processor.py:829} INFO - Processing file /home/airflow/.local/lib/python3.8/site-packages/airflow/example_dags/tutorial_dag.py for tasks to queue
[2023-11-22T19:00:50.913+0000] {logging_mixin.py:151} INFO - [2023-11-22T19:00:50.913+0000] {dagbag.py:536} INFO - Filling up the DagBag from /home/airflow/.local/lib/python3.8/site-packages/airflow/example_dags/tutorial_dag.py
[2023-11-22T19:00:50.916+0000] {processor.py:839} INFO - DAG(s) dict_keys(['tutorial_dag']) retrieved from /home/airflow/.local/lib/python3.8/site-packages/airflow/example_dags/tutorial_dag.py
[2023-11-22T19:00:50.926+0000] {logging_mixin.py:151} INFO - [2023-11-22T19:00:50.926+0000] {dag.py:2941} INFO - Sync 1 DAGs
[2023-11-22T19:00:50.933+0000] {logging_mixin.py:151} INFO - [2023-11-22T19:00:50.933+0000] {dag.py:3722} INFO - Setting next_dagrun for tutorial_dag to None, run_after=None
[2023-11-22T19:00:50.941+0000] {processor.py:179} INFO - Processing /home/airflow/.local/lib/python3.8/site-packages/airflow/example_dags/tutorial_dag.py took 0.032 seconds
[2023-11-22T19:01:21.565+0000] {processor.py:157} INFO - Started process (PID=2802) to work on /home/airflow/.local/lib/python3.8/site-packages/airflow/example_dags/tutorial_dag.py
[2023-11-22T19:01:21.566+0000] {processor.py:829} INFO - Processing file /home/airflow/.local/lib/python3.8/site-packages/airflow/example_dags/tutorial_dag.py for tasks to queue
[2023-11-22T19:01:21.567+0000] {logging_mixin.py:151} INFO - [2023-11-22T19:01:21.567+0000] {dagbag.py:536} INFO - Filling up the DagBag from /home/airflow/.local/lib/python3.8/site-packages/airflow/example_dags/tutorial_dag.py
[2023-11-22T19:01:21.570+0000] {processor.py:839} INFO - DAG(s) dict_keys(['tutorial_dag']) retrieved from /home/airflow/.local/lib/python3.8/site-packages/airflow/example_dags/tutorial_dag.py
[2023-11-22T19:01:21.579+0000] {logging_mixin.py:151} INFO - [2023-11-22T19:01:21.579+0000] {dag.py:2941} INFO - Sync 1 DAGs
[2023-11-22T19:01:21.585+0000] {logging_mixin.py:151} INFO - [2023-11-22T19:01:21.585+0000] {dag.py:3722} INFO - Setting next_dagrun for tutorial_dag to None, run_after=None
[2023-11-22T19:01:21.593+0000] {processor.py:179} INFO - Processing /home/airflow/.local/lib/python3.8/site-packages/airflow/example_dags/tutorial_dag.py took 0.029 seconds
[2023-11-22T19:01:52.101+0000] {processor.py:157} INFO - Started process (PID=2860) to work on /home/airflow/.local/lib/python3.8/site-packages/airflow/example_dags/tutorial_dag.py
[2023-11-22T19:01:52.102+0000] {processor.py:829} INFO - Processing file /home/airflow/.local/lib/python3.8/site-packages/airflow/example_dags/tutorial_dag.py for tasks to queue
[2023-11-22T19:01:52.103+0000] {logging_mixin.py:151} INFO - [2023-11-22T19:01:52.103+0000] {dagbag.py:536} INFO - Filling up the DagBag from /home/airflow/.local/lib/python3.8/site-packages/airflow/example_dags/tutorial_dag.py
[2023-11-22T19:01:52.106+0000] {processor.py:839} INFO - DAG(s) dict_keys(['tutorial_dag']) retrieved from /home/airflow/.local/lib/python3.8/site-packages/airflow/example_dags/tutorial_dag.py
[2023-11-22T19:01:52.118+0000] {logging_mixin.py:151} INFO - [2023-11-22T19:01:52.118+0000] {dag.py:2941} INFO - Sync 1 DAGs
[2023-11-22T19:01:52.124+0000] {logging_mixin.py:151} INFO - [2023-11-22T19:01:52.124+0000] {dag.py:3722} INFO - Setting next_dagrun for tutorial_dag to None, run_after=None
[2023-11-22T19:01:52.133+0000] {processor.py:179} INFO - Processing /home/airflow/.local/lib/python3.8/site-packages/airflow/example_dags/tutorial_dag.py took 0.034 seconds
[2023-11-22T19:02:22.836+0000] {processor.py:157} INFO - Started process (PID=2917) to work on /home/airflow/.local/lib/python3.8/site-packages/airflow/example_dags/tutorial_dag.py
[2023-11-22T19:02:22.837+0000] {processor.py:829} INFO - Processing file /home/airflow/.local/lib/python3.8/site-packages/airflow/example_dags/tutorial_dag.py for tasks to queue
[2023-11-22T19:02:22.838+0000] {logging_mixin.py:151} INFO - [2023-11-22T19:02:22.838+0000] {dagbag.py:536} INFO - Filling up the DagBag from /home/airflow/.local/lib/python3.8/site-packages/airflow/example_dags/tutorial_dag.py
[2023-11-22T19:02:22.841+0000] {processor.py:839} INFO - DAG(s) dict_keys(['tutorial_dag']) retrieved from /home/airflow/.local/lib/python3.8/site-packages/airflow/example_dags/tutorial_dag.py
[2023-11-22T19:02:22.851+0000] {logging_mixin.py:151} INFO - [2023-11-22T19:02:22.851+0000] {dag.py:2941} INFO - Sync 1 DAGs
[2023-11-22T19:02:22.856+0000] {logging_mixin.py:151} INFO - [2023-11-22T19:02:22.856+0000] {dag.py:3722} INFO - Setting next_dagrun for tutorial_dag to None, run_after=None
[2023-11-22T19:02:22.863+0000] {processor.py:179} INFO - Processing /home/airflow/.local/lib/python3.8/site-packages/airflow/example_dags/tutorial_dag.py took 0.029 seconds
[2023-11-22T19:02:53.505+0000] {processor.py:157} INFO - Started process (PID=2974) to work on /home/airflow/.local/lib/python3.8/site-packages/airflow/example_dags/tutorial_dag.py
[2023-11-22T19:02:53.506+0000] {processor.py:829} INFO - Processing file /home/airflow/.local/lib/python3.8/site-packages/airflow/example_dags/tutorial_dag.py for tasks to queue
[2023-11-22T19:02:53.507+0000] {logging_mixin.py:151} INFO - [2023-11-22T19:02:53.506+0000] {dagbag.py:536} INFO - Filling up the DagBag from /home/airflow/.local/lib/python3.8/site-packages/airflow/example_dags/tutorial_dag.py
[2023-11-22T19:02:53.509+0000] {processor.py:839} INFO - DAG(s) dict_keys(['tutorial_dag']) retrieved from /home/airflow/.local/lib/python3.8/site-packages/airflow/example_dags/tutorial_dag.py
[2023-11-22T19:02:53.519+0000] {logging_mixin.py:151} INFO - [2023-11-22T19:02:53.519+0000] {dag.py:2941} INFO - Sync 1 DAGs
[2023-11-22T19:02:53.524+0000] {logging_mixin.py:151} INFO - [2023-11-22T19:02:53.524+0000] {dag.py:3722} INFO - Setting next_dagrun for tutorial_dag to None, run_after=None
[2023-11-22T19:02:53.532+0000] {processor.py:179} INFO - Processing /home/airflow/.local/lib/python3.8/site-packages/airflow/example_dags/tutorial_dag.py took 0.028 seconds
[2023-11-22T19:03:24.171+0000] {processor.py:157} INFO - Started process (PID=3030) to work on /home/airflow/.local/lib/python3.8/site-packages/airflow/example_dags/tutorial_dag.py
[2023-11-22T19:03:24.171+0000] {processor.py:829} INFO - Processing file /home/airflow/.local/lib/python3.8/site-packages/airflow/example_dags/tutorial_dag.py for tasks to queue
[2023-11-22T19:03:24.172+0000] {logging_mixin.py:151} INFO - [2023-11-22T19:03:24.172+0000] {dagbag.py:536} INFO - Filling up the DagBag from /home/airflow/.local/lib/python3.8/site-packages/airflow/example_dags/tutorial_dag.py
[2023-11-22T19:03:24.175+0000] {processor.py:839} INFO - DAG(s) dict_keys(['tutorial_dag']) retrieved from /home/airflow/.local/lib/python3.8/site-packages/airflow/example_dags/tutorial_dag.py
[2023-11-22T19:03:24.185+0000] {logging_mixin.py:151} INFO - [2023-11-22T19:03:24.185+0000] {dag.py:2941} INFO - Sync 1 DAGs
[2023-11-22T19:03:24.191+0000] {logging_mixin.py:151} INFO - [2023-11-22T19:03:24.191+0000] {dag.py:3722} INFO - Setting next_dagrun for tutorial_dag to None, run_after=None
[2023-11-22T19:03:24.198+0000] {processor.py:179} INFO - Processing /home/airflow/.local/lib/python3.8/site-packages/airflow/example_dags/tutorial_dag.py took 0.029 seconds
[2023-11-22T19:03:54.856+0000] {processor.py:157} INFO - Started process (PID=3087) to work on /home/airflow/.local/lib/python3.8/site-packages/airflow/example_dags/tutorial_dag.py
[2023-11-22T19:03:54.857+0000] {processor.py:829} INFO - Processing file /home/airflow/.local/lib/python3.8/site-packages/airflow/example_dags/tutorial_dag.py for tasks to queue
[2023-11-22T19:03:54.858+0000] {logging_mixin.py:151} INFO - [2023-11-22T19:03:54.858+0000] {dagbag.py:536} INFO - Filling up the DagBag from /home/airflow/.local/lib/python3.8/site-packages/airflow/example_dags/tutorial_dag.py
[2023-11-22T19:03:54.861+0000] {processor.py:839} INFO - DAG(s) dict_keys(['tutorial_dag']) retrieved from /home/airflow/.local/lib/python3.8/site-packages/airflow/example_dags/tutorial_dag.py
[2023-11-22T19:03:54.871+0000] {logging_mixin.py:151} INFO - [2023-11-22T19:03:54.871+0000] {dag.py:2941} INFO - Sync 1 DAGs
[2023-11-22T19:03:54.877+0000] {logging_mixin.py:151} INFO - [2023-11-22T19:03:54.877+0000] {dag.py:3722} INFO - Setting next_dagrun for tutorial_dag to None, run_after=None
[2023-11-22T19:03:54.884+0000] {processor.py:179} INFO - Processing /home/airflow/.local/lib/python3.8/site-packages/airflow/example_dags/tutorial_dag.py took 0.030 seconds
[2023-11-22T19:04:25.510+0000] {processor.py:157} INFO - Started process (PID=3144) to work on /home/airflow/.local/lib/python3.8/site-packages/airflow/example_dags/tutorial_dag.py
[2023-11-22T19:04:25.510+0000] {processor.py:829} INFO - Processing file /home/airflow/.local/lib/python3.8/site-packages/airflow/example_dags/tutorial_dag.py for tasks to queue
[2023-11-22T19:04:25.512+0000] {logging_mixin.py:151} INFO - [2023-11-22T19:04:25.511+0000] {dagbag.py:536} INFO - Filling up the DagBag from /home/airflow/.local/lib/python3.8/site-packages/airflow/example_dags/tutorial_dag.py
[2023-11-22T19:04:25.514+0000] {processor.py:839} INFO - DAG(s) dict_keys(['tutorial_dag']) retrieved from /home/airflow/.local/lib/python3.8/site-packages/airflow/example_dags/tutorial_dag.py
[2023-11-22T19:04:25.524+0000] {logging_mixin.py:151} INFO - [2023-11-22T19:04:25.524+0000] {dag.py:2941} INFO - Sync 1 DAGs
[2023-11-22T19:04:25.529+0000] {logging_mixin.py:151} INFO - [2023-11-22T19:04:25.529+0000] {dag.py:3722} INFO - Setting next_dagrun for tutorial_dag to None, run_after=None
[2023-11-22T19:04:25.536+0000] {processor.py:179} INFO - Processing /home/airflow/.local/lib/python3.8/site-packages/airflow/example_dags/tutorial_dag.py took 0.028 seconds
[2023-11-22T19:04:56.162+0000] {processor.py:157} INFO - Started process (PID=3201) to work on /home/airflow/.local/lib/python3.8/site-packages/airflow/example_dags/tutorial_dag.py
[2023-11-22T19:04:56.163+0000] {processor.py:829} INFO - Processing file /home/airflow/.local/lib/python3.8/site-packages/airflow/example_dags/tutorial_dag.py for tasks to queue
[2023-11-22T19:04:56.164+0000] {logging_mixin.py:151} INFO - [2023-11-22T19:04:56.164+0000] {dagbag.py:536} INFO - Filling up the DagBag from /home/airflow/.local/lib/python3.8/site-packages/airflow/example_dags/tutorial_dag.py
[2023-11-22T19:04:56.167+0000] {processor.py:839} INFO - DAG(s) dict_keys(['tutorial_dag']) retrieved from /home/airflow/.local/lib/python3.8/site-packages/airflow/example_dags/tutorial_dag.py
[2023-11-22T19:04:56.176+0000] {logging_mixin.py:151} INFO - [2023-11-22T19:04:56.176+0000] {dag.py:2941} INFO - Sync 1 DAGs
[2023-11-22T19:04:56.182+0000] {logging_mixin.py:151} INFO - [2023-11-22T19:04:56.182+0000] {dag.py:3722} INFO - Setting next_dagrun for tutorial_dag to None, run_after=None
[2023-11-22T19:04:56.189+0000] {processor.py:179} INFO - Processing /home/airflow/.local/lib/python3.8/site-packages/airflow/example_dags/tutorial_dag.py took 0.029 seconds
[2023-11-22T19:05:26.751+0000] {processor.py:157} INFO - Started process (PID=3259) to work on /home/airflow/.local/lib/python3.8/site-packages/airflow/example_dags/tutorial_dag.py
[2023-11-22T19:05:26.752+0000] {processor.py:829} INFO - Processing file /home/airflow/.local/lib/python3.8/site-packages/airflow/example_dags/tutorial_dag.py for tasks to queue
[2023-11-22T19:05:26.753+0000] {logging_mixin.py:151} INFO - [2023-11-22T19:05:26.753+0000] {dagbag.py:536} INFO - Filling up the DagBag from /home/airflow/.local/lib/python3.8/site-packages/airflow/example_dags/tutorial_dag.py
[2023-11-22T19:05:26.756+0000] {processor.py:839} INFO - DAG(s) dict_keys(['tutorial_dag']) retrieved from /home/airflow/.local/lib/python3.8/site-packages/airflow/example_dags/tutorial_dag.py
[2023-11-22T19:05:26.765+0000] {logging_mixin.py:151} INFO - [2023-11-22T19:05:26.765+0000] {dag.py:2941} INFO - Sync 1 DAGs
[2023-11-22T19:05:26.771+0000] {logging_mixin.py:151} INFO - [2023-11-22T19:05:26.771+0000] {dag.py:3722} INFO - Setting next_dagrun for tutorial_dag to None, run_after=None
[2023-11-22T19:05:26.778+0000] {processor.py:179} INFO - Processing /home/airflow/.local/lib/python3.8/site-packages/airflow/example_dags/tutorial_dag.py took 0.028 seconds
[2023-11-22T19:05:57.427+0000] {processor.py:157} INFO - Started process (PID=3316) to work on /home/airflow/.local/lib/python3.8/site-packages/airflow/example_dags/tutorial_dag.py
[2023-11-22T19:05:57.428+0000] {processor.py:829} INFO - Processing file /home/airflow/.local/lib/python3.8/site-packages/airflow/example_dags/tutorial_dag.py for tasks to queue
[2023-11-22T19:05:57.429+0000] {logging_mixin.py:151} INFO - [2023-11-22T19:05:57.429+0000] {dagbag.py:536} INFO - Filling up the DagBag from /home/airflow/.local/lib/python3.8/site-packages/airflow/example_dags/tutorial_dag.py
[2023-11-22T19:05:57.432+0000] {processor.py:839} INFO - DAG(s) dict_keys(['tutorial_dag']) retrieved from /home/airflow/.local/lib/python3.8/site-packages/airflow/example_dags/tutorial_dag.py
[2023-11-22T19:05:57.442+0000] {logging_mixin.py:151} INFO - [2023-11-22T19:05:57.442+0000] {dag.py:2941} INFO - Sync 1 DAGs
[2023-11-22T19:05:57.448+0000] {logging_mixin.py:151} INFO - [2023-11-22T19:05:57.447+0000] {dag.py:3722} INFO - Setting next_dagrun for tutorial_dag to None, run_after=None
[2023-11-22T19:05:57.456+0000] {processor.py:179} INFO - Processing /home/airflow/.local/lib/python3.8/site-packages/airflow/example_dags/tutorial_dag.py took 0.031 seconds
[2023-11-22T19:06:28.008+0000] {processor.py:157} INFO - Started process (PID=3373) to work on /home/airflow/.local/lib/python3.8/site-packages/airflow/example_dags/tutorial_dag.py
[2023-11-22T19:06:28.008+0000] {processor.py:829} INFO - Processing file /home/airflow/.local/lib/python3.8/site-packages/airflow/example_dags/tutorial_dag.py for tasks to queue
[2023-11-22T19:06:28.010+0000] {logging_mixin.py:151} INFO - [2023-11-22T19:06:28.009+0000] {dagbag.py:536} INFO - Filling up the DagBag from /home/airflow/.local/lib/python3.8/site-packages/airflow/example_dags/tutorial_dag.py
[2023-11-22T19:06:28.012+0000] {processor.py:839} INFO - DAG(s) dict_keys(['tutorial_dag']) retrieved from /home/airflow/.local/lib/python3.8/site-packages/airflow/example_dags/tutorial_dag.py
[2023-11-22T19:06:28.022+0000] {logging_mixin.py:151} INFO - [2023-11-22T19:06:28.022+0000] {dag.py:2941} INFO - Sync 1 DAGs
[2023-11-22T19:06:28.028+0000] {logging_mixin.py:151} INFO - [2023-11-22T19:06:28.028+0000] {dag.py:3722} INFO - Setting next_dagrun for tutorial_dag to None, run_after=None
[2023-11-22T19:06:28.035+0000] {processor.py:179} INFO - Processing /home/airflow/.local/lib/python3.8/site-packages/airflow/example_dags/tutorial_dag.py took 0.029 seconds
[2023-11-22T19:06:58.559+0000] {processor.py:157} INFO - Started process (PID=3430) to work on /home/airflow/.local/lib/python3.8/site-packages/airflow/example_dags/tutorial_dag.py
[2023-11-22T19:06:58.559+0000] {processor.py:829} INFO - Processing file /home/airflow/.local/lib/python3.8/site-packages/airflow/example_dags/tutorial_dag.py for tasks to queue
[2023-11-22T19:06:58.560+0000] {logging_mixin.py:151} INFO - [2023-11-22T19:06:58.560+0000] {dagbag.py:536} INFO - Filling up the DagBag from /home/airflow/.local/lib/python3.8/site-packages/airflow/example_dags/tutorial_dag.py
[2023-11-22T19:06:58.563+0000] {processor.py:839} INFO - DAG(s) dict_keys(['tutorial_dag']) retrieved from /home/airflow/.local/lib/python3.8/site-packages/airflow/example_dags/tutorial_dag.py
[2023-11-22T19:06:58.573+0000] {logging_mixin.py:151} INFO - [2023-11-22T19:06:58.572+0000] {dag.py:2941} INFO - Sync 1 DAGs
[2023-11-22T19:06:58.578+0000] {logging_mixin.py:151} INFO - [2023-11-22T19:06:58.578+0000] {dag.py:3722} INFO - Setting next_dagrun for tutorial_dag to None, run_after=None
[2023-11-22T19:06:58.585+0000] {processor.py:179} INFO - Processing /home/airflow/.local/lib/python3.8/site-packages/airflow/example_dags/tutorial_dag.py took 0.028 seconds
[2023-11-22T19:07:29.048+0000] {processor.py:157} INFO - Started process (PID=3487) to work on /home/airflow/.local/lib/python3.8/site-packages/airflow/example_dags/tutorial_dag.py
[2023-11-22T19:07:29.048+0000] {processor.py:829} INFO - Processing file /home/airflow/.local/lib/python3.8/site-packages/airflow/example_dags/tutorial_dag.py for tasks to queue
[2023-11-22T19:07:29.049+0000] {logging_mixin.py:151} INFO - [2023-11-22T19:07:29.049+0000] {dagbag.py:536} INFO - Filling up the DagBag from /home/airflow/.local/lib/python3.8/site-packages/airflow/example_dags/tutorial_dag.py
[2023-11-22T19:07:29.052+0000] {processor.py:839} INFO - DAG(s) dict_keys(['tutorial_dag']) retrieved from /home/airflow/.local/lib/python3.8/site-packages/airflow/example_dags/tutorial_dag.py
[2023-11-22T19:07:29.061+0000] {logging_mixin.py:151} INFO - [2023-11-22T19:07:29.061+0000] {dag.py:2941} INFO - Sync 1 DAGs
[2023-11-22T19:07:29.066+0000] {logging_mixin.py:151} INFO - [2023-11-22T19:07:29.066+0000] {dag.py:3722} INFO - Setting next_dagrun for tutorial_dag to None, run_after=None
[2023-11-22T19:07:29.073+0000] {processor.py:179} INFO - Processing /home/airflow/.local/lib/python3.8/site-packages/airflow/example_dags/tutorial_dag.py took 0.027 seconds
[2023-11-22T19:07:59.653+0000] {processor.py:157} INFO - Started process (PID=3544) to work on /home/airflow/.local/lib/python3.8/site-packages/airflow/example_dags/tutorial_dag.py
[2023-11-22T19:07:59.654+0000] {processor.py:829} INFO - Processing file /home/airflow/.local/lib/python3.8/site-packages/airflow/example_dags/tutorial_dag.py for tasks to queue
[2023-11-22T19:07:59.655+0000] {logging_mixin.py:151} INFO - [2023-11-22T19:07:59.655+0000] {dagbag.py:536} INFO - Filling up the DagBag from /home/airflow/.local/lib/python3.8/site-packages/airflow/example_dags/tutorial_dag.py
[2023-11-22T19:07:59.657+0000] {processor.py:839} INFO - DAG(s) dict_keys(['tutorial_dag']) retrieved from /home/airflow/.local/lib/python3.8/site-packages/airflow/example_dags/tutorial_dag.py
[2023-11-22T19:07:59.667+0000] {logging_mixin.py:151} INFO - [2023-11-22T19:07:59.667+0000] {dag.py:2941} INFO - Sync 1 DAGs
[2023-11-22T19:07:59.672+0000] {logging_mixin.py:151} INFO - [2023-11-22T19:07:59.672+0000] {dag.py:3722} INFO - Setting next_dagrun for tutorial_dag to None, run_after=None
[2023-11-22T19:07:59.679+0000] {processor.py:179} INFO - Processing /home/airflow/.local/lib/python3.8/site-packages/airflow/example_dags/tutorial_dag.py took 0.027 seconds
[2023-11-22T19:08:30.211+0000] {processor.py:157} INFO - Started process (PID=3601) to work on /home/airflow/.local/lib/python3.8/site-packages/airflow/example_dags/tutorial_dag.py
[2023-11-22T19:08:30.212+0000] {processor.py:829} INFO - Processing file /home/airflow/.local/lib/python3.8/site-packages/airflow/example_dags/tutorial_dag.py for tasks to queue
[2023-11-22T19:08:30.213+0000] {logging_mixin.py:151} INFO - [2023-11-22T19:08:30.213+0000] {dagbag.py:536} INFO - Filling up the DagBag from /home/airflow/.local/lib/python3.8/site-packages/airflow/example_dags/tutorial_dag.py
[2023-11-22T19:08:30.215+0000] {processor.py:839} INFO - DAG(s) dict_keys(['tutorial_dag']) retrieved from /home/airflow/.local/lib/python3.8/site-packages/airflow/example_dags/tutorial_dag.py
[2023-11-22T19:08:30.225+0000] {logging_mixin.py:151} INFO - [2023-11-22T19:08:30.225+0000] {dag.py:2941} INFO - Sync 1 DAGs
[2023-11-22T19:08:30.230+0000] {logging_mixin.py:151} INFO - [2023-11-22T19:08:30.230+0000] {dag.py:3722} INFO - Setting next_dagrun for tutorial_dag to None, run_after=None
[2023-11-22T19:08:30.237+0000] {processor.py:179} INFO - Processing /home/airflow/.local/lib/python3.8/site-packages/airflow/example_dags/tutorial_dag.py took 0.027 seconds
[2023-11-22T19:09:00.820+0000] {processor.py:157} INFO - Started process (PID=3658) to work on /home/airflow/.local/lib/python3.8/site-packages/airflow/example_dags/tutorial_dag.py
[2023-11-22T19:09:00.821+0000] {processor.py:829} INFO - Processing file /home/airflow/.local/lib/python3.8/site-packages/airflow/example_dags/tutorial_dag.py for tasks to queue
[2023-11-22T19:09:00.822+0000] {logging_mixin.py:151} INFO - [2023-11-22T19:09:00.822+0000] {dagbag.py:536} INFO - Filling up the DagBag from /home/airflow/.local/lib/python3.8/site-packages/airflow/example_dags/tutorial_dag.py
[2023-11-22T19:09:00.825+0000] {processor.py:839} INFO - DAG(s) dict_keys(['tutorial_dag']) retrieved from /home/airflow/.local/lib/python3.8/site-packages/airflow/example_dags/tutorial_dag.py
[2023-11-22T19:09:00.834+0000] {logging_mixin.py:151} INFO - [2023-11-22T19:09:00.834+0000] {dag.py:2941} INFO - Sync 1 DAGs
[2023-11-22T19:09:00.839+0000] {logging_mixin.py:151} INFO - [2023-11-22T19:09:00.839+0000] {dag.py:3722} INFO - Setting next_dagrun for tutorial_dag to None, run_after=None
[2023-11-22T19:09:00.847+0000] {processor.py:179} INFO - Processing /home/airflow/.local/lib/python3.8/site-packages/airflow/example_dags/tutorial_dag.py took 0.028 seconds
[2023-11-22T19:09:31.391+0000] {processor.py:157} INFO - Started process (PID=3715) to work on /home/airflow/.local/lib/python3.8/site-packages/airflow/example_dags/tutorial_dag.py
[2023-11-22T19:09:31.392+0000] {processor.py:829} INFO - Processing file /home/airflow/.local/lib/python3.8/site-packages/airflow/example_dags/tutorial_dag.py for tasks to queue
[2023-11-22T19:09:31.393+0000] {logging_mixin.py:151} INFO - [2023-11-22T19:09:31.393+0000] {dagbag.py:536} INFO - Filling up the DagBag from /home/airflow/.local/lib/python3.8/site-packages/airflow/example_dags/tutorial_dag.py
[2023-11-22T19:09:31.396+0000] {processor.py:839} INFO - DAG(s) dict_keys(['tutorial_dag']) retrieved from /home/airflow/.local/lib/python3.8/site-packages/airflow/example_dags/tutorial_dag.py
[2023-11-22T19:09:31.405+0000] {logging_mixin.py:151} INFO - [2023-11-22T19:09:31.405+0000] {dag.py:2941} INFO - Sync 1 DAGs
[2023-11-22T19:09:31.411+0000] {logging_mixin.py:151} INFO - [2023-11-22T19:09:31.411+0000] {dag.py:3722} INFO - Setting next_dagrun for tutorial_dag to None, run_after=None
[2023-11-22T19:09:31.417+0000] {processor.py:179} INFO - Processing /home/airflow/.local/lib/python3.8/site-packages/airflow/example_dags/tutorial_dag.py took 0.028 seconds
[2023-11-22T19:10:02.044+0000] {processor.py:157} INFO - Started process (PID=3772) to work on /home/airflow/.local/lib/python3.8/site-packages/airflow/example_dags/tutorial_dag.py
[2023-11-22T19:10:02.045+0000] {processor.py:829} INFO - Processing file /home/airflow/.local/lib/python3.8/site-packages/airflow/example_dags/tutorial_dag.py for tasks to queue
[2023-11-22T19:10:02.046+0000] {logging_mixin.py:151} INFO - [2023-11-22T19:10:02.046+0000] {dagbag.py:536} INFO - Filling up the DagBag from /home/airflow/.local/lib/python3.8/site-packages/airflow/example_dags/tutorial_dag.py
[2023-11-22T19:10:02.048+0000] {processor.py:839} INFO - DAG(s) dict_keys(['tutorial_dag']) retrieved from /home/airflow/.local/lib/python3.8/site-packages/airflow/example_dags/tutorial_dag.py
[2023-11-22T19:10:02.057+0000] {logging_mixin.py:151} INFO - [2023-11-22T19:10:02.057+0000] {dag.py:2941} INFO - Sync 1 DAGs
[2023-11-22T19:10:02.062+0000] {logging_mixin.py:151} INFO - [2023-11-22T19:10:02.062+0000] {dag.py:3722} INFO - Setting next_dagrun for tutorial_dag to None, run_after=None
[2023-11-22T19:10:02.070+0000] {processor.py:179} INFO - Processing /home/airflow/.local/lib/python3.8/site-packages/airflow/example_dags/tutorial_dag.py took 0.027 seconds
[2023-11-22T19:10:32.631+0000] {processor.py:157} INFO - Started process (PID=3829) to work on /home/airflow/.local/lib/python3.8/site-packages/airflow/example_dags/tutorial_dag.py
[2023-11-22T19:10:32.631+0000] {processor.py:829} INFO - Processing file /home/airflow/.local/lib/python3.8/site-packages/airflow/example_dags/tutorial_dag.py for tasks to queue
[2023-11-22T19:10:32.632+0000] {logging_mixin.py:151} INFO - [2023-11-22T19:10:32.632+0000] {dagbag.py:536} INFO - Filling up the DagBag from /home/airflow/.local/lib/python3.8/site-packages/airflow/example_dags/tutorial_dag.py
[2023-11-22T19:10:32.635+0000] {processor.py:839} INFO - DAG(s) dict_keys(['tutorial_dag']) retrieved from /home/airflow/.local/lib/python3.8/site-packages/airflow/example_dags/tutorial_dag.py
[2023-11-22T19:10:32.645+0000] {logging_mixin.py:151} INFO - [2023-11-22T19:10:32.645+0000] {dag.py:2941} INFO - Sync 1 DAGs
[2023-11-22T19:10:32.651+0000] {logging_mixin.py:151} INFO - [2023-11-22T19:10:32.651+0000] {dag.py:3722} INFO - Setting next_dagrun for tutorial_dag to None, run_after=None
[2023-11-22T19:10:32.658+0000] {processor.py:179} INFO - Processing /home/airflow/.local/lib/python3.8/site-packages/airflow/example_dags/tutorial_dag.py took 0.029 seconds
[2023-11-22T19:11:03.239+0000] {processor.py:157} INFO - Started process (PID=3886) to work on /home/airflow/.local/lib/python3.8/site-packages/airflow/example_dags/tutorial_dag.py
[2023-11-22T19:11:03.239+0000] {processor.py:829} INFO - Processing file /home/airflow/.local/lib/python3.8/site-packages/airflow/example_dags/tutorial_dag.py for tasks to queue
[2023-11-22T19:11:03.240+0000] {logging_mixin.py:151} INFO - [2023-11-22T19:11:03.240+0000] {dagbag.py:536} INFO - Filling up the DagBag from /home/airflow/.local/lib/python3.8/site-packages/airflow/example_dags/tutorial_dag.py
[2023-11-22T19:11:03.243+0000] {processor.py:839} INFO - DAG(s) dict_keys(['tutorial_dag']) retrieved from /home/airflow/.local/lib/python3.8/site-packages/airflow/example_dags/tutorial_dag.py
[2023-11-22T19:11:03.253+0000] {logging_mixin.py:151} INFO - [2023-11-22T19:11:03.252+0000] {dag.py:2941} INFO - Sync 1 DAGs
[2023-11-22T19:11:03.258+0000] {logging_mixin.py:151} INFO - [2023-11-22T19:11:03.258+0000] {dag.py:3722} INFO - Setting next_dagrun for tutorial_dag to None, run_after=None
[2023-11-22T19:11:03.264+0000] {processor.py:179} INFO - Processing /home/airflow/.local/lib/python3.8/site-packages/airflow/example_dags/tutorial_dag.py took 0.027 seconds
[2023-11-22T19:11:33.749+0000] {processor.py:157} INFO - Started process (PID=3943) to work on /home/airflow/.local/lib/python3.8/site-packages/airflow/example_dags/tutorial_dag.py
[2023-11-22T19:11:33.750+0000] {processor.py:829} INFO - Processing file /home/airflow/.local/lib/python3.8/site-packages/airflow/example_dags/tutorial_dag.py for tasks to queue
[2023-11-22T19:11:33.751+0000] {logging_mixin.py:151} INFO - [2023-11-22T19:11:33.750+0000] {dagbag.py:536} INFO - Filling up the DagBag from /home/airflow/.local/lib/python3.8/site-packages/airflow/example_dags/tutorial_dag.py
[2023-11-22T19:11:33.753+0000] {processor.py:839} INFO - DAG(s) dict_keys(['tutorial_dag']) retrieved from /home/airflow/.local/lib/python3.8/site-packages/airflow/example_dags/tutorial_dag.py
[2023-11-22T19:11:33.762+0000] {logging_mixin.py:151} INFO - [2023-11-22T19:11:33.762+0000] {dag.py:2941} INFO - Sync 1 DAGs
[2023-11-22T19:11:33.768+0000] {logging_mixin.py:151} INFO - [2023-11-22T19:11:33.768+0000] {dag.py:3722} INFO - Setting next_dagrun for tutorial_dag to None, run_after=None
[2023-11-22T19:11:33.775+0000] {processor.py:179} INFO - Processing /home/airflow/.local/lib/python3.8/site-packages/airflow/example_dags/tutorial_dag.py took 0.027 seconds
[2023-11-22T19:12:04.555+0000] {processor.py:157} INFO - Started process (PID=4000) to work on /home/airflow/.local/lib/python3.8/site-packages/airflow/example_dags/tutorial_dag.py
[2023-11-22T19:12:04.556+0000] {processor.py:829} INFO - Processing file /home/airflow/.local/lib/python3.8/site-packages/airflow/example_dags/tutorial_dag.py for tasks to queue
[2023-11-22T19:12:04.557+0000] {logging_mixin.py:151} INFO - [2023-11-22T19:12:04.557+0000] {dagbag.py:536} INFO - Filling up the DagBag from /home/airflow/.local/lib/python3.8/site-packages/airflow/example_dags/tutorial_dag.py
[2023-11-22T19:12:04.560+0000] {processor.py:839} INFO - DAG(s) dict_keys(['tutorial_dag']) retrieved from /home/airflow/.local/lib/python3.8/site-packages/airflow/example_dags/tutorial_dag.py
[2023-11-22T19:12:04.570+0000] {logging_mixin.py:151} INFO - [2023-11-22T19:12:04.570+0000] {dag.py:2941} INFO - Sync 1 DAGs
[2023-11-22T19:12:04.576+0000] {logging_mixin.py:151} INFO - [2023-11-22T19:12:04.576+0000] {dag.py:3722} INFO - Setting next_dagrun for tutorial_dag to None, run_after=None
[2023-11-22T19:12:04.583+0000] {processor.py:179} INFO - Processing /home/airflow/.local/lib/python3.8/site-packages/airflow/example_dags/tutorial_dag.py took 0.030 seconds
[2023-11-22T19:12:35.308+0000] {processor.py:157} INFO - Started process (PID=4056) to work on /home/airflow/.local/lib/python3.8/site-packages/airflow/example_dags/tutorial_dag.py
[2023-11-22T19:12:35.308+0000] {processor.py:829} INFO - Processing file /home/airflow/.local/lib/python3.8/site-packages/airflow/example_dags/tutorial_dag.py for tasks to queue
[2023-11-22T19:12:35.309+0000] {logging_mixin.py:151} INFO - [2023-11-22T19:12:35.309+0000] {dagbag.py:536} INFO - Filling up the DagBag from /home/airflow/.local/lib/python3.8/site-packages/airflow/example_dags/tutorial_dag.py
[2023-11-22T19:12:35.312+0000] {processor.py:839} INFO - DAG(s) dict_keys(['tutorial_dag']) retrieved from /home/airflow/.local/lib/python3.8/site-packages/airflow/example_dags/tutorial_dag.py
[2023-11-22T19:12:35.321+0000] {logging_mixin.py:151} INFO - [2023-11-22T19:12:35.321+0000] {dag.py:2941} INFO - Sync 1 DAGs
[2023-11-22T19:12:35.326+0000] {logging_mixin.py:151} INFO - [2023-11-22T19:12:35.326+0000] {dag.py:3722} INFO - Setting next_dagrun for tutorial_dag to None, run_after=None
[2023-11-22T19:12:35.333+0000] {processor.py:179} INFO - Processing /home/airflow/.local/lib/python3.8/site-packages/airflow/example_dags/tutorial_dag.py took 0.027 seconds
[2023-11-22T19:13:06.075+0000] {processor.py:157} INFO - Started process (PID=4113) to work on /home/airflow/.local/lib/python3.8/site-packages/airflow/example_dags/tutorial_dag.py
[2023-11-22T19:13:06.076+0000] {processor.py:829} INFO - Processing file /home/airflow/.local/lib/python3.8/site-packages/airflow/example_dags/tutorial_dag.py for tasks to queue
[2023-11-22T19:13:06.077+0000] {logging_mixin.py:151} INFO - [2023-11-22T19:13:06.077+0000] {dagbag.py:536} INFO - Filling up the DagBag from /home/airflow/.local/lib/python3.8/site-packages/airflow/example_dags/tutorial_dag.py
[2023-11-22T19:13:06.080+0000] {processor.py:839} INFO - DAG(s) dict_keys(['tutorial_dag']) retrieved from /home/airflow/.local/lib/python3.8/site-packages/airflow/example_dags/tutorial_dag.py
[2023-11-22T19:13:06.089+0000] {logging_mixin.py:151} INFO - [2023-11-22T19:13:06.089+0000] {dag.py:2941} INFO - Sync 1 DAGs
[2023-11-22T19:13:06.095+0000] {logging_mixin.py:151} INFO - [2023-11-22T19:13:06.095+0000] {dag.py:3722} INFO - Setting next_dagrun for tutorial_dag to None, run_after=None
[2023-11-22T19:13:06.102+0000] {processor.py:179} INFO - Processing /home/airflow/.local/lib/python3.8/site-packages/airflow/example_dags/tutorial_dag.py took 0.029 seconds
[2023-11-22T19:13:36.635+0000] {processor.py:157} INFO - Started process (PID=4170) to work on /home/airflow/.local/lib/python3.8/site-packages/airflow/example_dags/tutorial_dag.py
[2023-11-22T19:13:36.636+0000] {processor.py:829} INFO - Processing file /home/airflow/.local/lib/python3.8/site-packages/airflow/example_dags/tutorial_dag.py for tasks to queue
[2023-11-22T19:13:36.637+0000] {logging_mixin.py:151} INFO - [2023-11-22T19:13:36.637+0000] {dagbag.py:536} INFO - Filling up the DagBag from /home/airflow/.local/lib/python3.8/site-packages/airflow/example_dags/tutorial_dag.py
[2023-11-22T19:13:36.640+0000] {processor.py:839} INFO - DAG(s) dict_keys(['tutorial_dag']) retrieved from /home/airflow/.local/lib/python3.8/site-packages/airflow/example_dags/tutorial_dag.py
[2023-11-22T19:13:36.650+0000] {logging_mixin.py:151} INFO - [2023-11-22T19:13:36.650+0000] {dag.py:2941} INFO - Sync 1 DAGs
[2023-11-22T19:13:36.656+0000] {logging_mixin.py:151} INFO - [2023-11-22T19:13:36.655+0000] {dag.py:3722} INFO - Setting next_dagrun for tutorial_dag to None, run_after=None
[2023-11-22T19:13:36.663+0000] {processor.py:179} INFO - Processing /home/airflow/.local/lib/python3.8/site-packages/airflow/example_dags/tutorial_dag.py took 0.029 seconds
