[2023-11-22T18:36:46.862+0000] {processor.py:157} INFO - Started process (PID=34) to work on /opt/airflow/dags/ETL_projet.py
[2023-11-22T18:36:46.863+0000] {processor.py:829} INFO - Processing file /opt/airflow/dags/ETL_projet.py for tasks to queue
[2023-11-22T18:36:46.868+0000] {logging_mixin.py:151} INFO - [2023-11-22T18:36:46.867+0000] {dagbag.py:536} INFO - Filling up the DagBag from /opt/airflow/dags/ETL_projet.py
[2023-11-22T18:36:47.614+0000] {processor.py:839} INFO - DAG(s) dict_keys(['ETL_projet']) retrieved from /opt/airflow/dags/ETL_projet.py
[2023-11-22T18:36:47.681+0000] {logging_mixin.py:151} INFO - [2023-11-22T18:36:47.680+0000] {dag.py:2941} INFO - Sync 1 DAGs
[2023-11-22T18:36:47.686+0000] {logging_mixin.py:151} INFO - [2023-11-22T18:36:47.686+0000] {dag.py:3722} INFO - Setting next_dagrun for ETL_projet to None, run_after=None
[2023-11-22T18:36:47.696+0000] {processor.py:179} INFO - Processing /opt/airflow/dags/ETL_projet.py took 0.840 seconds
[2023-11-22T18:37:18.457+0000] {processor.py:157} INFO - Started process (PID=98) to work on /opt/airflow/dags/ETL_projet.py
[2023-11-22T18:37:18.458+0000] {processor.py:829} INFO - Processing file /opt/airflow/dags/ETL_projet.py for tasks to queue
[2023-11-22T18:37:18.460+0000] {logging_mixin.py:151} INFO - [2023-11-22T18:37:18.460+0000] {dagbag.py:536} INFO - Filling up the DagBag from /opt/airflow/dags/ETL_projet.py
[2023-11-22T18:37:18.710+0000] {processor.py:839} INFO - DAG(s) dict_keys(['ETL_projet']) retrieved from /opt/airflow/dags/ETL_projet.py
[2023-11-22T18:37:18.718+0000] {logging_mixin.py:151} INFO - [2023-11-22T18:37:18.718+0000] {dag.py:2941} INFO - Sync 1 DAGs
[2023-11-22T18:37:18.723+0000] {logging_mixin.py:151} INFO - [2023-11-22T18:37:18.723+0000] {dag.py:3722} INFO - Setting next_dagrun for ETL_projet to None, run_after=None
[2023-11-22T18:37:18.730+0000] {processor.py:179} INFO - Processing /opt/airflow/dags/ETL_projet.py took 0.277 seconds
[2023-11-22T18:37:49.457+0000] {processor.py:157} INFO - Started process (PID=155) to work on /opt/airflow/dags/ETL_projet.py
[2023-11-22T18:37:49.458+0000] {processor.py:829} INFO - Processing file /opt/airflow/dags/ETL_projet.py for tasks to queue
[2023-11-22T18:37:49.461+0000] {logging_mixin.py:151} INFO - [2023-11-22T18:37:49.461+0000] {dagbag.py:536} INFO - Filling up the DagBag from /opt/airflow/dags/ETL_projet.py
[2023-11-22T18:37:49.725+0000] {processor.py:839} INFO - DAG(s) dict_keys(['ETL_projet']) retrieved from /opt/airflow/dags/ETL_projet.py
[2023-11-22T18:37:49.732+0000] {logging_mixin.py:151} INFO - [2023-11-22T18:37:49.732+0000] {dag.py:2941} INFO - Sync 1 DAGs
[2023-11-22T18:37:49.737+0000] {logging_mixin.py:151} INFO - [2023-11-22T18:37:49.737+0000] {dag.py:3722} INFO - Setting next_dagrun for ETL_projet to None, run_after=None
[2023-11-22T18:37:49.744+0000] {processor.py:179} INFO - Processing /opt/airflow/dags/ETL_projet.py took 0.292 seconds
[2023-11-22T18:38:20.303+0000] {processor.py:157} INFO - Started process (PID=212) to work on /opt/airflow/dags/ETL_projet.py
[2023-11-22T18:38:20.305+0000] {processor.py:829} INFO - Processing file /opt/airflow/dags/ETL_projet.py for tasks to queue
[2023-11-22T18:38:20.307+0000] {logging_mixin.py:151} INFO - [2023-11-22T18:38:20.307+0000] {dagbag.py:536} INFO - Filling up the DagBag from /opt/airflow/dags/ETL_projet.py
[2023-11-22T18:38:20.541+0000] {processor.py:839} INFO - DAG(s) dict_keys(['ETL_projet']) retrieved from /opt/airflow/dags/ETL_projet.py
[2023-11-22T18:38:20.548+0000] {logging_mixin.py:151} INFO - [2023-11-22T18:38:20.548+0000] {dag.py:2941} INFO - Sync 1 DAGs
[2023-11-22T18:38:20.553+0000] {logging_mixin.py:151} INFO - [2023-11-22T18:38:20.553+0000] {dag.py:3722} INFO - Setting next_dagrun for ETL_projet to None, run_after=None
[2023-11-22T18:38:20.560+0000] {processor.py:179} INFO - Processing /opt/airflow/dags/ETL_projet.py took 0.262 seconds
[2023-11-22T18:38:51.062+0000] {processor.py:157} INFO - Started process (PID=269) to work on /opt/airflow/dags/ETL_projet.py
[2023-11-22T18:38:51.064+0000] {processor.py:829} INFO - Processing file /opt/airflow/dags/ETL_projet.py for tasks to queue
[2023-11-22T18:38:51.066+0000] {logging_mixin.py:151} INFO - [2023-11-22T18:38:51.066+0000] {dagbag.py:536} INFO - Filling up the DagBag from /opt/airflow/dags/ETL_projet.py
[2023-11-22T18:38:51.304+0000] {processor.py:839} INFO - DAG(s) dict_keys(['ETL_projet']) retrieved from /opt/airflow/dags/ETL_projet.py
[2023-11-22T18:38:51.311+0000] {logging_mixin.py:151} INFO - [2023-11-22T18:38:51.311+0000] {dag.py:2941} INFO - Sync 1 DAGs
[2023-11-22T18:38:51.316+0000] {logging_mixin.py:151} INFO - [2023-11-22T18:38:51.316+0000] {dag.py:3722} INFO - Setting next_dagrun for ETL_projet to None, run_after=None
[2023-11-22T18:38:51.323+0000] {processor.py:179} INFO - Processing /opt/airflow/dags/ETL_projet.py took 0.265 seconds
[2023-11-22T18:39:21.802+0000] {processor.py:157} INFO - Started process (PID=326) to work on /opt/airflow/dags/ETL_projet.py
[2023-11-22T18:39:21.803+0000] {processor.py:829} INFO - Processing file /opt/airflow/dags/ETL_projet.py for tasks to queue
[2023-11-22T18:39:21.805+0000] {logging_mixin.py:151} INFO - [2023-11-22T18:39:21.805+0000] {dagbag.py:536} INFO - Filling up the DagBag from /opt/airflow/dags/ETL_projet.py
[2023-11-22T18:39:22.029+0000] {processor.py:839} INFO - DAG(s) dict_keys(['ETL_projet']) retrieved from /opt/airflow/dags/ETL_projet.py
[2023-11-22T18:39:22.036+0000] {logging_mixin.py:151} INFO - [2023-11-22T18:39:22.036+0000] {dag.py:2941} INFO - Sync 1 DAGs
[2023-11-22T18:39:22.041+0000] {logging_mixin.py:151} INFO - [2023-11-22T18:39:22.041+0000] {dag.py:3722} INFO - Setting next_dagrun for ETL_projet to None, run_after=None
[2023-11-22T18:39:22.048+0000] {processor.py:179} INFO - Processing /opt/airflow/dags/ETL_projet.py took 0.249 seconds
[2023-11-22T18:39:52.562+0000] {processor.py:157} INFO - Started process (PID=384) to work on /opt/airflow/dags/ETL_projet.py
[2023-11-22T18:39:52.563+0000] {processor.py:829} INFO - Processing file /opt/airflow/dags/ETL_projet.py for tasks to queue
[2023-11-22T18:39:52.566+0000] {logging_mixin.py:151} INFO - [2023-11-22T18:39:52.566+0000] {dagbag.py:536} INFO - Filling up the DagBag from /opt/airflow/dags/ETL_projet.py
[2023-11-22T18:39:52.797+0000] {processor.py:839} INFO - DAG(s) dict_keys(['ETL_projet']) retrieved from /opt/airflow/dags/ETL_projet.py
[2023-11-22T18:39:52.805+0000] {logging_mixin.py:151} INFO - [2023-11-22T18:39:52.805+0000] {dag.py:2941} INFO - Sync 1 DAGs
[2023-11-22T18:39:52.809+0000] {logging_mixin.py:151} INFO - [2023-11-22T18:39:52.809+0000] {dag.py:3722} INFO - Setting next_dagrun for ETL_projet to None, run_after=None
[2023-11-22T18:39:52.816+0000] {processor.py:179} INFO - Processing /opt/airflow/dags/ETL_projet.py took 0.260 seconds
[2023-11-22T18:40:23.293+0000] {processor.py:157} INFO - Started process (PID=441) to work on /opt/airflow/dags/ETL_projet.py
[2023-11-22T18:40:23.293+0000] {processor.py:829} INFO - Processing file /opt/airflow/dags/ETL_projet.py for tasks to queue
[2023-11-22T18:40:23.295+0000] {logging_mixin.py:151} INFO - [2023-11-22T18:40:23.295+0000] {dagbag.py:536} INFO - Filling up the DagBag from /opt/airflow/dags/ETL_projet.py
[2023-11-22T18:40:23.511+0000] {processor.py:839} INFO - DAG(s) dict_keys(['ETL_projet']) retrieved from /opt/airflow/dags/ETL_projet.py
[2023-11-22T18:40:23.518+0000] {logging_mixin.py:151} INFO - [2023-11-22T18:40:23.518+0000] {dag.py:2941} INFO - Sync 1 DAGs
[2023-11-22T18:40:23.524+0000] {logging_mixin.py:151} INFO - [2023-11-22T18:40:23.524+0000] {dag.py:3722} INFO - Setting next_dagrun for ETL_projet to None, run_after=None
[2023-11-22T18:40:23.530+0000] {processor.py:179} INFO - Processing /opt/airflow/dags/ETL_projet.py took 0.240 seconds
[2023-11-22T18:40:54.067+0000] {processor.py:157} INFO - Started process (PID=498) to work on /opt/airflow/dags/ETL_projet.py
[2023-11-22T18:40:54.068+0000] {processor.py:829} INFO - Processing file /opt/airflow/dags/ETL_projet.py for tasks to queue
[2023-11-22T18:40:54.071+0000] {logging_mixin.py:151} INFO - [2023-11-22T18:40:54.070+0000] {dagbag.py:536} INFO - Filling up the DagBag from /opt/airflow/dags/ETL_projet.py
[2023-11-22T18:40:54.299+0000] {processor.py:839} INFO - DAG(s) dict_keys(['ETL_projet']) retrieved from /opt/airflow/dags/ETL_projet.py
[2023-11-22T18:40:54.306+0000] {logging_mixin.py:151} INFO - [2023-11-22T18:40:54.306+0000] {dag.py:2941} INFO - Sync 1 DAGs
[2023-11-22T18:40:54.311+0000] {logging_mixin.py:151} INFO - [2023-11-22T18:40:54.310+0000] {dag.py:3722} INFO - Setting next_dagrun for ETL_projet to None, run_after=None
[2023-11-22T18:40:54.318+0000] {processor.py:179} INFO - Processing /opt/airflow/dags/ETL_projet.py took 0.256 seconds
[2023-11-22T18:41:24.842+0000] {processor.py:157} INFO - Started process (PID=555) to work on /opt/airflow/dags/ETL_projet.py
[2023-11-22T18:41:24.844+0000] {processor.py:829} INFO - Processing file /opt/airflow/dags/ETL_projet.py for tasks to queue
[2023-11-22T18:41:24.847+0000] {logging_mixin.py:151} INFO - [2023-11-22T18:41:24.846+0000] {dagbag.py:536} INFO - Filling up the DagBag from /opt/airflow/dags/ETL_projet.py
[2023-11-22T18:41:25.078+0000] {processor.py:839} INFO - DAG(s) dict_keys(['ETL_projet']) retrieved from /opt/airflow/dags/ETL_projet.py
[2023-11-22T18:41:25.085+0000] {logging_mixin.py:151} INFO - [2023-11-22T18:41:25.085+0000] {dag.py:2941} INFO - Sync 1 DAGs
[2023-11-22T18:41:25.089+0000] {logging_mixin.py:151} INFO - [2023-11-22T18:41:25.089+0000] {dag.py:3722} INFO - Setting next_dagrun for ETL_projet to None, run_after=None
[2023-11-22T18:41:25.096+0000] {processor.py:179} INFO - Processing /opt/airflow/dags/ETL_projet.py took 0.258 seconds
[2023-11-22T18:41:55.733+0000] {processor.py:157} INFO - Started process (PID=612) to work on /opt/airflow/dags/ETL_projet.py
[2023-11-22T18:41:55.735+0000] {processor.py:829} INFO - Processing file /opt/airflow/dags/ETL_projet.py for tasks to queue
[2023-11-22T18:41:55.737+0000] {logging_mixin.py:151} INFO - [2023-11-22T18:41:55.737+0000] {dagbag.py:536} INFO - Filling up the DagBag from /opt/airflow/dags/ETL_projet.py
[2023-11-22T18:41:55.972+0000] {processor.py:839} INFO - DAG(s) dict_keys(['ETL_projet']) retrieved from /opt/airflow/dags/ETL_projet.py
[2023-11-22T18:41:55.979+0000] {logging_mixin.py:151} INFO - [2023-11-22T18:41:55.979+0000] {dag.py:2941} INFO - Sync 1 DAGs
[2023-11-22T18:41:55.983+0000] {logging_mixin.py:151} INFO - [2023-11-22T18:41:55.983+0000] {dag.py:3722} INFO - Setting next_dagrun for ETL_projet to None, run_after=None
[2023-11-22T18:41:55.990+0000] {processor.py:179} INFO - Processing /opt/airflow/dags/ETL_projet.py took 0.262 seconds
[2023-11-22T18:42:26.427+0000] {processor.py:157} INFO - Started process (PID=669) to work on /opt/airflow/dags/ETL_projet.py
[2023-11-22T18:42:26.429+0000] {processor.py:829} INFO - Processing file /opt/airflow/dags/ETL_projet.py for tasks to queue
[2023-11-22T18:42:26.431+0000] {logging_mixin.py:151} INFO - [2023-11-22T18:42:26.431+0000] {dagbag.py:536} INFO - Filling up the DagBag from /opt/airflow/dags/ETL_projet.py
[2023-11-22T18:42:26.663+0000] {processor.py:839} INFO - DAG(s) dict_keys(['ETL_projet']) retrieved from /opt/airflow/dags/ETL_projet.py
[2023-11-22T18:42:26.670+0000] {logging_mixin.py:151} INFO - [2023-11-22T18:42:26.670+0000] {dag.py:2941} INFO - Sync 1 DAGs
[2023-11-22T18:42:26.675+0000] {logging_mixin.py:151} INFO - [2023-11-22T18:42:26.675+0000] {dag.py:3722} INFO - Setting next_dagrun for ETL_projet to None, run_after=None
[2023-11-22T18:42:26.681+0000] {processor.py:179} INFO - Processing /opt/airflow/dags/ETL_projet.py took 0.259 seconds
[2023-11-22T18:42:57.285+0000] {processor.py:157} INFO - Started process (PID=726) to work on /opt/airflow/dags/ETL_projet.py
[2023-11-22T18:42:57.286+0000] {processor.py:829} INFO - Processing file /opt/airflow/dags/ETL_projet.py for tasks to queue
[2023-11-22T18:42:57.289+0000] {logging_mixin.py:151} INFO - [2023-11-22T18:42:57.288+0000] {dagbag.py:536} INFO - Filling up the DagBag from /opt/airflow/dags/ETL_projet.py
[2023-11-22T18:42:57.520+0000] {processor.py:839} INFO - DAG(s) dict_keys(['ETL_projet']) retrieved from /opt/airflow/dags/ETL_projet.py
[2023-11-22T18:42:57.528+0000] {logging_mixin.py:151} INFO - [2023-11-22T18:42:57.527+0000] {dag.py:2941} INFO - Sync 1 DAGs
[2023-11-22T18:42:57.532+0000] {logging_mixin.py:151} INFO - [2023-11-22T18:42:57.532+0000] {dag.py:3722} INFO - Setting next_dagrun for ETL_projet to None, run_after=None
[2023-11-22T18:42:57.539+0000] {processor.py:179} INFO - Processing /opt/airflow/dags/ETL_projet.py took 0.259 seconds
[2023-11-22T18:43:27.985+0000] {processor.py:157} INFO - Started process (PID=783) to work on /opt/airflow/dags/ETL_projet.py
[2023-11-22T18:43:27.987+0000] {processor.py:829} INFO - Processing file /opt/airflow/dags/ETL_projet.py for tasks to queue
[2023-11-22T18:43:27.989+0000] {logging_mixin.py:151} INFO - [2023-11-22T18:43:27.989+0000] {dagbag.py:536} INFO - Filling up the DagBag from /opt/airflow/dags/ETL_projet.py
[2023-11-22T18:43:28.220+0000] {processor.py:839} INFO - DAG(s) dict_keys(['ETL_projet']) retrieved from /opt/airflow/dags/ETL_projet.py
[2023-11-22T18:43:28.227+0000] {logging_mixin.py:151} INFO - [2023-11-22T18:43:28.227+0000] {dag.py:2941} INFO - Sync 1 DAGs
[2023-11-22T18:43:28.232+0000] {logging_mixin.py:151} INFO - [2023-11-22T18:43:28.232+0000] {dag.py:3722} INFO - Setting next_dagrun for ETL_projet to None, run_after=None
[2023-11-22T18:43:28.239+0000] {processor.py:179} INFO - Processing /opt/airflow/dags/ETL_projet.py took 0.259 seconds
[2023-11-22T18:43:58.287+0000] {processor.py:157} INFO - Started process (PID=843) to work on /opt/airflow/dags/ETL_projet.py
[2023-11-22T18:43:58.287+0000] {processor.py:829} INFO - Processing file /opt/airflow/dags/ETL_projet.py for tasks to queue
[2023-11-22T18:43:58.289+0000] {logging_mixin.py:151} INFO - [2023-11-22T18:43:58.288+0000] {dagbag.py:536} INFO - Filling up the DagBag from /opt/airflow/dags/ETL_projet.py
[2023-11-22T18:43:58.471+0000] {processor.py:839} INFO - DAG(s) dict_keys(['ETL_projet']) retrieved from /opt/airflow/dags/ETL_projet.py
[2023-11-22T18:43:58.478+0000] {logging_mixin.py:151} INFO - [2023-11-22T18:43:58.478+0000] {dag.py:2941} INFO - Sync 1 DAGs
[2023-11-22T18:43:58.483+0000] {logging_mixin.py:151} INFO - [2023-11-22T18:43:58.483+0000] {dag.py:3722} INFO - Setting next_dagrun for ETL_projet to None, run_after=None
[2023-11-22T18:43:58.489+0000] {processor.py:179} INFO - Processing /opt/airflow/dags/ETL_projet.py took 0.204 seconds
[2023-11-22T18:44:28.527+0000] {processor.py:157} INFO - Started process (PID=890) to work on /opt/airflow/dags/ETL_projet.py
[2023-11-22T18:44:28.529+0000] {processor.py:829} INFO - Processing file /opt/airflow/dags/ETL_projet.py for tasks to queue
[2023-11-22T18:44:28.532+0000] {logging_mixin.py:151} INFO - [2023-11-22T18:44:28.532+0000] {dagbag.py:536} INFO - Filling up the DagBag from /opt/airflow/dags/ETL_projet.py
[2023-11-22T18:44:28.767+0000] {processor.py:839} INFO - DAG(s) dict_keys(['ETL_projet']) retrieved from /opt/airflow/dags/ETL_projet.py
[2023-11-22T18:44:28.774+0000] {logging_mixin.py:151} INFO - [2023-11-22T18:44:28.774+0000] {dag.py:2941} INFO - Sync 1 DAGs
[2023-11-22T18:44:28.779+0000] {logging_mixin.py:151} INFO - [2023-11-22T18:44:28.779+0000] {dag.py:3722} INFO - Setting next_dagrun for ETL_projet to None, run_after=None
[2023-11-22T18:44:28.786+0000] {processor.py:179} INFO - Processing /opt/airflow/dags/ETL_projet.py took 0.264 seconds
[2023-11-22T18:44:59.241+0000] {processor.py:157} INFO - Started process (PID=947) to work on /opt/airflow/dags/ETL_projet.py
[2023-11-22T18:44:59.243+0000] {processor.py:829} INFO - Processing file /opt/airflow/dags/ETL_projet.py for tasks to queue
[2023-11-22T18:44:59.245+0000] {logging_mixin.py:151} INFO - [2023-11-22T18:44:59.245+0000] {dagbag.py:536} INFO - Filling up the DagBag from /opt/airflow/dags/ETL_projet.py
[2023-11-22T18:44:59.476+0000] {processor.py:839} INFO - DAG(s) dict_keys(['ETL_projet']) retrieved from /opt/airflow/dags/ETL_projet.py
[2023-11-22T18:44:59.483+0000] {logging_mixin.py:151} INFO - [2023-11-22T18:44:59.483+0000] {dag.py:2941} INFO - Sync 1 DAGs
[2023-11-22T18:44:59.488+0000] {logging_mixin.py:151} INFO - [2023-11-22T18:44:59.488+0000] {dag.py:3722} INFO - Setting next_dagrun for ETL_projet to None, run_after=None
[2023-11-22T18:44:59.495+0000] {processor.py:179} INFO - Processing /opt/airflow/dags/ETL_projet.py took 0.258 seconds
[2023-11-22T18:45:29.553+0000] {processor.py:157} INFO - Started process (PID=1009) to work on /opt/airflow/dags/ETL_projet.py
[2023-11-22T18:45:29.554+0000] {processor.py:829} INFO - Processing file /opt/airflow/dags/ETL_projet.py for tasks to queue
[2023-11-22T18:45:29.556+0000] {logging_mixin.py:151} INFO - [2023-11-22T18:45:29.556+0000] {dagbag.py:536} INFO - Filling up the DagBag from /opt/airflow/dags/ETL_projet.py
[2023-11-22T18:45:29.826+0000] {processor.py:839} INFO - DAG(s) dict_keys(['ETL_projet']) retrieved from /opt/airflow/dags/ETL_projet.py
[2023-11-22T18:45:29.834+0000] {logging_mixin.py:151} INFO - [2023-11-22T18:45:29.834+0000] {dag.py:2941} INFO - Sync 1 DAGs
[2023-11-22T18:45:29.839+0000] {logging_mixin.py:151} INFO - [2023-11-22T18:45:29.839+0000] {dag.py:3722} INFO - Setting next_dagrun for ETL_projet to None, run_after=None
[2023-11-22T18:45:29.845+0000] {processor.py:179} INFO - Processing /opt/airflow/dags/ETL_projet.py took 0.294 seconds
[2023-11-22T18:46:00.014+0000] {processor.py:157} INFO - Started process (PID=1066) to work on /opt/airflow/dags/ETL_projet.py
[2023-11-22T18:46:00.015+0000] {processor.py:829} INFO - Processing file /opt/airflow/dags/ETL_projet.py for tasks to queue
[2023-11-22T18:46:00.016+0000] {logging_mixin.py:151} INFO - [2023-11-22T18:46:00.016+0000] {dagbag.py:536} INFO - Filling up the DagBag from /opt/airflow/dags/ETL_projet.py
[2023-11-22T18:46:00.241+0000] {processor.py:839} INFO - DAG(s) dict_keys(['ETL_projet']) retrieved from /opt/airflow/dags/ETL_projet.py
[2023-11-22T18:46:00.250+0000] {logging_mixin.py:151} INFO - [2023-11-22T18:46:00.250+0000] {dag.py:2941} INFO - Sync 1 DAGs
[2023-11-22T18:46:00.255+0000] {logging_mixin.py:151} INFO - [2023-11-22T18:46:00.255+0000] {dag.py:3722} INFO - Setting next_dagrun for ETL_projet to None, run_after=None
[2023-11-22T18:46:00.261+0000] {processor.py:179} INFO - Processing /opt/airflow/dags/ETL_projet.py took 0.248 seconds
[2023-11-22T18:46:30.530+0000] {processor.py:157} INFO - Started process (PID=1123) to work on /opt/airflow/dags/ETL_projet.py
[2023-11-22T18:46:30.530+0000] {processor.py:829} INFO - Processing file /opt/airflow/dags/ETL_projet.py for tasks to queue
[2023-11-22T18:46:30.531+0000] {logging_mixin.py:151} INFO - [2023-11-22T18:46:30.531+0000] {dagbag.py:536} INFO - Filling up the DagBag from /opt/airflow/dags/ETL_projet.py
[2023-11-22T18:46:30.757+0000] {processor.py:839} INFO - DAG(s) dict_keys(['ETL_projet']) retrieved from /opt/airflow/dags/ETL_projet.py
[2023-11-22T18:46:30.768+0000] {logging_mixin.py:151} INFO - [2023-11-22T18:46:30.768+0000] {dag.py:2941} INFO - Sync 1 DAGs
[2023-11-22T18:46:30.774+0000] {logging_mixin.py:151} INFO - [2023-11-22T18:46:30.774+0000] {dag.py:3722} INFO - Setting next_dagrun for ETL_projet to None, run_after=None
[2023-11-22T18:46:30.781+0000] {processor.py:179} INFO - Processing /opt/airflow/dags/ETL_projet.py took 0.253 seconds
[2023-11-22T18:47:00.829+0000] {processor.py:157} INFO - Started process (PID=1175) to work on /opt/airflow/dags/ETL_projet.py
[2023-11-22T18:47:00.829+0000] {processor.py:829} INFO - Processing file /opt/airflow/dags/ETL_projet.py for tasks to queue
[2023-11-22T18:47:00.830+0000] {logging_mixin.py:151} INFO - [2023-11-22T18:47:00.830+0000] {dagbag.py:536} INFO - Filling up the DagBag from /opt/airflow/dags/ETL_projet.py
[2023-11-22T18:47:01.065+0000] {processor.py:839} INFO - DAG(s) dict_keys(['ETL_projet']) retrieved from /opt/airflow/dags/ETL_projet.py
[2023-11-22T18:47:01.076+0000] {logging_mixin.py:151} INFO - [2023-11-22T18:47:01.076+0000] {dag.py:2941} INFO - Sync 1 DAGs
[2023-11-22T18:47:01.082+0000] {logging_mixin.py:151} INFO - [2023-11-22T18:47:01.082+0000] {dag.py:3722} INFO - Setting next_dagrun for ETL_projet to None, run_after=None
[2023-11-22T18:47:01.091+0000] {processor.py:179} INFO - Processing /opt/airflow/dags/ETL_projet.py took 0.264 seconds
[2023-11-22T18:47:31.550+0000] {processor.py:157} INFO - Started process (PID=1232) to work on /opt/airflow/dags/ETL_projet.py
[2023-11-22T18:47:31.551+0000] {processor.py:829} INFO - Processing file /opt/airflow/dags/ETL_projet.py for tasks to queue
[2023-11-22T18:47:31.553+0000] {logging_mixin.py:151} INFO - [2023-11-22T18:47:31.553+0000] {dagbag.py:536} INFO - Filling up the DagBag from /opt/airflow/dags/ETL_projet.py
[2023-11-22T18:47:31.705+0000] {processor.py:839} INFO - DAG(s) dict_keys(['ETL_projet']) retrieved from /opt/airflow/dags/ETL_projet.py
[2023-11-22T18:47:31.714+0000] {logging_mixin.py:151} INFO - [2023-11-22T18:47:31.714+0000] {dag.py:2941} INFO - Sync 1 DAGs
[2023-11-22T18:47:31.720+0000] {logging_mixin.py:151} INFO - [2023-11-22T18:47:31.720+0000] {dag.py:3722} INFO - Setting next_dagrun for ETL_projet to None, run_after=None
[2023-11-22T18:47:31.728+0000] {processor.py:179} INFO - Processing /opt/airflow/dags/ETL_projet.py took 0.182 seconds
[2023-11-22T18:48:02.203+0000] {processor.py:157} INFO - Started process (PID=1289) to work on /opt/airflow/dags/ETL_projet.py
[2023-11-22T18:48:02.204+0000] {processor.py:829} INFO - Processing file /opt/airflow/dags/ETL_projet.py for tasks to queue
[2023-11-22T18:48:02.205+0000] {logging_mixin.py:151} INFO - [2023-11-22T18:48:02.205+0000] {dagbag.py:536} INFO - Filling up the DagBag from /opt/airflow/dags/ETL_projet.py
[2023-11-22T18:48:02.355+0000] {processor.py:839} INFO - DAG(s) dict_keys(['ETL_projet']) retrieved from /opt/airflow/dags/ETL_projet.py
[2023-11-22T18:48:02.365+0000] {logging_mixin.py:151} INFO - [2023-11-22T18:48:02.365+0000] {dag.py:2941} INFO - Sync 1 DAGs
[2023-11-22T18:48:02.372+0000] {logging_mixin.py:151} INFO - [2023-11-22T18:48:02.372+0000] {dag.py:3722} INFO - Setting next_dagrun for ETL_projet to None, run_after=None
[2023-11-22T18:48:02.381+0000] {processor.py:179} INFO - Processing /opt/airflow/dags/ETL_projet.py took 0.180 seconds
[2023-11-22T18:48:32.910+0000] {processor.py:157} INFO - Started process (PID=1346) to work on /opt/airflow/dags/ETL_projet.py
[2023-11-22T18:48:32.911+0000] {processor.py:829} INFO - Processing file /opt/airflow/dags/ETL_projet.py for tasks to queue
[2023-11-22T18:48:32.912+0000] {logging_mixin.py:151} INFO - [2023-11-22T18:48:32.912+0000] {dagbag.py:536} INFO - Filling up the DagBag from /opt/airflow/dags/ETL_projet.py
[2023-11-22T18:48:33.050+0000] {processor.py:839} INFO - DAG(s) dict_keys(['ETL_projet']) retrieved from /opt/airflow/dags/ETL_projet.py
[2023-11-22T18:48:33.059+0000] {logging_mixin.py:151} INFO - [2023-11-22T18:48:33.059+0000] {dag.py:2941} INFO - Sync 1 DAGs
[2023-11-22T18:48:33.065+0000] {logging_mixin.py:151} INFO - [2023-11-22T18:48:33.065+0000] {dag.py:3722} INFO - Setting next_dagrun for ETL_projet to None, run_after=None
[2023-11-22T18:48:33.073+0000] {processor.py:179} INFO - Processing /opt/airflow/dags/ETL_projet.py took 0.165 seconds
[2023-11-22T18:49:03.664+0000] {processor.py:157} INFO - Started process (PID=1403) to work on /opt/airflow/dags/ETL_projet.py
[2023-11-22T18:49:03.665+0000] {processor.py:829} INFO - Processing file /opt/airflow/dags/ETL_projet.py for tasks to queue
[2023-11-22T18:49:03.666+0000] {logging_mixin.py:151} INFO - [2023-11-22T18:49:03.666+0000] {dagbag.py:536} INFO - Filling up the DagBag from /opt/airflow/dags/ETL_projet.py
[2023-11-22T18:49:03.815+0000] {processor.py:839} INFO - DAG(s) dict_keys(['ETL_projet']) retrieved from /opt/airflow/dags/ETL_projet.py
[2023-11-22T18:49:03.828+0000] {logging_mixin.py:151} INFO - [2023-11-22T18:49:03.828+0000] {dag.py:2941} INFO - Sync 1 DAGs
[2023-11-22T18:49:03.834+0000] {logging_mixin.py:151} INFO - [2023-11-22T18:49:03.834+0000] {dag.py:3722} INFO - Setting next_dagrun for ETL_projet to None, run_after=None
[2023-11-22T18:49:03.844+0000] {processor.py:179} INFO - Processing /opt/airflow/dags/ETL_projet.py took 0.182 seconds
[2023-11-22T18:49:34.265+0000] {processor.py:157} INFO - Started process (PID=1460) to work on /opt/airflow/dags/ETL_projet.py
[2023-11-22T18:49:34.266+0000] {processor.py:829} INFO - Processing file /opt/airflow/dags/ETL_projet.py for tasks to queue
[2023-11-22T18:49:34.269+0000] {logging_mixin.py:151} INFO - [2023-11-22T18:49:34.269+0000] {dagbag.py:536} INFO - Filling up the DagBag from /opt/airflow/dags/ETL_projet.py
[2023-11-22T18:49:34.418+0000] {processor.py:839} INFO - DAG(s) dict_keys(['ETL_projet']) retrieved from /opt/airflow/dags/ETL_projet.py
[2023-11-22T18:49:34.428+0000] {logging_mixin.py:151} INFO - [2023-11-22T18:49:34.428+0000] {dag.py:2941} INFO - Sync 1 DAGs
[2023-11-22T18:49:34.434+0000] {logging_mixin.py:151} INFO - [2023-11-22T18:49:34.434+0000] {dag.py:3722} INFO - Setting next_dagrun for ETL_projet to None, run_after=None
[2023-11-22T18:49:34.441+0000] {processor.py:179} INFO - Processing /opt/airflow/dags/ETL_projet.py took 0.181 seconds
[2023-11-22T18:50:04.864+0000] {processor.py:157} INFO - Started process (PID=1517) to work on /opt/airflow/dags/ETL_projet.py
[2023-11-22T18:50:04.866+0000] {processor.py:829} INFO - Processing file /opt/airflow/dags/ETL_projet.py for tasks to queue
[2023-11-22T18:50:04.868+0000] {logging_mixin.py:151} INFO - [2023-11-22T18:50:04.868+0000] {dagbag.py:536} INFO - Filling up the DagBag from /opt/airflow/dags/ETL_projet.py
[2023-11-22T18:50:05.019+0000] {processor.py:839} INFO - DAG(s) dict_keys(['ETL_projet']) retrieved from /opt/airflow/dags/ETL_projet.py
[2023-11-22T18:50:05.029+0000] {logging_mixin.py:151} INFO - [2023-11-22T18:50:05.028+0000] {dag.py:2941} INFO - Sync 1 DAGs
[2023-11-22T18:50:05.035+0000] {logging_mixin.py:151} INFO - [2023-11-22T18:50:05.035+0000] {dag.py:3722} INFO - Setting next_dagrun for ETL_projet to None, run_after=None
[2023-11-22T18:50:05.042+0000] {processor.py:179} INFO - Processing /opt/airflow/dags/ETL_projet.py took 0.182 seconds
[2023-11-22T18:50:35.356+0000] {processor.py:157} INFO - Started process (PID=1574) to work on /opt/airflow/dags/ETL_projet.py
[2023-11-22T18:50:35.357+0000] {processor.py:829} INFO - Processing file /opt/airflow/dags/ETL_projet.py for tasks to queue
[2023-11-22T18:50:35.359+0000] {logging_mixin.py:151} INFO - [2023-11-22T18:50:35.359+0000] {dagbag.py:536} INFO - Filling up the DagBag from /opt/airflow/dags/ETL_projet.py
[2023-11-22T18:50:35.501+0000] {processor.py:839} INFO - DAG(s) dict_keys(['ETL_projet']) retrieved from /opt/airflow/dags/ETL_projet.py
[2023-11-22T18:50:35.510+0000] {logging_mixin.py:151} INFO - [2023-11-22T18:50:35.510+0000] {dag.py:2941} INFO - Sync 1 DAGs
[2023-11-22T18:50:35.516+0000] {logging_mixin.py:151} INFO - [2023-11-22T18:50:35.516+0000] {dag.py:3722} INFO - Setting next_dagrun for ETL_projet to None, run_after=None
[2023-11-22T18:50:35.523+0000] {processor.py:179} INFO - Processing /opt/airflow/dags/ETL_projet.py took 0.171 seconds
[2023-11-22T18:51:06.037+0000] {processor.py:157} INFO - Started process (PID=1631) to work on /opt/airflow/dags/ETL_projet.py
[2023-11-22T18:51:06.038+0000] {processor.py:829} INFO - Processing file /opt/airflow/dags/ETL_projet.py for tasks to queue
[2023-11-22T18:51:06.041+0000] {logging_mixin.py:151} INFO - [2023-11-22T18:51:06.041+0000] {dagbag.py:536} INFO - Filling up the DagBag from /opt/airflow/dags/ETL_projet.py
[2023-11-22T18:51:06.190+0000] {processor.py:839} INFO - DAG(s) dict_keys(['ETL_projet']) retrieved from /opt/airflow/dags/ETL_projet.py
[2023-11-22T18:51:06.201+0000] {logging_mixin.py:151} INFO - [2023-11-22T18:51:06.201+0000] {dag.py:2941} INFO - Sync 1 DAGs
[2023-11-22T18:51:06.207+0000] {logging_mixin.py:151} INFO - [2023-11-22T18:51:06.207+0000] {dag.py:3722} INFO - Setting next_dagrun for ETL_projet to None, run_after=None
[2023-11-22T18:51:06.215+0000] {processor.py:179} INFO - Processing /opt/airflow/dags/ETL_projet.py took 0.183 seconds
[2023-11-22T18:51:36.752+0000] {processor.py:157} INFO - Started process (PID=1688) to work on /opt/airflow/dags/ETL_projet.py
[2023-11-22T18:51:36.753+0000] {processor.py:829} INFO - Processing file /opt/airflow/dags/ETL_projet.py for tasks to queue
[2023-11-22T18:51:36.756+0000] {logging_mixin.py:151} INFO - [2023-11-22T18:51:36.756+0000] {dagbag.py:536} INFO - Filling up the DagBag from /opt/airflow/dags/ETL_projet.py
[2023-11-22T18:51:36.912+0000] {processor.py:839} INFO - DAG(s) dict_keys(['ETL_projet']) retrieved from /opt/airflow/dags/ETL_projet.py
[2023-11-22T18:51:36.921+0000] {logging_mixin.py:151} INFO - [2023-11-22T18:51:36.921+0000] {dag.py:2941} INFO - Sync 1 DAGs
[2023-11-22T18:51:36.927+0000] {logging_mixin.py:151} INFO - [2023-11-22T18:51:36.927+0000] {dag.py:3722} INFO - Setting next_dagrun for ETL_projet to None, run_after=None
[2023-11-22T18:51:36.934+0000] {processor.py:179} INFO - Processing /opt/airflow/dags/ETL_projet.py took 0.187 seconds
[2023-11-22T18:52:07.389+0000] {processor.py:157} INFO - Started process (PID=1745) to work on /opt/airflow/dags/ETL_projet.py
[2023-11-22T18:52:07.390+0000] {processor.py:829} INFO - Processing file /opt/airflow/dags/ETL_projet.py for tasks to queue
[2023-11-22T18:52:07.393+0000] {logging_mixin.py:151} INFO - [2023-11-22T18:52:07.393+0000] {dagbag.py:536} INFO - Filling up the DagBag from /opt/airflow/dags/ETL_projet.py
[2023-11-22T18:52:07.548+0000] {processor.py:839} INFO - DAG(s) dict_keys(['ETL_projet']) retrieved from /opt/airflow/dags/ETL_projet.py
[2023-11-22T18:52:07.558+0000] {logging_mixin.py:151} INFO - [2023-11-22T18:52:07.558+0000] {dag.py:2941} INFO - Sync 1 DAGs
[2023-11-22T18:52:07.564+0000] {logging_mixin.py:151} INFO - [2023-11-22T18:52:07.564+0000] {dag.py:3722} INFO - Setting next_dagrun for ETL_projet to None, run_after=None
[2023-11-22T18:52:07.571+0000] {processor.py:179} INFO - Processing /opt/airflow/dags/ETL_projet.py took 0.187 seconds
[2023-11-22T18:52:38.083+0000] {processor.py:157} INFO - Started process (PID=1802) to work on /opt/airflow/dags/ETL_projet.py
[2023-11-22T18:52:38.085+0000] {processor.py:829} INFO - Processing file /opt/airflow/dags/ETL_projet.py for tasks to queue
[2023-11-22T18:52:38.087+0000] {logging_mixin.py:151} INFO - [2023-11-22T18:52:38.087+0000] {dagbag.py:536} INFO - Filling up the DagBag from /opt/airflow/dags/ETL_projet.py
[2023-11-22T18:52:38.237+0000] {processor.py:839} INFO - DAG(s) dict_keys(['ETL_projet']) retrieved from /opt/airflow/dags/ETL_projet.py
[2023-11-22T18:52:38.247+0000] {logging_mixin.py:151} INFO - [2023-11-22T18:52:38.247+0000] {dag.py:2941} INFO - Sync 1 DAGs
[2023-11-22T18:52:38.253+0000] {logging_mixin.py:151} INFO - [2023-11-22T18:52:38.253+0000] {dag.py:3722} INFO - Setting next_dagrun for ETL_projet to None, run_after=None
[2023-11-22T18:52:38.261+0000] {processor.py:179} INFO - Processing /opt/airflow/dags/ETL_projet.py took 0.182 seconds
[2023-11-22T18:53:08.655+0000] {processor.py:157} INFO - Started process (PID=1858) to work on /opt/airflow/dags/ETL_projet.py
[2023-11-22T18:53:08.655+0000] {processor.py:829} INFO - Processing file /opt/airflow/dags/ETL_projet.py for tasks to queue
[2023-11-22T18:53:08.657+0000] {logging_mixin.py:151} INFO - [2023-11-22T18:53:08.656+0000] {dagbag.py:536} INFO - Filling up the DagBag from /opt/airflow/dags/ETL_projet.py
[2023-11-22T18:53:08.791+0000] {processor.py:839} INFO - DAG(s) dict_keys(['ETL_projet']) retrieved from /opt/airflow/dags/ETL_projet.py
[2023-11-22T18:53:08.801+0000] {logging_mixin.py:151} INFO - [2023-11-22T18:53:08.800+0000] {dag.py:2941} INFO - Sync 1 DAGs
[2023-11-22T18:53:08.806+0000] {logging_mixin.py:151} INFO - [2023-11-22T18:53:08.806+0000] {dag.py:3722} INFO - Setting next_dagrun for ETL_projet to None, run_after=None
[2023-11-22T18:53:08.814+0000] {processor.py:179} INFO - Processing /opt/airflow/dags/ETL_projet.py took 0.161 seconds
[2023-11-22T18:53:39.167+0000] {processor.py:157} INFO - Started process (PID=1914) to work on /opt/airflow/dags/ETL_projet.py
[2023-11-22T18:53:39.168+0000] {processor.py:829} INFO - Processing file /opt/airflow/dags/ETL_projet.py for tasks to queue
[2023-11-22T18:53:39.169+0000] {logging_mixin.py:151} INFO - [2023-11-22T18:53:39.169+0000] {dagbag.py:536} INFO - Filling up the DagBag from /opt/airflow/dags/ETL_projet.py
[2023-11-22T18:53:39.330+0000] {processor.py:839} INFO - DAG(s) dict_keys(['ETL_projet']) retrieved from /opt/airflow/dags/ETL_projet.py
[2023-11-22T18:53:39.340+0000] {logging_mixin.py:151} INFO - [2023-11-22T18:53:39.340+0000] {dag.py:2941} INFO - Sync 1 DAGs
[2023-11-22T18:53:39.346+0000] {logging_mixin.py:151} INFO - [2023-11-22T18:53:39.346+0000] {dag.py:3722} INFO - Setting next_dagrun for ETL_projet to None, run_after=None
[2023-11-22T18:53:39.353+0000] {processor.py:179} INFO - Processing /opt/airflow/dags/ETL_projet.py took 0.188 seconds
[2023-11-22T18:54:09.853+0000] {processor.py:157} INFO - Started process (PID=1971) to work on /opt/airflow/dags/ETL_projet.py
[2023-11-22T18:54:09.854+0000] {processor.py:829} INFO - Processing file /opt/airflow/dags/ETL_projet.py for tasks to queue
[2023-11-22T18:54:09.857+0000] {logging_mixin.py:151} INFO - [2023-11-22T18:54:09.856+0000] {dagbag.py:536} INFO - Filling up the DagBag from /opt/airflow/dags/ETL_projet.py
[2023-11-22T18:54:10.054+0000] {processor.py:839} INFO - DAG(s) dict_keys(['ETL_projet']) retrieved from /opt/airflow/dags/ETL_projet.py
[2023-11-22T18:54:10.064+0000] {logging_mixin.py:151} INFO - [2023-11-22T18:54:10.064+0000] {dag.py:2941} INFO - Sync 1 DAGs
[2023-11-22T18:54:10.070+0000] {logging_mixin.py:151} INFO - [2023-11-22T18:54:10.070+0000] {dag.py:3722} INFO - Setting next_dagrun for ETL_projet to None, run_after=None
[2023-11-22T18:54:10.078+0000] {processor.py:179} INFO - Processing /opt/airflow/dags/ETL_projet.py took 0.228 seconds
[2023-11-22T18:54:40.700+0000] {processor.py:157} INFO - Started process (PID=2028) to work on /opt/airflow/dags/ETL_projet.py
[2023-11-22T18:54:40.702+0000] {processor.py:829} INFO - Processing file /opt/airflow/dags/ETL_projet.py for tasks to queue
[2023-11-22T18:54:40.705+0000] {logging_mixin.py:151} INFO - [2023-11-22T18:54:40.704+0000] {dagbag.py:536} INFO - Filling up the DagBag from /opt/airflow/dags/ETL_projet.py
[2023-11-22T18:54:40.860+0000] {processor.py:839} INFO - DAG(s) dict_keys(['ETL_projet']) retrieved from /opt/airflow/dags/ETL_projet.py
[2023-11-22T18:54:40.870+0000] {logging_mixin.py:151} INFO - [2023-11-22T18:54:40.870+0000] {dag.py:2941} INFO - Sync 1 DAGs
[2023-11-22T18:54:40.876+0000] {logging_mixin.py:151} INFO - [2023-11-22T18:54:40.876+0000] {dag.py:3722} INFO - Setting next_dagrun for ETL_projet to None, run_after=None
[2023-11-22T18:54:40.883+0000] {processor.py:179} INFO - Processing /opt/airflow/dags/ETL_projet.py took 0.189 seconds
[2023-11-22T18:55:11.425+0000] {processor.py:157} INFO - Started process (PID=2085) to work on /opt/airflow/dags/ETL_projet.py
[2023-11-22T18:55:11.426+0000] {processor.py:829} INFO - Processing file /opt/airflow/dags/ETL_projet.py for tasks to queue
[2023-11-22T18:55:11.428+0000] {logging_mixin.py:151} INFO - [2023-11-22T18:55:11.428+0000] {dagbag.py:536} INFO - Filling up the DagBag from /opt/airflow/dags/ETL_projet.py
[2023-11-22T18:55:11.577+0000] {processor.py:839} INFO - DAG(s) dict_keys(['ETL_projet']) retrieved from /opt/airflow/dags/ETL_projet.py
[2023-11-22T18:55:11.586+0000] {logging_mixin.py:151} INFO - [2023-11-22T18:55:11.586+0000] {dag.py:2941} INFO - Sync 1 DAGs
[2023-11-22T18:55:11.592+0000] {logging_mixin.py:151} INFO - [2023-11-22T18:55:11.592+0000] {dag.py:3722} INFO - Setting next_dagrun for ETL_projet to None, run_after=None
[2023-11-22T18:55:11.599+0000] {processor.py:179} INFO - Processing /opt/airflow/dags/ETL_projet.py took 0.180 seconds
[2023-11-22T18:55:42.225+0000] {processor.py:157} INFO - Started process (PID=2149) to work on /opt/airflow/dags/ETL_projet.py
[2023-11-22T18:55:42.226+0000] {processor.py:829} INFO - Processing file /opt/airflow/dags/ETL_projet.py for tasks to queue
[2023-11-22T18:55:42.228+0000] {logging_mixin.py:151} INFO - [2023-11-22T18:55:42.228+0000] {dagbag.py:536} INFO - Filling up the DagBag from /opt/airflow/dags/ETL_projet.py
[2023-11-22T18:55:42.378+0000] {processor.py:839} INFO - DAG(s) dict_keys(['ETL_projet']) retrieved from /opt/airflow/dags/ETL_projet.py
[2023-11-22T18:55:42.387+0000] {logging_mixin.py:151} INFO - [2023-11-22T18:55:42.387+0000] {dag.py:2941} INFO - Sync 1 DAGs
[2023-11-22T18:55:42.393+0000] {logging_mixin.py:151} INFO - [2023-11-22T18:55:42.393+0000] {dag.py:3722} INFO - Setting next_dagrun for ETL_projet to None, run_after=None
[2023-11-22T18:55:42.401+0000] {processor.py:179} INFO - Processing /opt/airflow/dags/ETL_projet.py took 0.180 seconds
[2023-11-22T18:56:13.056+0000] {processor.py:157} INFO - Started process (PID=2206) to work on /opt/airflow/dags/ETL_projet.py
[2023-11-22T18:56:13.057+0000] {processor.py:829} INFO - Processing file /opt/airflow/dags/ETL_projet.py for tasks to queue
[2023-11-22T18:56:13.061+0000] {logging_mixin.py:151} INFO - [2023-11-22T18:56:13.061+0000] {dagbag.py:536} INFO - Filling up the DagBag from /opt/airflow/dags/ETL_projet.py
[2023-11-22T18:56:13.216+0000] {processor.py:839} INFO - DAG(s) dict_keys(['ETL_projet']) retrieved from /opt/airflow/dags/ETL_projet.py
[2023-11-22T18:56:13.225+0000] {logging_mixin.py:151} INFO - [2023-11-22T18:56:13.224+0000] {dag.py:2941} INFO - Sync 1 DAGs
[2023-11-22T18:56:13.230+0000] {logging_mixin.py:151} INFO - [2023-11-22T18:56:13.230+0000] {dag.py:3722} INFO - Setting next_dagrun for ETL_projet to None, run_after=None
[2023-11-22T18:56:13.238+0000] {processor.py:179} INFO - Processing /opt/airflow/dags/ETL_projet.py took 0.189 seconds
[2023-11-22T18:56:43.805+0000] {processor.py:157} INFO - Started process (PID=2263) to work on /opt/airflow/dags/ETL_projet.py
[2023-11-22T18:56:43.807+0000] {processor.py:829} INFO - Processing file /opt/airflow/dags/ETL_projet.py for tasks to queue
[2023-11-22T18:56:43.811+0000] {logging_mixin.py:151} INFO - [2023-11-22T18:56:43.810+0000] {dagbag.py:536} INFO - Filling up the DagBag from /opt/airflow/dags/ETL_projet.py
[2023-11-22T18:56:43.982+0000] {processor.py:839} INFO - DAG(s) dict_keys(['ETL_projet']) retrieved from /opt/airflow/dags/ETL_projet.py
[2023-11-22T18:56:43.991+0000] {logging_mixin.py:151} INFO - [2023-11-22T18:56:43.991+0000] {dag.py:2941} INFO - Sync 1 DAGs
[2023-11-22T18:56:43.997+0000] {logging_mixin.py:151} INFO - [2023-11-22T18:56:43.997+0000] {dag.py:3722} INFO - Setting next_dagrun for ETL_projet to None, run_after=None
[2023-11-22T18:56:44.005+0000] {processor.py:179} INFO - Processing /opt/airflow/dags/ETL_projet.py took 0.207 seconds
[2023-11-22T18:57:14.567+0000] {processor.py:157} INFO - Started process (PID=2320) to work on /opt/airflow/dags/ETL_projet.py
[2023-11-22T18:57:14.568+0000] {processor.py:829} INFO - Processing file /opt/airflow/dags/ETL_projet.py for tasks to queue
[2023-11-22T18:57:14.572+0000] {logging_mixin.py:151} INFO - [2023-11-22T18:57:14.572+0000] {dagbag.py:536} INFO - Filling up the DagBag from /opt/airflow/dags/ETL_projet.py
[2023-11-22T18:57:14.725+0000] {processor.py:839} INFO - DAG(s) dict_keys(['ETL_projet']) retrieved from /opt/airflow/dags/ETL_projet.py
[2023-11-22T18:57:14.734+0000] {logging_mixin.py:151} INFO - [2023-11-22T18:57:14.734+0000] {dag.py:2941} INFO - Sync 1 DAGs
[2023-11-22T18:57:14.740+0000] {logging_mixin.py:151} INFO - [2023-11-22T18:57:14.739+0000] {dag.py:3722} INFO - Setting next_dagrun for ETL_projet to None, run_after=None
[2023-11-22T18:57:14.746+0000] {processor.py:179} INFO - Processing /opt/airflow/dags/ETL_projet.py took 0.185 seconds
[2023-11-22T18:57:45.305+0000] {processor.py:157} INFO - Started process (PID=2377) to work on /opt/airflow/dags/ETL_projet.py
[2023-11-22T18:57:45.307+0000] {processor.py:829} INFO - Processing file /opt/airflow/dags/ETL_projet.py for tasks to queue
[2023-11-22T18:57:45.310+0000] {logging_mixin.py:151} INFO - [2023-11-22T18:57:45.310+0000] {dagbag.py:536} INFO - Filling up the DagBag from /opt/airflow/dags/ETL_projet.py
[2023-11-22T18:57:45.459+0000] {processor.py:839} INFO - DAG(s) dict_keys(['ETL_projet']) retrieved from /opt/airflow/dags/ETL_projet.py
[2023-11-22T18:57:45.468+0000] {logging_mixin.py:151} INFO - [2023-11-22T18:57:45.467+0000] {dag.py:2941} INFO - Sync 1 DAGs
[2023-11-22T18:57:45.473+0000] {logging_mixin.py:151} INFO - [2023-11-22T18:57:45.473+0000] {dag.py:3722} INFO - Setting next_dagrun for ETL_projet to None, run_after=None
[2023-11-22T18:57:45.480+0000] {processor.py:179} INFO - Processing /opt/airflow/dags/ETL_projet.py took 0.180 seconds
[2023-11-22T18:58:15.873+0000] {processor.py:157} INFO - Started process (PID=2434) to work on /opt/airflow/dags/ETL_projet.py
[2023-11-22T18:58:15.875+0000] {processor.py:829} INFO - Processing file /opt/airflow/dags/ETL_projet.py for tasks to queue
[2023-11-22T18:58:15.878+0000] {logging_mixin.py:151} INFO - [2023-11-22T18:58:15.878+0000] {dagbag.py:536} INFO - Filling up the DagBag from /opt/airflow/dags/ETL_projet.py
[2023-11-22T18:58:16.031+0000] {processor.py:839} INFO - DAG(s) dict_keys(['ETL_projet']) retrieved from /opt/airflow/dags/ETL_projet.py
[2023-11-22T18:58:16.041+0000] {logging_mixin.py:151} INFO - [2023-11-22T18:58:16.041+0000] {dag.py:2941} INFO - Sync 1 DAGs
[2023-11-22T18:58:16.047+0000] {logging_mixin.py:151} INFO - [2023-11-22T18:58:16.047+0000] {dag.py:3722} INFO - Setting next_dagrun for ETL_projet to None, run_after=None
[2023-11-22T18:58:16.054+0000] {processor.py:179} INFO - Processing /opt/airflow/dags/ETL_projet.py took 0.186 seconds
[2023-11-22T18:58:46.513+0000] {processor.py:157} INFO - Started process (PID=2491) to work on /opt/airflow/dags/ETL_projet.py
[2023-11-22T18:58:46.515+0000] {processor.py:829} INFO - Processing file /opt/airflow/dags/ETL_projet.py for tasks to queue
[2023-11-22T18:58:46.518+0000] {logging_mixin.py:151} INFO - [2023-11-22T18:58:46.518+0000] {dagbag.py:536} INFO - Filling up the DagBag from /opt/airflow/dags/ETL_projet.py
[2023-11-22T18:58:46.673+0000] {processor.py:839} INFO - DAG(s) dict_keys(['ETL_projet']) retrieved from /opt/airflow/dags/ETL_projet.py
[2023-11-22T18:58:46.682+0000] {logging_mixin.py:151} INFO - [2023-11-22T18:58:46.682+0000] {dag.py:2941} INFO - Sync 1 DAGs
[2023-11-22T18:58:46.688+0000] {logging_mixin.py:151} INFO - [2023-11-22T18:58:46.688+0000] {dag.py:3722} INFO - Setting next_dagrun for ETL_projet to None, run_after=None
[2023-11-22T18:58:46.696+0000] {processor.py:179} INFO - Processing /opt/airflow/dags/ETL_projet.py took 0.188 seconds
[2023-11-22T18:59:17.122+0000] {processor.py:157} INFO - Started process (PID=2548) to work on /opt/airflow/dags/ETL_projet.py
[2023-11-22T18:59:17.124+0000] {processor.py:829} INFO - Processing file /opt/airflow/dags/ETL_projet.py for tasks to queue
[2023-11-22T18:59:17.127+0000] {logging_mixin.py:151} INFO - [2023-11-22T18:59:17.126+0000] {dagbag.py:536} INFO - Filling up the DagBag from /opt/airflow/dags/ETL_projet.py
[2023-11-22T18:59:17.285+0000] {processor.py:839} INFO - DAG(s) dict_keys(['ETL_projet']) retrieved from /opt/airflow/dags/ETL_projet.py
[2023-11-22T18:59:17.294+0000] {logging_mixin.py:151} INFO - [2023-11-22T18:59:17.294+0000] {dag.py:2941} INFO - Sync 1 DAGs
[2023-11-22T18:59:17.300+0000] {logging_mixin.py:151} INFO - [2023-11-22T18:59:17.300+0000] {dag.py:3722} INFO - Setting next_dagrun for ETL_projet to None, run_after=None
[2023-11-22T18:59:17.308+0000] {processor.py:179} INFO - Processing /opt/airflow/dags/ETL_projet.py took 0.191 seconds
[2023-11-22T18:59:47.847+0000] {processor.py:157} INFO - Started process (PID=2605) to work on /opt/airflow/dags/ETL_projet.py
[2023-11-22T18:59:47.848+0000] {processor.py:829} INFO - Processing file /opt/airflow/dags/ETL_projet.py for tasks to queue
[2023-11-22T18:59:47.850+0000] {logging_mixin.py:151} INFO - [2023-11-22T18:59:47.850+0000] {dagbag.py:536} INFO - Filling up the DagBag from /opt/airflow/dags/ETL_projet.py
[2023-11-22T18:59:48.002+0000] {processor.py:839} INFO - DAG(s) dict_keys(['ETL_projet']) retrieved from /opt/airflow/dags/ETL_projet.py
[2023-11-22T18:59:48.012+0000] {logging_mixin.py:151} INFO - [2023-11-22T18:59:48.012+0000] {dag.py:2941} INFO - Sync 1 DAGs
[2023-11-22T18:59:48.018+0000] {logging_mixin.py:151} INFO - [2023-11-22T18:59:48.018+0000] {dag.py:3722} INFO - Setting next_dagrun for ETL_projet to None, run_after=None
[2023-11-22T18:59:48.025+0000] {processor.py:179} INFO - Processing /opt/airflow/dags/ETL_projet.py took 0.182 seconds
[2023-11-22T19:00:18.567+0000] {processor.py:157} INFO - Started process (PID=2662) to work on /opt/airflow/dags/ETL_projet.py
[2023-11-22T19:00:18.568+0000] {processor.py:829} INFO - Processing file /opt/airflow/dags/ETL_projet.py for tasks to queue
[2023-11-22T19:00:18.573+0000] {logging_mixin.py:151} INFO - [2023-11-22T19:00:18.573+0000] {dagbag.py:536} INFO - Filling up the DagBag from /opt/airflow/dags/ETL_projet.py
[2023-11-22T19:00:18.749+0000] {processor.py:839} INFO - DAG(s) dict_keys(['ETL_projet']) retrieved from /opt/airflow/dags/ETL_projet.py
[2023-11-22T19:00:18.758+0000] {logging_mixin.py:151} INFO - [2023-11-22T19:00:18.757+0000] {dag.py:2941} INFO - Sync 1 DAGs
[2023-11-22T19:00:18.764+0000] {logging_mixin.py:151} INFO - [2023-11-22T19:00:18.764+0000] {dag.py:3722} INFO - Setting next_dagrun for ETL_projet to None, run_after=None
[2023-11-22T19:00:18.771+0000] {processor.py:179} INFO - Processing /opt/airflow/dags/ETL_projet.py took 0.212 seconds
[2023-11-22T19:00:49.141+0000] {processor.py:157} INFO - Started process (PID=2719) to work on /opt/airflow/dags/ETL_projet.py
[2023-11-22T19:00:49.142+0000] {processor.py:829} INFO - Processing file /opt/airflow/dags/ETL_projet.py for tasks to queue
[2023-11-22T19:00:49.144+0000] {logging_mixin.py:151} INFO - [2023-11-22T19:00:49.144+0000] {dagbag.py:536} INFO - Filling up the DagBag from /opt/airflow/dags/ETL_projet.py
[2023-11-22T19:00:49.309+0000] {processor.py:839} INFO - DAG(s) dict_keys(['ETL_projet']) retrieved from /opt/airflow/dags/ETL_projet.py
[2023-11-22T19:00:49.319+0000] {logging_mixin.py:151} INFO - [2023-11-22T19:00:49.319+0000] {dag.py:2941} INFO - Sync 1 DAGs
[2023-11-22T19:00:49.325+0000] {logging_mixin.py:151} INFO - [2023-11-22T19:00:49.325+0000] {dag.py:3722} INFO - Setting next_dagrun for ETL_projet to None, run_after=None
[2023-11-22T19:00:49.332+0000] {processor.py:179} INFO - Processing /opt/airflow/dags/ETL_projet.py took 0.195 seconds
[2023-11-22T19:01:19.819+0000] {processor.py:157} INFO - Started process (PID=2776) to work on /opt/airflow/dags/ETL_projet.py
[2023-11-22T19:01:19.820+0000] {processor.py:829} INFO - Processing file /opt/airflow/dags/ETL_projet.py for tasks to queue
[2023-11-22T19:01:19.823+0000] {logging_mixin.py:151} INFO - [2023-11-22T19:01:19.822+0000] {dagbag.py:536} INFO - Filling up the DagBag from /opt/airflow/dags/ETL_projet.py
[2023-11-22T19:01:19.994+0000] {processor.py:839} INFO - DAG(s) dict_keys(['ETL_projet']) retrieved from /opt/airflow/dags/ETL_projet.py
[2023-11-22T19:01:20.003+0000] {logging_mixin.py:151} INFO - [2023-11-22T19:01:20.003+0000] {dag.py:2941} INFO - Sync 1 DAGs
[2023-11-22T19:01:20.009+0000] {logging_mixin.py:151} INFO - [2023-11-22T19:01:20.008+0000] {dag.py:3722} INFO - Setting next_dagrun for ETL_projet to None, run_after=None
[2023-11-22T19:01:20.016+0000] {processor.py:179} INFO - Processing /opt/airflow/dags/ETL_projet.py took 0.200 seconds
[2023-11-22T19:01:50.392+0000] {processor.py:157} INFO - Started process (PID=2834) to work on /opt/airflow/dags/ETL_projet.py
[2023-11-22T19:01:50.392+0000] {processor.py:829} INFO - Processing file /opt/airflow/dags/ETL_projet.py for tasks to queue
[2023-11-22T19:01:50.394+0000] {logging_mixin.py:151} INFO - [2023-11-22T19:01:50.394+0000] {dagbag.py:536} INFO - Filling up the DagBag from /opt/airflow/dags/ETL_projet.py
[2023-11-22T19:01:50.536+0000] {processor.py:839} INFO - DAG(s) dict_keys(['ETL_projet']) retrieved from /opt/airflow/dags/ETL_projet.py
[2023-11-22T19:01:50.546+0000] {logging_mixin.py:151} INFO - [2023-11-22T19:01:50.546+0000] {dag.py:2941} INFO - Sync 1 DAGs
[2023-11-22T19:01:50.552+0000] {logging_mixin.py:151} INFO - [2023-11-22T19:01:50.552+0000] {dag.py:3722} INFO - Setting next_dagrun for ETL_projet to None, run_after=None
[2023-11-22T19:01:50.559+0000] {processor.py:179} INFO - Processing /opt/airflow/dags/ETL_projet.py took 0.171 seconds
[2023-11-22T19:02:21.155+0000] {processor.py:157} INFO - Started process (PID=2891) to work on /opt/airflow/dags/ETL_projet.py
[2023-11-22T19:02:21.156+0000] {processor.py:829} INFO - Processing file /opt/airflow/dags/ETL_projet.py for tasks to queue
[2023-11-22T19:02:21.157+0000] {logging_mixin.py:151} INFO - [2023-11-22T19:02:21.157+0000] {dagbag.py:536} INFO - Filling up the DagBag from /opt/airflow/dags/ETL_projet.py
[2023-11-22T19:02:21.299+0000] {processor.py:839} INFO - DAG(s) dict_keys(['ETL_projet']) retrieved from /opt/airflow/dags/ETL_projet.py
[2023-11-22T19:02:21.309+0000] {logging_mixin.py:151} INFO - [2023-11-22T19:02:21.308+0000] {dag.py:2941} INFO - Sync 1 DAGs
[2023-11-22T19:02:21.315+0000] {logging_mixin.py:151} INFO - [2023-11-22T19:02:21.315+0000] {dag.py:3722} INFO - Setting next_dagrun for ETL_projet to None, run_after=None
[2023-11-22T19:02:21.322+0000] {processor.py:179} INFO - Processing /opt/airflow/dags/ETL_projet.py took 0.168 seconds
[2023-11-22T19:02:51.825+0000] {processor.py:157} INFO - Started process (PID=2948) to work on /opt/airflow/dags/ETL_projet.py
[2023-11-22T19:02:51.826+0000] {processor.py:829} INFO - Processing file /opt/airflow/dags/ETL_projet.py for tasks to queue
[2023-11-22T19:02:51.828+0000] {logging_mixin.py:151} INFO - [2023-11-22T19:02:51.828+0000] {dagbag.py:536} INFO - Filling up the DagBag from /opt/airflow/dags/ETL_projet.py
[2023-11-22T19:02:51.966+0000] {processor.py:839} INFO - DAG(s) dict_keys(['ETL_projet']) retrieved from /opt/airflow/dags/ETL_projet.py
[2023-11-22T19:02:51.975+0000] {logging_mixin.py:151} INFO - [2023-11-22T19:02:51.975+0000] {dag.py:2941} INFO - Sync 1 DAGs
[2023-11-22T19:02:51.981+0000] {logging_mixin.py:151} INFO - [2023-11-22T19:02:51.981+0000] {dag.py:3722} INFO - Setting next_dagrun for ETL_projet to None, run_after=None
[2023-11-22T19:02:51.988+0000] {processor.py:179} INFO - Processing /opt/airflow/dags/ETL_projet.py took 0.167 seconds
[2023-11-22T19:03:22.490+0000] {processor.py:157} INFO - Started process (PID=3004) to work on /opt/airflow/dags/ETL_projet.py
[2023-11-22T19:03:22.490+0000] {processor.py:829} INFO - Processing file /opt/airflow/dags/ETL_projet.py for tasks to queue
[2023-11-22T19:03:22.493+0000] {logging_mixin.py:151} INFO - [2023-11-22T19:03:22.492+0000] {dagbag.py:536} INFO - Filling up the DagBag from /opt/airflow/dags/ETL_projet.py
[2023-11-22T19:03:22.644+0000] {processor.py:839} INFO - DAG(s) dict_keys(['ETL_projet']) retrieved from /opt/airflow/dags/ETL_projet.py
[2023-11-22T19:03:22.653+0000] {logging_mixin.py:151} INFO - [2023-11-22T19:03:22.653+0000] {dag.py:2941} INFO - Sync 1 DAGs
[2023-11-22T19:03:22.659+0000] {logging_mixin.py:151} INFO - [2023-11-22T19:03:22.659+0000] {dag.py:3722} INFO - Setting next_dagrun for ETL_projet to None, run_after=None
[2023-11-22T19:03:22.667+0000] {processor.py:179} INFO - Processing /opt/airflow/dags/ETL_projet.py took 0.181 seconds
[2023-11-22T19:03:53.142+0000] {processor.py:157} INFO - Started process (PID=3061) to work on /opt/airflow/dags/ETL_projet.py
[2023-11-22T19:03:53.143+0000] {processor.py:829} INFO - Processing file /opt/airflow/dags/ETL_projet.py for tasks to queue
[2023-11-22T19:03:53.145+0000] {logging_mixin.py:151} INFO - [2023-11-22T19:03:53.145+0000] {dagbag.py:536} INFO - Filling up the DagBag from /opt/airflow/dags/ETL_projet.py
[2023-11-22T19:03:53.308+0000] {processor.py:839} INFO - DAG(s) dict_keys(['ETL_projet']) retrieved from /opt/airflow/dags/ETL_projet.py
[2023-11-22T19:03:53.317+0000] {logging_mixin.py:151} INFO - [2023-11-22T19:03:53.317+0000] {dag.py:2941} INFO - Sync 1 DAGs
[2023-11-22T19:03:53.323+0000] {logging_mixin.py:151} INFO - [2023-11-22T19:03:53.323+0000] {dag.py:3722} INFO - Setting next_dagrun for ETL_projet to None, run_after=None
[2023-11-22T19:03:53.330+0000] {processor.py:179} INFO - Processing /opt/airflow/dags/ETL_projet.py took 0.193 seconds
[2023-11-22T19:04:23.849+0000] {processor.py:157} INFO - Started process (PID=3118) to work on /opt/airflow/dags/ETL_projet.py
[2023-11-22T19:04:23.850+0000] {processor.py:829} INFO - Processing file /opt/airflow/dags/ETL_projet.py for tasks to queue
[2023-11-22T19:04:23.851+0000] {logging_mixin.py:151} INFO - [2023-11-22T19:04:23.851+0000] {dagbag.py:536} INFO - Filling up the DagBag from /opt/airflow/dags/ETL_projet.py
[2023-11-22T19:04:23.988+0000] {processor.py:839} INFO - DAG(s) dict_keys(['ETL_projet']) retrieved from /opt/airflow/dags/ETL_projet.py
[2023-11-22T19:04:23.998+0000] {logging_mixin.py:151} INFO - [2023-11-22T19:04:23.997+0000] {dag.py:2941} INFO - Sync 1 DAGs
[2023-11-22T19:04:24.003+0000] {logging_mixin.py:151} INFO - [2023-11-22T19:04:24.003+0000] {dag.py:3722} INFO - Setting next_dagrun for ETL_projet to None, run_after=None
[2023-11-22T19:04:24.010+0000] {processor.py:179} INFO - Processing /opt/airflow/dags/ETL_projet.py took 0.164 seconds
[2023-11-22T19:04:54.459+0000] {processor.py:157} INFO - Started process (PID=3175) to work on /opt/airflow/dags/ETL_projet.py
[2023-11-22T19:04:54.461+0000] {processor.py:829} INFO - Processing file /opt/airflow/dags/ETL_projet.py for tasks to queue
[2023-11-22T19:04:54.462+0000] {logging_mixin.py:151} INFO - [2023-11-22T19:04:54.462+0000] {dagbag.py:536} INFO - Filling up the DagBag from /opt/airflow/dags/ETL_projet.py
[2023-11-22T19:04:54.606+0000] {processor.py:839} INFO - DAG(s) dict_keys(['ETL_projet']) retrieved from /opt/airflow/dags/ETL_projet.py
[2023-11-22T19:04:54.616+0000] {logging_mixin.py:151} INFO - [2023-11-22T19:04:54.615+0000] {dag.py:2941} INFO - Sync 1 DAGs
[2023-11-22T19:04:54.622+0000] {logging_mixin.py:151} INFO - [2023-11-22T19:04:54.622+0000] {dag.py:3722} INFO - Setting next_dagrun for ETL_projet to None, run_after=None
[2023-11-22T19:04:54.629+0000] {processor.py:179} INFO - Processing /opt/airflow/dags/ETL_projet.py took 0.173 seconds
[2023-11-22T19:05:25.088+0000] {processor.py:157} INFO - Started process (PID=3233) to work on /opt/airflow/dags/ETL_projet.py
[2023-11-22T19:05:25.088+0000] {processor.py:829} INFO - Processing file /opt/airflow/dags/ETL_projet.py for tasks to queue
[2023-11-22T19:05:25.090+0000] {logging_mixin.py:151} INFO - [2023-11-22T19:05:25.090+0000] {dagbag.py:536} INFO - Filling up the DagBag from /opt/airflow/dags/ETL_projet.py
[2023-11-22T19:05:25.225+0000] {processor.py:839} INFO - DAG(s) dict_keys(['ETL_projet']) retrieved from /opt/airflow/dags/ETL_projet.py
[2023-11-22T19:05:25.234+0000] {logging_mixin.py:151} INFO - [2023-11-22T19:05:25.234+0000] {dag.py:2941} INFO - Sync 1 DAGs
[2023-11-22T19:05:25.240+0000] {logging_mixin.py:151} INFO - [2023-11-22T19:05:25.240+0000] {dag.py:3722} INFO - Setting next_dagrun for ETL_projet to None, run_after=None
[2023-11-22T19:05:25.247+0000] {processor.py:179} INFO - Processing /opt/airflow/dags/ETL_projet.py took 0.163 seconds
[2023-11-22T19:05:55.683+0000] {processor.py:157} INFO - Started process (PID=3290) to work on /opt/airflow/dags/ETL_projet.py
[2023-11-22T19:05:55.683+0000] {processor.py:829} INFO - Processing file /opt/airflow/dags/ETL_projet.py for tasks to queue
[2023-11-22T19:05:55.686+0000] {logging_mixin.py:151} INFO - [2023-11-22T19:05:55.685+0000] {dagbag.py:536} INFO - Filling up the DagBag from /opt/airflow/dags/ETL_projet.py
[2023-11-22T19:05:55.858+0000] {processor.py:839} INFO - DAG(s) dict_keys(['ETL_projet']) retrieved from /opt/airflow/dags/ETL_projet.py
[2023-11-22T19:05:55.868+0000] {logging_mixin.py:151} INFO - [2023-11-22T19:05:55.868+0000] {dag.py:2941} INFO - Sync 1 DAGs
[2023-11-22T19:05:55.875+0000] {logging_mixin.py:151} INFO - [2023-11-22T19:05:55.874+0000] {dag.py:3722} INFO - Setting next_dagrun for ETL_projet to None, run_after=None
[2023-11-22T19:05:55.883+0000] {processor.py:179} INFO - Processing /opt/airflow/dags/ETL_projet.py took 0.203 seconds
[2023-11-22T19:06:26.277+0000] {processor.py:157} INFO - Started process (PID=3347) to work on /opt/airflow/dags/ETL_projet.py
[2023-11-22T19:06:26.278+0000] {processor.py:829} INFO - Processing file /opt/airflow/dags/ETL_projet.py for tasks to queue
[2023-11-22T19:06:26.282+0000] {logging_mixin.py:151} INFO - [2023-11-22T19:06:26.281+0000] {dagbag.py:536} INFO - Filling up the DagBag from /opt/airflow/dags/ETL_projet.py
[2023-11-22T19:06:26.458+0000] {processor.py:839} INFO - DAG(s) dict_keys(['ETL_projet']) retrieved from /opt/airflow/dags/ETL_projet.py
[2023-11-22T19:06:26.468+0000] {logging_mixin.py:151} INFO - [2023-11-22T19:06:26.467+0000] {dag.py:2941} INFO - Sync 1 DAGs
[2023-11-22T19:06:26.473+0000] {logging_mixin.py:151} INFO - [2023-11-22T19:06:26.473+0000] {dag.py:3722} INFO - Setting next_dagrun for ETL_projet to None, run_after=None
[2023-11-22T19:06:26.481+0000] {processor.py:179} INFO - Processing /opt/airflow/dags/ETL_projet.py took 0.208 seconds
[2023-11-22T19:06:56.829+0000] {processor.py:157} INFO - Started process (PID=3404) to work on /opt/airflow/dags/ETL_projet.py
[2023-11-22T19:06:56.831+0000] {processor.py:829} INFO - Processing file /opt/airflow/dags/ETL_projet.py for tasks to queue
[2023-11-22T19:06:56.834+0000] {logging_mixin.py:151} INFO - [2023-11-22T19:06:56.833+0000] {dagbag.py:536} INFO - Filling up the DagBag from /opt/airflow/dags/ETL_projet.py
[2023-11-22T19:06:56.984+0000] {processor.py:839} INFO - DAG(s) dict_keys(['ETL_projet']) retrieved from /opt/airflow/dags/ETL_projet.py
[2023-11-22T19:06:56.995+0000] {logging_mixin.py:151} INFO - [2023-11-22T19:06:56.994+0000] {dag.py:2941} INFO - Sync 1 DAGs
[2023-11-22T19:06:57.001+0000] {logging_mixin.py:151} INFO - [2023-11-22T19:06:57.001+0000] {dag.py:3722} INFO - Setting next_dagrun for ETL_projet to None, run_after=None
[2023-11-22T19:06:57.009+0000] {processor.py:179} INFO - Processing /opt/airflow/dags/ETL_projet.py took 0.186 seconds
[2023-11-22T19:07:27.354+0000] {processor.py:157} INFO - Started process (PID=3461) to work on /opt/airflow/dags/ETL_projet.py
[2023-11-22T19:07:27.355+0000] {processor.py:829} INFO - Processing file /opt/airflow/dags/ETL_projet.py for tasks to queue
[2023-11-22T19:07:27.356+0000] {logging_mixin.py:151} INFO - [2023-11-22T19:07:27.356+0000] {dagbag.py:536} INFO - Filling up the DagBag from /opt/airflow/dags/ETL_projet.py
[2023-11-22T19:07:27.500+0000] {processor.py:839} INFO - DAG(s) dict_keys(['ETL_projet']) retrieved from /opt/airflow/dags/ETL_projet.py
[2023-11-22T19:07:27.510+0000] {logging_mixin.py:151} INFO - [2023-11-22T19:07:27.510+0000] {dag.py:2941} INFO - Sync 1 DAGs
[2023-11-22T19:07:27.516+0000] {logging_mixin.py:151} INFO - [2023-11-22T19:07:27.516+0000] {dag.py:3722} INFO - Setting next_dagrun for ETL_projet to None, run_after=None
[2023-11-22T19:07:27.523+0000] {processor.py:179} INFO - Processing /opt/airflow/dags/ETL_projet.py took 0.173 seconds
[2023-11-22T19:07:57.941+0000] {processor.py:157} INFO - Started process (PID=3518) to work on /opt/airflow/dags/ETL_projet.py
[2023-11-22T19:07:57.942+0000] {processor.py:829} INFO - Processing file /opt/airflow/dags/ETL_projet.py for tasks to queue
[2023-11-22T19:07:57.945+0000] {logging_mixin.py:151} INFO - [2023-11-22T19:07:57.944+0000] {dagbag.py:536} INFO - Filling up the DagBag from /opt/airflow/dags/ETL_projet.py
[2023-11-22T19:07:58.092+0000] {processor.py:839} INFO - DAG(s) dict_keys(['ETL_projet']) retrieved from /opt/airflow/dags/ETL_projet.py
[2023-11-22T19:07:58.101+0000] {logging_mixin.py:151} INFO - [2023-11-22T19:07:58.101+0000] {dag.py:2941} INFO - Sync 1 DAGs
[2023-11-22T19:07:58.107+0000] {logging_mixin.py:151} INFO - [2023-11-22T19:07:58.107+0000] {dag.py:3722} INFO - Setting next_dagrun for ETL_projet to None, run_after=None
[2023-11-22T19:07:58.115+0000] {processor.py:179} INFO - Processing /opt/airflow/dags/ETL_projet.py took 0.179 seconds
[2023-11-22T19:08:28.512+0000] {processor.py:157} INFO - Started process (PID=3575) to work on /opt/airflow/dags/ETL_projet.py
[2023-11-22T19:08:28.513+0000] {processor.py:829} INFO - Processing file /opt/airflow/dags/ETL_projet.py for tasks to queue
[2023-11-22T19:08:28.516+0000] {logging_mixin.py:151} INFO - [2023-11-22T19:08:28.516+0000] {dagbag.py:536} INFO - Filling up the DagBag from /opt/airflow/dags/ETL_projet.py
[2023-11-22T19:08:28.666+0000] {processor.py:839} INFO - DAG(s) dict_keys(['ETL_projet']) retrieved from /opt/airflow/dags/ETL_projet.py
[2023-11-22T19:08:28.676+0000] {logging_mixin.py:151} INFO - [2023-11-22T19:08:28.676+0000] {dag.py:2941} INFO - Sync 1 DAGs
[2023-11-22T19:08:28.682+0000] {logging_mixin.py:151} INFO - [2023-11-22T19:08:28.682+0000] {dag.py:3722} INFO - Setting next_dagrun for ETL_projet to None, run_after=None
[2023-11-22T19:08:28.689+0000] {processor.py:179} INFO - Processing /opt/airflow/dags/ETL_projet.py took 0.182 seconds
[2023-11-22T19:08:59.121+0000] {processor.py:157} INFO - Started process (PID=3632) to work on /opt/airflow/dags/ETL_projet.py
[2023-11-22T19:08:59.125+0000] {processor.py:829} INFO - Processing file /opt/airflow/dags/ETL_projet.py for tasks to queue
[2023-11-22T19:08:59.128+0000] {logging_mixin.py:151} INFO - [2023-11-22T19:08:59.127+0000] {dagbag.py:536} INFO - Filling up the DagBag from /opt/airflow/dags/ETL_projet.py
[2023-11-22T19:08:59.275+0000] {processor.py:839} INFO - DAG(s) dict_keys(['ETL_projet']) retrieved from /opt/airflow/dags/ETL_projet.py
[2023-11-22T19:08:59.284+0000] {logging_mixin.py:151} INFO - [2023-11-22T19:08:59.284+0000] {dag.py:2941} INFO - Sync 1 DAGs
[2023-11-22T19:08:59.291+0000] {logging_mixin.py:151} INFO - [2023-11-22T19:08:59.291+0000] {dag.py:3722} INFO - Setting next_dagrun for ETL_projet to None, run_after=None
[2023-11-22T19:08:59.298+0000] {processor.py:179} INFO - Processing /opt/airflow/dags/ETL_projet.py took 0.181 seconds
[2023-11-22T19:09:29.705+0000] {processor.py:157} INFO - Started process (PID=3689) to work on /opt/airflow/dags/ETL_projet.py
[2023-11-22T19:09:29.706+0000] {processor.py:829} INFO - Processing file /opt/airflow/dags/ETL_projet.py for tasks to queue
[2023-11-22T19:09:29.709+0000] {logging_mixin.py:151} INFO - [2023-11-22T19:09:29.709+0000] {dagbag.py:536} INFO - Filling up the DagBag from /opt/airflow/dags/ETL_projet.py
[2023-11-22T19:09:29.855+0000] {processor.py:839} INFO - DAG(s) dict_keys(['ETL_projet']) retrieved from /opt/airflow/dags/ETL_projet.py
[2023-11-22T19:09:29.865+0000] {logging_mixin.py:151} INFO - [2023-11-22T19:09:29.864+0000] {dag.py:2941} INFO - Sync 1 DAGs
[2023-11-22T19:09:29.870+0000] {logging_mixin.py:151} INFO - [2023-11-22T19:09:29.870+0000] {dag.py:3722} INFO - Setting next_dagrun for ETL_projet to None, run_after=None
[2023-11-22T19:09:29.877+0000] {processor.py:179} INFO - Processing /opt/airflow/dags/ETL_projet.py took 0.177 seconds
[2023-11-22T19:10:00.345+0000] {processor.py:157} INFO - Started process (PID=3746) to work on /opt/airflow/dags/ETL_projet.py
[2023-11-22T19:10:00.346+0000] {processor.py:829} INFO - Processing file /opt/airflow/dags/ETL_projet.py for tasks to queue
[2023-11-22T19:10:00.349+0000] {logging_mixin.py:151} INFO - [2023-11-22T19:10:00.348+0000] {dagbag.py:536} INFO - Filling up the DagBag from /opt/airflow/dags/ETL_projet.py
[2023-11-22T19:10:00.495+0000] {processor.py:839} INFO - DAG(s) dict_keys(['ETL_projet']) retrieved from /opt/airflow/dags/ETL_projet.py
[2023-11-22T19:10:00.505+0000] {logging_mixin.py:151} INFO - [2023-11-22T19:10:00.504+0000] {dag.py:2941} INFO - Sync 1 DAGs
[2023-11-22T19:10:00.510+0000] {logging_mixin.py:151} INFO - [2023-11-22T19:10:00.510+0000] {dag.py:3722} INFO - Setting next_dagrun for ETL_projet to None, run_after=None
[2023-11-22T19:10:00.518+0000] {processor.py:179} INFO - Processing /opt/airflow/dags/ETL_projet.py took 0.176 seconds
[2023-11-22T19:10:30.949+0000] {processor.py:157} INFO - Started process (PID=3803) to work on /opt/airflow/dags/ETL_projet.py
[2023-11-22T19:10:30.951+0000] {processor.py:829} INFO - Processing file /opt/airflow/dags/ETL_projet.py for tasks to queue
[2023-11-22T19:10:30.953+0000] {logging_mixin.py:151} INFO - [2023-11-22T19:10:30.953+0000] {dagbag.py:536} INFO - Filling up the DagBag from /opt/airflow/dags/ETL_projet.py
[2023-11-22T19:10:31.098+0000] {processor.py:839} INFO - DAG(s) dict_keys(['ETL_projet']) retrieved from /opt/airflow/dags/ETL_projet.py
[2023-11-22T19:10:31.108+0000] {logging_mixin.py:151} INFO - [2023-11-22T19:10:31.107+0000] {dag.py:2941} INFO - Sync 1 DAGs
[2023-11-22T19:10:31.113+0000] {logging_mixin.py:151} INFO - [2023-11-22T19:10:31.113+0000] {dag.py:3722} INFO - Setting next_dagrun for ETL_projet to None, run_after=None
[2023-11-22T19:10:31.120+0000] {processor.py:179} INFO - Processing /opt/airflow/dags/ETL_projet.py took 0.175 seconds
[2023-11-22T19:11:01.474+0000] {processor.py:157} INFO - Started process (PID=3860) to work on /opt/airflow/dags/ETL_projet.py
[2023-11-22T19:11:01.475+0000] {processor.py:829} INFO - Processing file /opt/airflow/dags/ETL_projet.py for tasks to queue
[2023-11-22T19:11:01.477+0000] {logging_mixin.py:151} INFO - [2023-11-22T19:11:01.477+0000] {dagbag.py:536} INFO - Filling up the DagBag from /opt/airflow/dags/ETL_projet.py
[2023-11-22T19:11:01.608+0000] {processor.py:839} INFO - DAG(s) dict_keys(['ETL_projet']) retrieved from /opt/airflow/dags/ETL_projet.py
[2023-11-22T19:11:01.617+0000] {logging_mixin.py:151} INFO - [2023-11-22T19:11:01.617+0000] {dag.py:2941} INFO - Sync 1 DAGs
[2023-11-22T19:11:01.622+0000] {logging_mixin.py:151} INFO - [2023-11-22T19:11:01.622+0000] {dag.py:3722} INFO - Setting next_dagrun for ETL_projet to None, run_after=None
[2023-11-22T19:11:01.629+0000] {processor.py:179} INFO - Processing /opt/airflow/dags/ETL_projet.py took 0.158 seconds
[2023-11-22T19:11:32.065+0000] {processor.py:157} INFO - Started process (PID=3917) to work on /opt/airflow/dags/ETL_projet.py
[2023-11-22T19:11:32.066+0000] {processor.py:829} INFO - Processing file /opt/airflow/dags/ETL_projet.py for tasks to queue
[2023-11-22T19:11:32.069+0000] {logging_mixin.py:151} INFO - [2023-11-22T19:11:32.068+0000] {dagbag.py:536} INFO - Filling up the DagBag from /opt/airflow/dags/ETL_projet.py
[2023-11-22T19:11:32.214+0000] {processor.py:839} INFO - DAG(s) dict_keys(['ETL_projet']) retrieved from /opt/airflow/dags/ETL_projet.py
[2023-11-22T19:11:32.224+0000] {logging_mixin.py:151} INFO - [2023-11-22T19:11:32.224+0000] {dag.py:2941} INFO - Sync 1 DAGs
[2023-11-22T19:11:32.230+0000] {logging_mixin.py:151} INFO - [2023-11-22T19:11:32.229+0000] {dag.py:3722} INFO - Setting next_dagrun for ETL_projet to None, run_after=None
[2023-11-22T19:11:32.237+0000] {processor.py:179} INFO - Processing /opt/airflow/dags/ETL_projet.py took 0.176 seconds
[2023-11-22T19:12:02.847+0000] {processor.py:157} INFO - Started process (PID=3974) to work on /opt/airflow/dags/ETL_projet.py
[2023-11-22T19:12:02.848+0000] {processor.py:829} INFO - Processing file /opt/airflow/dags/ETL_projet.py for tasks to queue
[2023-11-22T19:12:02.852+0000] {logging_mixin.py:151} INFO - [2023-11-22T19:12:02.851+0000] {dagbag.py:536} INFO - Filling up the DagBag from /opt/airflow/dags/ETL_projet.py
[2023-11-22T19:12:03.001+0000] {processor.py:839} INFO - DAG(s) dict_keys(['ETL_projet']) retrieved from /opt/airflow/dags/ETL_projet.py
[2023-11-22T19:12:03.010+0000] {logging_mixin.py:151} INFO - [2023-11-22T19:12:03.010+0000] {dag.py:2941} INFO - Sync 1 DAGs
[2023-11-22T19:12:03.015+0000] {logging_mixin.py:151} INFO - [2023-11-22T19:12:03.015+0000] {dag.py:3722} INFO - Setting next_dagrun for ETL_projet to None, run_after=None
[2023-11-22T19:12:03.023+0000] {processor.py:179} INFO - Processing /opt/airflow/dags/ETL_projet.py took 0.181 seconds
[2023-11-22T19:12:33.646+0000] {processor.py:157} INFO - Started process (PID=4030) to work on /opt/airflow/dags/ETL_projet.py
[2023-11-22T19:12:33.647+0000] {processor.py:829} INFO - Processing file /opt/airflow/dags/ETL_projet.py for tasks to queue
[2023-11-22T19:12:33.650+0000] {logging_mixin.py:151} INFO - [2023-11-22T19:12:33.650+0000] {dagbag.py:536} INFO - Filling up the DagBag from /opt/airflow/dags/ETL_projet.py
[2023-11-22T19:12:33.798+0000] {processor.py:839} INFO - DAG(s) dict_keys(['ETL_projet']) retrieved from /opt/airflow/dags/ETL_projet.py
[2023-11-22T19:12:33.807+0000] {logging_mixin.py:151} INFO - [2023-11-22T19:12:33.807+0000] {dag.py:2941} INFO - Sync 1 DAGs
[2023-11-22T19:12:33.812+0000] {logging_mixin.py:151} INFO - [2023-11-22T19:12:33.812+0000] {dag.py:3722} INFO - Setting next_dagrun for ETL_projet to None, run_after=None
[2023-11-22T19:12:33.819+0000] {processor.py:179} INFO - Processing /opt/airflow/dags/ETL_projet.py took 0.178 seconds
[2023-11-22T19:13:04.250+0000] {processor.py:157} INFO - Started process (PID=4087) to work on /opt/airflow/dags/ETL_projet.py
[2023-11-22T19:13:04.251+0000] {processor.py:829} INFO - Processing file /opt/airflow/dags/ETL_projet.py for tasks to queue
[2023-11-22T19:13:04.256+0000] {logging_mixin.py:151} INFO - [2023-11-22T19:13:04.255+0000] {dagbag.py:536} INFO - Filling up the DagBag from /opt/airflow/dags/ETL_projet.py
[2023-11-22T19:13:04.428+0000] {processor.py:839} INFO - DAG(s) dict_keys(['ETL_projet']) retrieved from /opt/airflow/dags/ETL_projet.py
[2023-11-22T19:13:04.436+0000] {logging_mixin.py:151} INFO - [2023-11-22T19:13:04.436+0000] {dag.py:2941} INFO - Sync 1 DAGs
[2023-11-22T19:13:04.441+0000] {logging_mixin.py:151} INFO - [2023-11-22T19:13:04.441+0000] {dag.py:3722} INFO - Setting next_dagrun for ETL_projet to None, run_after=None
[2023-11-22T19:13:04.449+0000] {processor.py:179} INFO - Processing /opt/airflow/dags/ETL_projet.py took 0.205 seconds
[2023-11-22T19:13:34.942+0000] {processor.py:157} INFO - Started process (PID=4144) to work on /opt/airflow/dags/ETL_projet.py
[2023-11-22T19:13:34.943+0000] {processor.py:829} INFO - Processing file /opt/airflow/dags/ETL_projet.py for tasks to queue
[2023-11-22T19:13:34.944+0000] {logging_mixin.py:151} INFO - [2023-11-22T19:13:34.944+0000] {dagbag.py:536} INFO - Filling up the DagBag from /opt/airflow/dags/ETL_projet.py
[2023-11-22T19:13:35.096+0000] {processor.py:839} INFO - DAG(s) dict_keys(['ETL_projet']) retrieved from /opt/airflow/dags/ETL_projet.py
[2023-11-22T19:13:35.106+0000] {logging_mixin.py:151} INFO - [2023-11-22T19:13:35.106+0000] {dag.py:2941} INFO - Sync 1 DAGs
[2023-11-22T19:13:35.111+0000] {logging_mixin.py:151} INFO - [2023-11-22T19:13:35.111+0000] {dag.py:3722} INFO - Setting next_dagrun for ETL_projet to None, run_after=None
[2023-11-22T19:13:35.118+0000] {processor.py:179} INFO - Processing /opt/airflow/dags/ETL_projet.py took 0.183 seconds
[2023-11-22T19:14:05.576+0000] {processor.py:157} INFO - Started process (PID=4200) to work on /opt/airflow/dags/ETL_projet.py
[2023-11-22T19:14:05.579+0000] {processor.py:829} INFO - Processing file /opt/airflow/dags/ETL_projet.py for tasks to queue
[2023-11-22T19:14:05.584+0000] {logging_mixin.py:151} INFO - [2023-11-22T19:14:05.583+0000] {dagbag.py:536} INFO - Filling up the DagBag from /opt/airflow/dags/ETL_projet.py
[2023-11-22T19:14:05.875+0000] {processor.py:839} INFO - DAG(s) dict_keys(['ETL_projet']) retrieved from /opt/airflow/dags/ETL_projet.py
[2023-11-22T19:14:05.909+0000] {logging_mixin.py:151} INFO - [2023-11-22T19:14:05.908+0000] {dag.py:2941} INFO - Sync 1 DAGs
[2023-11-22T19:14:05.925+0000] {logging_mixin.py:151} INFO - [2023-11-22T19:14:05.925+0000] {dag.py:3722} INFO - Setting next_dagrun for ETL_projet to None, run_after=None
[2023-11-22T19:14:05.955+0000] {processor.py:179} INFO - Processing /opt/airflow/dags/ETL_projet.py took 0.389 seconds
