[2023-11-15T09:00:05.863+0000] {taskinstance.py:1159} INFO - Dependencies all met for dep_context=non-requeueable deps ti=<TaskInstance: ETL_projet.create_table_dept manual__2023-11-15T09:00:04.521111+00:00 [queued]>
[2023-11-15T09:00:05.867+0000] {taskinstance.py:1159} INFO - Dependencies all met for dep_context=requeueable deps ti=<TaskInstance: ETL_projet.create_table_dept manual__2023-11-15T09:00:04.521111+00:00 [queued]>
[2023-11-15T09:00:05.868+0000] {taskinstance.py:1361} INFO - Starting attempt 1 of 1
[2023-11-15T09:00:05.876+0000] {taskinstance.py:1382} INFO - Executing <Task(PostgresOperator): create_table_dept> on 2023-11-15 09:00:04.521111+00:00
[2023-11-15T09:00:05.880+0000] {standard_task_runner.py:57} INFO - Started process 1237 to run task
[2023-11-15T09:00:05.883+0000] {standard_task_runner.py:84} INFO - Running: ['***', 'tasks', 'run', 'ETL_projet', 'create_table_dept', 'manual__2023-11-15T09:00:04.521111+00:00', '--job-id', '62', '--raw', '--subdir', 'DAGS_FOLDER/ETL_projet.py', '--cfg-path', '/tmp/tmpkarx4cac']
[2023-11-15T09:00:05.884+0000] {standard_task_runner.py:85} INFO - Job 62: Subtask create_table_dept
[2023-11-15T09:00:05.923+0000] {task_command.py:416} INFO - Running <TaskInstance: ETL_projet.create_table_dept manual__2023-11-15T09:00:04.521111+00:00 [running]> on host 48045a1653b9
[2023-11-15T09:00:05.972+0000] {taskinstance.py:1662} INFO - Exporting env vars: AIRFLOW_CTX_DAG_OWNER='a***' AIRFLOW_CTX_DAG_ID='ETL_projet' AIRFLOW_CTX_TASK_ID='create_table_dept' AIRFLOW_CTX_EXECUTION_DATE='2023-11-15T09:00:04.521111+00:00' AIRFLOW_CTX_TRY_NUMBER='1' AIRFLOW_CTX_DAG_RUN_ID='manual__2023-11-15T09:00:04.521111+00:00'
[2023-11-15T09:00:05.974+0000] {sql.py:274} INFO - Executing: CREATE TABLE IF NOT EXISTS departments_region (
    num_dep INT PRIMARY KEY,
    dep_name VARCHAR(100),
    region_name VARCHAR(100)
);
[2023-11-15T09:00:05.979+0000] {base.py:73} INFO - Using connection ID 'postgres_connexion' for task execution.
[2023-11-15T09:00:05.984+0000] {base.py:73} INFO - Using connection ID 'postgres_connexion' for task execution.
[2023-11-15T09:00:05.993+0000] {sql.py:418} INFO - Running statement: CREATE TABLE IF NOT EXISTS departments_region (
    num_dep INT PRIMARY KEY,
    dep_name VARCHAR(100),
    region_name VARCHAR(100)
);, parameters: None
[2023-11-15T09:00:06.001+0000] {taskinstance.py:1400} INFO - Marking task as SUCCESS. dag_id=ETL_projet, task_id=create_table_dept, execution_date=20231115T090004, start_date=20231115T090005, end_date=20231115T090006
[2023-11-15T09:00:06.016+0000] {local_task_job_runner.py:228} INFO - Task exited with return code 0
[2023-11-15T09:00:06.039+0000] {taskinstance.py:2778} INFO - 1 downstream tasks scheduled from follow-on schedule check
