[2023-11-14T13:18:17.977+0000] {taskinstance.py:1159} INFO - Dependencies all met for dep_context=non-requeueable deps ti=<TaskInstance: ETL_projet.create_table_dept manual__2023-11-14T13:18:16.885755+00:00 [queued]>
[2023-11-14T13:18:17.981+0000] {taskinstance.py:1159} INFO - Dependencies all met for dep_context=requeueable deps ti=<TaskInstance: ETL_projet.create_table_dept manual__2023-11-14T13:18:16.885755+00:00 [queued]>
[2023-11-14T13:18:17.982+0000] {taskinstance.py:1361} INFO - Starting attempt 1 of 1
[2023-11-14T13:18:17.990+0000] {taskinstance.py:1382} INFO - Executing <Task(PostgresOperator): create_table_dept> on 2023-11-14 13:18:16.885755+00:00
[2023-11-14T13:18:17.994+0000] {standard_task_runner.py:57} INFO - Started process 346 to run task
[2023-11-14T13:18:17.996+0000] {standard_task_runner.py:84} INFO - Running: ['***', 'tasks', 'run', 'ETL_projet', 'create_table_dept', 'manual__2023-11-14T13:18:16.885755+00:00', '--job-id', '16', '--raw', '--subdir', 'DAGS_FOLDER/ETL_projet.py', '--cfg-path', '/tmp/tmpjl8zda6b']
[2023-11-14T13:18:17.998+0000] {standard_task_runner.py:85} INFO - Job 16: Subtask create_table_dept
[2023-11-14T13:18:18.034+0000] {task_command.py:416} INFO - Running <TaskInstance: ETL_projet.create_table_dept manual__2023-11-14T13:18:16.885755+00:00 [running]> on host 3d937217f770
[2023-11-14T13:18:18.067+0000] {taskinstance.py:1662} INFO - Exporting env vars: AIRFLOW_CTX_DAG_OWNER='a***' AIRFLOW_CTX_DAG_ID='ETL_projet' AIRFLOW_CTX_TASK_ID='create_table_dept' AIRFLOW_CTX_EXECUTION_DATE='2023-11-14T13:18:16.885755+00:00' AIRFLOW_CTX_TRY_NUMBER='1' AIRFLOW_CTX_DAG_RUN_ID='manual__2023-11-14T13:18:16.885755+00:00'
[2023-11-14T13:18:18.069+0000] {sql.py:274} INFO - Executing: CREATE TABLE IF NOT EXISTS department_region (
    num_dep_int INT PRIMARY KEY,
    dep_name VARCHAR(100),
    region_name VARCHAR(100)
);
[2023-11-14T13:18:18.074+0000] {base.py:73} INFO - Using connection ID 'postgres_connexion' for task execution.
[2023-11-14T13:18:18.078+0000] {base.py:73} INFO - Using connection ID 'postgres_connexion' for task execution.
[2023-11-14T13:18:18.083+0000] {sql.py:418} INFO - Running statement: CREATE TABLE IF NOT EXISTS department_region (
    num_dep_int INT PRIMARY KEY,
    dep_name VARCHAR(100),
    region_name VARCHAR(100)
);, parameters: None
[2023-11-14T13:18:18.089+0000] {taskinstance.py:1400} INFO - Marking task as SUCCESS. dag_id=ETL_projet, task_id=create_table_dept, execution_date=20231114T131816, start_date=20231114T131817, end_date=20231114T131818
[2023-11-14T13:18:18.131+0000] {local_task_job_runner.py:228} INFO - Task exited with return code 0
[2023-11-14T13:18:18.139+0000] {taskinstance.py:2778} INFO - 0 downstream tasks scheduled from follow-on schedule check
